-- The C compiler identification is GNU 11.4.0
-- The CXX compiler identification is GNU 11.4.0
-- Detecting C compiler ABI info
-- Detecting C compiler ABI info - done
-- Check for working C compiler: /usr/bin/cc - skipped
-- Detecting C compile features
-- Detecting C compile features - done
-- Detecting CXX compiler ABI info
-- Detecting CXX compiler ABI info - done
-- Check for working CXX compiler: /usr/bin/c++ - skipped
-- Detecting CXX compile features
-- Detecting CXX compile features - done
-- Found ament_cmake_auto: 1.3.7 (/opt/ros/humble/share/ament_cmake_auto/cmake)
-- Found Python3: /usr/bin/python3.10 (found version "3.10.12") found components: Interpreter 
-- Override CMake install command with custom implementation using symlinks instead of copying resources
-- Found rosidl_generator_c: 3.1.5 (/opt/ros/humble/share/rosidl_generator_c/cmake)
-- Found rosidl_adapter: 3.1.5 (/opt/ros/humble/share/rosidl_adapter/cmake)
-- Found rosidl_generator_cpp: 3.1.5 (/opt/ros/humble/share/rosidl_generator_cpp/cmake)
-- Using all available rosidl_typesupport_c: rosidl_typesupport_fastrtps_c;rosidl_typesupport_introspection_c
-- Using all available rosidl_typesupport_cpp: rosidl_typesupport_fastrtps_cpp;rosidl_typesupport_introspection_cpp
-- Found rmw_implementation_cmake: 6.1.1 (/opt/ros/humble/share/rmw_implementation_cmake/cmake)
-- Found rmw_fastrtps_cpp: 6.2.6 (/opt/ros/humble/share/rmw_fastrtps_cpp/cmake)
-- Found OpenSSL: /usr/lib/x86_64-linux-gnu/libcrypto.so (found version "3.0.2")  
-- Found FastRTPS: /opt/ros/humble/include  
-- Using RMW implementation 'rmw_fastrtps_cpp' as default
-- Looking for pthread.h
-- Looking for pthread.h - found
-- Performing Test CMAKE_HAVE_LIBC_PTHREAD
-- Performing Test CMAKE_HAVE_LIBC_PTHREAD - Success
-- Found Threads: TRUE  
-- Found ament_lint_auto: 0.12.10 (/opt/ros/humble/share/ament_lint_auto/cmake)
-- Found gtest sources under '/opt/ros/humble/src/gtest_vendor': C++ tests using 'Google Test' will be built
-- Added test 'copyright' to check source files copyright and LICENSE
-- Added test 'cppcheck' to perform static code analysis on C / C++ code
-- Configured cppcheck include dirs: /home/g5/dd2419_ws/src/topic_tools/topic_tools/include;$<BUILD_INTERFACE:/home/g5/dd2419_ws/src/topic_tools/topic_tools/include>
-- Configured cppcheck exclude dirs and/or files: 
-- Added test 'cpplint' to check C / C++ code against the Google style
-- Configured cpplint exclude dirs and/or files: 
-- Added test 'flake8' to check Python code syntax and style conventions
-- Added test 'lint_cmake' to check CMake code style
-- Added test 'pep257' to check Python code against some of the docstring style conventions in PEP 257
-- Added test 'uncrustify' to check C / C++ code style
-- Configured uncrustify additional arguments: 
-- Added test 'xmllint' to check XML markup files
-- Configuring done
-- Generating done
-- Build files have been written to: /home/g5/dd2419_ws/build/topic_tools
[  2%] [32mBuilding CXX object CMakeFiles/relay_node.dir/src/relay_node.cpp.o[0m
[  5%] [32mBuilding CXX object CMakeFiles/relay_node.dir/src/tool_base_node.cpp.o[0m
[  5%] Built target ament_cmake_python_symlink_topic_tools
[  5%] Built target ament_cmake_python_symlink_topic_tools_setup
[  8%] [32mBuilding CXX object gtest/CMakeFiles/gtest_main.dir/src/gtest_main.cc.o[0m
[ 10%] [32mBuilding CXX object gtest/CMakeFiles/gtest.dir/src/gtest-all.cc.o[0m
running egg_info
creating topic_tools.egg-info
writing topic_tools.egg-info/PKG-INFO
writing dependency_links to topic_tools.egg-info/dependency_links.txt
writing entry points to topic_tools.egg-info/entry_points.txt
writing top-level names to topic_tools.egg-info/top_level.txt
writing manifest file 'topic_tools.egg-info/SOURCES.txt'
reading manifest file 'topic_tools.egg-info/SOURCES.txt'
writing manifest file 'topic_tools.egg-info/SOURCES.txt'
[ 10%] Built target ament_cmake_python_build_topic_tools_egg
running install_scripts
/usr/lib/python3/dist-packages/setuptools/command/install.py:34: SetuptoolsDeprecationWarning: setup.py install is deprecated. Use build and pip and other standards-based tools.
  warnings.warn(
running egg_info
writing topic_tools.egg-info/PKG-INFO
writing dependency_links to topic_tools.egg-info/dependency_links.txt
writing entry points to topic_tools.egg-info/entry_points.txt
writing top-level names to topic_tools.egg-info/top_level.txt
reading manifest file 'topic_tools.egg-info/SOURCES.txt'
writing manifest file 'topic_tools.egg-info/SOURCES.txt'
Installing relay_field script to scripts
Installing transform script to scripts
[ 10%] Built target ament_cmake_python_build_topic_tools_scripts
[ 13%] [32m[1mLinking CXX static library libgtest_main.a[0m
[ 13%] Built target gtest_main
[ 16%] [32m[1mLinking CXX static library libgtest.a[0m
[ 16%] Built target gtest
[ 18%] [32m[1mLinking CXX shared library librelay_node.so[0m
[ 18%] Built target relay_node
[ 21%] [32mBuilding CXX object CMakeFiles/throttle_node.dir/src/throttle_node.cpp.o[0m
[ 24%] [32mBuilding CXX object CMakeFiles/relay.dir/src/relay.cpp.o[0m
[ 27%] [32mBuilding CXX object CMakeFiles/throttle_node.dir/src/tool_base_node.cpp.o[0m
[ 29%] [32m[1mLinking CXX executable relay[0m
[ 29%] Built target relay
[ 32%] [32m[1mLinking CXX shared library libthrottle_node.so[0m
[ 32%] Built target throttle_node
[ 35%] [32mBuilding CXX object CMakeFiles/test_relay.dir/test/test_relay.cpp.o[0m
[ 37%] [32m[1mLinking CXX executable test_relay[0m
[ 37%] Built target test_relay
[ 40%] [32mBuilding CXX object CMakeFiles/test_throttle.dir/test/test_throttle.cpp.o[0m
[ 43%] [32m[1mLinking CXX executable test_throttle[0m
[ 43%] Built target test_throttle
[ 51%] [32mBuilding CXX object CMakeFiles/drop_node.dir/src/drop_node.cpp.o[0m
[ 51%] [32mBuilding CXX object CMakeFiles/drop_node.dir/src/tool_base_node.cpp.o[0m
[ 51%] [32mBuilding CXX object CMakeFiles/throttle.dir/src/throttle.cpp.o[0m
[ 54%] [32m[1mLinking CXX executable throttle[0m
[ 54%] Built target throttle
[ 56%] [32m[1mLinking CXX shared library libdrop_node.so[0m
[ 56%] Built target drop_node
[ 62%] [32mBuilding CXX object CMakeFiles/mux_node.dir/src/tool_base_node.cpp.o[0m
[ 62%] [32mBuilding CXX object CMakeFiles/test_drop.dir/test/test_drop.cpp.o[0m
[ 67%] [32mBuilding CXX object CMakeFiles/mux_node.dir/src/mux_node.cpp.o[0m
[ 67%] [32mBuilding CXX object CMakeFiles/drop.dir/src/drop.cpp.o[0m
[ 70%] [32m[1mLinking CXX executable drop[0m
[ 70%] Built target drop
[ 72%] [32m[1mLinking CXX shared library libmux_node.so[0m
[ 72%] Built target mux_node
[ 75%] [32mBuilding CXX object CMakeFiles/test_mux.dir/test/test_mux.cpp.o[0m
[ 78%] [32mBuilding CXX object CMakeFiles/mux.dir/src/mux.cpp.o[0m
[ 81%] [32mBuilding CXX object CMakeFiles/delay_node.dir/src/delay_node.cpp.o[0m
[ 83%] [32mBuilding CXX object CMakeFiles/delay_node.dir/src/tool_base_node.cpp.o[0m
[ 86%] [32m[1mLinking CXX executable test_drop[0m
[ 89%] [32m[1mLinking CXX executable mux[0m
[ 89%] Built target mux
[ 89%] Built target test_drop
[ 91%] [32m[1mLinking CXX shared library libdelay_node.so[0m
[ 91%] Built target delay_node
[ 94%] [32mBuilding CXX object CMakeFiles/delay.dir/src/delay.cpp.o[0m
[ 97%] [32m[1mLinking CXX executable delay[0m
[ 97%] Built target delay
[100%] [32m[1mLinking CXX executable test_mux[0m
[100%] Built target test_mux
-- Install configuration: ""
-- Execute custom install script
-- Symlinking: /home/g5/dd2419_ws/install/topic_tools/share/topic_tools/environment/pythonpath.sh
-- Symlinking: /home/g5/dd2419_ws/install/topic_tools/share/topic_tools/environment/pythonpath.dsv
-- Symlinking: /home/g5/dd2419_ws/install/topic_tools/local/lib/python3.10/dist-packages/topic_tools-1.3.0-py3.10.egg-info/PKG-INFO
-- Symlinking: /home/g5/dd2419_ws/install/topic_tools/local/lib/python3.10/dist-packages/topic_tools-1.3.0-py3.10.egg-info/SOURCES.txt
-- Symlinking: /home/g5/dd2419_ws/install/topic_tools/local/lib/python3.10/dist-packages/topic_tools-1.3.0-py3.10.egg-info/dependency_links.txt
-- Symlinking: /home/g5/dd2419_ws/install/topic_tools/local/lib/python3.10/dist-packages/topic_tools-1.3.0-py3.10.egg-info/entry_points.txt
-- Symlinking: /home/g5/dd2419_ws/install/topic_tools/local/lib/python3.10/dist-packages/topic_tools-1.3.0-py3.10.egg-info/top_level.txt
-- Symlinking: /home/g5/dd2419_ws/install/topic_tools/lib/topic_tools//relay_field
-- Symlinking: /home/g5/dd2419_ws/install/topic_tools/lib/topic_tools//transform
-- Symlinking: /home/g5/dd2419_ws/install/topic_tools/local/lib/python3.10/dist-packages/topic_tools/__init__.py
-- Symlinking: /home/g5/dd2419_ws/install/topic_tools/local/lib/python3.10/dist-packages/topic_tools/relay_field.py
-- Symlinking: /home/g5/dd2419_ws/install/topic_tools/local/lib/python3.10/dist-packages/topic_tools/setup.cfg
-- Symlinking: /home/g5/dd2419_ws/install/topic_tools/local/lib/python3.10/dist-packages/topic_tools/transform.py
-- Symlinking: /home/g5/dd2419_ws/install/topic_tools/include/topic_tools/delay_node.hpp
-- Symlinking: /home/g5/dd2419_ws/install/topic_tools/include/topic_tools/drop_node.hpp
-- Symlinking: /home/g5/dd2419_ws/install/topic_tools/include/topic_tools/mux_node.hpp
-- Symlinking: /home/g5/dd2419_ws/install/topic_tools/include/topic_tools/relay_node.hpp
-- Symlinking: /home/g5/dd2419_ws/install/topic_tools/include/topic_tools/throttle_node.hpp
-- Symlinking: /home/g5/dd2419_ws/install/topic_tools/include/topic_tools/tool_base_node.hpp
-- Symlinking: /home/g5/dd2419_ws/install/topic_tools/include/topic_tools/visibility_control.h
-- Symlinking: /home/g5/dd2419_ws/install/topic_tools/share/topic_tools/environment/library_path.sh
-- Symlinking: /home/g5/dd2419_ws/install/topic_tools/share/topic_tools/environment/library_path.dsv
-- Symlinking: /home/g5/dd2419_ws/install/topic_tools/lib/librelay_node.so
-- Symlinking: /home/g5/dd2419_ws/install/topic_tools/lib/libthrottle_node.so
-- Symlinking: /home/g5/dd2419_ws/install/topic_tools/lib/libdrop_node.so
-- Symlinking: /home/g5/dd2419_ws/install/topic_tools/lib/libmux_node.so
-- Symlinking: /home/g5/dd2419_ws/install/topic_tools/lib/libdelay_node.so
-- Symlinking: /home/g5/dd2419_ws/install/topic_tools/lib/topic_tools/relay
-- Symlinking: /home/g5/dd2419_ws/install/topic_tools/lib/topic_tools/throttle
-- Symlinking: /home/g5/dd2419_ws/install/topic_tools/lib/topic_tools/drop
-- Symlinking: /home/g5/dd2419_ws/install/topic_tools/lib/topic_tools/mux
-- Symlinking: /home/g5/dd2419_ws/install/topic_tools/lib/topic_tools/delay
-- Symlinking: /home/g5/dd2419_ws/install/topic_tools/share/topic_tools/launch/relay.launch
-- Symlinking: /home/g5/dd2419_ws/install/topic_tools/share/ament_index/resource_index/package_run_dependencies/topic_tools
-- Symlinking: /home/g5/dd2419_ws/install/topic_tools/share/ament_index/resource_index/parent_prefix_path/topic_tools
-- Symlinking: /home/g5/dd2419_ws/install/topic_tools/share/topic_tools/environment/ament_prefix_path.sh
-- Symlinking: /home/g5/dd2419_ws/install/topic_tools/share/topic_tools/environment/ament_prefix_path.dsv
-- Symlinking: /home/g5/dd2419_ws/install/topic_tools/share/topic_tools/environment/path.sh
-- Symlinking: /home/g5/dd2419_ws/install/topic_tools/share/topic_tools/environment/path.dsv
-- Symlinking: /home/g5/dd2419_ws/install/topic_tools/share/topic_tools/local_setup.bash
-- Symlinking: /home/g5/dd2419_ws/install/topic_tools/share/topic_tools/local_setup.sh
-- Symlinking: /home/g5/dd2419_ws/install/topic_tools/share/topic_tools/local_setup.zsh
-- Symlinking: /home/g5/dd2419_ws/install/topic_tools/share/topic_tools/local_setup.dsv
-- Symlinking: /home/g5/dd2419_ws/install/topic_tools/share/topic_tools/package.dsv
-- Symlinking: /home/g5/dd2419_ws/install/topic_tools/share/ament_index/resource_index/packages/topic_tools
-- Symlinking: /home/g5/dd2419_ws/install/topic_tools/share/ament_index/resource_index/rclcpp_components/topic_tools
-- Symlinking: /home/g5/dd2419_ws/install/topic_tools/share/topic_tools/cmake/ament_cmake_export_dependencies-extras.cmake
-- Symlinking: /home/g5/dd2419_ws/install/topic_tools/share/topic_tools/cmake/ament_cmake_export_include_directories-extras.cmake
-- Symlinking: /home/g5/dd2419_ws/install/topic_tools/share/topic_tools/cmake/ament_cmake_export_libraries-extras.cmake
-- Symlinking: /home/g5/dd2419_ws/install/topic_tools/share/topic_tools/cmake/topic_toolsConfig.cmake
-- Symlinking: /home/g5/dd2419_ws/install/topic_tools/share/topic_tools/cmake/topic_toolsConfig-version.cmake
-- Symlinking: /home/g5/dd2419_ws/install/topic_tools/share/topic_tools/package.xml
Listing '/home/g5/dd2419_ws/install/topic_tools/local/lib/python3.10/dist-packages/topic_tools'...
Compiling '/home/g5/dd2419_ws/install/topic_tools/local/lib/python3.10/dist-packages/topic_tools/__init__.py'...
Compiling '/home/g5/dd2419_ws/install/topic_tools/local/lib/python3.10/dist-packages/topic_tools/relay_field.py'...
Compiling '/home/g5/dd2419_ws/install/topic_tools/local/lib/python3.10/dist-packages/topic_tools/transform.py'...
