[3.261s] Invoking command in '/home/g5/dd2419_ws/build/kobuki_description': PYTHONPATH=/home/g5/dd2419_ws/build/kobuki_description/prefix_override:/home/g5/dd2419_ws/install/kobuki_description/lib/python3.10/site-packages:${PYTHONPATH} /usr/bin/python3 setup.py develop --editable --build-directory /home/g5/dd2419_ws/build/kobuki_description/build --no-deps install_data
[3.756s] running develop
[3.757s] /usr/lib/python3/dist-packages/setuptools/command/easy_install.py:158: EasyInstallDeprecationWarning: easy_install command is deprecated. Use build and pip and other standards-based tools.
[3.757s]   warnings.warn(
[3.757s] /usr/lib/python3/dist-packages/setuptools/command/install.py:34: SetuptoolsDeprecationWarning: setup.py install is deprecated. Use build and pip and other standards-based tools.
[3.758s]   warnings.warn(
[4.034s] running egg_info
[4.034s] writing kobuki_description.egg-info/PKG-INFO
[4.034s] writing dependency_links to kobuki_description.egg-info/dependency_links.txt
[4.034s] writing entry points to kobuki_description.egg-info/entry_points.txt
[4.034s] writing requirements to kobuki_description.egg-info/requires.txt
[4.035s] writing top-level names to kobuki_description.egg-info/top_level.txt
[4.037s] reading manifest file 'kobuki_description.egg-info/SOURCES.txt'
[4.038s] writing manifest file 'kobuki_description.egg-info/SOURCES.txt'
[4.040s] running build_ext
[4.040s] Creating /home/g5/dd2419_ws/install/kobuki_description/lib/python3.10/site-packages/kobuki-description.egg-link (link to .)
[4.041s] 
[4.041s] Installed /home/g5/dd2419_ws/build/kobuki_description
[4.041s] running install_data
[4.975s] Invoked command in '/home/g5/dd2419_ws/build/kobuki_description' returned '0': PYTHONPATH=/home/g5/dd2419_ws/build/kobuki_description/prefix_override:/home/g5/dd2419_ws/install/kobuki_description/lib/python3.10/site-packages:${PYTHONPATH} /usr/bin/python3 setup.py develop --editable --build-directory /home/g5/dd2419_ws/build/kobuki_description/build --no-deps install_data
