[0.453s] Invoking command in '/home/g5/dd2419_ws/build/micro_ros_msgs': CMAKE_PREFIX_PATH=${CMAKE_PREFIX_PATH}:/home/g5/dd2419_ws/install/robp_launch:/home/g5/dd2419_ws/install/robp_boot_camp_launch:/home/g5/dd2419_ws/install/odometry:/home/g5/dd2419_ws/install/controller:/home/g5/dd2419_ws/install/control:/home/g5/dd2419_ws/install/arm:/home/g5/dd2419_ws/install/planning:/home/g5/dd2419_ws/install/kobuki_description:/home/g5/dd2419_ws/install/display_markers:/home/g5/dd2419_ws/install/detection:/home/g5/dd2419_ws/install/arm_servos_pubs_subs:/opt/ros/humble /usr/bin/cmake --build /home/g5/dd2419_ws/build/micro_ros_msgs -- -j8 -l8
[0.571s] [35m[1mConsolidate compiler generated dependencies of target micro_ros_msgs__rosidl_generator_c[0m
[0.627s] [  2%] Built target micro_ros_msgs__cpp
[0.668s] [ 12%] Built target micro_ros_msgs__rosidl_generator_c
[0.679s] [35m[1mConsolidate compiler generated dependencies of target micro_ros_msgs__rosidl_typesupport_cpp[0m
[0.703s] [ 12%] Built target ament_cmake_python_symlink_micro_ros_msgs
[0.732s] [ 23%] Built target micro_ros_msgs__rosidl_typesupport_cpp
[0.754s] [35m[1mConsolidate compiler generated dependencies of target micro_ros_msgs__rosidl_typesupport_fastrtps_cpp[0m
[0.755s] [35m[1mConsolidate compiler generated dependencies of target micro_ros_msgs__rosidl_typesupport_introspection_cpp[0m
[0.777s] [35m[1mConsolidate compiler generated dependencies of target micro_ros_msgs__rosidl_typesupport_introspection_c[0m
[0.783s] [35m[1mConsolidate compiler generated dependencies of target micro_ros_msgs__rosidl_typesupport_fastrtps_c[0m
[0.783s] [35m[1mConsolidate compiler generated dependencies of target micro_ros_msgs__rosidl_typesupport_c[0m
[0.824s] [ 34%] Built target micro_ros_msgs__rosidl_typesupport_fastrtps_cpp
[0.840s] [ 44%] Built target micro_ros_msgs__rosidl_typesupport_introspection_cpp
[0.840s] [ 55%] Built target micro_ros_msgs__rosidl_typesupport_c
[0.840s] [ 65%] Built target micro_ros_msgs__rosidl_typesupport_introspection_c
[0.873s] [ 76%] Built target micro_ros_msgs__rosidl_typesupport_fastrtps_c
[0.937s] [ 76%] Built target micro_ros_msgs
[1.034s] [ 78%] Built target micro_ros_msgs__py
[1.088s] [35m[1mConsolidate compiler generated dependencies of target micro_ros_msgs__rosidl_generator_py[0m
[1.129s] [ 87%] Built target micro_ros_msgs__rosidl_generator_py
[1.171s] [35m[1mConsolidate compiler generated dependencies of target micro_ros_msgs__rosidl_typesupport_fastrtps_c__pyext[0m
[1.172s] [35m[1mConsolidate compiler generated dependencies of target micro_ros_msgs__rosidl_typesupport_introspection_c__pyext[0m
[1.224s] [ 91%] Built target micro_ros_msgs__rosidl_typesupport_fastrtps_c__pyext
[1.238s] [35m[1mConsolidate compiler generated dependencies of target micro_ros_msgs__rosidl_typesupport_c__pyext[0m
[1.239s] [ 95%] Built target micro_ros_msgs__rosidl_typesupport_introspection_c__pyext
[1.277s] [100%] Built target micro_ros_msgs__rosidl_typesupport_c__pyext
[1.466s] running egg_info
[1.468s] writing micro_ros_msgs.egg-info/PKG-INFO
[1.469s] writing dependency_links to micro_ros_msgs.egg-info/dependency_links.txt
[1.469s] writing top-level names to micro_ros_msgs.egg-info/top_level.txt
[1.473s] reading manifest file 'micro_ros_msgs.egg-info/SOURCES.txt'
[1.474s] writing manifest file 'micro_ros_msgs.egg-info/SOURCES.txt'
[1.509s] [100%] Built target ament_cmake_python_build_micro_ros_msgs_egg
[1.977s] Invoked command in '/home/g5/dd2419_ws/build/micro_ros_msgs' returned '0': CMAKE_PREFIX_PATH=${CMAKE_PREFIX_PATH}:/home/g5/dd2419_ws/install/robp_launch:/home/g5/dd2419_ws/install/robp_boot_camp_launch:/home/g5/dd2419_ws/install/odometry:/home/g5/dd2419_ws/install/controller:/home/g5/dd2419_ws/install/control:/home/g5/dd2419_ws/install/arm:/home/g5/dd2419_ws/install/planning:/home/g5/dd2419_ws/install/kobuki_description:/home/g5/dd2419_ws/install/display_markers:/home/g5/dd2419_ws/install/detection:/home/g5/dd2419_ws/install/arm_servos_pubs_subs:/opt/ros/humble /usr/bin/cmake --build /home/g5/dd2419_ws/build/micro_ros_msgs -- -j8 -l8
[3.390s] Invoking command in '/home/g5/dd2419_ws/build/micro_ros_msgs': CMAKE_PREFIX_PATH=${CMAKE_PREFIX_PATH}:/home/g5/dd2419_ws/install/robp_launch:/home/g5/dd2419_ws/install/robp_boot_camp_launch:/home/g5/dd2419_ws/install/odometry:/home/g5/dd2419_ws/install/controller:/home/g5/dd2419_ws/install/control:/home/g5/dd2419_ws/install/arm:/home/g5/dd2419_ws/install/planning:/home/g5/dd2419_ws/install/kobuki_description:/home/g5/dd2419_ws/install/display_markers:/home/g5/dd2419_ws/install/detection:/home/g5/dd2419_ws/install/arm_servos_pubs_subs:/opt/ros/humble /usr/bin/cmake --install /home/g5/dd2419_ws/build/micro_ros_msgs
[3.873s] -- Install configuration: ""
[3.873s] -- Execute custom install script
[3.874s] -- Up-to-date symlink: /home/g5/dd2419_ws/install/micro_ros_msgs/share/ament_index/resource_index/rosidl_interfaces/micro_ros_msgs
[3.874s] -- Up-to-date symlink: /home/g5/dd2419_ws/install/micro_ros_msgs/include/micro_ros_msgs/micro_ros_msgs/msg/detail/entity__functions.h
[3.874s] -- Up-to-date symlink: /home/g5/dd2419_ws/install/micro_ros_msgs/include/micro_ros_msgs/micro_ros_msgs/msg/detail/entity__struct.h
[3.875s] -- Up-to-date symlink: /home/g5/dd2419_ws/install/micro_ros_msgs/include/micro_ros_msgs/micro_ros_msgs/msg/detail/entity__type_support.h
[3.875s] -- Up-to-date symlink: /home/g5/dd2419_ws/install/micro_ros_msgs/include/micro_ros_msgs/micro_ros_msgs/msg/detail/graph__functions.h
[3.875s] -- Up-to-date symlink: /home/g5/dd2419_ws/install/micro_ros_msgs/include/micro_ros_msgs/micro_ros_msgs/msg/detail/graph__struct.h
[3.875s] -- Up-to-date symlink: /home/g5/dd2419_ws/install/micro_ros_msgs/include/micro_ros_msgs/micro_ros_msgs/msg/detail/graph__type_support.h
[3.875s] -- Up-to-date symlink: /home/g5/dd2419_ws/install/micro_ros_msgs/include/micro_ros_msgs/micro_ros_msgs/msg/detail/node__functions.h
[3.875s] -- Up-to-date symlink: /home/g5/dd2419_ws/install/micro_ros_msgs/include/micro_ros_msgs/micro_ros_msgs/msg/detail/node__struct.h
[3.875s] -- Up-to-date symlink: /home/g5/dd2419_ws/install/micro_ros_msgs/include/micro_ros_msgs/micro_ros_msgs/msg/detail/node__type_support.h
[3.875s] -- Up-to-date symlink: /home/g5/dd2419_ws/install/micro_ros_msgs/include/micro_ros_msgs/micro_ros_msgs/msg/entity.h
[3.876s] -- Up-to-date symlink: /home/g5/dd2419_ws/install/micro_ros_msgs/include/micro_ros_msgs/micro_ros_msgs/msg/graph.h
[3.876s] -- Up-to-date symlink: /home/g5/dd2419_ws/install/micro_ros_msgs/include/micro_ros_msgs/micro_ros_msgs/msg/node.h
[3.876s] -- Up-to-date symlink: /home/g5/dd2419_ws/install/micro_ros_msgs/include/micro_ros_msgs/micro_ros_msgs/msg/rosidl_generator_c__visibility_control.h
[3.876s] -- Up-to-date symlink: /home/g5/dd2419_ws/install/micro_ros_msgs/share/micro_ros_msgs/environment/library_path.sh
[3.876s] -- Up-to-date symlink: /home/g5/dd2419_ws/install/micro_ros_msgs/share/micro_ros_msgs/environment/library_path.dsv
[3.876s] -- Up-to-date symlink: /home/g5/dd2419_ws/install/micro_ros_msgs/include/micro_ros_msgs/micro_ros_msgs/msg/detail/entity__rosidl_typesupport_fastrtps_c.h
[3.876s] -- Up-to-date symlink: /home/g5/dd2419_ws/install/micro_ros_msgs/include/micro_ros_msgs/micro_ros_msgs/msg/detail/graph__rosidl_typesupport_fastrtps_c.h
[3.876s] -- Up-to-date symlink: /home/g5/dd2419_ws/install/micro_ros_msgs/include/micro_ros_msgs/micro_ros_msgs/msg/detail/node__rosidl_typesupport_fastrtps_c.h
[3.876s] -- Up-to-date symlink: /home/g5/dd2419_ws/install/micro_ros_msgs/include/micro_ros_msgs/micro_ros_msgs/msg/rosidl_typesupport_fastrtps_c__visibility_control.h
[3.876s] -- Up-to-date symlink: /home/g5/dd2419_ws/install/micro_ros_msgs/include/micro_ros_msgs/micro_ros_msgs/msg/detail/entity__rosidl_typesupport_introspection_c.h
[3.876s] -- Up-to-date symlink: /home/g5/dd2419_ws/install/micro_ros_msgs/include/micro_ros_msgs/micro_ros_msgs/msg/detail/graph__rosidl_typesupport_introspection_c.h
[3.876s] -- Up-to-date symlink: /home/g5/dd2419_ws/install/micro_ros_msgs/include/micro_ros_msgs/micro_ros_msgs/msg/detail/node__rosidl_typesupport_introspection_c.h
[3.876s] -- Up-to-date symlink: /home/g5/dd2419_ws/install/micro_ros_msgs/include/micro_ros_msgs/micro_ros_msgs/msg/rosidl_typesupport_introspection_c__visibility_control.h
[3.876s] -- Up-to-date symlink: /home/g5/dd2419_ws/install/micro_ros_msgs/include/micro_ros_msgs/micro_ros_msgs/msg/detail/entity__builder.hpp
[3.877s] -- Up-to-date symlink: /home/g5/dd2419_ws/install/micro_ros_msgs/include/micro_ros_msgs/micro_ros_msgs/msg/detail/entity__struct.hpp
[3.877s] -- Up-to-date symlink: /home/g5/dd2419_ws/install/micro_ros_msgs/include/micro_ros_msgs/micro_ros_msgs/msg/detail/entity__traits.hpp
[3.877s] -- Up-to-date symlink: /home/g5/dd2419_ws/install/micro_ros_msgs/include/micro_ros_msgs/micro_ros_msgs/msg/detail/graph__builder.hpp
[3.877s] -- Up-to-date symlink: /home/g5/dd2419_ws/install/micro_ros_msgs/include/micro_ros_msgs/micro_ros_msgs/msg/detail/graph__struct.hpp
[3.877s] -- Up-to-date symlink: /home/g5/dd2419_ws/install/micro_ros_msgs/include/micro_ros_msgs/micro_ros_msgs/msg/detail/graph__traits.hpp
[3.877s] -- Up-to-date symlink: /home/g5/dd2419_ws/install/micro_ros_msgs/include/micro_ros_msgs/micro_ros_msgs/msg/detail/node__builder.hpp
[3.877s] -- Up-to-date symlink: /home/g5/dd2419_ws/install/micro_ros_msgs/include/micro_ros_msgs/micro_ros_msgs/msg/detail/node__struct.hpp
[3.877s] -- Up-to-date symlink: /home/g5/dd2419_ws/install/micro_ros_msgs/include/micro_ros_msgs/micro_ros_msgs/msg/detail/node__traits.hpp
[3.877s] -- Up-to-date symlink: /home/g5/dd2419_ws/install/micro_ros_msgs/include/micro_ros_msgs/micro_ros_msgs/msg/entity.hpp
[3.877s] -- Up-to-date symlink: /home/g5/dd2419_ws/install/micro_ros_msgs/include/micro_ros_msgs/micro_ros_msgs/msg/graph.hpp
[3.877s] -- Up-to-date symlink: /home/g5/dd2419_ws/install/micro_ros_msgs/include/micro_ros_msgs/micro_ros_msgs/msg/node.hpp
[3.877s] -- Up-to-date symlink: /home/g5/dd2419_ws/install/micro_ros_msgs/include/micro_ros_msgs/micro_ros_msgs/msg/detail/entity__rosidl_typesupport_fastrtps_cpp.hpp
[3.877s] -- Up-to-date symlink: /home/g5/dd2419_ws/install/micro_ros_msgs/include/micro_ros_msgs/micro_ros_msgs/msg/detail/graph__rosidl_typesupport_fastrtps_cpp.hpp
[3.877s] -- Up-to-date symlink: /home/g5/dd2419_ws/install/micro_ros_msgs/include/micro_ros_msgs/micro_ros_msgs/msg/detail/node__rosidl_typesupport_fastrtps_cpp.hpp
[3.878s] -- Up-to-date symlink: /home/g5/dd2419_ws/install/micro_ros_msgs/include/micro_ros_msgs/micro_ros_msgs/msg/rosidl_typesupport_fastrtps_cpp__visibility_control.h
[3.878s] -- Up-to-date symlink: /home/g5/dd2419_ws/install/micro_ros_msgs/include/micro_ros_msgs/micro_ros_msgs/msg/detail/entity__rosidl_typesupport_introspection_cpp.hpp
[3.878s] -- Up-to-date symlink: /home/g5/dd2419_ws/install/micro_ros_msgs/include/micro_ros_msgs/micro_ros_msgs/msg/detail/graph__rosidl_typesupport_introspection_cpp.hpp
[3.878s] -- Up-to-date symlink: /home/g5/dd2419_ws/install/micro_ros_msgs/include/micro_ros_msgs/micro_ros_msgs/msg/detail/node__rosidl_typesupport_introspection_cpp.hpp
[3.878s] -- Up-to-date symlink: /home/g5/dd2419_ws/install/micro_ros_msgs/share/micro_ros_msgs/environment/pythonpath.sh
[3.878s] -- Up-to-date symlink: /home/g5/dd2419_ws/install/micro_ros_msgs/share/micro_ros_msgs/environment/pythonpath.dsv
[3.878s] -- Up-to-date symlink: /home/g5/dd2419_ws/install/micro_ros_msgs/local/lib/python3.10/dist-packages/micro_ros_msgs-3.0.1-py3.10.egg-info/PKG-INFO
[3.878s] -- Up-to-date symlink: /home/g5/dd2419_ws/install/micro_ros_msgs/local/lib/python3.10/dist-packages/micro_ros_msgs-3.0.1-py3.10.egg-info/SOURCES.txt
[3.878s] -- Up-to-date symlink: /home/g5/dd2419_ws/install/micro_ros_msgs/local/lib/python3.10/dist-packages/micro_ros_msgs-3.0.1-py3.10.egg-info/dependency_links.txt
[3.878s] -- Up-to-date symlink: /home/g5/dd2419_ws/install/micro_ros_msgs/local/lib/python3.10/dist-packages/micro_ros_msgs-3.0.1-py3.10.egg-info/top_level.txt
[3.878s] -- Up-to-date symlink: /home/g5/dd2419_ws/install/micro_ros_msgs/local/lib/python3.10/dist-packages/micro_ros_msgs/__init__.py
[3.878s] -- Up-to-date symlink: /home/g5/dd2419_ws/install/micro_ros_msgs/local/lib/python3.10/dist-packages/micro_ros_msgs/_micro_ros_msgs_s.ep.rosidl_typesupport_c.c
[3.879s] -- Up-to-date symlink: /home/g5/dd2419_ws/install/micro_ros_msgs/local/lib/python3.10/dist-packages/micro_ros_msgs/_micro_ros_msgs_s.ep.rosidl_typesupport_fastrtps_c.c
[3.879s] -- Up-to-date symlink: /home/g5/dd2419_ws/install/micro_ros_msgs/local/lib/python3.10/dist-packages/micro_ros_msgs/_micro_ros_msgs_s.ep.rosidl_typesupport_introspection_c.c
[3.879s] -- Up-to-date symlink: /home/g5/dd2419_ws/install/micro_ros_msgs/local/lib/python3.10/dist-packages/micro_ros_msgs/libmicro_ros_msgs__rosidl_generator_py.so
[3.879s] -- Up-to-date symlink: /home/g5/dd2419_ws/install/micro_ros_msgs/local/lib/python3.10/dist-packages/micro_ros_msgs/micro_ros_msgs_s__rosidl_typesupport_c.cpython-310-x86_64-linux-gnu.so
[3.879s] -- Up-to-date symlink: /home/g5/dd2419_ws/install/micro_ros_msgs/local/lib/python3.10/dist-packages/micro_ros_msgs/micro_ros_msgs_s__rosidl_typesupport_fastrtps_c.cpython-310-x86_64-linux-gnu.so
[3.879s] -- Up-to-date symlink: /home/g5/dd2419_ws/install/micro_ros_msgs/local/lib/python3.10/dist-packages/micro_ros_msgs/micro_ros_msgs_s__rosidl_typesupport_introspection_c.cpython-310-x86_64-linux-gnu.so
[3.879s] -- Up-to-date symlink: /home/g5/dd2419_ws/install/micro_ros_msgs/local/lib/python3.10/dist-packages/micro_ros_msgs/msg/__init__.py
[3.879s] -- Up-to-date symlink: /home/g5/dd2419_ws/install/micro_ros_msgs/local/lib/python3.10/dist-packages/micro_ros_msgs/msg/_entity.py
[3.879s] -- Up-to-date symlink: /home/g5/dd2419_ws/install/micro_ros_msgs/local/lib/python3.10/dist-packages/micro_ros_msgs/msg/_entity_s.c
[3.879s] -- Up-to-date symlink: /home/g5/dd2419_ws/install/micro_ros_msgs/local/lib/python3.10/dist-packages/micro_ros_msgs/msg/_graph.py
[3.879s] -- Up-to-date symlink: /home/g5/dd2419_ws/install/micro_ros_msgs/local/lib/python3.10/dist-packages/micro_ros_msgs/msg/_graph_s.c
[3.879s] -- Up-to-date symlink: /home/g5/dd2419_ws/install/micro_ros_msgs/local/lib/python3.10/dist-packages/micro_ros_msgs/msg/_node.py
[3.879s] -- Up-to-date symlink: /home/g5/dd2419_ws/install/micro_ros_msgs/local/lib/python3.10/dist-packages/micro_ros_msgs/msg/_node_s.c
[3.879s] -- Up-to-date symlink: /home/g5/dd2419_ws/install/micro_ros_msgs/local/lib/python3.10/dist-packages/micro_ros_msgs/micro_ros_msgs_s__rosidl_typesupport_fastrtps_c.cpython-310-x86_64-linux-gnu.so
[3.880s] -- Up-to-date symlink: /home/g5/dd2419_ws/install/micro_ros_msgs/local/lib/python3.10/dist-packages/micro_ros_msgs/micro_ros_msgs_s__rosidl_typesupport_introspection_c.cpython-310-x86_64-linux-gnu.so
[3.880s] -- Up-to-date symlink: /home/g5/dd2419_ws/install/micro_ros_msgs/local/lib/python3.10/dist-packages/micro_ros_msgs/micro_ros_msgs_s__rosidl_typesupport_c.cpython-310-x86_64-linux-gnu.so
[3.880s] -- Up-to-date symlink: /home/g5/dd2419_ws/install/micro_ros_msgs/share/micro_ros_msgs/msg/Graph.idl
[3.880s] -- Up-to-date symlink: /home/g5/dd2419_ws/install/micro_ros_msgs/share/micro_ros_msgs/msg/Node.idl
[3.880s] -- Up-to-date symlink: /home/g5/dd2419_ws/install/micro_ros_msgs/share/micro_ros_msgs/msg/Entity.idl
[3.880s] -- Up-to-date symlink: /home/g5/dd2419_ws/install/micro_ros_msgs/share/micro_ros_msgs/msg/Graph.msg
[3.880s] -- Up-to-date symlink: /home/g5/dd2419_ws/install/micro_ros_msgs/share/micro_ros_msgs/msg/Node.msg
[3.880s] -- Up-to-date symlink: /home/g5/dd2419_ws/install/micro_ros_msgs/share/micro_ros_msgs/msg/Entity.msg
[3.880s] -- Up-to-date symlink: /home/g5/dd2419_ws/install/micro_ros_msgs/share/ament_index/resource_index/package_run_dependencies/micro_ros_msgs
[3.880s] -- Up-to-date symlink: /home/g5/dd2419_ws/install/micro_ros_msgs/share/ament_index/resource_index/parent_prefix_path/micro_ros_msgs
[3.880s] -- Up-to-date symlink: /home/g5/dd2419_ws/install/micro_ros_msgs/share/micro_ros_msgs/environment/ament_prefix_path.sh
[3.880s] -- Up-to-date symlink: /home/g5/dd2419_ws/install/micro_ros_msgs/share/micro_ros_msgs/environment/ament_prefix_path.dsv
[3.881s] -- Up-to-date symlink: /home/g5/dd2419_ws/install/micro_ros_msgs/share/micro_ros_msgs/environment/path.sh
[3.881s] -- Up-to-date symlink: /home/g5/dd2419_ws/install/micro_ros_msgs/share/micro_ros_msgs/environment/path.dsv
[3.881s] -- Up-to-date symlink: /home/g5/dd2419_ws/install/micro_ros_msgs/share/micro_ros_msgs/local_setup.bash
[3.881s] -- Up-to-date symlink: /home/g5/dd2419_ws/install/micro_ros_msgs/share/micro_ros_msgs/local_setup.sh
[3.881s] -- Up-to-date symlink: /home/g5/dd2419_ws/install/micro_ros_msgs/share/micro_ros_msgs/local_setup.zsh
[3.881s] -- Up-to-date symlink: /home/g5/dd2419_ws/install/micro_ros_msgs/share/micro_ros_msgs/local_setup.dsv
[3.881s] -- Symlinking: /home/g5/dd2419_ws/install/micro_ros_msgs/share/micro_ros_msgs/package.dsv
[3.881s] -- Up-to-date symlink: /home/g5/dd2419_ws/install/micro_ros_msgs/share/ament_index/resource_index/packages/micro_ros_msgs
[3.881s] -- Up-to-date symlink: /home/g5/dd2419_ws/install/micro_ros_msgs/share/micro_ros_msgs/cmake/rosidl_cmake-extras.cmake
[3.881s] -- Up-to-date symlink: /home/g5/dd2419_ws/install/micro_ros_msgs/share/micro_ros_msgs/cmake/ament_cmake_export_include_directories-extras.cmake
[3.881s] -- Up-to-date symlink: /home/g5/dd2419_ws/install/micro_ros_msgs/share/micro_ros_msgs/cmake/ament_cmake_export_libraries-extras.cmake
[3.881s] -- Up-to-date symlink: /home/g5/dd2419_ws/install/micro_ros_msgs/share/micro_ros_msgs/cmake/ament_cmake_export_targets-extras.cmake
[3.881s] -- Up-to-date symlink: /home/g5/dd2419_ws/install/micro_ros_msgs/share/micro_ros_msgs/cmake/rosidl_cmake_export_typesupport_targets-extras.cmake
[3.881s] -- Up-to-date symlink: /home/g5/dd2419_ws/install/micro_ros_msgs/share/micro_ros_msgs/cmake/ament_cmake_export_dependencies-extras.cmake
[3.881s] -- Up-to-date symlink: /home/g5/dd2419_ws/install/micro_ros_msgs/share/micro_ros_msgs/cmake/rosidl_cmake_export_typesupport_libraries-extras.cmake
[3.882s] -- Up-to-date symlink: /home/g5/dd2419_ws/install/micro_ros_msgs/share/micro_ros_msgs/cmake/micro_ros_msgsConfig.cmake
[3.882s] -- Up-to-date symlink: /home/g5/dd2419_ws/install/micro_ros_msgs/share/micro_ros_msgs/cmake/micro_ros_msgsConfig-version.cmake
[3.882s] -- Up-to-date symlink: /home/g5/dd2419_ws/install/micro_ros_msgs/share/micro_ros_msgs/package.xml
[3.882s] -- Up-to-date: /home/g5/dd2419_ws/install/micro_ros_msgs/lib/libmicro_ros_msgs__rosidl_generator_c.so
[3.882s] -- Up-to-date: /home/g5/dd2419_ws/install/micro_ros_msgs/lib/libmicro_ros_msgs__rosidl_typesupport_fastrtps_c.so
[3.882s] -- Up-to-date: /home/g5/dd2419_ws/install/micro_ros_msgs/lib/libmicro_ros_msgs__rosidl_typesupport_introspection_c.so
[3.882s] -- Up-to-date: /home/g5/dd2419_ws/install/micro_ros_msgs/lib/libmicro_ros_msgs__rosidl_typesupport_c.so
[3.882s] -- Up-to-date: /home/g5/dd2419_ws/install/micro_ros_msgs/lib/libmicro_ros_msgs__rosidl_typesupport_fastrtps_cpp.so
[3.882s] -- Up-to-date: /home/g5/dd2419_ws/install/micro_ros_msgs/lib/libmicro_ros_msgs__rosidl_typesupport_introspection_cpp.so
[3.882s] -- Up-to-date: /home/g5/dd2419_ws/install/micro_ros_msgs/lib/libmicro_ros_msgs__rosidl_typesupport_cpp.so
[3.882s] Listing '/home/g5/dd2419_ws/install/micro_ros_msgs/local/lib/python3.10/dist-packages/micro_ros_msgs'...
[3.883s] Listing '/home/g5/dd2419_ws/install/micro_ros_msgs/local/lib/python3.10/dist-packages/micro_ros_msgs/msg'...
[3.883s] -- Up-to-date: /home/g5/dd2419_ws/install/micro_ros_msgs/lib/libmicro_ros_msgs__rosidl_generator_py.so
[3.883s] -- Up-to-date: /home/g5/dd2419_ws/install/micro_ros_msgs/share/micro_ros_msgs/cmake/export_micro_ros_msgs__rosidl_generator_cExport.cmake
[3.883s] -- Up-to-date: /home/g5/dd2419_ws/install/micro_ros_msgs/share/micro_ros_msgs/cmake/export_micro_ros_msgs__rosidl_generator_cExport-noconfig.cmake
[3.883s] -- Up-to-date: /home/g5/dd2419_ws/install/micro_ros_msgs/share/micro_ros_msgs/cmake/export_micro_ros_msgs__rosidl_typesupport_fastrtps_cExport.cmake
[3.883s] -- Up-to-date: /home/g5/dd2419_ws/install/micro_ros_msgs/share/micro_ros_msgs/cmake/export_micro_ros_msgs__rosidl_typesupport_fastrtps_cExport-noconfig.cmake
[3.883s] -- Up-to-date: /home/g5/dd2419_ws/install/micro_ros_msgs/share/micro_ros_msgs/cmake/micro_ros_msgs__rosidl_typesupport_introspection_cExport.cmake
[3.883s] -- Up-to-date: /home/g5/dd2419_ws/install/micro_ros_msgs/share/micro_ros_msgs/cmake/micro_ros_msgs__rosidl_typesupport_introspection_cExport-noconfig.cmake
[3.883s] -- Up-to-date: /home/g5/dd2419_ws/install/micro_ros_msgs/share/micro_ros_msgs/cmake/micro_ros_msgs__rosidl_typesupport_cExport.cmake
[3.883s] -- Up-to-date: /home/g5/dd2419_ws/install/micro_ros_msgs/share/micro_ros_msgs/cmake/micro_ros_msgs__rosidl_typesupport_cExport-noconfig.cmake
[3.883s] -- Up-to-date: /home/g5/dd2419_ws/install/micro_ros_msgs/share/micro_ros_msgs/cmake/export_micro_ros_msgs__rosidl_generator_cppExport.cmake
[3.883s] -- Up-to-date: /home/g5/dd2419_ws/install/micro_ros_msgs/share/micro_ros_msgs/cmake/export_micro_ros_msgs__rosidl_typesupport_fastrtps_cppExport.cmake
[3.883s] -- Up-to-date: /home/g5/dd2419_ws/install/micro_ros_msgs/share/micro_ros_msgs/cmake/export_micro_ros_msgs__rosidl_typesupport_fastrtps_cppExport-noconfig.cmake
[3.883s] -- Up-to-date: /home/g5/dd2419_ws/install/micro_ros_msgs/share/micro_ros_msgs/cmake/micro_ros_msgs__rosidl_typesupport_introspection_cppExport.cmake
[3.884s] -- Up-to-date: /home/g5/dd2419_ws/install/micro_ros_msgs/share/micro_ros_msgs/cmake/micro_ros_msgs__rosidl_typesupport_introspection_cppExport-noconfig.cmake
[3.884s] -- Up-to-date: /home/g5/dd2419_ws/install/micro_ros_msgs/share/micro_ros_msgs/cmake/micro_ros_msgs__rosidl_typesupport_cppExport.cmake
[3.884s] -- Up-to-date: /home/g5/dd2419_ws/install/micro_ros_msgs/share/micro_ros_msgs/cmake/micro_ros_msgs__rosidl_typesupport_cppExport-noconfig.cmake
[3.888s] -- Up-to-date: /home/g5/dd2419_ws/install/micro_ros_msgs/share/micro_ros_msgs/cmake/export_micro_ros_msgs__rosidl_generator_pyExport.cmake
[3.888s] -- Up-to-date: /home/g5/dd2419_ws/install/micro_ros_msgs/share/micro_ros_msgs/cmake/export_micro_ros_msgs__rosidl_generator_pyExport-noconfig.cmake
[4.436s] Invoked command in '/home/g5/dd2419_ws/build/micro_ros_msgs' returned '0': CMAKE_PREFIX_PATH=${CMAKE_PREFIX_PATH}:/home/g5/dd2419_ws/install/robp_launch:/home/g5/dd2419_ws/install/robp_boot_camp_launch:/home/g5/dd2419_ws/install/odometry:/home/g5/dd2419_ws/install/controller:/home/g5/dd2419_ws/install/control:/home/g5/dd2419_ws/install/arm:/home/g5/dd2419_ws/install/planning:/home/g5/dd2419_ws/install/kobuki_description:/home/g5/dd2419_ws/install/display_markers:/home/g5/dd2419_ws/install/detection:/home/g5/dd2419_ws/install/arm_servos_pubs_subs:/opt/ros/humble /usr/bin/cmake --install /home/g5/dd2419_ws/build/micro_ros_msgs
