[35m[1mConsolidate compiler generated dependencies of target robp_phidgets_encoders[0m
[100%] Built target robp_phidgets_encoders
-- Install configuration: "Release"
-- Execute custom install script
-- Up-to-date symlink: /home/g5/dd2419_ws/install/robp_phidgets_encoders/lib/librobp_phidgets_encoders.so
-- Up-to-date symlink: /home/g5/dd2419_ws/install/robp_phidgets_encoders/include/robp_phidgets_encoders/encoder.hpp
-- Up-to-date symlink: /home/g5/dd2419_ws/install/robp_phidgets_encoders/include/robp_phidgets_encoders/encoders.hpp
-- Up-to-date symlink: /home/g5/dd2419_ws/install/robp_phidgets_encoders/share/robp_phidgets_encoders/launch/encoders_launch.py
-- Up-to-date symlink: /home/g5/dd2419_ws/install/robp_phidgets_encoders/share/ament_index/resource_index/package_run_dependencies/robp_phidgets_encoders
-- Up-to-date symlink: /home/g5/dd2419_ws/install/robp_phidgets_encoders/share/ament_index/resource_index/parent_prefix_path/robp_phidgets_encoders
-- Up-to-date symlink: /home/g5/dd2419_ws/install/robp_phidgets_encoders/share/robp_phidgets_encoders/environment/ament_prefix_path.sh
-- Up-to-date symlink: /home/g5/dd2419_ws/install/robp_phidgets_encoders/share/robp_phidgets_encoders/environment/ament_prefix_path.dsv
-- Up-to-date symlink: /home/g5/dd2419_ws/install/robp_phidgets_encoders/share/robp_phidgets_encoders/environment/path.sh
-- Up-to-date symlink: /home/g5/dd2419_ws/install/robp_phidgets_encoders/share/robp_phidgets_encoders/environment/path.dsv
-- Up-to-date symlink: /home/g5/dd2419_ws/install/robp_phidgets_encoders/share/robp_phidgets_encoders/local_setup.bash
-- Up-to-date symlink: /home/g5/dd2419_ws/install/robp_phidgets_encoders/share/robp_phidgets_encoders/local_setup.sh
-- Up-to-date symlink: /home/g5/dd2419_ws/install/robp_phidgets_encoders/share/robp_phidgets_encoders/local_setup.zsh
-- Up-to-date symlink: /home/g5/dd2419_ws/install/robp_phidgets_encoders/share/robp_phidgets_encoders/local_setup.dsv
-- Symlinking: /home/g5/dd2419_ws/install/robp_phidgets_encoders/share/robp_phidgets_encoders/package.dsv
-- Up-to-date symlink: /home/g5/dd2419_ws/install/robp_phidgets_encoders/share/ament_index/resource_index/packages/robp_phidgets_encoders
-- Up-to-date symlink: /home/g5/dd2419_ws/install/robp_phidgets_encoders/share/ament_index/resource_index/rclcpp_components/robp_phidgets_encoders
-- Up-to-date symlink: /home/g5/dd2419_ws/install/robp_phidgets_encoders/share/robp_phidgets_encoders/cmake/robp_phidgets_encodersConfig.cmake
-- Up-to-date symlink: /home/g5/dd2419_ws/install/robp_phidgets_encoders/share/robp_phidgets_encoders/cmake/robp_phidgets_encodersConfig-version.cmake
-- Up-to-date symlink: /home/g5/dd2419_ws/install/robp_phidgets_encoders/share/robp_phidgets_encoders/package.xml
