running develop
running egg_info
creating arm_servos_pubs_subs.egg-info
writing arm_servos_pubs_subs.egg-info/PKG-INFO
writing dependency_links to arm_servos_pubs_subs.egg-info/dependency_links.txt
writing entry points to arm_servos_pubs_subs.egg-info/entry_points.txt
writing requirements to arm_servos_pubs_subs.egg-info/requires.txt
writing top-level names to arm_servos_pubs_subs.egg-info/top_level.txt
writing manifest file 'arm_servos_pubs_subs.egg-info/SOURCES.txt'
reading manifest file 'arm_servos_pubs_subs.egg-info/SOURCES.txt'
writing manifest file 'arm_servos_pubs_subs.egg-info/SOURCES.txt'
running build_ext
Creating /home/g5/dd2419_ws/install/arm_servos_pubs_subs/lib/python3.10/site-packages/arm-servos-pubs-subs.egg-link (link to .)
Installing listener script to /home/g5/dd2419_ws/install/arm_servos_pubs_subs/lib/arm_servos_pubs_subs
Installing talker script to /home/g5/dd2419_ws/install/arm_servos_pubs_subs/lib/arm_servos_pubs_subs

Installed /home/g5/dd2419_ws/build/arm_servos_pubs_subs
running install_data
creating /home/g5/dd2419_ws/install/arm_servos_pubs_subs/share/ament_index
creating /home/g5/dd2419_ws/install/arm_servos_pubs_subs/share/ament_index/resource_index
creating /home/g5/dd2419_ws/install/arm_servos_pubs_subs/share/ament_index/resource_index/packages
copying resource/arm_servos_pubs_subs -> /home/g5/dd2419_ws/install/arm_servos_pubs_subs/share/ament_index/resource_index/packages
copying package.xml -> /home/g5/dd2419_ws/install/arm_servos_pubs_subs/share/arm_servos_pubs_subs
/usr/lib/python3/dist-packages/setuptools/command/easy_install.py:158: EasyInstallDeprecationWarning: easy_install command is deprecated. Use build and pip and other standards-based tools.
  warnings.warn(
/usr/lib/python3/dist-packages/setuptools/command/install.py:34: SetuptoolsDeprecationWarning: setup.py install is deprecated. Use build and pip and other standards-based tools.
  warnings.warn(
