[2.510s] Invoking command in '/home/g5/dd2419_ws/build/arm_servos_pubs_subs': PYTHONPATH=/home/g5/dd2419_ws/build/arm_servos_pubs_subs/prefix_override:/home/g5/dd2419_ws/install/arm_servos_pubs_subs/lib/python3.10/site-packages:${PYTHONPATH} /usr/bin/python3 setup.py develop --editable --build-directory /home/g5/dd2419_ws/build/arm_servos_pubs_subs/build --no-deps install_data
[8.244s] running develop
[8.244s] running egg_info
[8.244s] creating arm_servos_pubs_subs.egg-info
[8.244s] writing arm_servos_pubs_subs.egg-info/PKG-INFO
[8.244s] writing dependency_links to arm_servos_pubs_subs.egg-info/dependency_links.txt
[8.244s] writing entry points to arm_servos_pubs_subs.egg-info/entry_points.txt
[8.244s] writing requirements to arm_servos_pubs_subs.egg-info/requires.txt
[8.244s] writing top-level names to arm_servos_pubs_subs.egg-info/top_level.txt
[8.245s] writing manifest file 'arm_servos_pubs_subs.egg-info/SOURCES.txt'
[8.245s] reading manifest file 'arm_servos_pubs_subs.egg-info/SOURCES.txt'
[8.245s] writing manifest file 'arm_servos_pubs_subs.egg-info/SOURCES.txt'
[8.245s] running build_ext
[8.245s] Creating /home/g5/dd2419_ws/install/arm_servos_pubs_subs/lib/python3.10/site-packages/arm-servos-pubs-subs.egg-link (link to .)
[8.245s] Installing listener script to /home/g5/dd2419_ws/install/arm_servos_pubs_subs/lib/arm_servos_pubs_subs
[8.245s] Installing talker script to /home/g5/dd2419_ws/install/arm_servos_pubs_subs/lib/arm_servos_pubs_subs
[8.245s] 
[8.245s] Installed /home/g5/dd2419_ws/build/arm_servos_pubs_subs
[8.245s] running install_data
[8.246s] creating /home/g5/dd2419_ws/install/arm_servos_pubs_subs/share/ament_index
[8.246s] creating /home/g5/dd2419_ws/install/arm_servos_pubs_subs/share/ament_index/resource_index
[8.246s] creating /home/g5/dd2419_ws/install/arm_servos_pubs_subs/share/ament_index/resource_index/packages
[8.246s] copying resource/arm_servos_pubs_subs -> /home/g5/dd2419_ws/install/arm_servos_pubs_subs/share/ament_index/resource_index/packages
[8.246s] copying package.xml -> /home/g5/dd2419_ws/install/arm_servos_pubs_subs/share/arm_servos_pubs_subs
[8.247s] /usr/lib/python3/dist-packages/setuptools/command/easy_install.py:158: EasyInstallDeprecationWarning: easy_install command is deprecated. Use build and pip and other standards-based tools.
[8.247s]   warnings.warn(
[8.247s] /usr/lib/python3/dist-packages/setuptools/command/install.py:34: SetuptoolsDeprecationWarning: setup.py install is deprecated. Use build and pip and other standards-based tools.
[8.247s]   warnings.warn(
[8.261s] Invoked command in '/home/g5/dd2419_ws/build/arm_servos_pubs_subs' returned '0': PYTHONPATH=/home/g5/dd2419_ws/build/arm_servos_pubs_subs/prefix_override:/home/g5/dd2419_ws/install/arm_servos_pubs_subs/lib/python3.10/site-packages:${PYTHONPATH} /usr/bin/python3 setup.py develop --editable --build-directory /home/g5/dd2419_ws/build/arm_servos_pubs_subs/build --no-deps install_data
