running develop
/usr/lib/python3/dist-packages/setuptools/command/easy_install.py:158: EasyInstallDeprecationWarning: easy_install command is deprecated. Use build and pip and other standards-based tools.
  warnings.warn(
/usr/lib/python3/dist-packages/setuptools/command/install.py:34: SetuptoolsDeprecationWarning: setup.py install is deprecated. Use build and pip and other standards-based tools.
  warnings.warn(
running egg_info
writing controller.egg-info/PKG-INFO
writing dependency_links to controller.egg-info/dependency_links.txt
writing entry points to controller.egg-info/entry_points.txt
writing requirements to controller.egg-info/requires.txt
writing top-level names to controller.egg-info/top_level.txt
reading manifest file 'controller.egg-info/SOURCES.txt'
writing manifest file 'controller.egg-info/SOURCES.txt'
running build_ext
Creating /home/g5/dd2419_ws/install/controller/lib/python3.10/site-packages/controller.egg-link (link to .)
Installing cartesian_axel script to /home/g5/dd2419_ws/install/controller/lib/controller
Installing cartesian_carl script to /home/g5/dd2419_ws/install/controller/lib/controller
Installing cartesian_controller script to /home/g5/dd2419_ws/install/controller/lib/controller
Installing milestone1_goal script to /home/g5/dd2419_ws/install/controller/lib/controller
Installing open_loop_controller script to /home/g5/dd2419_ws/install/controller/lib/controller
Installing wall_following_controller script to /home/g5/dd2419_ws/install/controller/lib/controller

Installed /home/g5/dd2419_ws/build/controller
running install_data
