[0.516s] Invoking command in '/home/g5/dd2419_ws/build/kobuki_softnode': CMAKE_PREFIX_PATH=${CMAKE_PREFIX_PATH}:/home/g5/dd2419_ws/install/robp_launch:/home/g5/dd2419_ws/install/robp_boot_camp_launch:/home/g5/dd2419_ws/install/odometry:/home/g5/dd2419_ws/install/controller:/home/g5/dd2419_ws/install/control:/home/g5/dd2419_ws/install/arm:/home/g5/dd2419_ws/install/planning:/home/g5/dd2419_ws/install/kobuki_description:/home/g5/dd2419_ws/install/display_markers:/home/g5/dd2419_ws/install/detection:/home/g5/dd2419_ws/install/arm_servos_pubs_subs:/opt/ros/humble /usr/bin/cmake /home/g5/dd2419_ws/src/robp_boot_camp/kobuki_soft/kobuki_softnode -DAMENT_CMAKE_SYMLINK_INSTALL=1 -DCMAKE_INSTALL_PREFIX=/home/g5/dd2419_ws/install/kobuki_softnode
[0.673s] -- The C compiler identification is GNU 11.4.0
[0.834s] -- The CXX compiler identification is GNU 11.4.0
[0.856s] -- Detecting C compiler ABI info
[0.987s] -- Detecting C compiler ABI info - done
[1.010s] -- Check for working C compiler: /usr/bin/cc - skipped
[1.010s] -- Detecting C compile features
[1.011s] -- Detecting C compile features - done
[1.016s] -- Detecting CXX compiler ABI info
[1.166s] -- Detecting CXX compiler ABI info - done
[1.182s] -- Check for working CXX compiler: /usr/bin/c++ - skipped
[1.183s] -- Detecting CXX compile features
[1.184s] -- Detecting CXX compile features - done
[1.188s] -- Found ament_cmake: 1.3.7 (/opt/ros/humble/share/ament_cmake/cmake)
[1.516s] -- Found Python3: /usr/bin/python3.10 (found version "3.10.12") found components: Interpreter 
[1.635s] -- Override CMake install command with custom implementation using symlinks instead of copying resources
[1.718s] -- Found geometry_msgs: 4.2.3 (/opt/ros/humble/share/geometry_msgs/cmake)
[1.780s] -- Found rosidl_generator_c: 3.1.5 (/opt/ros/humble/share/rosidl_generator_c/cmake)
[1.789s] -- Found rosidl_adapter: 3.1.5 (/opt/ros/humble/share/rosidl_adapter/cmake)
[1.804s] -- Found rosidl_generator_cpp: 3.1.5 (/opt/ros/humble/share/rosidl_generator_cpp/cmake)
[1.832s] -- Using all available rosidl_typesupport_c: rosidl_typesupport_fastrtps_c;rosidl_typesupport_introspection_c
[1.871s] -- Using all available rosidl_typesupport_cpp: rosidl_typesupport_fastrtps_cpp;rosidl_typesupport_introspection_cpp
[2.121s] -- Found kobuki_ros_interfaces: 1.0.0 (/opt/ros/humble/share/kobuki_ros_interfaces/cmake)
[2.457s] -- Found nav_msgs: 4.2.3 (/opt/ros/humble/share/nav_msgs/cmake)
[2.639s] -- Found rclcpp: 16.0.8 (/opt/ros/humble/share/rclcpp/cmake)
[2.751s] -- Found rmw_implementation_cmake: 6.1.1 (/opt/ros/humble/share/rmw_implementation_cmake/cmake)
[2.752s] -- Found rmw_fastrtps_cpp: 6.2.6 (/opt/ros/humble/share/rmw_fastrtps_cpp/cmake)
[2.978s] -- Found OpenSSL: /usr/lib/x86_64-linux-gnu/libcrypto.so (found version "3.0.2")  
[3.105s] -- Found FastRTPS: /opt/ros/humble/include  
[3.221s] -- Using RMW implementation 'rmw_fastrtps_cpp' as default
[3.243s] -- Looking for pthread.h
[3.385s] -- Looking for pthread.h - found
[3.385s] -- Performing Test CMAKE_HAVE_LIBC_PTHREAD
[3.596s] -- Performing Test CMAKE_HAVE_LIBC_PTHREAD - Success
[3.598s] -- Found Threads: TRUE  
[3.915s] -- Found sensor_msgs: 4.2.3 (/opt/ros/humble/share/sensor_msgs/cmake)
[4.167s] -- Found tf2: 0.25.5 (/opt/ros/humble/share/tf2/cmake)
[4.241s] -- Found tf2_geometry_msgs: 0.25.5 (/opt/ros/humble/share/tf2_geometry_msgs/cmake)
[4.327s] -- Found eigen3_cmake_module: 0.1.1 (/opt/ros/humble/share/eigen3_cmake_module/cmake)
[4.329s] -- Found Eigen3: TRUE (found version "3.4.0") 
[4.330s] -- Ensuring Eigen3 include directory is part of orocos-kdl CMake target
[6.511s] -- Configuring done
[6.575s] -- Generating done
[6.579s] -- Build files have been written to: /home/g5/dd2419_ws/build/kobuki_softnode
[6.634s] Invoked command in '/home/g5/dd2419_ws/build/kobuki_softnode' returned '0': CMAKE_PREFIX_PATH=${CMAKE_PREFIX_PATH}:/home/g5/dd2419_ws/install/robp_launch:/home/g5/dd2419_ws/install/robp_boot_camp_launch:/home/g5/dd2419_ws/install/odometry:/home/g5/dd2419_ws/install/controller:/home/g5/dd2419_ws/install/control:/home/g5/dd2419_ws/install/arm:/home/g5/dd2419_ws/install/planning:/home/g5/dd2419_ws/install/kobuki_description:/home/g5/dd2419_ws/install/display_markers:/home/g5/dd2419_ws/install/detection:/home/g5/dd2419_ws/install/arm_servos_pubs_subs:/opt/ros/humble /usr/bin/cmake /home/g5/dd2419_ws/src/robp_boot_camp/kobuki_soft/kobuki_softnode -DAMENT_CMAKE_SYMLINK_INSTALL=1 -DCMAKE_INSTALL_PREFIX=/home/g5/dd2419_ws/install/kobuki_softnode
[6.635s] Invoking command in '/home/g5/dd2419_ws/build/kobuki_softnode': CMAKE_PREFIX_PATH=${CMAKE_PREFIX_PATH}:/home/g5/dd2419_ws/install/robp_launch:/home/g5/dd2419_ws/install/robp_boot_camp_launch:/home/g5/dd2419_ws/install/odometry:/home/g5/dd2419_ws/install/controller:/home/g5/dd2419_ws/install/control:/home/g5/dd2419_ws/install/arm:/home/g5/dd2419_ws/install/planning:/home/g5/dd2419_ws/install/kobuki_description:/home/g5/dd2419_ws/install/display_markers:/home/g5/dd2419_ws/install/detection:/home/g5/dd2419_ws/install/arm_servos_pubs_subs:/opt/ros/humble /usr/bin/cmake --build /home/g5/dd2419_ws/build/kobuki_softnode -- -j8 -l8
[17.928s] [ 50%] [32mBuilding CXX object CMakeFiles/fake_kobuki.dir/src/fake_kobuki.cpp.o[0m
[38.326s] [100%] [32m[1mLinking CXX executable fake_kobuki[0m
[39.635s] [100%] Built target fake_kobuki
[40.273s] Invoked command in '/home/g5/dd2419_ws/build/kobuki_softnode' returned '0': CMAKE_PREFIX_PATH=${CMAKE_PREFIX_PATH}:/home/g5/dd2419_ws/install/robp_launch:/home/g5/dd2419_ws/install/robp_boot_camp_launch:/home/g5/dd2419_ws/install/odometry:/home/g5/dd2419_ws/install/controller:/home/g5/dd2419_ws/install/control:/home/g5/dd2419_ws/install/arm:/home/g5/dd2419_ws/install/planning:/home/g5/dd2419_ws/install/kobuki_description:/home/g5/dd2419_ws/install/display_markers:/home/g5/dd2419_ws/install/detection:/home/g5/dd2419_ws/install/arm_servos_pubs_subs:/opt/ros/humble /usr/bin/cmake --build /home/g5/dd2419_ws/build/kobuki_softnode -- -j8 -l8
[40.356s] Invoking command in '/home/g5/dd2419_ws/build/kobuki_softnode': CMAKE_PREFIX_PATH=${CMAKE_PREFIX_PATH}:/home/g5/dd2419_ws/install/robp_launch:/home/g5/dd2419_ws/install/robp_boot_camp_launch:/home/g5/dd2419_ws/install/odometry:/home/g5/dd2419_ws/install/controller:/home/g5/dd2419_ws/install/control:/home/g5/dd2419_ws/install/arm:/home/g5/dd2419_ws/install/planning:/home/g5/dd2419_ws/install/kobuki_description:/home/g5/dd2419_ws/install/display_markers:/home/g5/dd2419_ws/install/detection:/home/g5/dd2419_ws/install/arm_servos_pubs_subs:/opt/ros/humble /usr/bin/cmake --install /home/g5/dd2419_ws/build/kobuki_softnode
[40.372s] -- Install configuration: ""
[40.372s] -- Execute custom install script
[40.373s] -- Symlinking: /home/g5/dd2419_ws/install/kobuki_softnode/lib/kobuki_softnode/fake_kobuki
[40.391s] -- Symlinking: /home/g5/dd2419_ws/install/kobuki_softnode/share/kobuki_softnode//launch/full_launch.xml
[40.408s] -- Symlinking: /home/g5/dd2419_ws/install/kobuki_softnode/share/kobuki_softnode//param/base.yaml
[40.426s] -- Symlinking: /home/g5/dd2419_ws/install/kobuki_softnode/share/kobuki_softnode//param/cmd_vel_mux_minimal.yaml
[40.443s] -- Symlinking: /home/g5/dd2419_ws/install/kobuki_softnode/share/kobuki_softnode//param/cmd_vel_mux_safe.yaml
[40.460s] -- Symlinking: /home/g5/dd2419_ws/install/kobuki_softnode/share/kobuki_softnode//param/diagnostics.yaml
[40.482s] -- Symlinking: /home/g5/dd2419_ws/install/kobuki_softnode/share/kobuki_softnode//param/webop_mux.yaml
[40.505s] -- Symlinking: /home/g5/dd2419_ws/install/kobuki_softnode/share/ament_index/resource_index/package_run_dependencies/kobuki_softnode
[40.525s] -- Symlinking: /home/g5/dd2419_ws/install/kobuki_softnode/share/ament_index/resource_index/parent_prefix_path/kobuki_softnode
[40.541s] -- Symlinking: /home/g5/dd2419_ws/install/kobuki_softnode/share/kobuki_softnode/environment/ament_prefix_path.sh
[40.594s] -- Symlinking: /home/g5/dd2419_ws/install/kobuki_softnode/share/kobuki_softnode/environment/ament_prefix_path.dsv
[40.618s] -- Symlinking: /home/g5/dd2419_ws/install/kobuki_softnode/share/kobuki_softnode/environment/path.sh
[40.636s] -- Symlinking: /home/g5/dd2419_ws/install/kobuki_softnode/share/kobuki_softnode/environment/path.dsv
[40.671s] -- Symlinking: /home/g5/dd2419_ws/install/kobuki_softnode/share/kobuki_softnode/local_setup.bash
[40.671s] -- Symlinking: /home/g5/dd2419_ws/install/kobuki_softnode/share/kobuki_softnode/local_setup.sh
[40.687s] -- Symlinking: /home/g5/dd2419_ws/install/kobuki_softnode/share/kobuki_softnode/local_setup.zsh
[40.705s] -- Symlinking: /home/g5/dd2419_ws/install/kobuki_softnode/share/kobuki_softnode/local_setup.dsv
[40.722s] -- Symlinking: /home/g5/dd2419_ws/install/kobuki_softnode/share/kobuki_softnode/package.dsv
[40.739s] -- Symlinking: /home/g5/dd2419_ws/install/kobuki_softnode/share/ament_index/resource_index/packages/kobuki_softnode
[40.775s] -- Symlinking: /home/g5/dd2419_ws/install/kobuki_softnode/share/kobuki_softnode/cmake/kobuki_softnodeConfig.cmake
[40.775s] -- Symlinking: /home/g5/dd2419_ws/install/kobuki_softnode/share/kobuki_softnode/cmake/kobuki_softnodeConfig-version.cmake
[40.792s] -- Symlinking: /home/g5/dd2419_ws/install/kobuki_softnode/share/kobuki_softnode/package.xml
[41.030s] Invoked command in '/home/g5/dd2419_ws/build/kobuki_softnode' returned '0': CMAKE_PREFIX_PATH=${CMAKE_PREFIX_PATH}:/home/g5/dd2419_ws/install/robp_launch:/home/g5/dd2419_ws/install/robp_boot_camp_launch:/home/g5/dd2419_ws/install/odometry:/home/g5/dd2419_ws/install/controller:/home/g5/dd2419_ws/install/control:/home/g5/dd2419_ws/install/arm:/home/g5/dd2419_ws/install/planning:/home/g5/dd2419_ws/install/kobuki_description:/home/g5/dd2419_ws/install/display_markers:/home/g5/dd2419_ws/install/detection:/home/g5/dd2419_ws/install/arm_servos_pubs_subs:/opt/ros/humble /usr/bin/cmake --install /home/g5/dd2419_ws/build/kobuki_softnode
