[0.202s] Invoking command in '/home/g5/dd2419_ws/build/rplidar_ros': CMAKE_PREFIX_PATH=${CMAKE_PREFIX_PATH}:/home/g5/dd2419_ws/install/robp_launch:/home/g5/dd2419_ws/install/robp_boot_camp_launch:/home/g5/dd2419_ws/install/odometry:/home/g5/dd2419_ws/install/controller:/home/g5/dd2419_ws/install/control:/home/g5/dd2419_ws/install/arm:/home/g5/dd2419_ws/install/planning:/home/g5/dd2419_ws/install/kobuki_description:/home/g5/dd2419_ws/install/display_markers:/home/g5/dd2419_ws/install/detection:/home/g5/dd2419_ws/install/arm_servos_pubs_subs:/opt/ros/humble /usr/bin/cmake --build /home/g5/dd2419_ws/build/rplidar_ros -- -j8 -l8
[0.388s] [35m[1mConsolidate compiler generated dependencies of target rplidar_composition_node[0m
[0.388s] [ 77%] Built target rplidar_composition_node
[0.419s] [35m[1mConsolidate compiler generated dependencies of target rplidar_composition[0m
[0.523s] [100%] Built target rplidar_composition
[0.572s] Invoked command in '/home/g5/dd2419_ws/build/rplidar_ros' returned '0': CMAKE_PREFIX_PATH=${CMAKE_PREFIX_PATH}:/home/g5/dd2419_ws/install/robp_launch:/home/g5/dd2419_ws/install/robp_boot_camp_launch:/home/g5/dd2419_ws/install/odometry:/home/g5/dd2419_ws/install/controller:/home/g5/dd2419_ws/install/control:/home/g5/dd2419_ws/install/arm:/home/g5/dd2419_ws/install/planning:/home/g5/dd2419_ws/install/kobuki_description:/home/g5/dd2419_ws/install/display_markers:/home/g5/dd2419_ws/install/detection:/home/g5/dd2419_ws/install/arm_servos_pubs_subs:/opt/ros/humble /usr/bin/cmake --build /home/g5/dd2419_ws/build/rplidar_ros -- -j8 -l8
[1.047s] Invoking command in '/home/g5/dd2419_ws/build/rplidar_ros': CMAKE_PREFIX_PATH=${CMAKE_PREFIX_PATH}:/home/g5/dd2419_ws/install/robp_launch:/home/g5/dd2419_ws/install/robp_boot_camp_launch:/home/g5/dd2419_ws/install/odometry:/home/g5/dd2419_ws/install/controller:/home/g5/dd2419_ws/install/control:/home/g5/dd2419_ws/install/arm:/home/g5/dd2419_ws/install/planning:/home/g5/dd2419_ws/install/kobuki_description:/home/g5/dd2419_ws/install/display_markers:/home/g5/dd2419_ws/install/detection:/home/g5/dd2419_ws/install/arm_servos_pubs_subs:/opt/ros/humble /usr/bin/cmake --install /home/g5/dd2419_ws/build/rplidar_ros
[1.220s] -- Install configuration: ""
[1.221s] -- Execute custom install script
[1.221s] -- Up-to-date symlink: /home/g5/dd2419_ws/install/rplidar_ros/lib/rplidar_ros/rplidar_composition
[1.221s] -- Up-to-date symlink: /home/g5/dd2419_ws/install/rplidar_ros/share/rplidar_ros/launch/rplidar.launch.py
[1.221s] -- Up-to-date symlink: /home/g5/dd2419_ws/install/rplidar_ros/share/rplidar_ros/launch/rplidar_a3.launch.py
[1.221s] -- Up-to-date symlink: /home/g5/dd2419_ws/install/rplidar_ros/share/rplidar_ros/launch/rplidar_s1.launch.py
[1.221s] -- Up-to-date symlink: /home/g5/dd2419_ws/install/rplidar_ros/share/rplidar_ros/launch/rplidar_s1_tcp.launch.py
[1.221s] -- Up-to-date symlink: /home/g5/dd2419_ws/install/rplidar_ros/share/rplidar_ros/launch/test_rplidar_a3.launch.py
[1.222s] -- Up-to-date symlink: /home/g5/dd2419_ws/install/rplidar_ros/share/rplidar_ros/launch/view_rplidar.launch.py
[1.222s] -- Up-to-date symlink: /home/g5/dd2419_ws/install/rplidar_ros/share/rplidar_ros/launch/view_rplidar_a3.launch.py
[1.222s] -- Up-to-date symlink: /home/g5/dd2419_ws/install/rplidar_ros/share/rplidar_ros/launch/view_rplidar_s1.launch.py
[1.222s] -- Up-to-date symlink: /home/g5/dd2419_ws/install/rplidar_ros/share/rplidar_ros/launch/view_rplidar_s1_tcp.launch.py
[1.222s] -- Up-to-date symlink: /home/g5/dd2419_ws/install/rplidar_ros/share/rplidar_ros/rviz/rplidar.rviz
[1.222s] -- Up-to-date symlink: /home/g5/dd2419_ws/install/rplidar_ros/lib/librplidar_composition_node.so
[1.222s] -- Up-to-date symlink: /home/g5/dd2419_ws/install/rplidar_ros/include/rplidar_node.hpp
[1.222s] -- Up-to-date symlink: /home/g5/dd2419_ws/install/rplidar_ros/include/visibility.h
[1.222s] -- Up-to-date symlink: /home/g5/dd2419_ws/install/rplidar_ros/lib/rplidar_ros/rplidar_composition
[1.223s] -- Up-to-date symlink: /home/g5/dd2419_ws/install/rplidar_ros/share/ament_index/resource_index/package_run_dependencies/rplidar_ros
[1.224s] -- Up-to-date symlink: /home/g5/dd2419_ws/install/rplidar_ros/share/ament_index/resource_index/parent_prefix_path/rplidar_ros
[1.225s] -- Up-to-date symlink: /home/g5/dd2419_ws/install/rplidar_ros/share/rplidar_ros/environment/ament_prefix_path.sh
[1.225s] -- Up-to-date symlink: /home/g5/dd2419_ws/install/rplidar_ros/share/rplidar_ros/environment/ament_prefix_path.dsv
[1.225s] -- Up-to-date symlink: /home/g5/dd2419_ws/install/rplidar_ros/share/rplidar_ros/environment/path.sh
[1.225s] -- Up-to-date symlink: /home/g5/dd2419_ws/install/rplidar_ros/share/rplidar_ros/environment/path.dsv
[1.225s] -- Up-to-date symlink: /home/g5/dd2419_ws/install/rplidar_ros/share/rplidar_ros/local_setup.bash
[1.226s] -- Up-to-date symlink: /home/g5/dd2419_ws/install/rplidar_ros/share/rplidar_ros/local_setup.sh
[1.226s] -- Up-to-date symlink: /home/g5/dd2419_ws/install/rplidar_ros/share/rplidar_ros/local_setup.zsh
[1.226s] -- Up-to-date symlink: /home/g5/dd2419_ws/install/rplidar_ros/share/rplidar_ros/local_setup.dsv
[1.226s] -- Symlinking: /home/g5/dd2419_ws/install/rplidar_ros/share/rplidar_ros/package.dsv
[1.226s] -- Up-to-date symlink: /home/g5/dd2419_ws/install/rplidar_ros/share/ament_index/resource_index/packages/rplidar_ros
[1.226s] -- Up-to-date symlink: /home/g5/dd2419_ws/install/rplidar_ros/share/ament_index/resource_index/rclcpp_components/rplidar_ros
[1.226s] -- Up-to-date symlink: /home/g5/dd2419_ws/install/rplidar_ros/share/rplidar_ros/cmake/ament_cmake_export_dependencies-extras.cmake
[1.226s] -- Up-to-date symlink: /home/g5/dd2419_ws/install/rplidar_ros/share/rplidar_ros/cmake/ament_cmake_export_include_directories-extras.cmake
[1.227s] -- Up-to-date symlink: /home/g5/dd2419_ws/install/rplidar_ros/share/rplidar_ros/cmake/rplidar_rosConfig.cmake
[1.227s] -- Up-to-date symlink: /home/g5/dd2419_ws/install/rplidar_ros/share/rplidar_ros/cmake/rplidar_rosConfig-version.cmake
[1.227s] -- Up-to-date symlink: /home/g5/dd2419_ws/install/rplidar_ros/share/rplidar_ros/package.xml
[1.227s] Invoked command in '/home/g5/dd2419_ws/build/rplidar_ros' returned '0': CMAKE_PREFIX_PATH=${CMAKE_PREFIX_PATH}:/home/g5/dd2419_ws/install/robp_launch:/home/g5/dd2419_ws/install/robp_boot_camp_launch:/home/g5/dd2419_ws/install/odometry:/home/g5/dd2419_ws/install/controller:/home/g5/dd2419_ws/install/control:/home/g5/dd2419_ws/install/arm:/home/g5/dd2419_ws/install/planning:/home/g5/dd2419_ws/install/kobuki_description:/home/g5/dd2419_ws/install/display_markers:/home/g5/dd2419_ws/install/detection:/home/g5/dd2419_ws/install/arm_servos_pubs_subs:/opt/ros/humble /usr/bin/cmake --install /home/g5/dd2419_ws/build/rplidar_ros
