[3.582s] Invoking command in '/home/g5/dd2419_ws/build/arm_servos_pubs_subs': PYTHONPATH=/home/g5/dd2419_ws/build/arm_servos_pubs_subs/prefix_override:/home/g5/dd2419_ws/install/arm_servos_pubs_subs/lib/python3.10/site-packages:${PYTHONPATH} /usr/bin/python3 setup.py develop --editable --build-directory /home/g5/dd2419_ws/build/arm_servos_pubs_subs/build --no-deps install_data
[4.059s] running develop
[4.060s] /usr/lib/python3/dist-packages/setuptools/command/easy_install.py:158: EasyInstallDeprecationWarning: easy_install command is deprecated. Use build and pip and other standards-based tools.
[4.060s]   warnings.warn(
[4.063s] /usr/lib/python3/dist-packages/setuptools/command/install.py:34: SetuptoolsDeprecationWarning: setup.py install is deprecated. Use build and pip and other standards-based tools.
[4.063s]   warnings.warn(
[4.352s] running egg_info
[4.352s] writing arm_servos_pubs_subs.egg-info/PKG-INFO
[4.353s] writing dependency_links to arm_servos_pubs_subs.egg-info/dependency_links.txt
[4.353s] writing entry points to arm_servos_pubs_subs.egg-info/entry_points.txt
[4.353s] writing requirements to arm_servos_pubs_subs.egg-info/requires.txt
[4.353s] writing top-level names to arm_servos_pubs_subs.egg-info/top_level.txt
[4.356s] reading manifest file 'arm_servos_pubs_subs.egg-info/SOURCES.txt'
[4.362s] writing manifest file 'arm_servos_pubs_subs.egg-info/SOURCES.txt'
[4.362s] running build_ext
[4.363s] Creating /home/g5/dd2419_ws/install/arm_servos_pubs_subs/lib/python3.10/site-packages/arm-servos-pubs-subs.egg-link (link to .)
[4.363s] Installing listener script to /home/g5/dd2419_ws/install/arm_servos_pubs_subs/lib/arm_servos_pubs_subs
[4.363s] Installing talker script to /home/g5/dd2419_ws/install/arm_servos_pubs_subs/lib/arm_servos_pubs_subs
[4.363s] 
[4.363s] Installed /home/g5/dd2419_ws/build/arm_servos_pubs_subs
[4.363s] running install_data
[4.525s] Invoked command in '/home/g5/dd2419_ws/build/arm_servos_pubs_subs' returned '0': PYTHONPATH=/home/g5/dd2419_ws/build/arm_servos_pubs_subs/prefix_override:/home/g5/dd2419_ws/install/arm_servos_pubs_subs/lib/python3.10/site-packages:${PYTHONPATH} /usr/bin/python3 setup.py develop --editable --build-directory /home/g5/dd2419_ws/build/arm_servos_pubs_subs/build --no-deps install_data
