[2.831s] Invoking command in '/home/g5/dd2419_ws/build/detection': PYTHONPATH=/home/g5/dd2419_ws/build/detection/prefix_override:/home/g5/dd2419_ws/install/detection/lib/python3.10/site-packages:${PYTHONPATH} /usr/bin/python3 setup.py develop --editable --build-directory /home/g5/dd2419_ws/build/detection/build --no-deps install_data
[6.072s] running develop
[6.072s] running egg_info
[6.072s] creating detection.egg-info
[6.072s] writing detection.egg-info/PKG-INFO
[6.072s] writing dependency_links to detection.egg-info/dependency_links.txt
[6.072s] writing entry points to detection.egg-info/entry_points.txt
[6.072s] writing requirements to detection.egg-info/requires.txt
[6.072s] writing top-level names to detection.egg-info/top_level.txt
[6.072s] writing manifest file 'detection.egg-info/SOURCES.txt'
[6.073s] reading manifest file 'detection.egg-info/SOURCES.txt'
[6.073s] writing manifest file 'detection.egg-info/SOURCES.txt'
[6.073s] running build_ext
[6.073s] Creating /home/g5/dd2419_ws/install/detection/lib/python3.10/site-packages/detection.egg-link (link to .)
[6.073s] Installing detection script to /home/g5/dd2419_ws/install/detection/lib/detection
[6.073s] 
[6.073s] Installed /home/g5/dd2419_ws/build/detection
[6.073s] running install_data
[6.073s] creating /home/g5/dd2419_ws/install/detection/share/ament_index
[6.074s] creating /home/g5/dd2419_ws/install/detection/share/ament_index/resource_index
[6.074s] creating /home/g5/dd2419_ws/install/detection/share/ament_index/resource_index/packages
[6.074s] copying resource/detection -> /home/g5/dd2419_ws/install/detection/share/ament_index/resource_index/packages
[6.074s] copying package.xml -> /home/g5/dd2419_ws/install/detection/share/detection
[6.074s] /usr/lib/python3/dist-packages/setuptools/command/easy_install.py:158: EasyInstallDeprecationWarning: easy_install command is deprecated. Use build and pip and other standards-based tools.
[6.074s]   warnings.warn(
[6.074s] /usr/lib/python3/dist-packages/setuptools/command/install.py:34: SetuptoolsDeprecationWarning: setup.py install is deprecated. Use build and pip and other standards-based tools.
[6.074s]   warnings.warn(
[6.230s] Invoked command in '/home/g5/dd2419_ws/build/detection' returned '0': PYTHONPATH=/home/g5/dd2419_ws/build/detection/prefix_override:/home/g5/dd2419_ws/install/detection/lib/python3.10/site-packages:${PYTHONPATH} /usr/bin/python3 setup.py develop --editable --build-directory /home/g5/dd2419_ws/build/detection/build --no-deps install_data
