[35m[1mConsolidate compiler generated dependencies of target robp_phidgets_motors[0m
[100%] Built target robp_phidgets_motors
-- Install configuration: "Release"
-- Execute custom install script
-- Up-to-date symlink: /home/g5/dd2419_ws/install/robp_phidgets_motors/lib/librobp_phidgets_motors.so
-- Up-to-date symlink: /home/g5/dd2419_ws/install/robp_phidgets_motors/include/robp_phidgets_motors/motor.hpp
-- Up-to-date symlink: /home/g5/dd2419_ws/install/robp_phidgets_motors/include/robp_phidgets_motors/motors.hpp
-- Up-to-date symlink: /home/g5/dd2419_ws/install/robp_phidgets_motors/share/robp_phidgets_motors/launch/motors_launch.py
-- Up-to-date symlink: /home/g5/dd2419_ws/install/robp_phidgets_motors/share/ament_index/resource_index/package_run_dependencies/robp_phidgets_motors
-- Up-to-date symlink: /home/g5/dd2419_ws/install/robp_phidgets_motors/share/ament_index/resource_index/parent_prefix_path/robp_phidgets_motors
-- Up-to-date symlink: /home/g5/dd2419_ws/install/robp_phidgets_motors/share/robp_phidgets_motors/environment/ament_prefix_path.sh
-- Up-to-date symlink: /home/g5/dd2419_ws/install/robp_phidgets_motors/share/robp_phidgets_motors/environment/ament_prefix_path.dsv
-- Up-to-date symlink: /home/g5/dd2419_ws/install/robp_phidgets_motors/share/robp_phidgets_motors/environment/path.sh
-- Up-to-date symlink: /home/g5/dd2419_ws/install/robp_phidgets_motors/share/robp_phidgets_motors/environment/path.dsv
-- Up-to-date symlink: /home/g5/dd2419_ws/install/robp_phidgets_motors/share/robp_phidgets_motors/local_setup.bash
-- Up-to-date symlink: /home/g5/dd2419_ws/install/robp_phidgets_motors/share/robp_phidgets_motors/local_setup.sh
-- Up-to-date symlink: /home/g5/dd2419_ws/install/robp_phidgets_motors/share/robp_phidgets_motors/local_setup.zsh
-- Up-to-date symlink: /home/g5/dd2419_ws/install/robp_phidgets_motors/share/robp_phidgets_motors/local_setup.dsv
-- Symlinking: /home/g5/dd2419_ws/install/robp_phidgets_motors/share/robp_phidgets_motors/package.dsv
-- Up-to-date symlink: /home/g5/dd2419_ws/install/robp_phidgets_motors/share/ament_index/resource_index/packages/robp_phidgets_motors
-- Up-to-date symlink: /home/g5/dd2419_ws/install/robp_phidgets_motors/share/ament_index/resource_index/rclcpp_components/robp_phidgets_motors
-- Up-to-date symlink: /home/g5/dd2419_ws/install/robp_phidgets_motors/share/robp_phidgets_motors/cmake/robp_phidgets_motorsConfig.cmake
-- Up-to-date symlink: /home/g5/dd2419_ws/install/robp_phidgets_motors/share/robp_phidgets_motors/cmake/robp_phidgets_motorsConfig-version.cmake
-- Up-to-date symlink: /home/g5/dd2419_ws/install/robp_phidgets_motors/share/robp_phidgets_motors/package.xml
