[35m[1mConsolidate compiler generated dependencies of target gtest_main[0m
[35m[1mConsolidate compiler generated dependencies of target relay_node[0m
[35m[1mConsolidate compiler generated dependencies of target gtest[0m
[  5%] Built target gtest_main
[  5%] Built target ament_cmake_python_symlink_topic_tools_setup
[ 10%] Built target gtest
[ 18%] Built target relay_node
[ 18%] Built target ament_cmake_python_symlink_topic_tools
[35m[1mConsolidate compiler generated dependencies of target relay[0m
[35m[1mConsolidate compiler generated dependencies of target test_relay[0m
[35m[1mConsolidate compiler generated dependencies of target throttle_node[0m
[ 24%] Built target relay
[ 32%] Built target throttle_node
[ 37%] Built target test_relay
[35m[1mConsolidate compiler generated dependencies of target throttle[0m
[35m[1mConsolidate compiler generated dependencies of target drop_node[0m
[ 45%] Built target drop_node
[ 51%] Built target throttle
[35m[1mConsolidate compiler generated dependencies of target test_throttle[0m
[35m[1mConsolidate compiler generated dependencies of target drop[0m
[35m[1mConsolidate compiler generated dependencies of target mux_node[0m
[35m[1mConsolidate compiler generated dependencies of target test_drop[0m
[ 56%] Built target drop
[ 62%] Built target test_throttle
[ 70%] Built target mux_node
[35m[1mConsolidate compiler generated dependencies of target mux[0m
[35m[1mConsolidate compiler generated dependencies of target delay_node[0m
[35m[1mConsolidate compiler generated dependencies of target test_mux[0m
[ 75%] Built target test_drop
[ 83%] Built target delay_node
[ 89%] Built target mux
[ 94%] Built target test_mux
[35m[1mConsolidate compiler generated dependencies of target delay[0m
[100%] Built target delay
running install_scripts
/usr/lib/python3/dist-packages/setuptools/command/install.py:34: SetuptoolsDeprecationWarning: setup.py install is deprecated. Use build and pip and other standards-based tools.
  warnings.warn(
running egg_info
writing topic_tools.egg-info/PKG-INFO
writing dependency_links to topic_tools.egg-info/dependency_links.txt
writing entry points to topic_tools.egg-info/entry_points.txt
writing top-level names to topic_tools.egg-info/top_level.txt
reading manifest file 'topic_tools.egg-info/SOURCES.txt'
writing manifest file 'topic_tools.egg-info/SOURCES.txt'
Installing relay_field script to scripts
Installing transform script to scripts
running egg_info
writing topic_tools.egg-info/PKG-INFO
writing dependency_links to topic_tools.egg-info/dependency_links.txt
writing entry points to topic_tools.egg-info/entry_points.txt
writing top-level names to topic_tools.egg-info/top_level.txt
reading manifest file 'topic_tools.egg-info/SOURCES.txt'
writing manifest file 'topic_tools.egg-info/SOURCES.txt'
[100%] Built target ament_cmake_python_build_topic_tools_scripts
[100%] Built target ament_cmake_python_build_topic_tools_egg
-- Install configuration: ""
-- Execute custom install script
-- Up-to-date symlink: /home/g5/dd2419_ws/install/topic_tools/share/topic_tools/environment/pythonpath.sh
-- Up-to-date symlink: /home/g5/dd2419_ws/install/topic_tools/share/topic_tools/environment/pythonpath.dsv
-- Up-to-date symlink: /home/g5/dd2419_ws/install/topic_tools/local/lib/python3.10/dist-packages/topic_tools-1.3.0-py3.10.egg-info/PKG-INFO
-- Up-to-date symlink: /home/g5/dd2419_ws/install/topic_tools/local/lib/python3.10/dist-packages/topic_tools-1.3.0-py3.10.egg-info/SOURCES.txt
-- Up-to-date symlink: /home/g5/dd2419_ws/install/topic_tools/local/lib/python3.10/dist-packages/topic_tools-1.3.0-py3.10.egg-info/dependency_links.txt
-- Up-to-date symlink: /home/g5/dd2419_ws/install/topic_tools/local/lib/python3.10/dist-packages/topic_tools-1.3.0-py3.10.egg-info/entry_points.txt
-- Up-to-date symlink: /home/g5/dd2419_ws/install/topic_tools/local/lib/python3.10/dist-packages/topic_tools-1.3.0-py3.10.egg-info/top_level.txt
-- Up-to-date symlink: /home/g5/dd2419_ws/install/topic_tools/lib/topic_tools//relay_field
-- Up-to-date symlink: /home/g5/dd2419_ws/install/topic_tools/lib/topic_tools//transform
-- Up-to-date symlink: /home/g5/dd2419_ws/install/topic_tools/local/lib/python3.10/dist-packages/topic_tools/__init__.py
-- Up-to-date symlink: /home/g5/dd2419_ws/install/topic_tools/local/lib/python3.10/dist-packages/topic_tools/relay_field.py
-- Up-to-date symlink: /home/g5/dd2419_ws/install/topic_tools/local/lib/python3.10/dist-packages/topic_tools/setup.cfg
-- Up-to-date symlink: /home/g5/dd2419_ws/install/topic_tools/local/lib/python3.10/dist-packages/topic_tools/transform.py
-- Up-to-date symlink: /home/g5/dd2419_ws/install/topic_tools/include/topic_tools/delay_node.hpp
-- Up-to-date symlink: /home/g5/dd2419_ws/install/topic_tools/include/topic_tools/drop_node.hpp
-- Up-to-date symlink: /home/g5/dd2419_ws/install/topic_tools/include/topic_tools/mux_node.hpp
-- Up-to-date symlink: /home/g5/dd2419_ws/install/topic_tools/include/topic_tools/relay_node.hpp
-- Up-to-date symlink: /home/g5/dd2419_ws/install/topic_tools/include/topic_tools/throttle_node.hpp
-- Up-to-date symlink: /home/g5/dd2419_ws/install/topic_tools/include/topic_tools/tool_base_node.hpp
-- Up-to-date symlink: /home/g5/dd2419_ws/install/topic_tools/include/topic_tools/visibility_control.h
-- Up-to-date symlink: /home/g5/dd2419_ws/install/topic_tools/share/topic_tools/environment/library_path.sh
-- Up-to-date symlink: /home/g5/dd2419_ws/install/topic_tools/share/topic_tools/environment/library_path.dsv
-- Up-to-date symlink: /home/g5/dd2419_ws/install/topic_tools/lib/librelay_node.so
-- Up-to-date symlink: /home/g5/dd2419_ws/install/topic_tools/lib/libthrottle_node.so
-- Up-to-date symlink: /home/g5/dd2419_ws/install/topic_tools/lib/libdrop_node.so
-- Up-to-date symlink: /home/g5/dd2419_ws/install/topic_tools/lib/libmux_node.so
-- Up-to-date symlink: /home/g5/dd2419_ws/install/topic_tools/lib/libdelay_node.so
-- Up-to-date symlink: /home/g5/dd2419_ws/install/topic_tools/lib/topic_tools/relay
-- Up-to-date symlink: /home/g5/dd2419_ws/install/topic_tools/lib/topic_tools/throttle
-- Up-to-date symlink: /home/g5/dd2419_ws/install/topic_tools/lib/topic_tools/drop
-- Up-to-date symlink: /home/g5/dd2419_ws/install/topic_tools/lib/topic_tools/mux
-- Up-to-date symlink: /home/g5/dd2419_ws/install/topic_tools/lib/topic_tools/delay
-- Up-to-date symlink: /home/g5/dd2419_ws/install/topic_tools/share/topic_tools/launch/relay.launch
-- Up-to-date symlink: /home/g5/dd2419_ws/install/topic_tools/share/ament_index/resource_index/package_run_dependencies/topic_tools
-- Up-to-date symlink: /home/g5/dd2419_ws/install/topic_tools/share/ament_index/resource_index/parent_prefix_path/topic_tools
-- Up-to-date symlink: /home/g5/dd2419_ws/install/topic_tools/share/topic_tools/environment/ament_prefix_path.sh
-- Up-to-date symlink: /home/g5/dd2419_ws/install/topic_tools/share/topic_tools/environment/ament_prefix_path.dsv
-- Up-to-date symlink: /home/g5/dd2419_ws/install/topic_tools/share/topic_tools/environment/path.sh
-- Up-to-date symlink: /home/g5/dd2419_ws/install/topic_tools/share/topic_tools/environment/path.dsv
-- Up-to-date symlink: /home/g5/dd2419_ws/install/topic_tools/share/topic_tools/local_setup.bash
-- Up-to-date symlink: /home/g5/dd2419_ws/install/topic_tools/share/topic_tools/local_setup.sh
-- Up-to-date symlink: /home/g5/dd2419_ws/install/topic_tools/share/topic_tools/local_setup.zsh
-- Up-to-date symlink: /home/g5/dd2419_ws/install/topic_tools/share/topic_tools/local_setup.dsv
-- Symlinking: /home/g5/dd2419_ws/install/topic_tools/share/topic_tools/package.dsv
-- Up-to-date symlink: /home/g5/dd2419_ws/install/topic_tools/share/ament_index/resource_index/packages/topic_tools
-- Up-to-date symlink: /home/g5/dd2419_ws/install/topic_tools/share/ament_index/resource_index/rclcpp_components/topic_tools
-- Up-to-date symlink: /home/g5/dd2419_ws/install/topic_tools/share/topic_tools/cmake/ament_cmake_export_dependencies-extras.cmake
-- Up-to-date symlink: /home/g5/dd2419_ws/install/topic_tools/share/topic_tools/cmake/ament_cmake_export_include_directories-extras.cmake
-- Up-to-date symlink: /home/g5/dd2419_ws/install/topic_tools/share/topic_tools/cmake/ament_cmake_export_libraries-extras.cmake
-- Up-to-date symlink: /home/g5/dd2419_ws/install/topic_tools/share/topic_tools/cmake/topic_toolsConfig.cmake
-- Up-to-date symlink: /home/g5/dd2419_ws/install/topic_tools/share/topic_tools/cmake/topic_toolsConfig-version.cmake
-- Up-to-date symlink: /home/g5/dd2419_ws/install/topic_tools/share/topic_tools/package.xml
Listing '/home/g5/dd2419_ws/install/topic_tools/local/lib/python3.10/dist-packages/topic_tools'...
