[0.735s] Invoking command in '/home/g5/dd2419_ws/build/topic_tools': CMAKE_PREFIX_PATH=/home/g5/dd2419_ws/install/topic_tools_interfaces:/home/g5/dd2419_ws/install/topic_tools:/home/g5/dd2419_ws/install/rplidar_ros:/home/g5/dd2419_ws/install/robp_phidgets_temperature:/home/g5/dd2419_ws/install/robp_phidgets_spatial:/home/g5/dd2419_ws/install/robp_phidgets_motors:/home/g5/dd2419_ws/install/robp_phidgets_encoders:/home/g5/dd2419_ws/install/robp_boot_camp_motors:/home/g5/dd2419_ws/install/robp_interfaces:/home/g5/dd2419_ws/install/robp_boot_camp_world:/home/g5/dd2419_ws/install/robp_boot_camp_distance_sensor:/home/g5/dd2419_ws/install/robp_boot_camp_interfaces:/home/g5/dd2419_ws/install/micro_ros_setup:/home/g5/dd2419_ws/install/micro_ros_agent:/home/g5/dd2419_ws/install/micro_ros_msgs:/home/g5/dd2419_ws/install/kobuki_softnode:/home/g5/dd2419_ws/install/robp_launch:/home/g5/dd2419_ws/install/robp_boot_camp_launch:/home/g5/dd2419_ws/install/odometry:/home/g5/dd2419_ws/install/controller:/home/g5/dd2419_ws/install/control:/home/g5/dd2419_ws/install/arm:/home/g5/dd2419_ws/install/planning:/home/g5/dd2419_ws/install/kobuki_description:/home/g5/dd2419_ws/install/display_markers:/home/g5/dd2419_ws/install/detection:/home/g5/dd2419_ws/install/arm_servos_pubs_subs:/opt/ros/humble LD_LIBRARY_PATH=/home/g5/dd2419_ws/install/topic_tools_interfaces/lib:/home/g5/dd2419_ws/install/topic_tools/lib:/home/g5/dd2419_ws/install/rplidar_ros/lib:/home/g5/dd2419_ws/install/robp_phidgets_temperature/lib:/home/g5/dd2419_ws/install/robp_phidgets_spatial/lib:/home/g5/dd2419_ws/install/robp_phidgets_motors/lib:/home/g5/dd2419_ws/install/robp_phidgets_encoders/lib:/home/g5/dd2419_ws/install/robp_interfaces/lib:/home/g5/dd2419_ws/install/robp_boot_camp_interfaces/lib:/home/g5/dd2419_ws/install/micro_ros_agent/lib:/home/g5/dd2419_ws/install/micro_ros_msgs/lib:/opt/ros/humble/opt/rviz_ogre_vendor/lib:/opt/ros/humble/lib/x86_64-linux-gnu:/opt/ros/humble/opt/libphidget22/lib:/opt/ros/humble/lib /usr/bin/cmake --build /home/g5/dd2419_ws/build/topic_tools -- -j8 -l8
[0.871s] [35m[1mConsolidate compiler generated dependencies of target gtest_main[0m
[0.871s] [35m[1mConsolidate compiler generated dependencies of target relay_node[0m
[0.871s] [35m[1mConsolidate compiler generated dependencies of target gtest[0m
[0.871s] [  5%] Built target gtest_main
[0.871s] [  5%] Built target ament_cmake_python_symlink_topic_tools_setup
[0.871s] [ 10%] Built target gtest
[0.871s] [ 18%] Built target relay_node
[0.871s] [ 18%] Built target ament_cmake_python_symlink_topic_tools
[0.874s] [35m[1mConsolidate compiler generated dependencies of target relay[0m
[0.874s] [35m[1mConsolidate compiler generated dependencies of target test_relay[0m
[0.874s] [35m[1mConsolidate compiler generated dependencies of target throttle_node[0m
[0.909s] [ 24%] Built target relay
[0.916s] [ 32%] Built target throttle_node
[0.921s] [ 37%] Built target test_relay
[0.941s] [35m[1mConsolidate compiler generated dependencies of target throttle[0m
[0.948s] [35m[1mConsolidate compiler generated dependencies of target drop_node[0m
[0.986s] [ 45%] Built target drop_node
[0.989s] [ 51%] Built target throttle
[0.997s] [35m[1mConsolidate compiler generated dependencies of target test_throttle[0m
[1.025s] [35m[1mConsolidate compiler generated dependencies of target drop[0m
[1.025s] [35m[1mConsolidate compiler generated dependencies of target mux_node[0m
[1.054s] [35m[1mConsolidate compiler generated dependencies of target test_drop[0m
[1.078s] [ 56%] Built target drop
[1.081s] [ 62%] Built target test_throttle
[1.095s] [ 70%] Built target mux_node
[1.123s] [35m[1mConsolidate compiler generated dependencies of target mux[0m
[1.129s] [35m[1mConsolidate compiler generated dependencies of target delay_node[0m
[1.143s] [35m[1mConsolidate compiler generated dependencies of target test_mux[0m
[1.146s] [ 75%] Built target test_drop
[1.175s] [ 83%] Built target delay_node
[1.186s] [ 89%] Built target mux
[1.193s] [ 94%] Built target test_mux
[1.206s] [35m[1mConsolidate compiler generated dependencies of target delay[0m
[1.238s] [100%] Built target delay
[1.353s] running install_scripts
[1.357s] /usr/lib/python3/dist-packages/setuptools/command/install.py:34: SetuptoolsDeprecationWarning: setup.py install is deprecated. Use build and pip and other standards-based tools.
[1.357s]   warnings.warn(
[1.384s] running egg_info
[1.385s] writing topic_tools.egg-info/PKG-INFO
[1.386s] writing dependency_links to topic_tools.egg-info/dependency_links.txt
[1.386s] writing entry points to topic_tools.egg-info/entry_points.txt
[1.387s] writing top-level names to topic_tools.egg-info/top_level.txt
[1.388s] reading manifest file 'topic_tools.egg-info/SOURCES.txt'
[1.389s] writing manifest file 'topic_tools.egg-info/SOURCES.txt'
[1.391s] Installing relay_field script to scripts
[1.391s] Installing transform script to scripts
[1.409s] running egg_info
[1.411s] writing topic_tools.egg-info/PKG-INFO
[1.411s] writing dependency_links to topic_tools.egg-info/dependency_links.txt
[1.411s] writing entry points to topic_tools.egg-info/entry_points.txt
[1.412s] writing top-level names to topic_tools.egg-info/top_level.txt
[1.416s] reading manifest file 'topic_tools.egg-info/SOURCES.txt'
[1.417s] writing manifest file 'topic_tools.egg-info/SOURCES.txt'
[1.427s] [100%] Built target ament_cmake_python_build_topic_tools_scripts
[1.447s] [100%] Built target ament_cmake_python_build_topic_tools_egg
[1.768s] Invoked command in '/home/g5/dd2419_ws/build/topic_tools' returned '0': CMAKE_PREFIX_PATH=/home/g5/dd2419_ws/install/topic_tools_interfaces:/home/g5/dd2419_ws/install/topic_tools:/home/g5/dd2419_ws/install/rplidar_ros:/home/g5/dd2419_ws/install/robp_phidgets_temperature:/home/g5/dd2419_ws/install/robp_phidgets_spatial:/home/g5/dd2419_ws/install/robp_phidgets_motors:/home/g5/dd2419_ws/install/robp_phidgets_encoders:/home/g5/dd2419_ws/install/robp_boot_camp_motors:/home/g5/dd2419_ws/install/robp_interfaces:/home/g5/dd2419_ws/install/robp_boot_camp_world:/home/g5/dd2419_ws/install/robp_boot_camp_distance_sensor:/home/g5/dd2419_ws/install/robp_boot_camp_interfaces:/home/g5/dd2419_ws/install/micro_ros_setup:/home/g5/dd2419_ws/install/micro_ros_agent:/home/g5/dd2419_ws/install/micro_ros_msgs:/home/g5/dd2419_ws/install/kobuki_softnode:/home/g5/dd2419_ws/install/robp_launch:/home/g5/dd2419_ws/install/robp_boot_camp_launch:/home/g5/dd2419_ws/install/odometry:/home/g5/dd2419_ws/install/controller:/home/g5/dd2419_ws/install/control:/home/g5/dd2419_ws/install/arm:/home/g5/dd2419_ws/install/planning:/home/g5/dd2419_ws/install/kobuki_description:/home/g5/dd2419_ws/install/display_markers:/home/g5/dd2419_ws/install/detection:/home/g5/dd2419_ws/install/arm_servos_pubs_subs:/opt/ros/humble LD_LIBRARY_PATH=/home/g5/dd2419_ws/install/topic_tools_interfaces/lib:/home/g5/dd2419_ws/install/topic_tools/lib:/home/g5/dd2419_ws/install/rplidar_ros/lib:/home/g5/dd2419_ws/install/robp_phidgets_temperature/lib:/home/g5/dd2419_ws/install/robp_phidgets_spatial/lib:/home/g5/dd2419_ws/install/robp_phidgets_motors/lib:/home/g5/dd2419_ws/install/robp_phidgets_encoders/lib:/home/g5/dd2419_ws/install/robp_interfaces/lib:/home/g5/dd2419_ws/install/robp_boot_camp_interfaces/lib:/home/g5/dd2419_ws/install/micro_ros_agent/lib:/home/g5/dd2419_ws/install/micro_ros_msgs/lib:/opt/ros/humble/opt/rviz_ogre_vendor/lib:/opt/ros/humble/lib/x86_64-linux-gnu:/opt/ros/humble/opt/libphidget22/lib:/opt/ros/humble/lib /usr/bin/cmake --build /home/g5/dd2419_ws/build/topic_tools -- -j8 -l8
[2.723s] Invoking command in '/home/g5/dd2419_ws/build/topic_tools': CMAKE_PREFIX_PATH=/home/g5/dd2419_ws/install/topic_tools_interfaces:/home/g5/dd2419_ws/install/topic_tools:/home/g5/dd2419_ws/install/rplidar_ros:/home/g5/dd2419_ws/install/robp_phidgets_temperature:/home/g5/dd2419_ws/install/robp_phidgets_spatial:/home/g5/dd2419_ws/install/robp_phidgets_motors:/home/g5/dd2419_ws/install/robp_phidgets_encoders:/home/g5/dd2419_ws/install/robp_boot_camp_motors:/home/g5/dd2419_ws/install/robp_interfaces:/home/g5/dd2419_ws/install/robp_boot_camp_world:/home/g5/dd2419_ws/install/robp_boot_camp_distance_sensor:/home/g5/dd2419_ws/install/robp_boot_camp_interfaces:/home/g5/dd2419_ws/install/micro_ros_setup:/home/g5/dd2419_ws/install/micro_ros_agent:/home/g5/dd2419_ws/install/micro_ros_msgs:/home/g5/dd2419_ws/install/kobuki_softnode:/home/g5/dd2419_ws/install/robp_launch:/home/g5/dd2419_ws/install/robp_boot_camp_launch:/home/g5/dd2419_ws/install/odometry:/home/g5/dd2419_ws/install/controller:/home/g5/dd2419_ws/install/control:/home/g5/dd2419_ws/install/arm:/home/g5/dd2419_ws/install/planning:/home/g5/dd2419_ws/install/kobuki_description:/home/g5/dd2419_ws/install/display_markers:/home/g5/dd2419_ws/install/detection:/home/g5/dd2419_ws/install/arm_servos_pubs_subs:/opt/ros/humble LD_LIBRARY_PATH=/home/g5/dd2419_ws/install/topic_tools_interfaces/lib:/home/g5/dd2419_ws/install/topic_tools/lib:/home/g5/dd2419_ws/install/rplidar_ros/lib:/home/g5/dd2419_ws/install/robp_phidgets_temperature/lib:/home/g5/dd2419_ws/install/robp_phidgets_spatial/lib:/home/g5/dd2419_ws/install/robp_phidgets_motors/lib:/home/g5/dd2419_ws/install/robp_phidgets_encoders/lib:/home/g5/dd2419_ws/install/robp_interfaces/lib:/home/g5/dd2419_ws/install/robp_boot_camp_interfaces/lib:/home/g5/dd2419_ws/install/micro_ros_agent/lib:/home/g5/dd2419_ws/install/micro_ros_msgs/lib:/opt/ros/humble/opt/rviz_ogre_vendor/lib:/opt/ros/humble/lib/x86_64-linux-gnu:/opt/ros/humble/opt/libphidget22/lib:/opt/ros/humble/lib /usr/bin/cmake --install /home/g5/dd2419_ws/build/topic_tools
[2.732s] -- Install configuration: ""
[2.732s] -- Execute custom install script
[2.732s] -- Up-to-date symlink: /home/g5/dd2419_ws/install/topic_tools/share/topic_tools/environment/pythonpath.sh
[2.733s] -- Up-to-date symlink: /home/g5/dd2419_ws/install/topic_tools/share/topic_tools/environment/pythonpath.dsv
[2.733s] -- Up-to-date symlink: /home/g5/dd2419_ws/install/topic_tools/local/lib/python3.10/dist-packages/topic_tools-1.3.0-py3.10.egg-info/PKG-INFO
[2.733s] -- Up-to-date symlink: /home/g5/dd2419_ws/install/topic_tools/local/lib/python3.10/dist-packages/topic_tools-1.3.0-py3.10.egg-info/SOURCES.txt
[2.733s] -- Up-to-date symlink: /home/g5/dd2419_ws/install/topic_tools/local/lib/python3.10/dist-packages/topic_tools-1.3.0-py3.10.egg-info/dependency_links.txt
[2.733s] -- Up-to-date symlink: /home/g5/dd2419_ws/install/topic_tools/local/lib/python3.10/dist-packages/topic_tools-1.3.0-py3.10.egg-info/entry_points.txt
[2.734s] -- Up-to-date symlink: /home/g5/dd2419_ws/install/topic_tools/local/lib/python3.10/dist-packages/topic_tools-1.3.0-py3.10.egg-info/top_level.txt
[2.734s] -- Up-to-date symlink: /home/g5/dd2419_ws/install/topic_tools/lib/topic_tools//relay_field
[2.734s] -- Up-to-date symlink: /home/g5/dd2419_ws/install/topic_tools/lib/topic_tools//transform
[2.734s] -- Up-to-date symlink: /home/g5/dd2419_ws/install/topic_tools/local/lib/python3.10/dist-packages/topic_tools/__init__.py
[2.734s] -- Up-to-date symlink: /home/g5/dd2419_ws/install/topic_tools/local/lib/python3.10/dist-packages/topic_tools/relay_field.py
[2.735s] -- Up-to-date symlink: /home/g5/dd2419_ws/install/topic_tools/local/lib/python3.10/dist-packages/topic_tools/setup.cfg
[2.735s] -- Up-to-date symlink: /home/g5/dd2419_ws/install/topic_tools/local/lib/python3.10/dist-packages/topic_tools/transform.py
[2.735s] -- Up-to-date symlink: /home/g5/dd2419_ws/install/topic_tools/include/topic_tools/delay_node.hpp
[2.735s] -- Up-to-date symlink: /home/g5/dd2419_ws/install/topic_tools/include/topic_tools/drop_node.hpp
[2.735s] -- Up-to-date symlink: /home/g5/dd2419_ws/install/topic_tools/include/topic_tools/mux_node.hpp
[2.735s] -- Up-to-date symlink: /home/g5/dd2419_ws/install/topic_tools/include/topic_tools/relay_node.hpp
[2.736s] -- Up-to-date symlink: /home/g5/dd2419_ws/install/topic_tools/include/topic_tools/throttle_node.hpp
[2.736s] -- Up-to-date symlink: /home/g5/dd2419_ws/install/topic_tools/include/topic_tools/tool_base_node.hpp
[2.736s] -- Up-to-date symlink: /home/g5/dd2419_ws/install/topic_tools/include/topic_tools/visibility_control.h
[2.736s] -- Up-to-date symlink: /home/g5/dd2419_ws/install/topic_tools/share/topic_tools/environment/library_path.sh
[2.736s] -- Up-to-date symlink: /home/g5/dd2419_ws/install/topic_tools/share/topic_tools/environment/library_path.dsv
[2.736s] -- Up-to-date symlink: /home/g5/dd2419_ws/install/topic_tools/lib/librelay_node.so
[2.736s] -- Up-to-date symlink: /home/g5/dd2419_ws/install/topic_tools/lib/libthrottle_node.so
[2.737s] -- Up-to-date symlink: /home/g5/dd2419_ws/install/topic_tools/lib/libdrop_node.so
[2.737s] -- Up-to-date symlink: /home/g5/dd2419_ws/install/topic_tools/lib/libmux_node.so
[2.737s] -- Up-to-date symlink: /home/g5/dd2419_ws/install/topic_tools/lib/libdelay_node.so
[2.737s] -- Up-to-date symlink: /home/g5/dd2419_ws/install/topic_tools/lib/topic_tools/relay
[2.737s] -- Up-to-date symlink: /home/g5/dd2419_ws/install/topic_tools/lib/topic_tools/throttle
[2.737s] -- Up-to-date symlink: /home/g5/dd2419_ws/install/topic_tools/lib/topic_tools/drop
[2.738s] -- Up-to-date symlink: /home/g5/dd2419_ws/install/topic_tools/lib/topic_tools/mux
[2.738s] -- Up-to-date symlink: /home/g5/dd2419_ws/install/topic_tools/lib/topic_tools/delay
[2.738s] -- Up-to-date symlink: /home/g5/dd2419_ws/install/topic_tools/share/topic_tools/launch/relay.launch
[2.738s] -- Up-to-date symlink: /home/g5/dd2419_ws/install/topic_tools/share/ament_index/resource_index/package_run_dependencies/topic_tools
[2.738s] -- Up-to-date symlink: /home/g5/dd2419_ws/install/topic_tools/share/ament_index/resource_index/parent_prefix_path/topic_tools
[2.739s] -- Up-to-date symlink: /home/g5/dd2419_ws/install/topic_tools/share/topic_tools/environment/ament_prefix_path.sh
[2.739s] -- Up-to-date symlink: /home/g5/dd2419_ws/install/topic_tools/share/topic_tools/environment/ament_prefix_path.dsv
[2.739s] -- Up-to-date symlink: /home/g5/dd2419_ws/install/topic_tools/share/topic_tools/environment/path.sh
[2.739s] -- Up-to-date symlink: /home/g5/dd2419_ws/install/topic_tools/share/topic_tools/environment/path.dsv
[2.739s] -- Up-to-date symlink: /home/g5/dd2419_ws/install/topic_tools/share/topic_tools/local_setup.bash
[2.739s] -- Up-to-date symlink: /home/g5/dd2419_ws/install/topic_tools/share/topic_tools/local_setup.sh
[2.739s] -- Up-to-date symlink: /home/g5/dd2419_ws/install/topic_tools/share/topic_tools/local_setup.zsh
[2.740s] -- Up-to-date symlink: /home/g5/dd2419_ws/install/topic_tools/share/topic_tools/local_setup.dsv
[2.740s] -- Symlinking: /home/g5/dd2419_ws/install/topic_tools/share/topic_tools/package.dsv
[2.751s] -- Up-to-date symlink: /home/g5/dd2419_ws/install/topic_tools/share/ament_index/resource_index/packages/topic_tools
[2.751s] -- Up-to-date symlink: /home/g5/dd2419_ws/install/topic_tools/share/ament_index/resource_index/rclcpp_components/topic_tools
[2.751s] -- Up-to-date symlink: /home/g5/dd2419_ws/install/topic_tools/share/topic_tools/cmake/ament_cmake_export_dependencies-extras.cmake
[2.751s] -- Up-to-date symlink: /home/g5/dd2419_ws/install/topic_tools/share/topic_tools/cmake/ament_cmake_export_include_directories-extras.cmake
[2.751s] -- Up-to-date symlink: /home/g5/dd2419_ws/install/topic_tools/share/topic_tools/cmake/ament_cmake_export_libraries-extras.cmake
[2.752s] -- Up-to-date symlink: /home/g5/dd2419_ws/install/topic_tools/share/topic_tools/cmake/topic_toolsConfig.cmake
[2.752s] -- Up-to-date symlink: /home/g5/dd2419_ws/install/topic_tools/share/topic_tools/cmake/topic_toolsConfig-version.cmake
[2.752s] -- Up-to-date symlink: /home/g5/dd2419_ws/install/topic_tools/share/topic_tools/package.xml
[2.803s] Listing '/home/g5/dd2419_ws/install/topic_tools/local/lib/python3.10/dist-packages/topic_tools'...
[2.810s] Invoked command in '/home/g5/dd2419_ws/build/topic_tools' returned '0': CMAKE_PREFIX_PATH=/home/g5/dd2419_ws/install/topic_tools_interfaces:/home/g5/dd2419_ws/install/topic_tools:/home/g5/dd2419_ws/install/rplidar_ros:/home/g5/dd2419_ws/install/robp_phidgets_temperature:/home/g5/dd2419_ws/install/robp_phidgets_spatial:/home/g5/dd2419_ws/install/robp_phidgets_motors:/home/g5/dd2419_ws/install/robp_phidgets_encoders:/home/g5/dd2419_ws/install/robp_boot_camp_motors:/home/g5/dd2419_ws/install/robp_interfaces:/home/g5/dd2419_ws/install/robp_boot_camp_world:/home/g5/dd2419_ws/install/robp_boot_camp_distance_sensor:/home/g5/dd2419_ws/install/robp_boot_camp_interfaces:/home/g5/dd2419_ws/install/micro_ros_setup:/home/g5/dd2419_ws/install/micro_ros_agent:/home/g5/dd2419_ws/install/micro_ros_msgs:/home/g5/dd2419_ws/install/kobuki_softnode:/home/g5/dd2419_ws/install/robp_launch:/home/g5/dd2419_ws/install/robp_boot_camp_launch:/home/g5/dd2419_ws/install/odometry:/home/g5/dd2419_ws/install/controller:/home/g5/dd2419_ws/install/control:/home/g5/dd2419_ws/install/arm:/home/g5/dd2419_ws/install/planning:/home/g5/dd2419_ws/install/kobuki_description:/home/g5/dd2419_ws/install/display_markers:/home/g5/dd2419_ws/install/detection:/home/g5/dd2419_ws/install/arm_servos_pubs_subs:/opt/ros/humble LD_LIBRARY_PATH=/home/g5/dd2419_ws/install/topic_tools_interfaces/lib:/home/g5/dd2419_ws/install/topic_tools/lib:/home/g5/dd2419_ws/install/rplidar_ros/lib:/home/g5/dd2419_ws/install/robp_phidgets_temperature/lib:/home/g5/dd2419_ws/install/robp_phidgets_spatial/lib:/home/g5/dd2419_ws/install/robp_phidgets_motors/lib:/home/g5/dd2419_ws/install/robp_phidgets_encoders/lib:/home/g5/dd2419_ws/install/robp_interfaces/lib:/home/g5/dd2419_ws/install/robp_boot_camp_interfaces/lib:/home/g5/dd2419_ws/install/micro_ros_agent/lib:/home/g5/dd2419_ws/install/micro_ros_msgs/lib:/opt/ros/humble/opt/rviz_ogre_vendor/lib:/opt/ros/humble/lib/x86_64-linux-gnu:/opt/ros/humble/opt/libphidget22/lib:/opt/ros/humble/lib /usr/bin/cmake --install /home/g5/dd2419_ws/build/topic_tools
