[0.534s] Invoking command in '/home/g5/dd2419_ws/build/kobuki_softnode': CMAKE_PREFIX_PATH=${CMAKE_PREFIX_PATH}:/home/g5/dd2419_ws/install/robp_launch:/home/g5/dd2419_ws/install/robp_boot_camp_launch:/home/g5/dd2419_ws/install/odometry:/home/g5/dd2419_ws/install/controller:/home/g5/dd2419_ws/install/control:/home/g5/dd2419_ws/install/arm:/home/g5/dd2419_ws/install/planning:/home/g5/dd2419_ws/install/kobuki_description:/home/g5/dd2419_ws/install/display_markers:/home/g5/dd2419_ws/install/detection:/home/g5/dd2419_ws/install/arm_servos_pubs_subs:/opt/ros/humble /usr/bin/cmake --build /home/g5/dd2419_ws/build/kobuki_softnode -- -j8 -l8
[0.640s] [35m[1mConsolidate compiler generated dependencies of target fake_kobuki[0m
[0.752s] [100%] Built target fake_kobuki
[0.817s] Invoked command in '/home/g5/dd2419_ws/build/kobuki_softnode' returned '0': CMAKE_PREFIX_PATH=${CMAKE_PREFIX_PATH}:/home/g5/dd2419_ws/install/robp_launch:/home/g5/dd2419_ws/install/robp_boot_camp_launch:/home/g5/dd2419_ws/install/odometry:/home/g5/dd2419_ws/install/controller:/home/g5/dd2419_ws/install/control:/home/g5/dd2419_ws/install/arm:/home/g5/dd2419_ws/install/planning:/home/g5/dd2419_ws/install/kobuki_description:/home/g5/dd2419_ws/install/display_markers:/home/g5/dd2419_ws/install/detection:/home/g5/dd2419_ws/install/arm_servos_pubs_subs:/opt/ros/humble /usr/bin/cmake --build /home/g5/dd2419_ws/build/kobuki_softnode -- -j8 -l8
[1.001s] Invoking command in '/home/g5/dd2419_ws/build/kobuki_softnode': CMAKE_PREFIX_PATH=${CMAKE_PREFIX_PATH}:/home/g5/dd2419_ws/install/robp_launch:/home/g5/dd2419_ws/install/robp_boot_camp_launch:/home/g5/dd2419_ws/install/odometry:/home/g5/dd2419_ws/install/controller:/home/g5/dd2419_ws/install/control:/home/g5/dd2419_ws/install/arm:/home/g5/dd2419_ws/install/planning:/home/g5/dd2419_ws/install/kobuki_description:/home/g5/dd2419_ws/install/display_markers:/home/g5/dd2419_ws/install/detection:/home/g5/dd2419_ws/install/arm_servos_pubs_subs:/opt/ros/humble /usr/bin/cmake --install /home/g5/dd2419_ws/build/kobuki_softnode
[1.027s] -- Install configuration: ""
[1.027s] -- Execute custom install script
[1.027s] -- Up-to-date symlink: /home/g5/dd2419_ws/install/kobuki_softnode/lib/kobuki_softnode/fake_kobuki
[1.027s] -- Up-to-date symlink: /home/g5/dd2419_ws/install/kobuki_softnode/share/kobuki_softnode//launch/full_launch.xml
[1.027s] -- Up-to-date symlink: /home/g5/dd2419_ws/install/kobuki_softnode/share/kobuki_softnode//param/base.yaml
[1.027s] -- Up-to-date symlink: /home/g5/dd2419_ws/install/kobuki_softnode/share/kobuki_softnode//param/cmd_vel_mux_minimal.yaml
[1.027s] -- Up-to-date symlink: /home/g5/dd2419_ws/install/kobuki_softnode/share/kobuki_softnode//param/cmd_vel_mux_safe.yaml
[1.027s] -- Up-to-date symlink: /home/g5/dd2419_ws/install/kobuki_softnode/share/kobuki_softnode//param/diagnostics.yaml
[1.028s] -- Up-to-date symlink: /home/g5/dd2419_ws/install/kobuki_softnode/share/kobuki_softnode//param/webop_mux.yaml
[1.028s] -- Up-to-date symlink: /home/g5/dd2419_ws/install/kobuki_softnode/share/ament_index/resource_index/package_run_dependencies/kobuki_softnode
[1.028s] -- Up-to-date symlink: /home/g5/dd2419_ws/install/kobuki_softnode/share/ament_index/resource_index/parent_prefix_path/kobuki_softnode
[1.028s] -- Up-to-date symlink: /home/g5/dd2419_ws/install/kobuki_softnode/share/kobuki_softnode/environment/ament_prefix_path.sh
[1.028s] -- Up-to-date symlink: /home/g5/dd2419_ws/install/kobuki_softnode/share/kobuki_softnode/environment/ament_prefix_path.dsv
[1.028s] -- Up-to-date symlink: /home/g5/dd2419_ws/install/kobuki_softnode/share/kobuki_softnode/environment/path.sh
[1.028s] -- Up-to-date symlink: /home/g5/dd2419_ws/install/kobuki_softnode/share/kobuki_softnode/environment/path.dsv
[1.028s] -- Up-to-date symlink: /home/g5/dd2419_ws/install/kobuki_softnode/share/kobuki_softnode/local_setup.bash
[1.028s] -- Up-to-date symlink: /home/g5/dd2419_ws/install/kobuki_softnode/share/kobuki_softnode/local_setup.sh
[1.029s] -- Up-to-date symlink: /home/g5/dd2419_ws/install/kobuki_softnode/share/kobuki_softnode/local_setup.zsh
[1.029s] -- Up-to-date symlink: /home/g5/dd2419_ws/install/kobuki_softnode/share/kobuki_softnode/local_setup.dsv
[1.029s] -- Symlinking: /home/g5/dd2419_ws/install/kobuki_softnode/share/kobuki_softnode/package.dsv
[1.043s] -- Up-to-date symlink: /home/g5/dd2419_ws/install/kobuki_softnode/share/ament_index/resource_index/packages/kobuki_softnode
[1.044s] -- Up-to-date symlink: /home/g5/dd2419_ws/install/kobuki_softnode/share/kobuki_softnode/cmake/kobuki_softnodeConfig.cmake
[1.044s] -- Up-to-date symlink: /home/g5/dd2419_ws/install/kobuki_softnode/share/kobuki_softnode/cmake/kobuki_softnodeConfig-version.cmake
[1.044s] -- Up-to-date symlink: /home/g5/dd2419_ws/install/kobuki_softnode/share/kobuki_softnode/package.xml
[1.213s] Invoked command in '/home/g5/dd2419_ws/build/kobuki_softnode' returned '0': CMAKE_PREFIX_PATH=${CMAKE_PREFIX_PATH}:/home/g5/dd2419_ws/install/robp_launch:/home/g5/dd2419_ws/install/robp_boot_camp_launch:/home/g5/dd2419_ws/install/odometry:/home/g5/dd2419_ws/install/controller:/home/g5/dd2419_ws/install/control:/home/g5/dd2419_ws/install/arm:/home/g5/dd2419_ws/install/planning:/home/g5/dd2419_ws/install/kobuki_description:/home/g5/dd2419_ws/install/display_markers:/home/g5/dd2419_ws/install/detection:/home/g5/dd2419_ws/install/arm_servos_pubs_subs:/opt/ros/humble /usr/bin/cmake --install /home/g5/dd2419_ws/build/kobuki_softnode
