running develop
/usr/lib/python3/dist-packages/setuptools/command/easy_install.py:158: EasyInstallDeprecationWarning: easy_install command is deprecated. Use build and pip and other standards-based tools.
  warnings.warn(
/usr/lib/python3/dist-packages/setuptools/command/install.py:34: SetuptoolsDeprecationWarning: setup.py install is deprecated. Use build and pip and other standards-based tools.
  warnings.warn(
running egg_info
writing control.egg-info/PKG-INFO
writing dependency_links to control.egg-info/dependency_links.txt
writing entry points to control.egg-info/entry_points.txt
writing requirements to control.egg-info/requires.txt
writing top-level names to control.egg-info/top_level.txt
reading manifest file 'control.egg-info/SOURCES.txt'
writing manifest file 'control.egg-info/SOURCES.txt'
running build_ext
Creating /home/g5/dd2419_ws/install/control/lib/python3.10/site-packages/control.egg-link (link to .)
Installing arm_controller script to /home/g5/dd2419_ws/install/control/lib/control
Installing remote_controller script to /home/g5/dd2419_ws/install/control/lib/control
Installing wheel_controller script to /home/g5/dd2419_ws/install/control/lib/control

Installed /home/g5/dd2419_ws/build/control
running install_data
