[3.461s] Invoking command in '/home/g5/dd2419_ws/build/control': CMAKE_PREFIX_PATH=/home/g5/dd2419_ws/install/robp_interfaces:/home/g5/dd2419_ws/install/topic_tools:/home/g5/dd2419_ws/install/topic_tools_interfaces:/home/g5/dd2419_ws/install/rplidar_ros:/home/g5/dd2419_ws/install/robp_phidgets_temperature:/home/g5/dd2419_ws/install/robp_phidgets_spatial:/home/g5/dd2419_ws/install/robp_phidgets_motors:/home/g5/dd2419_ws/install/robp_phidgets_encoders:/home/g5/dd2419_ws/install/robp_boot_camp_motors:/home/g5/dd2419_ws/install/robp_boot_camp_world:/home/g5/dd2419_ws/install/robp_boot_camp_distance_sensor:/home/g5/dd2419_ws/install/robp_boot_camp_interfaces:/home/g5/dd2419_ws/install/micro_ros_setup:/home/g5/dd2419_ws/install/micro_ros_agent:/home/g5/dd2419_ws/install/micro_ros_msgs:/home/g5/dd2419_ws/install/kobuki_softnode LD_LIBRARY_PATH=/home/g5/dd2419_ws/install/robp_interfaces/lib:/home/g5/dd2419_ws/install/topic_tools/lib:/home/g5/dd2419_ws/install/topic_tools_interfaces/lib:/home/g5/dd2419_ws/install/rplidar_ros/lib:/home/g5/dd2419_ws/install/robp_phidgets_temperature/lib:/home/g5/dd2419_ws/install/robp_phidgets_spatial/lib:/home/g5/dd2419_ws/install/robp_phidgets_motors/lib:/home/g5/dd2419_ws/install/robp_phidgets_encoders/lib:/home/g5/dd2419_ws/install/robp_boot_camp_interfaces/lib:/home/g5/dd2419_ws/install/micro_ros_agent/lib:/home/g5/dd2419_ws/install/micro_ros_msgs/lib:/opt/ros/humble/opt/rviz_ogre_vendor/lib:/opt/ros/humble/lib/x86_64-linux-gnu:/opt/ros/humble/opt/libphidget22/lib:/opt/ros/humble/lib PYTHONPATH=/home/g5/dd2419_ws/build/control/prefix_override:/home/g5/dd2419_ws/install/control/lib/python3.10/site-packages:${PYTHONPATH} /usr/bin/python3 setup.py develop --editable --build-directory /home/g5/dd2419_ws/build/control/build --no-deps install_data
[3.835s] running develop
[3.835s] /usr/lib/python3/dist-packages/setuptools/command/easy_install.py:158: EasyInstallDeprecationWarning: easy_install command is deprecated. Use build and pip and other standards-based tools.
[3.836s]   warnings.warn(
[3.838s] /usr/lib/python3/dist-packages/setuptools/command/install.py:34: SetuptoolsDeprecationWarning: setup.py install is deprecated. Use build and pip and other standards-based tools.
[3.838s]   warnings.warn(
[4.081s] running egg_info
[4.081s] writing control.egg-info/PKG-INFO
[4.082s] writing dependency_links to control.egg-info/dependency_links.txt
[4.082s] writing entry points to control.egg-info/entry_points.txt
[4.082s] writing requirements to control.egg-info/requires.txt
[4.082s] writing top-level names to control.egg-info/top_level.txt
[4.085s] reading manifest file 'control.egg-info/SOURCES.txt'
[4.085s] writing manifest file 'control.egg-info/SOURCES.txt'
[4.087s] running build_ext
[4.087s] Creating /home/g5/dd2419_ws/install/control/lib/python3.10/site-packages/control.egg-link (link to .)
[4.089s] Installing arm_controller script to /home/g5/dd2419_ws/install/control/lib/control
[4.089s] Installing remote_controller script to /home/g5/dd2419_ws/install/control/lib/control
[4.089s] Installing wheel_controller script to /home/g5/dd2419_ws/install/control/lib/control
[4.089s] 
[4.089s] Installed /home/g5/dd2419_ws/build/control
[4.089s] running install_data
[4.846s] Invoked command in '/home/g5/dd2419_ws/build/control' returned '0': CMAKE_PREFIX_PATH=/home/g5/dd2419_ws/install/robp_interfaces:/home/g5/dd2419_ws/install/topic_tools:/home/g5/dd2419_ws/install/topic_tools_interfaces:/home/g5/dd2419_ws/install/rplidar_ros:/home/g5/dd2419_ws/install/robp_phidgets_temperature:/home/g5/dd2419_ws/install/robp_phidgets_spatial:/home/g5/dd2419_ws/install/robp_phidgets_motors:/home/g5/dd2419_ws/install/robp_phidgets_encoders:/home/g5/dd2419_ws/install/robp_boot_camp_motors:/home/g5/dd2419_ws/install/robp_boot_camp_world:/home/g5/dd2419_ws/install/robp_boot_camp_distance_sensor:/home/g5/dd2419_ws/install/robp_boot_camp_interfaces:/home/g5/dd2419_ws/install/micro_ros_setup:/home/g5/dd2419_ws/install/micro_ros_agent:/home/g5/dd2419_ws/install/micro_ros_msgs:/home/g5/dd2419_ws/install/kobuki_softnode LD_LIBRARY_PATH=/home/g5/dd2419_ws/install/robp_interfaces/lib:/home/g5/dd2419_ws/install/topic_tools/lib:/home/g5/dd2419_ws/install/topic_tools_interfaces/lib:/home/g5/dd2419_ws/install/rplidar_ros/lib:/home/g5/dd2419_ws/install/robp_phidgets_temperature/lib:/home/g5/dd2419_ws/install/robp_phidgets_spatial/lib:/home/g5/dd2419_ws/install/robp_phidgets_motors/lib:/home/g5/dd2419_ws/install/robp_phidgets_encoders/lib:/home/g5/dd2419_ws/install/robp_boot_camp_interfaces/lib:/home/g5/dd2419_ws/install/micro_ros_agent/lib:/home/g5/dd2419_ws/install/micro_ros_msgs/lib:/opt/ros/humble/opt/rviz_ogre_vendor/lib:/opt/ros/humble/lib/x86_64-linux-gnu:/opt/ros/humble/opt/libphidget22/lib:/opt/ros/humble/lib PYTHONPATH=/home/g5/dd2419_ws/build/control/prefix_override:/home/g5/dd2419_ws/install/control/lib/python3.10/site-packages:${PYTHONPATH} /usr/bin/python3 setup.py develop --editable --build-directory /home/g5/dd2419_ws/build/control/build --no-deps install_data
