[3.987s] Invoking command in '/home/g5/dd2419_ws/build/planning': PYTHONPATH=/home/g5/dd2419_ws/build/planning/prefix_override:/home/g5/dd2419_ws/install/planning/lib/python3.10/site-packages:${PYTHONPATH} /usr/bin/python3 setup.py develop --editable --build-directory /home/g5/dd2419_ws/build/planning/build --no-deps install_data
[4.589s] running develop
[4.589s] /usr/lib/python3/dist-packages/setuptools/command/easy_install.py:158: EasyInstallDeprecationWarning: easy_install command is deprecated. Use build and pip and other standards-based tools.
[4.589s]   warnings.warn(
[4.593s] /usr/lib/python3/dist-packages/setuptools/command/install.py:34: SetuptoolsDeprecationWarning: setup.py install is deprecated. Use build and pip and other standards-based tools.
[4.593s]   warnings.warn(
[5.000s] running egg_info
[5.000s] writing planning.egg-info/PKG-INFO
[5.000s] writing dependency_links to planning.egg-info/dependency_links.txt
[5.001s] writing entry points to planning.egg-info/entry_points.txt
[5.001s] writing requirements to planning.egg-info/requires.txt
[5.001s] writing top-level names to planning.egg-info/top_level.txt
[5.005s] reading manifest file 'planning.egg-info/SOURCES.txt'
[5.006s] writing manifest file 'planning.egg-info/SOURCES.txt'
[5.010s] running build_ext
[5.010s] Creating /home/g5/dd2419_ws/install/planning/lib/python3.10/site-packages/planning.egg-link (link to .)
[5.011s] Installing planning script to /home/g5/dd2419_ws/install/planning/lib/planning
[5.012s] 
[5.012s] Installed /home/g5/dd2419_ws/build/planning
[5.012s] running install_data
[5.456s] Invoked command in '/home/g5/dd2419_ws/build/planning' returned '0': PYTHONPATH=/home/g5/dd2419_ws/build/planning/prefix_override:/home/g5/dd2419_ws/install/planning/lib/python3.10/site-packages:${PYTHONPATH} /usr/bin/python3 setup.py develop --editable --build-directory /home/g5/dd2419_ws/build/planning/build --no-deps install_data
