[2.285s] Invoking command in '/home/g5/dd2419_ws/build/control': CMAKE_PREFIX_PATH=/home/g5/dd2419_ws/install/robp_interfaces:/home/g5/dd2419_ws/install/topic_tools:/home/g5/dd2419_ws/install/topic_tools_interfaces:/home/g5/dd2419_ws/install/rplidar_ros:/home/g5/dd2419_ws/install/robp_phidgets_temperature:/home/g5/dd2419_ws/install/robp_phidgets_spatial:/home/g5/dd2419_ws/install/robp_phidgets_motors:/home/g5/dd2419_ws/install/robp_phidgets_encoders:/home/g5/dd2419_ws/install/robp_boot_camp_motors:/home/g5/dd2419_ws/install/robp_boot_camp_world:/home/g5/dd2419_ws/install/robp_boot_camp_distance_sensor:/home/g5/dd2419_ws/install/robp_boot_camp_interfaces:/home/g5/dd2419_ws/install/micro_ros_setup:/home/g5/dd2419_ws/install/micro_ros_agent:/home/g5/dd2419_ws/install/micro_ros_msgs:/home/g5/dd2419_ws/install/kobuki_softnode LD_LIBRARY_PATH=/home/g5/dd2419_ws/install/robp_interfaces/lib:/home/g5/dd2419_ws/install/topic_tools/lib:/home/g5/dd2419_ws/install/topic_tools_interfaces/lib:/home/g5/dd2419_ws/install/rplidar_ros/lib:/home/g5/dd2419_ws/install/robp_phidgets_temperature/lib:/home/g5/dd2419_ws/install/robp_phidgets_spatial/lib:/home/g5/dd2419_ws/install/robp_phidgets_motors/lib:/home/g5/dd2419_ws/install/robp_phidgets_encoders/lib:/home/g5/dd2419_ws/install/robp_boot_camp_interfaces/lib:/home/g5/dd2419_ws/install/micro_ros_agent/lib:/home/g5/dd2419_ws/install/micro_ros_msgs/lib:/opt/ros/humble/opt/rviz_ogre_vendor/lib:/opt/ros/humble/lib/x86_64-linux-gnu:/opt/ros/humble/opt/libphidget22/lib:/opt/ros/humble/lib PYTHONPATH=/home/g5/dd2419_ws/build/control/prefix_override:/home/g5/dd2419_ws/install/control/lib/python3.10/site-packages:${PYTHONPATH} /usr/bin/python3 setup.py develop --editable --build-directory /home/g5/dd2419_ws/build/control/build --no-deps install_data
[2.926s] running develop
[2.927s] /usr/lib/python3/dist-packages/setuptools/command/easy_install.py:158: EasyInstallDeprecationWarning: easy_install command is deprecated. Use build and pip and other standards-based tools.
[2.927s]   warnings.warn(
[2.931s] /usr/lib/python3/dist-packages/setuptools/command/install.py:34: SetuptoolsDeprecationWarning: setup.py install is deprecated. Use build and pip and other standards-based tools.
[2.931s]   warnings.warn(
[3.447s] running egg_info
[3.448s] creating control.egg-info
[3.448s] writing control.egg-info/PKG-INFO
[3.448s] writing dependency_links to control.egg-info/dependency_links.txt
[3.448s] writing entry points to control.egg-info/entry_points.txt
[3.448s] writing requirements to control.egg-info/requires.txt
[3.448s] writing top-level names to control.egg-info/top_level.txt
[3.449s] writing manifest file 'control.egg-info/SOURCES.txt'
[3.453s] reading manifest file 'control.egg-info/SOURCES.txt'
[3.457s] writing manifest file 'control.egg-info/SOURCES.txt'
[3.460s] running build_ext
[3.460s] Creating /home/g5/dd2419_ws/install/control/lib/python3.10/site-packages/control.egg-link (link to .)
[3.462s] Installing arm_controller script to /home/g5/dd2419_ws/install/control/lib/control
[3.462s] Installing remote_controller script to /home/g5/dd2419_ws/install/control/lib/control
[3.463s] Installing wheel_controller script to /home/g5/dd2419_ws/install/control/lib/control
[3.464s] 
[3.465s] Installed /home/g5/dd2419_ws/build/control
[3.465s] running install_data
[3.465s] creating /home/g5/dd2419_ws/install/control/share/ament_index
[3.466s] creating /home/g5/dd2419_ws/install/control/share/ament_index/resource_index
[3.466s] creating /home/g5/dd2419_ws/install/control/share/ament_index/resource_index/packages
[3.466s] copying resource/control -> /home/g5/dd2419_ws/install/control/share/ament_index/resource_index/packages
[3.467s] copying package.xml -> /home/g5/dd2419_ws/install/control/share/control
[4.209s] Invoked command in '/home/g5/dd2419_ws/build/control' returned '0': CMAKE_PREFIX_PATH=/home/g5/dd2419_ws/install/robp_interfaces:/home/g5/dd2419_ws/install/topic_tools:/home/g5/dd2419_ws/install/topic_tools_interfaces:/home/g5/dd2419_ws/install/rplidar_ros:/home/g5/dd2419_ws/install/robp_phidgets_temperature:/home/g5/dd2419_ws/install/robp_phidgets_spatial:/home/g5/dd2419_ws/install/robp_phidgets_motors:/home/g5/dd2419_ws/install/robp_phidgets_encoders:/home/g5/dd2419_ws/install/robp_boot_camp_motors:/home/g5/dd2419_ws/install/robp_boot_camp_world:/home/g5/dd2419_ws/install/robp_boot_camp_distance_sensor:/home/g5/dd2419_ws/install/robp_boot_camp_interfaces:/home/g5/dd2419_ws/install/micro_ros_setup:/home/g5/dd2419_ws/install/micro_ros_agent:/home/g5/dd2419_ws/install/micro_ros_msgs:/home/g5/dd2419_ws/install/kobuki_softnode LD_LIBRARY_PATH=/home/g5/dd2419_ws/install/robp_interfaces/lib:/home/g5/dd2419_ws/install/topic_tools/lib:/home/g5/dd2419_ws/install/topic_tools_interfaces/lib:/home/g5/dd2419_ws/install/rplidar_ros/lib:/home/g5/dd2419_ws/install/robp_phidgets_temperature/lib:/home/g5/dd2419_ws/install/robp_phidgets_spatial/lib:/home/g5/dd2419_ws/install/robp_phidgets_motors/lib:/home/g5/dd2419_ws/install/robp_phidgets_encoders/lib:/home/g5/dd2419_ws/install/robp_boot_camp_interfaces/lib:/home/g5/dd2419_ws/install/micro_ros_agent/lib:/home/g5/dd2419_ws/install/micro_ros_msgs/lib:/opt/ros/humble/opt/rviz_ogre_vendor/lib:/opt/ros/humble/lib/x86_64-linux-gnu:/opt/ros/humble/opt/libphidget22/lib:/opt/ros/humble/lib PYTHONPATH=/home/g5/dd2419_ws/build/control/prefix_override:/home/g5/dd2419_ws/install/control/lib/python3.10/site-packages:${PYTHONPATH} /usr/bin/python3 setup.py develop --editable --build-directory /home/g5/dd2419_ws/build/control/build --no-deps install_data
