[  0%] Built target copy_kobuki_motors_lib
[35m[1mConsolidate compiler generated dependencies of target motors[0m
[100%] Built target motors
-- Install configuration: ""
-- Execute custom install script
-- Up-to-date symlink: /home/g5/dd2419_ws/install/robp_boot_camp_motors/lib/robp_boot_camp_motors/motors
-- Up-to-date symlink: /home/g5/dd2419_ws/install/robp_boot_camp_motors/share/ament_index/resource_index/package_run_dependencies/robp_boot_camp_motors
-- Up-to-date symlink: /home/g5/dd2419_ws/install/robp_boot_camp_motors/share/ament_index/resource_index/parent_prefix_path/robp_boot_camp_motors
-- Up-to-date symlink: /home/g5/dd2419_ws/install/robp_boot_camp_motors/share/robp_boot_camp_motors/environment/ament_prefix_path.sh
-- Up-to-date symlink: /home/g5/dd2419_ws/install/robp_boot_camp_motors/share/robp_boot_camp_motors/environment/ament_prefix_path.dsv
-- Up-to-date symlink: /home/g5/dd2419_ws/install/robp_boot_camp_motors/share/robp_boot_camp_motors/environment/path.sh
-- Up-to-date symlink: /home/g5/dd2419_ws/install/robp_boot_camp_motors/share/robp_boot_camp_motors/environment/path.dsv
-- Up-to-date symlink: /home/g5/dd2419_ws/install/robp_boot_camp_motors/share/robp_boot_camp_motors/local_setup.bash
-- Up-to-date symlink: /home/g5/dd2419_ws/install/robp_boot_camp_motors/share/robp_boot_camp_motors/local_setup.sh
-- Up-to-date symlink: /home/g5/dd2419_ws/install/robp_boot_camp_motors/share/robp_boot_camp_motors/local_setup.zsh
-- Up-to-date symlink: /home/g5/dd2419_ws/install/robp_boot_camp_motors/share/robp_boot_camp_motors/local_setup.dsv
-- Symlinking: /home/g5/dd2419_ws/install/robp_boot_camp_motors/share/robp_boot_camp_motors/package.dsv
-- Up-to-date symlink: /home/g5/dd2419_ws/install/robp_boot_camp_motors/share/ament_index/resource_index/packages/robp_boot_camp_motors
-- Up-to-date symlink: /home/g5/dd2419_ws/install/robp_boot_camp_motors/share/robp_boot_camp_motors/cmake/robp_boot_camp_motorsConfig.cmake
-- Up-to-date symlink: /home/g5/dd2419_ws/install/robp_boot_camp_motors/share/robp_boot_camp_motors/cmake/robp_boot_camp_motorsConfig-version.cmake
-- Up-to-date symlink: /home/g5/dd2419_ws/install/robp_boot_camp_motors/share/robp_boot_camp_motors/package.xml
-- Up-to-date: /home/g5/dd2419_ws/install/robp_boot_camp_motors/lib/robp_boot_camp_motors/libkobuki_motors.so
