[0.594s] Invoking command in '/home/g5/dd2419_ws/build/robp_boot_camp_interfaces': CMAKE_PREFIX_PATH=${CMAKE_PREFIX_PATH}:/home/g5/dd2419_ws/install/robp_launch:/home/g5/dd2419_ws/install/robp_boot_camp_launch:/home/g5/dd2419_ws/install/odometry:/home/g5/dd2419_ws/install/controller:/home/g5/dd2419_ws/install/control:/home/g5/dd2419_ws/install/arm:/home/g5/dd2419_ws/install/planning:/home/g5/dd2419_ws/install/kobuki_description:/home/g5/dd2419_ws/install/display_markers:/home/g5/dd2419_ws/install/detection:/home/g5/dd2419_ws/install/arm_servos_pubs_subs:/opt/ros/humble /usr/bin/cmake /home/g5/dd2419_ws/src/robp_boot_camp/robp_boot_camp_interfaces -DAMENT_CMAKE_SYMLINK_INSTALL=1 -DCMAKE_INSTALL_PREFIX=/home/g5/dd2419_ws/install/robp_boot_camp_interfaces
[0.762s] -- The C compiler identification is GNU 11.4.0
[0.913s] -- The CXX compiler identification is GNU 11.4.0
[0.928s] -- Detecting C compiler ABI info
[1.067s] -- Detecting C compiler ABI info - done
[1.091s] -- Check for working C compiler: /usr/bin/cc - skipped
[1.091s] -- Detecting C compile features
[1.095s] -- Detecting C compile features - done
[1.103s] -- Detecting CXX compiler ABI info
[1.280s] -- Detecting CXX compiler ABI info - done
[1.298s] -- Check for working CXX compiler: /usr/bin/c++ - skipped
[1.299s] -- Detecting CXX compile features
[1.300s] -- Detecting CXX compile features - done
[1.305s] -- Found ament_cmake: 1.3.7 (/opt/ros/humble/share/ament_cmake/cmake)
[1.678s] -- Found Python3: /usr/bin/python3.10 (found version "3.10.12") found components: Interpreter 
[1.799s] -- Override CMake install command with custom implementation using symlinks instead of copying resources
[1.845s] -- Found rosidl_default_generators: 1.2.0 (/opt/ros/humble/share/rosidl_default_generators/cmake)
[1.858s] -- Using all available rosidl_typesupport_c: rosidl_typesupport_fastrtps_c;rosidl_typesupport_introspection_c
[1.872s] -- Found rosidl_adapter: 3.1.5 (/opt/ros/humble/share/rosidl_adapter/cmake)
[1.953s] -- Using all available rosidl_typesupport_cpp: rosidl_typesupport_fastrtps_cpp;rosidl_typesupport_introspection_cpp
[2.023s] -- Found std_msgs: 4.2.3 (/opt/ros/humble/share/std_msgs/cmake)
[2.674s] -- Found ament_cmake_ros: 0.10.0 (/opt/ros/humble/share/ament_cmake_ros/cmake)
[3.149s] -- Using all available rosidl_typesupport_c: rosidl_typesupport_fastrtps_c;rosidl_typesupport_introspection_c
[3.793s] -- Using all available rosidl_typesupport_cpp: rosidl_typesupport_fastrtps_cpp;rosidl_typesupport_introspection_cpp
[3.831s] -- Found PythonInterp: /usr/bin/python3 (found suitable version "3.10.12", minimum required is "3.6") 
[3.834s] -- Found python_cmake_module: 0.10.0 (/opt/ros/humble/share/python_cmake_module/cmake)
[3.911s] -- Found PythonLibs: /usr/lib/x86_64-linux-gnu/libpython3.10.so (found suitable version "3.10.12", minimum required is "3.5") 
[3.911s] -- Using PYTHON_EXECUTABLE: /usr/bin/python3
[3.912s] -- Using PYTHON_INCLUDE_DIRS: /usr/include/python3.10
[3.912s] -- Using PYTHON_LIBRARIES: /usr/lib/x86_64-linux-gnu/libpython3.10.so
[3.963s] -- Found PythonExtra: .so  
[4.170s] -- Found ament_lint_auto: 0.12.10 (/opt/ros/humble/share/ament_lint_auto/cmake)
[4.220s] -- Added test 'lint_cmake' to check CMake code style
[4.222s] -- Added test 'xmllint' to check XML markup files
[4.232s] -- Configuring done
[4.317s] -- Generating done
[4.322s] -- Build files have been written to: /home/g5/dd2419_ws/build/robp_boot_camp_interfaces
[4.349s] Invoked command in '/home/g5/dd2419_ws/build/robp_boot_camp_interfaces' returned '0': CMAKE_PREFIX_PATH=${CMAKE_PREFIX_PATH}:/home/g5/dd2419_ws/install/robp_launch:/home/g5/dd2419_ws/install/robp_boot_camp_launch:/home/g5/dd2419_ws/install/odometry:/home/g5/dd2419_ws/install/controller:/home/g5/dd2419_ws/install/control:/home/g5/dd2419_ws/install/arm:/home/g5/dd2419_ws/install/planning:/home/g5/dd2419_ws/install/kobuki_description:/home/g5/dd2419_ws/install/display_markers:/home/g5/dd2419_ws/install/detection:/home/g5/dd2419_ws/install/arm_servos_pubs_subs:/opt/ros/humble /usr/bin/cmake /home/g5/dd2419_ws/src/robp_boot_camp/robp_boot_camp_interfaces -DAMENT_CMAKE_SYMLINK_INSTALL=1 -DCMAKE_INSTALL_PREFIX=/home/g5/dd2419_ws/install/robp_boot_camp_interfaces
[4.350s] Invoking command in '/home/g5/dd2419_ws/build/robp_boot_camp_interfaces': CMAKE_PREFIX_PATH=${CMAKE_PREFIX_PATH}:/home/g5/dd2419_ws/install/robp_launch:/home/g5/dd2419_ws/install/robp_boot_camp_launch:/home/g5/dd2419_ws/install/odometry:/home/g5/dd2419_ws/install/controller:/home/g5/dd2419_ws/install/control:/home/g5/dd2419_ws/install/arm:/home/g5/dd2419_ws/install/planning:/home/g5/dd2419_ws/install/kobuki_description:/home/g5/dd2419_ws/install/display_markers:/home/g5/dd2419_ws/install/detection:/home/g5/dd2419_ws/install/arm_servos_pubs_subs:/opt/ros/humble /usr/bin/cmake --build /home/g5/dd2419_ws/build/robp_boot_camp_interfaces -- -j8 -l8
[6.546s] [  3%] [34m[1mGenerating C code for ROS interfaces[0m
[6.546s] [  6%] [34m[1mGenerating C++ code for ROS interfaces[0m
[6.547s] [  6%] Built target ament_cmake_python_symlink_robp_boot_camp_interfaces
[6.547s] [  9%] [32mBuilding C object CMakeFiles/robp_boot_camp_interfaces__rosidl_generator_c.dir/rosidl_generator_c/robp_boot_camp_interfaces/msg/detail/ad_converter__functions.c.o[0m
[6.547s] [  9%] Built target robp_boot_camp_interfaces__cpp
[6.547s] running egg_info
[6.547s] creating robp_boot_camp_interfaces.egg-info
[6.547s] writing robp_boot_camp_interfaces.egg-info/PKG-INFO
[6.547s] writing dependency_links to robp_boot_camp_interfaces.egg-info/dependency_links.txt
[6.547s] writing top-level names to robp_boot_camp_interfaces.egg-info/top_level.txt
[6.547s] writing manifest file 'robp_boot_camp_interfaces.egg-info/SOURCES.txt'
[6.547s] [ 12%] [34m[1mGenerating C++ type support for eProsima Fast-RTPS[0m
[6.548s] reading manifest file 'robp_boot_camp_interfaces.egg-info/SOURCES.txt'
[6.548s] [ 16%] [34m[1mGenerating C++ introspection for ROS interfaces[0m
[6.548s] writing manifest file 'robp_boot_camp_interfaces.egg-info/SOURCES.txt'
[6.548s] [ 19%] [34m[1mGenerating C++ type support dispatch for ROS interfaces[0m
[6.563s] [ 22%] [32m[1mLinking C shared library librobp_boot_camp_interfaces__rosidl_generator_c.so[0m
[6.718s] [ 22%] Built target ament_cmake_python_build_robp_boot_camp_interfaces_egg
[6.804s] [ 22%] Built target robp_boot_camp_interfaces__rosidl_generator_c
[6.922s] [ 25%] [34m[1mGenerating C type support for eProsima Fast-RTPS[0m
[6.937s] [ 29%] [34m[1mGenerating C introspection for ROS interfaces[0m
[6.940s] [ 32%] [34m[1mGenerating C type support dispatch for ROS interfaces[0m
[8.109s] [ 35%] [32mBuilding CXX object CMakeFiles/robp_boot_camp_interfaces__rosidl_typesupport_cpp.dir/rosidl_typesupport_cpp/robp_boot_camp_interfaces/msg/ad_converter__type_support.cpp.o[0m
[8.372s] [ 38%] [32mBuilding CXX object CMakeFiles/robp_boot_camp_interfaces__rosidl_typesupport_fastrtps_cpp.dir/rosidl_typesupport_fastrtps_cpp/robp_boot_camp_interfaces/msg/detail/dds_fastrtps/ad_converter__type_support.cpp.o[0m
[8.490s] [ 41%] [32mBuilding CXX object CMakeFiles/robp_boot_camp_interfaces__rosidl_typesupport_introspection_cpp.dir/rosidl_typesupport_introspection_cpp/robp_boot_camp_interfaces/msg/detail/ad_converter__type_support.cpp.o[0m
[9.006s] [ 45%] [32mBuilding CXX object CMakeFiles/robp_boot_camp_interfaces__rosidl_typesupport_fastrtps_c.dir/rosidl_typesupport_fastrtps_c/robp_boot_camp_interfaces/msg/detail/ad_converter__type_support_c.cpp.o[0m
[9.090s] [ 48%] [32mBuilding CXX object CMakeFiles/robp_boot_camp_interfaces__rosidl_typesupport_c.dir/rosidl_typesupport_c/robp_boot_camp_interfaces/msg/ad_converter__type_support.cpp.o[0m
[9.310s] [ 51%] [32mBuilding C object CMakeFiles/robp_boot_camp_interfaces__rosidl_typesupport_introspection_c.dir/rosidl_typesupport_introspection_c/robp_boot_camp_interfaces/msg/detail/ad_converter__type_support.c.o[0m
[9.349s] [ 54%] [32m[1mLinking CXX shared library librobp_boot_camp_interfaces__rosidl_typesupport_c.so[0m
[9.622s] [ 58%] [32m[1mLinking C shared library librobp_boot_camp_interfaces__rosidl_typesupport_introspection_c.so[0m
[9.657s] [ 58%] Built target robp_boot_camp_interfaces__rosidl_typesupport_c
[9.791s] [ 61%] [32m[1mLinking CXX shared library librobp_boot_camp_interfaces__rosidl_typesupport_cpp.so[0m
[9.873s] [ 61%] Built target robp_boot_camp_interfaces__rosidl_typesupport_introspection_c
[10.121s] [ 61%] Built target robp_boot_camp_interfaces__rosidl_typesupport_cpp
[11.278s] [ 64%] [32m[1mLinking CXX shared library librobp_boot_camp_interfaces__rosidl_typesupport_introspection_cpp.so[0m
[11.382s] [ 67%] [32m[1mLinking CXX shared library librobp_boot_camp_interfaces__rosidl_typesupport_fastrtps_c.so[0m
[11.634s] [ 67%] Built target robp_boot_camp_interfaces__rosidl_typesupport_introspection_cpp
[12.010s] [ 70%] [32m[1mLinking CXX shared library librobp_boot_camp_interfaces__rosidl_typesupport_fastrtps_cpp.so[0m
[12.058s] [ 70%] Built target robp_boot_camp_interfaces__rosidl_typesupport_fastrtps_c
[12.696s] [ 70%] Built target robp_boot_camp_interfaces__rosidl_typesupport_fastrtps_cpp
[12.879s] [ 70%] Built target robp_boot_camp_interfaces
[13.077s] [ 74%] [34m[1mGenerating Python code for ROS interfaces[0m
[14.986s] [ 74%] Built target robp_boot_camp_interfaces__py
[15.023s] [ 77%] [32mBuilding C object CMakeFiles/robp_boot_camp_interfaces__rosidl_generator_py.dir/rosidl_generator_py/robp_boot_camp_interfaces/msg/_ad_converter_s.c.o[0m
[15.489s] [ 80%] [32m[1mLinking C shared library rosidl_generator_py/robp_boot_camp_interfaces/librobp_boot_camp_interfaces__rosidl_generator_py.so[0m
[15.633s] [ 80%] Built target robp_boot_camp_interfaces__rosidl_generator_py
[15.776s] [ 83%] [32mBuilding C object CMakeFiles/robp_boot_camp_interfaces__rosidl_typesupport_introspection_c__pyext.dir/rosidl_generator_py/robp_boot_camp_interfaces/_robp_boot_camp_interfaces_s.ep.rosidl_typesupport_introspection_c.c.o[0m
[15.781s] [ 87%] [32mBuilding C object CMakeFiles/robp_boot_camp_interfaces__rosidl_typesupport_fastrtps_c__pyext.dir/rosidl_generator_py/robp_boot_camp_interfaces/_robp_boot_camp_interfaces_s.ep.rosidl_typesupport_fastrtps_c.c.o[0m
[15.797s] [ 90%] [32mBuilding C object CMakeFiles/robp_boot_camp_interfaces__rosidl_typesupport_c__pyext.dir/rosidl_generator_py/robp_boot_camp_interfaces/_robp_boot_camp_interfaces_s.ep.rosidl_typesupport_c.c.o[0m
[16.046s] [ 93%] [32m[1mLinking C shared library rosidl_generator_py/robp_boot_camp_interfaces/robp_boot_camp_interfaces_s__rosidl_typesupport_introspection_c.cpython-310-x86_64-linux-gnu.so[0m
[16.081s] [ 96%] [32m[1mLinking C shared library rosidl_generator_py/robp_boot_camp_interfaces/robp_boot_camp_interfaces_s__rosidl_typesupport_c.cpython-310-x86_64-linux-gnu.so[0m
[16.181s] [ 96%] Built target robp_boot_camp_interfaces__rosidl_typesupport_c__pyext
[16.214s] [100%] [32m[1mLinking C shared library rosidl_generator_py/robp_boot_camp_interfaces/robp_boot_camp_interfaces_s__rosidl_typesupport_fastrtps_c.cpython-310-x86_64-linux-gnu.so[0m
[16.252s] [100%] Built target robp_boot_camp_interfaces__rosidl_typesupport_introspection_c__pyext
[16.444s] [100%] Built target robp_boot_camp_interfaces__rosidl_typesupport_fastrtps_c__pyext
[16.505s] Invoked command in '/home/g5/dd2419_ws/build/robp_boot_camp_interfaces' returned '0': CMAKE_PREFIX_PATH=${CMAKE_PREFIX_PATH}:/home/g5/dd2419_ws/install/robp_launch:/home/g5/dd2419_ws/install/robp_boot_camp_launch:/home/g5/dd2419_ws/install/odometry:/home/g5/dd2419_ws/install/controller:/home/g5/dd2419_ws/install/control:/home/g5/dd2419_ws/install/arm:/home/g5/dd2419_ws/install/planning:/home/g5/dd2419_ws/install/kobuki_description:/home/g5/dd2419_ws/install/display_markers:/home/g5/dd2419_ws/install/detection:/home/g5/dd2419_ws/install/arm_servos_pubs_subs:/opt/ros/humble /usr/bin/cmake --build /home/g5/dd2419_ws/build/robp_boot_camp_interfaces -- -j8 -l8
[17.630s] Invoking command in '/home/g5/dd2419_ws/build/robp_boot_camp_interfaces': CMAKE_PREFIX_PATH=${CMAKE_PREFIX_PATH}:/home/g5/dd2419_ws/install/robp_launch:/home/g5/dd2419_ws/install/robp_boot_camp_launch:/home/g5/dd2419_ws/install/odometry:/home/g5/dd2419_ws/install/controller:/home/g5/dd2419_ws/install/control:/home/g5/dd2419_ws/install/arm:/home/g5/dd2419_ws/install/planning:/home/g5/dd2419_ws/install/kobuki_description:/home/g5/dd2419_ws/install/display_markers:/home/g5/dd2419_ws/install/detection:/home/g5/dd2419_ws/install/arm_servos_pubs_subs:/opt/ros/humble /usr/bin/cmake --install /home/g5/dd2419_ws/build/robp_boot_camp_interfaces
[18.588s] -- Install configuration: ""
[18.588s] -- Execute custom install script
[18.588s] -- Symlinking: /home/g5/dd2419_ws/install/robp_boot_camp_interfaces/share/ament_index/resource_index/rosidl_interfaces/robp_boot_camp_interfaces
[18.588s] -- Symlinking: /home/g5/dd2419_ws/install/robp_boot_camp_interfaces/include/robp_boot_camp_interfaces/robp_boot_camp_interfaces/msg/ad_converter.h
[18.588s] -- Symlinking: /home/g5/dd2419_ws/install/robp_boot_camp_interfaces/include/robp_boot_camp_interfaces/robp_boot_camp_interfaces/msg/detail/ad_converter__functions.h
[18.589s] -- Symlinking: /home/g5/dd2419_ws/install/robp_boot_camp_interfaces/include/robp_boot_camp_interfaces/robp_boot_camp_interfaces/msg/detail/ad_converter__struct.h
[18.589s] -- Symlinking: /home/g5/dd2419_ws/install/robp_boot_camp_interfaces/include/robp_boot_camp_interfaces/robp_boot_camp_interfaces/msg/detail/ad_converter__type_support.h
[18.589s] -- Symlinking: /home/g5/dd2419_ws/install/robp_boot_camp_interfaces/include/robp_boot_camp_interfaces/robp_boot_camp_interfaces/msg/rosidl_generator_c__visibility_control.h
[18.589s] -- Symlinking: /home/g5/dd2419_ws/install/robp_boot_camp_interfaces/share/robp_boot_camp_interfaces/environment/library_path.sh
[18.589s] -- Symlinking: /home/g5/dd2419_ws/install/robp_boot_camp_interfaces/share/robp_boot_camp_interfaces/environment/library_path.dsv
[18.589s] -- Symlinking: /home/g5/dd2419_ws/install/robp_boot_camp_interfaces/include/robp_boot_camp_interfaces/robp_boot_camp_interfaces/msg/detail/ad_converter__rosidl_typesupport_fastrtps_c.h
[18.589s] -- Symlinking: /home/g5/dd2419_ws/install/robp_boot_camp_interfaces/include/robp_boot_camp_interfaces/robp_boot_camp_interfaces/msg/rosidl_typesupport_fastrtps_c__visibility_control.h
[18.589s] -- Symlinking: /home/g5/dd2419_ws/install/robp_boot_camp_interfaces/include/robp_boot_camp_interfaces/robp_boot_camp_interfaces/msg/detail/ad_converter__rosidl_typesupport_introspection_c.h
[18.590s] -- Symlinking: /home/g5/dd2419_ws/install/robp_boot_camp_interfaces/include/robp_boot_camp_interfaces/robp_boot_camp_interfaces/msg/rosidl_typesupport_introspection_c__visibility_control.h
[18.590s] -- Symlinking: /home/g5/dd2419_ws/install/robp_boot_camp_interfaces/include/robp_boot_camp_interfaces/robp_boot_camp_interfaces/msg/ad_converter.hpp
[18.590s] -- Symlinking: /home/g5/dd2419_ws/install/robp_boot_camp_interfaces/include/robp_boot_camp_interfaces/robp_boot_camp_interfaces/msg/detail/ad_converter__builder.hpp
[18.590s] -- Symlinking: /home/g5/dd2419_ws/install/robp_boot_camp_interfaces/include/robp_boot_camp_interfaces/robp_boot_camp_interfaces/msg/detail/ad_converter__struct.hpp
[18.590s] -- Symlinking: /home/g5/dd2419_ws/install/robp_boot_camp_interfaces/include/robp_boot_camp_interfaces/robp_boot_camp_interfaces/msg/detail/ad_converter__traits.hpp
[18.590s] -- Symlinking: /home/g5/dd2419_ws/install/robp_boot_camp_interfaces/include/robp_boot_camp_interfaces/robp_boot_camp_interfaces/msg/detail/ad_converter__rosidl_typesupport_fastrtps_cpp.hpp
[18.590s] -- Symlinking: /home/g5/dd2419_ws/install/robp_boot_camp_interfaces/include/robp_boot_camp_interfaces/robp_boot_camp_interfaces/msg/rosidl_typesupport_fastrtps_cpp__visibility_control.h
[18.590s] -- Symlinking: /home/g5/dd2419_ws/install/robp_boot_camp_interfaces/include/robp_boot_camp_interfaces/robp_boot_camp_interfaces/msg/detail/ad_converter__rosidl_typesupport_introspection_cpp.hpp
[18.590s] -- Symlinking: /home/g5/dd2419_ws/install/robp_boot_camp_interfaces/share/robp_boot_camp_interfaces/environment/pythonpath.sh
[18.591s] -- Symlinking: /home/g5/dd2419_ws/install/robp_boot_camp_interfaces/share/robp_boot_camp_interfaces/environment/pythonpath.dsv
[18.591s] -- Symlinking: /home/g5/dd2419_ws/install/robp_boot_camp_interfaces/local/lib/python3.10/dist-packages/robp_boot_camp_interfaces-1.0.0-py3.10.egg-info/PKG-INFO
[18.591s] -- Symlinking: /home/g5/dd2419_ws/install/robp_boot_camp_interfaces/local/lib/python3.10/dist-packages/robp_boot_camp_interfaces-1.0.0-py3.10.egg-info/SOURCES.txt
[18.591s] -- Symlinking: /home/g5/dd2419_ws/install/robp_boot_camp_interfaces/local/lib/python3.10/dist-packages/robp_boot_camp_interfaces-1.0.0-py3.10.egg-info/dependency_links.txt
[18.591s] -- Symlinking: /home/g5/dd2419_ws/install/robp_boot_camp_interfaces/local/lib/python3.10/dist-packages/robp_boot_camp_interfaces-1.0.0-py3.10.egg-info/top_level.txt
[18.591s] -- Symlinking: /home/g5/dd2419_ws/install/robp_boot_camp_interfaces/local/lib/python3.10/dist-packages/robp_boot_camp_interfaces/__init__.py
[18.591s] -- Symlinking: /home/g5/dd2419_ws/install/robp_boot_camp_interfaces/local/lib/python3.10/dist-packages/robp_boot_camp_interfaces/_robp_boot_camp_interfaces_s.ep.rosidl_typesupport_c.c
[18.591s] -- Symlinking: /home/g5/dd2419_ws/install/robp_boot_camp_interfaces/local/lib/python3.10/dist-packages/robp_boot_camp_interfaces/_robp_boot_camp_interfaces_s.ep.rosidl_typesupport_fastrtps_c.c
[18.591s] -- Symlinking: /home/g5/dd2419_ws/install/robp_boot_camp_interfaces/local/lib/python3.10/dist-packages/robp_boot_camp_interfaces/_robp_boot_camp_interfaces_s.ep.rosidl_typesupport_introspection_c.c
[18.591s] -- Symlinking: /home/g5/dd2419_ws/install/robp_boot_camp_interfaces/local/lib/python3.10/dist-packages/robp_boot_camp_interfaces/librobp_boot_camp_interfaces__rosidl_generator_py.so
[18.591s] -- Symlinking: /home/g5/dd2419_ws/install/robp_boot_camp_interfaces/local/lib/python3.10/dist-packages/robp_boot_camp_interfaces/msg/__init__.py
[18.592s] -- Symlinking: /home/g5/dd2419_ws/install/robp_boot_camp_interfaces/local/lib/python3.10/dist-packages/robp_boot_camp_interfaces/msg/_ad_converter.py
[18.592s] -- Symlinking: /home/g5/dd2419_ws/install/robp_boot_camp_interfaces/local/lib/python3.10/dist-packages/robp_boot_camp_interfaces/msg/_ad_converter_s.c
[18.592s] -- Symlinking: /home/g5/dd2419_ws/install/robp_boot_camp_interfaces/local/lib/python3.10/dist-packages/robp_boot_camp_interfaces/robp_boot_camp_interfaces_s__rosidl_typesupport_c.cpython-310-x86_64-linux-gnu.so
[18.592s] -- Symlinking: /home/g5/dd2419_ws/install/robp_boot_camp_interfaces/local/lib/python3.10/dist-packages/robp_boot_camp_interfaces/robp_boot_camp_interfaces_s__rosidl_typesupport_fastrtps_c.cpython-310-x86_64-linux-gnu.so
[18.592s] -- Symlinking: /home/g5/dd2419_ws/install/robp_boot_camp_interfaces/local/lib/python3.10/dist-packages/robp_boot_camp_interfaces/robp_boot_camp_interfaces_s__rosidl_typesupport_introspection_c.cpython-310-x86_64-linux-gnu.so
[18.592s] -- Up-to-date symlink: /home/g5/dd2419_ws/install/robp_boot_camp_interfaces/local/lib/python3.10/dist-packages/robp_boot_camp_interfaces/robp_boot_camp_interfaces_s__rosidl_typesupport_fastrtps_c.cpython-310-x86_64-linux-gnu.so
[18.593s] -- Up-to-date symlink: /home/g5/dd2419_ws/install/robp_boot_camp_interfaces/local/lib/python3.10/dist-packages/robp_boot_camp_interfaces/robp_boot_camp_interfaces_s__rosidl_typesupport_introspection_c.cpython-310-x86_64-linux-gnu.so
[18.593s] -- Up-to-date symlink: /home/g5/dd2419_ws/install/robp_boot_camp_interfaces/local/lib/python3.10/dist-packages/robp_boot_camp_interfaces/robp_boot_camp_interfaces_s__rosidl_typesupport_c.cpython-310-x86_64-linux-gnu.so
[18.593s] -- Symlinking: /home/g5/dd2419_ws/install/robp_boot_camp_interfaces/share/robp_boot_camp_interfaces/msg/ADConverter.idl
[18.593s] -- Symlinking: /home/g5/dd2419_ws/install/robp_boot_camp_interfaces/share/robp_boot_camp_interfaces/msg/ADConverter.msg
[18.613s] -- Symlinking: /home/g5/dd2419_ws/install/robp_boot_camp_interfaces/share/ament_index/resource_index/package_run_dependencies/robp_boot_camp_interfaces
[18.659s] -- Symlinking: /home/g5/dd2419_ws/install/robp_boot_camp_interfaces/share/ament_index/resource_index/parent_prefix_path/robp_boot_camp_interfaces
[18.689s] -- Symlinking: /home/g5/dd2419_ws/install/robp_boot_camp_interfaces/share/robp_boot_camp_interfaces/environment/ament_prefix_path.sh
[18.728s] -- Symlinking: /home/g5/dd2419_ws/install/robp_boot_camp_interfaces/share/robp_boot_camp_interfaces/environment/ament_prefix_path.dsv
[18.766s] -- Symlinking: /home/g5/dd2419_ws/install/robp_boot_camp_interfaces/share/robp_boot_camp_interfaces/environment/path.sh
[18.797s] -- Symlinking: /home/g5/dd2419_ws/install/robp_boot_camp_interfaces/share/robp_boot_camp_interfaces/environment/path.dsv
[18.830s] -- Symlinking: /home/g5/dd2419_ws/install/robp_boot_camp_interfaces/share/robp_boot_camp_interfaces/local_setup.bash
[18.846s] -- Symlinking: /home/g5/dd2419_ws/install/robp_boot_camp_interfaces/share/robp_boot_camp_interfaces/local_setup.sh
[18.862s] -- Symlinking: /home/g5/dd2419_ws/install/robp_boot_camp_interfaces/share/robp_boot_camp_interfaces/local_setup.zsh
[18.879s] -- Symlinking: /home/g5/dd2419_ws/install/robp_boot_camp_interfaces/share/robp_boot_camp_interfaces/local_setup.dsv
[18.895s] -- Symlinking: /home/g5/dd2419_ws/install/robp_boot_camp_interfaces/share/robp_boot_camp_interfaces/package.dsv
[18.913s] -- Symlinking: /home/g5/dd2419_ws/install/robp_boot_camp_interfaces/share/ament_index/resource_index/packages/robp_boot_camp_interfaces
[18.930s] -- Symlinking: /home/g5/dd2419_ws/install/robp_boot_camp_interfaces/share/robp_boot_camp_interfaces/cmake/rosidl_cmake-extras.cmake
[18.949s] -- Symlinking: /home/g5/dd2419_ws/install/robp_boot_camp_interfaces/share/robp_boot_camp_interfaces/cmake/ament_cmake_export_dependencies-extras.cmake
[18.968s] -- Symlinking: /home/g5/dd2419_ws/install/robp_boot_camp_interfaces/share/robp_boot_camp_interfaces/cmake/ament_cmake_export_include_directories-extras.cmake
[18.994s] -- Symlinking: /home/g5/dd2419_ws/install/robp_boot_camp_interfaces/share/robp_boot_camp_interfaces/cmake/ament_cmake_export_libraries-extras.cmake
[19.008s] -- Symlinking: /home/g5/dd2419_ws/install/robp_boot_camp_interfaces/share/robp_boot_camp_interfaces/cmake/ament_cmake_export_targets-extras.cmake
[19.024s] -- Symlinking: /home/g5/dd2419_ws/install/robp_boot_camp_interfaces/share/robp_boot_camp_interfaces/cmake/rosidl_cmake_export_typesupport_targets-extras.cmake
[19.043s] -- Symlinking: /home/g5/dd2419_ws/install/robp_boot_camp_interfaces/share/robp_boot_camp_interfaces/cmake/rosidl_cmake_export_typesupport_libraries-extras.cmake
[19.063s] -- Symlinking: /home/g5/dd2419_ws/install/robp_boot_camp_interfaces/share/robp_boot_camp_interfaces/cmake/robp_boot_camp_interfacesConfig.cmake
[19.080s] -- Symlinking: /home/g5/dd2419_ws/install/robp_boot_camp_interfaces/share/robp_boot_camp_interfaces/cmake/robp_boot_camp_interfacesConfig-version.cmake
[19.099s] -- Symlinking: /home/g5/dd2419_ws/install/robp_boot_camp_interfaces/share/robp_boot_camp_interfaces/package.xml
[19.117s] -- Installing: /home/g5/dd2419_ws/install/robp_boot_camp_interfaces/lib/librobp_boot_camp_interfaces__rosidl_generator_c.so
[19.117s] -- Set runtime path of "/home/g5/dd2419_ws/install/robp_boot_camp_interfaces/lib/librobp_boot_camp_interfaces__rosidl_generator_c.so" to ""
[19.117s] -- Installing: /home/g5/dd2419_ws/install/robp_boot_camp_interfaces/lib/librobp_boot_camp_interfaces__rosidl_typesupport_fastrtps_c.so
[19.118s] -- Set runtime path of "/home/g5/dd2419_ws/install/robp_boot_camp_interfaces/lib/librobp_boot_camp_interfaces__rosidl_typesupport_fastrtps_c.so" to ""
[19.118s] -- Installing: /home/g5/dd2419_ws/install/robp_boot_camp_interfaces/lib/librobp_boot_camp_interfaces__rosidl_typesupport_introspection_c.so
[19.118s] -- Set runtime path of "/home/g5/dd2419_ws/install/robp_boot_camp_interfaces/lib/librobp_boot_camp_interfaces__rosidl_typesupport_introspection_c.so" to ""
[19.118s] -- Installing: /home/g5/dd2419_ws/install/robp_boot_camp_interfaces/lib/librobp_boot_camp_interfaces__rosidl_typesupport_c.so
[19.118s] -- Set runtime path of "/home/g5/dd2419_ws/install/robp_boot_camp_interfaces/lib/librobp_boot_camp_interfaces__rosidl_typesupport_c.so" to ""
[19.119s] -- Installing: /home/g5/dd2419_ws/install/robp_boot_camp_interfaces/lib/librobp_boot_camp_interfaces__rosidl_typesupport_fastrtps_cpp.so
[19.119s] -- Set runtime path of "/home/g5/dd2419_ws/install/robp_boot_camp_interfaces/lib/librobp_boot_camp_interfaces__rosidl_typesupport_fastrtps_cpp.so" to ""
[19.119s] -- Installing: /home/g5/dd2419_ws/install/robp_boot_camp_interfaces/lib/librobp_boot_camp_interfaces__rosidl_typesupport_introspection_cpp.so
[19.123s] -- Set runtime path of "/home/g5/dd2419_ws/install/robp_boot_camp_interfaces/lib/librobp_boot_camp_interfaces__rosidl_typesupport_introspection_cpp.so" to ""
[19.124s] -- Installing: /home/g5/dd2419_ws/install/robp_boot_camp_interfaces/lib/librobp_boot_camp_interfaces__rosidl_typesupport_cpp.so
[19.124s] -- Set runtime path of "/home/g5/dd2419_ws/install/robp_boot_camp_interfaces/lib/librobp_boot_camp_interfaces__rosidl_typesupport_cpp.so" to ""
[19.244s] Listing '/home/g5/dd2419_ws/install/robp_boot_camp_interfaces/local/lib/python3.10/dist-packages/robp_boot_camp_interfaces'...
[19.244s] Compiling '/home/g5/dd2419_ws/install/robp_boot_camp_interfaces/local/lib/python3.10/dist-packages/robp_boot_camp_interfaces/__init__.py'...
[19.244s] Listing '/home/g5/dd2419_ws/install/robp_boot_camp_interfaces/local/lib/python3.10/dist-packages/robp_boot_camp_interfaces/msg'...
[19.244s] Compiling '/home/g5/dd2419_ws/install/robp_boot_camp_interfaces/local/lib/python3.10/dist-packages/robp_boot_camp_interfaces/msg/__init__.py'...
[19.244s] Compiling '/home/g5/dd2419_ws/install/robp_boot_camp_interfaces/local/lib/python3.10/dist-packages/robp_boot_camp_interfaces/msg/_ad_converter.py'...
[19.254s] -- Installing: /home/g5/dd2419_ws/install/robp_boot_camp_interfaces/lib/librobp_boot_camp_interfaces__rosidl_generator_py.so
[19.256s] -- Set runtime path of "/home/g5/dd2419_ws/install/robp_boot_camp_interfaces/lib/librobp_boot_camp_interfaces__rosidl_generator_py.so" to ""
[19.257s] -- Installing: /home/g5/dd2419_ws/install/robp_boot_camp_interfaces/share/robp_boot_camp_interfaces/cmake/export_robp_boot_camp_interfaces__rosidl_generator_cExport.cmake
[19.258s] -- Installing: /home/g5/dd2419_ws/install/robp_boot_camp_interfaces/share/robp_boot_camp_interfaces/cmake/export_robp_boot_camp_interfaces__rosidl_generator_cExport-noconfig.cmake
[19.259s] -- Installing: /home/g5/dd2419_ws/install/robp_boot_camp_interfaces/share/robp_boot_camp_interfaces/cmake/export_robp_boot_camp_interfaces__rosidl_typesupport_fastrtps_cExport.cmake
[19.259s] -- Installing: /home/g5/dd2419_ws/install/robp_boot_camp_interfaces/share/robp_boot_camp_interfaces/cmake/export_robp_boot_camp_interfaces__rosidl_typesupport_fastrtps_cExport-noconfig.cmake
[19.260s] -- Installing: /home/g5/dd2419_ws/install/robp_boot_camp_interfaces/share/robp_boot_camp_interfaces/cmake/robp_boot_camp_interfaces__rosidl_typesupport_introspection_cExport.cmake
[19.260s] -- Installing: /home/g5/dd2419_ws/install/robp_boot_camp_interfaces/share/robp_boot_camp_interfaces/cmake/robp_boot_camp_interfaces__rosidl_typesupport_introspection_cExport-noconfig.cmake
[19.261s] -- Installing: /home/g5/dd2419_ws/install/robp_boot_camp_interfaces/share/robp_boot_camp_interfaces/cmake/robp_boot_camp_interfaces__rosidl_typesupport_cExport.cmake
[19.261s] -- Installing: /home/g5/dd2419_ws/install/robp_boot_camp_interfaces/share/robp_boot_camp_interfaces/cmake/robp_boot_camp_interfaces__rosidl_typesupport_cExport-noconfig.cmake
[19.262s] -- Installing: /home/g5/dd2419_ws/install/robp_boot_camp_interfaces/share/robp_boot_camp_interfaces/cmake/export_robp_boot_camp_interfaces__rosidl_generator_cppExport.cmake
[19.262s] -- Installing: /home/g5/dd2419_ws/install/robp_boot_camp_interfaces/share/robp_boot_camp_interfaces/cmake/export_robp_boot_camp_interfaces__rosidl_typesupport_fastrtps_cppExport.cmake
[19.263s] -- Installing: /home/g5/dd2419_ws/install/robp_boot_camp_interfaces/share/robp_boot_camp_interfaces/cmake/export_robp_boot_camp_interfaces__rosidl_typesupport_fastrtps_cppExport-noconfig.cmake
[19.263s] -- Installing: /home/g5/dd2419_ws/install/robp_boot_camp_interfaces/share/robp_boot_camp_interfaces/cmake/robp_boot_camp_interfaces__rosidl_typesupport_introspection_cppExport.cmake
[19.264s] -- Installing: /home/g5/dd2419_ws/install/robp_boot_camp_interfaces/share/robp_boot_camp_interfaces/cmake/robp_boot_camp_interfaces__rosidl_typesupport_introspection_cppExport-noconfig.cmake
[19.264s] -- Installing: /home/g5/dd2419_ws/install/robp_boot_camp_interfaces/share/robp_boot_camp_interfaces/cmake/robp_boot_camp_interfaces__rosidl_typesupport_cppExport.cmake
[19.265s] -- Installing: /home/g5/dd2419_ws/install/robp_boot_camp_interfaces/share/robp_boot_camp_interfaces/cmake/robp_boot_camp_interfaces__rosidl_typesupport_cppExport-noconfig.cmake
[19.265s] -- Installing: /home/g5/dd2419_ws/install/robp_boot_camp_interfaces/share/robp_boot_camp_interfaces/cmake/export_robp_boot_camp_interfaces__rosidl_generator_pyExport.cmake
[19.266s] -- Installing: /home/g5/dd2419_ws/install/robp_boot_camp_interfaces/share/robp_boot_camp_interfaces/cmake/export_robp_boot_camp_interfaces__rosidl_generator_pyExport-noconfig.cmake
[19.271s] Invoked command in '/home/g5/dd2419_ws/build/robp_boot_camp_interfaces' returned '0': CMAKE_PREFIX_PATH=${CMAKE_PREFIX_PATH}:/home/g5/dd2419_ws/install/robp_launch:/home/g5/dd2419_ws/install/robp_boot_camp_launch:/home/g5/dd2419_ws/install/odometry:/home/g5/dd2419_ws/install/controller:/home/g5/dd2419_ws/install/control:/home/g5/dd2419_ws/install/arm:/home/g5/dd2419_ws/install/planning:/home/g5/dd2419_ws/install/kobuki_description:/home/g5/dd2419_ws/install/display_markers:/home/g5/dd2419_ws/install/detection:/home/g5/dd2419_ws/install/arm_servos_pubs_subs:/opt/ros/humble /usr/bin/cmake --install /home/g5/dd2419_ws/build/robp_boot_camp_interfaces
