[  0%] Built target copy_distance_sensor_lib
[35m[1mConsolidate compiler generated dependencies of target distance_sensor_node[0m
[100%] Built target distance_sensor_node
-- Install configuration: ""
-- Execute custom install script
-- Up-to-date symlink: /home/g5/dd2419_ws/install/robp_boot_camp_distance_sensor/lib/robp_boot_camp_distance_sensor/distance_sensor_node
-- Up-to-date symlink: /home/g5/dd2419_ws/install/robp_boot_camp_distance_sensor/share/robp_boot_camp_distance_sensor//launch/distance_sensor_launch.xml
-- Up-to-date symlink: /home/g5/dd2419_ws/install/robp_boot_camp_distance_sensor/share/ament_index/resource_index/package_run_dependencies/robp_boot_camp_distance_sensor
-- Up-to-date symlink: /home/g5/dd2419_ws/install/robp_boot_camp_distance_sensor/share/ament_index/resource_index/parent_prefix_path/robp_boot_camp_distance_sensor
-- Up-to-date symlink: /home/g5/dd2419_ws/install/robp_boot_camp_distance_sensor/share/robp_boot_camp_distance_sensor/environment/ament_prefix_path.sh
-- Up-to-date symlink: /home/g5/dd2419_ws/install/robp_boot_camp_distance_sensor/share/robp_boot_camp_distance_sensor/environment/ament_prefix_path.dsv
-- Up-to-date symlink: /home/g5/dd2419_ws/install/robp_boot_camp_distance_sensor/share/robp_boot_camp_distance_sensor/environment/path.sh
-- Up-to-date symlink: /home/g5/dd2419_ws/install/robp_boot_camp_distance_sensor/share/robp_boot_camp_distance_sensor/environment/path.dsv
-- Up-to-date symlink: /home/g5/dd2419_ws/install/robp_boot_camp_distance_sensor/share/robp_boot_camp_distance_sensor/local_setup.bash
-- Up-to-date symlink: /home/g5/dd2419_ws/install/robp_boot_camp_distance_sensor/share/robp_boot_camp_distance_sensor/local_setup.sh
-- Up-to-date symlink: /home/g5/dd2419_ws/install/robp_boot_camp_distance_sensor/share/robp_boot_camp_distance_sensor/local_setup.zsh
-- Up-to-date symlink: /home/g5/dd2419_ws/install/robp_boot_camp_distance_sensor/share/robp_boot_camp_distance_sensor/local_setup.dsv
-- Symlinking: /home/g5/dd2419_ws/install/robp_boot_camp_distance_sensor/share/robp_boot_camp_distance_sensor/package.dsv
-- Up-to-date symlink: /home/g5/dd2419_ws/install/robp_boot_camp_distance_sensor/share/ament_index/resource_index/packages/robp_boot_camp_distance_sensor
-- Up-to-date symlink: /home/g5/dd2419_ws/install/robp_boot_camp_distance_sensor/share/robp_boot_camp_distance_sensor/cmake/robp_boot_camp_distance_sensorConfig.cmake
-- Up-to-date symlink: /home/g5/dd2419_ws/install/robp_boot_camp_distance_sensor/share/robp_boot_camp_distance_sensor/cmake/robp_boot_camp_distance_sensorConfig-version.cmake
-- Up-to-date symlink: /home/g5/dd2419_ws/install/robp_boot_camp_distance_sensor/share/robp_boot_camp_distance_sensor/package.xml
-- Up-to-date: /home/g5/dd2419_ws/install/robp_boot_camp_distance_sensor/lib/robp_boot_camp_distance_sensor/libdistance_sensor.so
