[35m[1mConsolidate compiler generated dependencies of target robp_boot_camp_interfaces__rosidl_generator_c[0m
[  3%] Built target robp_boot_camp_interfaces__cpp
[ 12%] Built target robp_boot_camp_interfaces__rosidl_generator_c
[35m[1mConsolidate compiler generated dependencies of target robp_boot_camp_interfaces__rosidl_typesupport_fastrtps_cpp[0m
[35m[1mConsolidate compiler generated dependencies of target robp_boot_camp_interfaces__rosidl_typesupport_introspection_cpp[0m
[ 12%] Built target ament_cmake_python_symlink_robp_boot_camp_interfaces
[35m[1mConsolidate compiler generated dependencies of target robp_boot_camp_interfaces__rosidl_typesupport_cpp[0m
[35m[1mConsolidate compiler generated dependencies of target robp_boot_camp_interfaces__rosidl_typesupport_fastrtps_c[0m
[35m[1mConsolidate compiler generated dependencies of target robp_boot_camp_interfaces__rosidl_typesupport_c[0m
[35m[1mConsolidate compiler generated dependencies of target robp_boot_camp_interfaces__rosidl_typesupport_introspection_c[0m
[ 22%] Built target robp_boot_camp_interfaces__rosidl_typesupport_introspection_cpp
[ 32%] Built target robp_boot_camp_interfaces__rosidl_typesupport_fastrtps_cpp
[ 41%] Built target robp_boot_camp_interfaces__rosidl_typesupport_c
[ 51%] Built target robp_boot_camp_interfaces__rosidl_typesupport_fastrtps_c
[ 61%] Built target robp_boot_camp_interfaces__rosidl_typesupport_cpp
[ 70%] Built target robp_boot_camp_interfaces__rosidl_typesupport_introspection_c
[ 70%] Built target robp_boot_camp_interfaces
[ 74%] Built target robp_boot_camp_interfaces__py
[35m[1mConsolidate compiler generated dependencies of target robp_boot_camp_interfaces__rosidl_generator_py[0m
[ 80%] Built target robp_boot_camp_interfaces__rosidl_generator_py
[35m[1mConsolidate compiler generated dependencies of target robp_boot_camp_interfaces__rosidl_typesupport_introspection_c__pyext[0m
[35m[1mConsolidate compiler generated dependencies of target robp_boot_camp_interfaces__rosidl_typesupport_fastrtps_c__pyext[0m
[35m[1mConsolidate compiler generated dependencies of target robp_boot_camp_interfaces__rosidl_typesupport_c__pyext[0m
[ 87%] Built target robp_boot_camp_interfaces__rosidl_typesupport_introspection_c__pyext
[ 93%] Built target robp_boot_camp_interfaces__rosidl_typesupport_fastrtps_c__pyext
[100%] Built target robp_boot_camp_interfaces__rosidl_typesupport_c__pyext
running egg_info
writing robp_boot_camp_interfaces.egg-info/PKG-INFO
writing dependency_links to robp_boot_camp_interfaces.egg-info/dependency_links.txt
writing top-level names to robp_boot_camp_interfaces.egg-info/top_level.txt
reading manifest file 'robp_boot_camp_interfaces.egg-info/SOURCES.txt'
writing manifest file 'robp_boot_camp_interfaces.egg-info/SOURCES.txt'
[100%] Built target ament_cmake_python_build_robp_boot_camp_interfaces_egg
-- Install configuration: ""
-- Execute custom install script
-- Up-to-date symlink: /home/g5/dd2419_ws/install/robp_boot_camp_interfaces/share/ament_index/resource_index/rosidl_interfaces/robp_boot_camp_interfaces
-- Up-to-date symlink: /home/g5/dd2419_ws/install/robp_boot_camp_interfaces/include/robp_boot_camp_interfaces/robp_boot_camp_interfaces/msg/ad_converter.h
-- Up-to-date symlink: /home/g5/dd2419_ws/install/robp_boot_camp_interfaces/include/robp_boot_camp_interfaces/robp_boot_camp_interfaces/msg/detail/ad_converter__functions.h
-- Up-to-date symlink: /home/g5/dd2419_ws/install/robp_boot_camp_interfaces/include/robp_boot_camp_interfaces/robp_boot_camp_interfaces/msg/detail/ad_converter__struct.h
-- Up-to-date symlink: /home/g5/dd2419_ws/install/robp_boot_camp_interfaces/include/robp_boot_camp_interfaces/robp_boot_camp_interfaces/msg/detail/ad_converter__type_support.h
-- Up-to-date symlink: /home/g5/dd2419_ws/install/robp_boot_camp_interfaces/include/robp_boot_camp_interfaces/robp_boot_camp_interfaces/msg/rosidl_generator_c__visibility_control.h
-- Up-to-date symlink: /home/g5/dd2419_ws/install/robp_boot_camp_interfaces/share/robp_boot_camp_interfaces/environment/library_path.sh
-- Up-to-date symlink: /home/g5/dd2419_ws/install/robp_boot_camp_interfaces/share/robp_boot_camp_interfaces/environment/library_path.dsv
-- Up-to-date symlink: /home/g5/dd2419_ws/install/robp_boot_camp_interfaces/include/robp_boot_camp_interfaces/robp_boot_camp_interfaces/msg/detail/ad_converter__rosidl_typesupport_fastrtps_c.h
-- Up-to-date symlink: /home/g5/dd2419_ws/install/robp_boot_camp_interfaces/include/robp_boot_camp_interfaces/robp_boot_camp_interfaces/msg/rosidl_typesupport_fastrtps_c__visibility_control.h
-- Up-to-date symlink: /home/g5/dd2419_ws/install/robp_boot_camp_interfaces/include/robp_boot_camp_interfaces/robp_boot_camp_interfaces/msg/detail/ad_converter__rosidl_typesupport_introspection_c.h
-- Up-to-date symlink: /home/g5/dd2419_ws/install/robp_boot_camp_interfaces/include/robp_boot_camp_interfaces/robp_boot_camp_interfaces/msg/rosidl_typesupport_introspection_c__visibility_control.h
-- Up-to-date symlink: /home/g5/dd2419_ws/install/robp_boot_camp_interfaces/include/robp_boot_camp_interfaces/robp_boot_camp_interfaces/msg/ad_converter.hpp
-- Up-to-date symlink: /home/g5/dd2419_ws/install/robp_boot_camp_interfaces/include/robp_boot_camp_interfaces/robp_boot_camp_interfaces/msg/detail/ad_converter__builder.hpp
-- Up-to-date symlink: /home/g5/dd2419_ws/install/robp_boot_camp_interfaces/include/robp_boot_camp_interfaces/robp_boot_camp_interfaces/msg/detail/ad_converter__struct.hpp
-- Up-to-date symlink: /home/g5/dd2419_ws/install/robp_boot_camp_interfaces/include/robp_boot_camp_interfaces/robp_boot_camp_interfaces/msg/detail/ad_converter__traits.hpp
-- Up-to-date symlink: /home/g5/dd2419_ws/install/robp_boot_camp_interfaces/include/robp_boot_camp_interfaces/robp_boot_camp_interfaces/msg/detail/ad_converter__rosidl_typesupport_fastrtps_cpp.hpp
-- Up-to-date symlink: /home/g5/dd2419_ws/install/robp_boot_camp_interfaces/include/robp_boot_camp_interfaces/robp_boot_camp_interfaces/msg/rosidl_typesupport_fastrtps_cpp__visibility_control.h
-- Up-to-date symlink: /home/g5/dd2419_ws/install/robp_boot_camp_interfaces/include/robp_boot_camp_interfaces/robp_boot_camp_interfaces/msg/detail/ad_converter__rosidl_typesupport_introspection_cpp.hpp
-- Up-to-date symlink: /home/g5/dd2419_ws/install/robp_boot_camp_interfaces/share/robp_boot_camp_interfaces/environment/pythonpath.sh
-- Up-to-date symlink: /home/g5/dd2419_ws/install/robp_boot_camp_interfaces/share/robp_boot_camp_interfaces/environment/pythonpath.dsv
-- Up-to-date symlink: /home/g5/dd2419_ws/install/robp_boot_camp_interfaces/local/lib/python3.10/dist-packages/robp_boot_camp_interfaces-1.0.0-py3.10.egg-info/PKG-INFO
-- Up-to-date symlink: /home/g5/dd2419_ws/install/robp_boot_camp_interfaces/local/lib/python3.10/dist-packages/robp_boot_camp_interfaces-1.0.0-py3.10.egg-info/SOURCES.txt
-- Up-to-date symlink: /home/g5/dd2419_ws/install/robp_boot_camp_interfaces/local/lib/python3.10/dist-packages/robp_boot_camp_interfaces-1.0.0-py3.10.egg-info/dependency_links.txt
-- Up-to-date symlink: /home/g5/dd2419_ws/install/robp_boot_camp_interfaces/local/lib/python3.10/dist-packages/robp_boot_camp_interfaces-1.0.0-py3.10.egg-info/top_level.txt
-- Up-to-date symlink: /home/g5/dd2419_ws/install/robp_boot_camp_interfaces/local/lib/python3.10/dist-packages/robp_boot_camp_interfaces/__init__.py
-- Up-to-date symlink: /home/g5/dd2419_ws/install/robp_boot_camp_interfaces/local/lib/python3.10/dist-packages/robp_boot_camp_interfaces/_robp_boot_camp_interfaces_s.ep.rosidl_typesupport_c.c
-- Up-to-date symlink: /home/g5/dd2419_ws/install/robp_boot_camp_interfaces/local/lib/python3.10/dist-packages/robp_boot_camp_interfaces/_robp_boot_camp_interfaces_s.ep.rosidl_typesupport_fastrtps_c.c
-- Up-to-date symlink: /home/g5/dd2419_ws/install/robp_boot_camp_interfaces/local/lib/python3.10/dist-packages/robp_boot_camp_interfaces/_robp_boot_camp_interfaces_s.ep.rosidl_typesupport_introspection_c.c
-- Up-to-date symlink: /home/g5/dd2419_ws/install/robp_boot_camp_interfaces/local/lib/python3.10/dist-packages/robp_boot_camp_interfaces/librobp_boot_camp_interfaces__rosidl_generator_py.so
-- Up-to-date symlink: /home/g5/dd2419_ws/install/robp_boot_camp_interfaces/local/lib/python3.10/dist-packages/robp_boot_camp_interfaces/msg/__init__.py
-- Up-to-date symlink: /home/g5/dd2419_ws/install/robp_boot_camp_interfaces/local/lib/python3.10/dist-packages/robp_boot_camp_interfaces/msg/_ad_converter.py
-- Up-to-date symlink: /home/g5/dd2419_ws/install/robp_boot_camp_interfaces/local/lib/python3.10/dist-packages/robp_boot_camp_interfaces/msg/_ad_converter_s.c
-- Up-to-date symlink: /home/g5/dd2419_ws/install/robp_boot_camp_interfaces/local/lib/python3.10/dist-packages/robp_boot_camp_interfaces/robp_boot_camp_interfaces_s__rosidl_typesupport_c.cpython-310-x86_64-linux-gnu.so
-- Up-to-date symlink: /home/g5/dd2419_ws/install/robp_boot_camp_interfaces/local/lib/python3.10/dist-packages/robp_boot_camp_interfaces/robp_boot_camp_interfaces_s__rosidl_typesupport_fastrtps_c.cpython-310-x86_64-linux-gnu.so
-- Up-to-date symlink: /home/g5/dd2419_ws/install/robp_boot_camp_interfaces/local/lib/python3.10/dist-packages/robp_boot_camp_interfaces/robp_boot_camp_interfaces_s__rosidl_typesupport_introspection_c.cpython-310-x86_64-linux-gnu.so
-- Up-to-date symlink: /home/g5/dd2419_ws/install/robp_boot_camp_interfaces/local/lib/python3.10/dist-packages/robp_boot_camp_interfaces/robp_boot_camp_interfaces_s__rosidl_typesupport_fastrtps_c.cpython-310-x86_64-linux-gnu.so
-- Up-to-date symlink: /home/g5/dd2419_ws/install/robp_boot_camp_interfaces/local/lib/python3.10/dist-packages/robp_boot_camp_interfaces/robp_boot_camp_interfaces_s__rosidl_typesupport_introspection_c.cpython-310-x86_64-linux-gnu.so
-- Up-to-date symlink: /home/g5/dd2419_ws/install/robp_boot_camp_interfaces/local/lib/python3.10/dist-packages/robp_boot_camp_interfaces/robp_boot_camp_interfaces_s__rosidl_typesupport_c.cpython-310-x86_64-linux-gnu.so
-- Up-to-date symlink: /home/g5/dd2419_ws/install/robp_boot_camp_interfaces/share/robp_boot_camp_interfaces/msg/ADConverter.idl
-- Up-to-date symlink: /home/g5/dd2419_ws/install/robp_boot_camp_interfaces/share/robp_boot_camp_interfaces/msg/ADConverter.msg
-- Up-to-date symlink: /home/g5/dd2419_ws/install/robp_boot_camp_interfaces/share/ament_index/resource_index/package_run_dependencies/robp_boot_camp_interfaces
-- Up-to-date symlink: /home/g5/dd2419_ws/install/robp_boot_camp_interfaces/share/ament_index/resource_index/parent_prefix_path/robp_boot_camp_interfaces
-- Up-to-date symlink: /home/g5/dd2419_ws/install/robp_boot_camp_interfaces/share/robp_boot_camp_interfaces/environment/ament_prefix_path.sh
-- Up-to-date symlink: /home/g5/dd2419_ws/install/robp_boot_camp_interfaces/share/robp_boot_camp_interfaces/environment/ament_prefix_path.dsv
-- Up-to-date symlink: /home/g5/dd2419_ws/install/robp_boot_camp_interfaces/share/robp_boot_camp_interfaces/environment/path.sh
-- Up-to-date symlink: /home/g5/dd2419_ws/install/robp_boot_camp_interfaces/share/robp_boot_camp_interfaces/environment/path.dsv
-- Up-to-date symlink: /home/g5/dd2419_ws/install/robp_boot_camp_interfaces/share/robp_boot_camp_interfaces/local_setup.bash
-- Up-to-date symlink: /home/g5/dd2419_ws/install/robp_boot_camp_interfaces/share/robp_boot_camp_interfaces/local_setup.sh
-- Up-to-date symlink: /home/g5/dd2419_ws/install/robp_boot_camp_interfaces/share/robp_boot_camp_interfaces/local_setup.zsh
-- Up-to-date symlink: /home/g5/dd2419_ws/install/robp_boot_camp_interfaces/share/robp_boot_camp_interfaces/local_setup.dsv
-- Symlinking: /home/g5/dd2419_ws/install/robp_boot_camp_interfaces/share/robp_boot_camp_interfaces/package.dsv
-- Up-to-date symlink: /home/g5/dd2419_ws/install/robp_boot_camp_interfaces/share/ament_index/resource_index/packages/robp_boot_camp_interfaces
-- Up-to-date symlink: /home/g5/dd2419_ws/install/robp_boot_camp_interfaces/share/robp_boot_camp_interfaces/cmake/rosidl_cmake-extras.cmake
-- Up-to-date symlink: /home/g5/dd2419_ws/install/robp_boot_camp_interfaces/share/robp_boot_camp_interfaces/cmake/ament_cmake_export_dependencies-extras.cmake
-- Up-to-date symlink: /home/g5/dd2419_ws/install/robp_boot_camp_interfaces/share/robp_boot_camp_interfaces/cmake/ament_cmake_export_include_directories-extras.cmake
-- Up-to-date symlink: /home/g5/dd2419_ws/install/robp_boot_camp_interfaces/share/robp_boot_camp_interfaces/cmake/ament_cmake_export_libraries-extras.cmake
-- Up-to-date symlink: /home/g5/dd2419_ws/install/robp_boot_camp_interfaces/share/robp_boot_camp_interfaces/cmake/ament_cmake_export_targets-extras.cmake
-- Up-to-date symlink: /home/g5/dd2419_ws/install/robp_boot_camp_interfaces/share/robp_boot_camp_interfaces/cmake/rosidl_cmake_export_typesupport_targets-extras.cmake
-- Up-to-date symlink: /home/g5/dd2419_ws/install/robp_boot_camp_interfaces/share/robp_boot_camp_interfaces/cmake/rosidl_cmake_export_typesupport_libraries-extras.cmake
-- Up-to-date symlink: /home/g5/dd2419_ws/install/robp_boot_camp_interfaces/share/robp_boot_camp_interfaces/cmake/robp_boot_camp_interfacesConfig.cmake
-- Up-to-date symlink: /home/g5/dd2419_ws/install/robp_boot_camp_interfaces/share/robp_boot_camp_interfaces/cmake/robp_boot_camp_interfacesConfig-version.cmake
-- Up-to-date symlink: /home/g5/dd2419_ws/install/robp_boot_camp_interfaces/share/robp_boot_camp_interfaces/package.xml
-- Up-to-date: /home/g5/dd2419_ws/install/robp_boot_camp_interfaces/lib/librobp_boot_camp_interfaces__rosidl_generator_c.so
-- Up-to-date: /home/g5/dd2419_ws/install/robp_boot_camp_interfaces/lib/librobp_boot_camp_interfaces__rosidl_typesupport_fastrtps_c.so
-- Up-to-date: /home/g5/dd2419_ws/install/robp_boot_camp_interfaces/lib/librobp_boot_camp_interfaces__rosidl_typesupport_introspection_c.so
-- Up-to-date: /home/g5/dd2419_ws/install/robp_boot_camp_interfaces/lib/librobp_boot_camp_interfaces__rosidl_typesupport_c.so
-- Up-to-date: /home/g5/dd2419_ws/install/robp_boot_camp_interfaces/lib/librobp_boot_camp_interfaces__rosidl_typesupport_fastrtps_cpp.so
-- Up-to-date: /home/g5/dd2419_ws/install/robp_boot_camp_interfaces/lib/librobp_boot_camp_interfaces__rosidl_typesupport_introspection_cpp.so
-- Up-to-date: /home/g5/dd2419_ws/install/robp_boot_camp_interfaces/lib/librobp_boot_camp_interfaces__rosidl_typesupport_cpp.so
Listing '/home/g5/dd2419_ws/install/robp_boot_camp_interfaces/local/lib/python3.10/dist-packages/robp_boot_camp_interfaces'...
Listing '/home/g5/dd2419_ws/install/robp_boot_camp_interfaces/local/lib/python3.10/dist-packages/robp_boot_camp_interfaces/msg'...
-- Up-to-date: /home/g5/dd2419_ws/install/robp_boot_camp_interfaces/lib/librobp_boot_camp_interfaces__rosidl_generator_py.so
-- Up-to-date: /home/g5/dd2419_ws/install/robp_boot_camp_interfaces/share/robp_boot_camp_interfaces/cmake/export_robp_boot_camp_interfaces__rosidl_generator_cExport.cmake
-- Up-to-date: /home/g5/dd2419_ws/install/robp_boot_camp_interfaces/share/robp_boot_camp_interfaces/cmake/export_robp_boot_camp_interfaces__rosidl_generator_cExport-noconfig.cmake
-- Up-to-date: /home/g5/dd2419_ws/install/robp_boot_camp_interfaces/share/robp_boot_camp_interfaces/cmake/export_robp_boot_camp_interfaces__rosidl_typesupport_fastrtps_cExport.cmake
-- Up-to-date: /home/g5/dd2419_ws/install/robp_boot_camp_interfaces/share/robp_boot_camp_interfaces/cmake/export_robp_boot_camp_interfaces__rosidl_typesupport_fastrtps_cExport-noconfig.cmake
-- Up-to-date: /home/g5/dd2419_ws/install/robp_boot_camp_interfaces/share/robp_boot_camp_interfaces/cmake/robp_boot_camp_interfaces__rosidl_typesupport_introspection_cExport.cmake
-- Up-to-date: /home/g5/dd2419_ws/install/robp_boot_camp_interfaces/share/robp_boot_camp_interfaces/cmake/robp_boot_camp_interfaces__rosidl_typesupport_introspection_cExport-noconfig.cmake
-- Up-to-date: /home/g5/dd2419_ws/install/robp_boot_camp_interfaces/share/robp_boot_camp_interfaces/cmake/robp_boot_camp_interfaces__rosidl_typesupport_cExport.cmake
-- Up-to-date: /home/g5/dd2419_ws/install/robp_boot_camp_interfaces/share/robp_boot_camp_interfaces/cmake/robp_boot_camp_interfaces__rosidl_typesupport_cExport-noconfig.cmake
-- Up-to-date: /home/g5/dd2419_ws/install/robp_boot_camp_interfaces/share/robp_boot_camp_interfaces/cmake/export_robp_boot_camp_interfaces__rosidl_generator_cppExport.cmake
-- Up-to-date: /home/g5/dd2419_ws/install/robp_boot_camp_interfaces/share/robp_boot_camp_interfaces/cmake/export_robp_boot_camp_interfaces__rosidl_typesupport_fastrtps_cppExport.cmake
-- Up-to-date: /home/g5/dd2419_ws/install/robp_boot_camp_interfaces/share/robp_boot_camp_interfaces/cmake/export_robp_boot_camp_interfaces__rosidl_typesupport_fastrtps_cppExport-noconfig.cmake
-- Up-to-date: /home/g5/dd2419_ws/install/robp_boot_camp_interfaces/share/robp_boot_camp_interfaces/cmake/robp_boot_camp_interfaces__rosidl_typesupport_introspection_cppExport.cmake
-- Up-to-date: /home/g5/dd2419_ws/install/robp_boot_camp_interfaces/share/robp_boot_camp_interfaces/cmake/robp_boot_camp_interfaces__rosidl_typesupport_introspection_cppExport-noconfig.cmake
-- Up-to-date: /home/g5/dd2419_ws/install/robp_boot_camp_interfaces/share/robp_boot_camp_interfaces/cmake/robp_boot_camp_interfaces__rosidl_typesupport_cppExport.cmake
-- Up-to-date: /home/g5/dd2419_ws/install/robp_boot_camp_interfaces/share/robp_boot_camp_interfaces/cmake/robp_boot_camp_interfaces__rosidl_typesupport_cppExport-noconfig.cmake
-- Up-to-date: /home/g5/dd2419_ws/install/robp_boot_camp_interfaces/share/robp_boot_camp_interfaces/cmake/export_robp_boot_camp_interfaces__rosidl_generator_pyExport.cmake
-- Up-to-date: /home/g5/dd2419_ws/install/robp_boot_camp_interfaces/share/robp_boot_camp_interfaces/cmake/export_robp_boot_camp_interfaces__rosidl_generator_pyExport-noconfig.cmake
