[0.616s] Invoking command in '/home/g5/dd2419_ws/build/robp_boot_camp_interfaces': CMAKE_PREFIX_PATH=${CMAKE_PREFIX_PATH}:/home/g5/dd2419_ws/install/robp_launch:/home/g5/dd2419_ws/install/robp_boot_camp_launch:/home/g5/dd2419_ws/install/odometry:/home/g5/dd2419_ws/install/controller:/home/g5/dd2419_ws/install/control:/home/g5/dd2419_ws/install/arm:/home/g5/dd2419_ws/install/planning:/home/g5/dd2419_ws/install/kobuki_description:/home/g5/dd2419_ws/install/display_markers:/home/g5/dd2419_ws/install/detection:/home/g5/dd2419_ws/install/arm_servos_pubs_subs:/opt/ros/humble /usr/bin/cmake --build /home/g5/dd2419_ws/build/robp_boot_camp_interfaces -- -j8 -l8
[0.726s] [35m[1mConsolidate compiler generated dependencies of target robp_boot_camp_interfaces__rosidl_generator_c[0m
[0.747s] [  3%] Built target robp_boot_camp_interfaces__cpp
[0.776s] [ 12%] Built target robp_boot_camp_interfaces__rosidl_generator_c
[0.789s] [35m[1mConsolidate compiler generated dependencies of target robp_boot_camp_interfaces__rosidl_typesupport_fastrtps_cpp[0m
[0.793s] [35m[1mConsolidate compiler generated dependencies of target robp_boot_camp_interfaces__rosidl_typesupport_introspection_cpp[0m
[0.809s] [ 12%] Built target ament_cmake_python_symlink_robp_boot_camp_interfaces
[0.813s] [35m[1mConsolidate compiler generated dependencies of target robp_boot_camp_interfaces__rosidl_typesupport_cpp[0m
[0.839s] [35m[1mConsolidate compiler generated dependencies of target robp_boot_camp_interfaces__rosidl_typesupport_fastrtps_c[0m
[0.851s] [35m[1mConsolidate compiler generated dependencies of target robp_boot_camp_interfaces__rosidl_typesupport_c[0m
[0.874s] [35m[1mConsolidate compiler generated dependencies of target robp_boot_camp_interfaces__rosidl_typesupport_introspection_c[0m
[0.913s] [ 22%] Built target robp_boot_camp_interfaces__rosidl_typesupport_introspection_cpp
[0.917s] [ 32%] Built target robp_boot_camp_interfaces__rosidl_typesupport_fastrtps_cpp
[0.973s] [ 41%] Built target robp_boot_camp_interfaces__rosidl_typesupport_c
[0.993s] [ 51%] Built target robp_boot_camp_interfaces__rosidl_typesupport_fastrtps_c
[1.002s] [ 61%] Built target robp_boot_camp_interfaces__rosidl_typesupport_cpp
[1.016s] [ 70%] Built target robp_boot_camp_interfaces__rosidl_typesupport_introspection_c
[1.141s] [ 70%] Built target robp_boot_camp_interfaces
[1.197s] [ 74%] Built target robp_boot_camp_interfaces__py
[1.222s] [35m[1mConsolidate compiler generated dependencies of target robp_boot_camp_interfaces__rosidl_generator_py[0m
[1.295s] [ 80%] Built target robp_boot_camp_interfaces__rosidl_generator_py
[1.344s] [35m[1mConsolidate compiler generated dependencies of target robp_boot_camp_interfaces__rosidl_typesupport_introspection_c__pyext[0m
[1.373s] [35m[1mConsolidate compiler generated dependencies of target robp_boot_camp_interfaces__rosidl_typesupport_fastrtps_c__pyext[0m
[1.375s] [35m[1mConsolidate compiler generated dependencies of target robp_boot_camp_interfaces__rosidl_typesupport_c__pyext[0m
[1.410s] [ 87%] Built target robp_boot_camp_interfaces__rosidl_typesupport_introspection_c__pyext
[1.425s] [ 93%] Built target robp_boot_camp_interfaces__rosidl_typesupport_fastrtps_c__pyext
[1.443s] [100%] Built target robp_boot_camp_interfaces__rosidl_typesupport_c__pyext
[1.597s] running egg_info
[1.599s] writing robp_boot_camp_interfaces.egg-info/PKG-INFO
[1.599s] writing dependency_links to robp_boot_camp_interfaces.egg-info/dependency_links.txt
[1.599s] writing top-level names to robp_boot_camp_interfaces.egg-info/top_level.txt
[1.604s] reading manifest file 'robp_boot_camp_interfaces.egg-info/SOURCES.txt'
[1.605s] writing manifest file 'robp_boot_camp_interfaces.egg-info/SOURCES.txt'
[1.638s] [100%] Built target ament_cmake_python_build_robp_boot_camp_interfaces_egg
[1.934s] Invoked command in '/home/g5/dd2419_ws/build/robp_boot_camp_interfaces' returned '0': CMAKE_PREFIX_PATH=${CMAKE_PREFIX_PATH}:/home/g5/dd2419_ws/install/robp_launch:/home/g5/dd2419_ws/install/robp_boot_camp_launch:/home/g5/dd2419_ws/install/odometry:/home/g5/dd2419_ws/install/controller:/home/g5/dd2419_ws/install/control:/home/g5/dd2419_ws/install/arm:/home/g5/dd2419_ws/install/planning:/home/g5/dd2419_ws/install/kobuki_description:/home/g5/dd2419_ws/install/display_markers:/home/g5/dd2419_ws/install/detection:/home/g5/dd2419_ws/install/arm_servos_pubs_subs:/opt/ros/humble /usr/bin/cmake --build /home/g5/dd2419_ws/build/robp_boot_camp_interfaces -- -j8 -l8
[2.481s] Invoking command in '/home/g5/dd2419_ws/build/robp_boot_camp_interfaces': CMAKE_PREFIX_PATH=${CMAKE_PREFIX_PATH}:/home/g5/dd2419_ws/install/robp_launch:/home/g5/dd2419_ws/install/robp_boot_camp_launch:/home/g5/dd2419_ws/install/odometry:/home/g5/dd2419_ws/install/controller:/home/g5/dd2419_ws/install/control:/home/g5/dd2419_ws/install/arm:/home/g5/dd2419_ws/install/planning:/home/g5/dd2419_ws/install/kobuki_description:/home/g5/dd2419_ws/install/display_markers:/home/g5/dd2419_ws/install/detection:/home/g5/dd2419_ws/install/arm_servos_pubs_subs:/opt/ros/humble /usr/bin/cmake --install /home/g5/dd2419_ws/build/robp_boot_camp_interfaces
[3.034s] -- Install configuration: ""
[3.034s] -- Execute custom install script
[3.034s] -- Up-to-date symlink: /home/g5/dd2419_ws/install/robp_boot_camp_interfaces/share/ament_index/resource_index/rosidl_interfaces/robp_boot_camp_interfaces
[3.034s] -- Up-to-date symlink: /home/g5/dd2419_ws/install/robp_boot_camp_interfaces/include/robp_boot_camp_interfaces/robp_boot_camp_interfaces/msg/ad_converter.h
[3.034s] -- Up-to-date symlink: /home/g5/dd2419_ws/install/robp_boot_camp_interfaces/include/robp_boot_camp_interfaces/robp_boot_camp_interfaces/msg/detail/ad_converter__functions.h
[3.035s] -- Up-to-date symlink: /home/g5/dd2419_ws/install/robp_boot_camp_interfaces/include/robp_boot_camp_interfaces/robp_boot_camp_interfaces/msg/detail/ad_converter__struct.h
[3.035s] -- Up-to-date symlink: /home/g5/dd2419_ws/install/robp_boot_camp_interfaces/include/robp_boot_camp_interfaces/robp_boot_camp_interfaces/msg/detail/ad_converter__type_support.h
[3.035s] -- Up-to-date symlink: /home/g5/dd2419_ws/install/robp_boot_camp_interfaces/include/robp_boot_camp_interfaces/robp_boot_camp_interfaces/msg/rosidl_generator_c__visibility_control.h
[3.035s] -- Up-to-date symlink: /home/g5/dd2419_ws/install/robp_boot_camp_interfaces/share/robp_boot_camp_interfaces/environment/library_path.sh
[3.035s] -- Up-to-date symlink: /home/g5/dd2419_ws/install/robp_boot_camp_interfaces/share/robp_boot_camp_interfaces/environment/library_path.dsv
[3.035s] -- Up-to-date symlink: /home/g5/dd2419_ws/install/robp_boot_camp_interfaces/include/robp_boot_camp_interfaces/robp_boot_camp_interfaces/msg/detail/ad_converter__rosidl_typesupport_fastrtps_c.h
[3.035s] -- Up-to-date symlink: /home/g5/dd2419_ws/install/robp_boot_camp_interfaces/include/robp_boot_camp_interfaces/robp_boot_camp_interfaces/msg/rosidl_typesupport_fastrtps_c__visibility_control.h
[3.035s] -- Up-to-date symlink: /home/g5/dd2419_ws/install/robp_boot_camp_interfaces/include/robp_boot_camp_interfaces/robp_boot_camp_interfaces/msg/detail/ad_converter__rosidl_typesupport_introspection_c.h
[3.035s] -- Up-to-date symlink: /home/g5/dd2419_ws/install/robp_boot_camp_interfaces/include/robp_boot_camp_interfaces/robp_boot_camp_interfaces/msg/rosidl_typesupport_introspection_c__visibility_control.h
[3.036s] -- Up-to-date symlink: /home/g5/dd2419_ws/install/robp_boot_camp_interfaces/include/robp_boot_camp_interfaces/robp_boot_camp_interfaces/msg/ad_converter.hpp
[3.036s] -- Up-to-date symlink: /home/g5/dd2419_ws/install/robp_boot_camp_interfaces/include/robp_boot_camp_interfaces/robp_boot_camp_interfaces/msg/detail/ad_converter__builder.hpp
[3.036s] -- Up-to-date symlink: /home/g5/dd2419_ws/install/robp_boot_camp_interfaces/include/robp_boot_camp_interfaces/robp_boot_camp_interfaces/msg/detail/ad_converter__struct.hpp
[3.036s] -- Up-to-date symlink: /home/g5/dd2419_ws/install/robp_boot_camp_interfaces/include/robp_boot_camp_interfaces/robp_boot_camp_interfaces/msg/detail/ad_converter__traits.hpp
[3.036s] -- Up-to-date symlink: /home/g5/dd2419_ws/install/robp_boot_camp_interfaces/include/robp_boot_camp_interfaces/robp_boot_camp_interfaces/msg/detail/ad_converter__rosidl_typesupport_fastrtps_cpp.hpp
[3.036s] -- Up-to-date symlink: /home/g5/dd2419_ws/install/robp_boot_camp_interfaces/include/robp_boot_camp_interfaces/robp_boot_camp_interfaces/msg/rosidl_typesupport_fastrtps_cpp__visibility_control.h
[3.036s] -- Up-to-date symlink: /home/g5/dd2419_ws/install/robp_boot_camp_interfaces/include/robp_boot_camp_interfaces/robp_boot_camp_interfaces/msg/detail/ad_converter__rosidl_typesupport_introspection_cpp.hpp
[3.036s] -- Up-to-date symlink: /home/g5/dd2419_ws/install/robp_boot_camp_interfaces/share/robp_boot_camp_interfaces/environment/pythonpath.sh
[3.036s] -- Up-to-date symlink: /home/g5/dd2419_ws/install/robp_boot_camp_interfaces/share/robp_boot_camp_interfaces/environment/pythonpath.dsv
[3.036s] -- Up-to-date symlink: /home/g5/dd2419_ws/install/robp_boot_camp_interfaces/local/lib/python3.10/dist-packages/robp_boot_camp_interfaces-1.0.0-py3.10.egg-info/PKG-INFO
[3.037s] -- Up-to-date symlink: /home/g5/dd2419_ws/install/robp_boot_camp_interfaces/local/lib/python3.10/dist-packages/robp_boot_camp_interfaces-1.0.0-py3.10.egg-info/SOURCES.txt
[3.037s] -- Up-to-date symlink: /home/g5/dd2419_ws/install/robp_boot_camp_interfaces/local/lib/python3.10/dist-packages/robp_boot_camp_interfaces-1.0.0-py3.10.egg-info/dependency_links.txt
[3.037s] -- Up-to-date symlink: /home/g5/dd2419_ws/install/robp_boot_camp_interfaces/local/lib/python3.10/dist-packages/robp_boot_camp_interfaces-1.0.0-py3.10.egg-info/top_level.txt
[3.037s] -- Up-to-date symlink: /home/g5/dd2419_ws/install/robp_boot_camp_interfaces/local/lib/python3.10/dist-packages/robp_boot_camp_interfaces/__init__.py
[3.037s] -- Up-to-date symlink: /home/g5/dd2419_ws/install/robp_boot_camp_interfaces/local/lib/python3.10/dist-packages/robp_boot_camp_interfaces/_robp_boot_camp_interfaces_s.ep.rosidl_typesupport_c.c
[3.037s] -- Up-to-date symlink: /home/g5/dd2419_ws/install/robp_boot_camp_interfaces/local/lib/python3.10/dist-packages/robp_boot_camp_interfaces/_robp_boot_camp_interfaces_s.ep.rosidl_typesupport_fastrtps_c.c
[3.037s] -- Up-to-date symlink: /home/g5/dd2419_ws/install/robp_boot_camp_interfaces/local/lib/python3.10/dist-packages/robp_boot_camp_interfaces/_robp_boot_camp_interfaces_s.ep.rosidl_typesupport_introspection_c.c
[3.037s] -- Up-to-date symlink: /home/g5/dd2419_ws/install/robp_boot_camp_interfaces/local/lib/python3.10/dist-packages/robp_boot_camp_interfaces/librobp_boot_camp_interfaces__rosidl_generator_py.so
[3.037s] -- Up-to-date symlink: /home/g5/dd2419_ws/install/robp_boot_camp_interfaces/local/lib/python3.10/dist-packages/robp_boot_camp_interfaces/msg/__init__.py
[3.038s] -- Up-to-date symlink: /home/g5/dd2419_ws/install/robp_boot_camp_interfaces/local/lib/python3.10/dist-packages/robp_boot_camp_interfaces/msg/_ad_converter.py
[3.038s] -- Up-to-date symlink: /home/g5/dd2419_ws/install/robp_boot_camp_interfaces/local/lib/python3.10/dist-packages/robp_boot_camp_interfaces/msg/_ad_converter_s.c
[3.038s] -- Up-to-date symlink: /home/g5/dd2419_ws/install/robp_boot_camp_interfaces/local/lib/python3.10/dist-packages/robp_boot_camp_interfaces/robp_boot_camp_interfaces_s__rosidl_typesupport_c.cpython-310-x86_64-linux-gnu.so
[3.038s] -- Up-to-date symlink: /home/g5/dd2419_ws/install/robp_boot_camp_interfaces/local/lib/python3.10/dist-packages/robp_boot_camp_interfaces/robp_boot_camp_interfaces_s__rosidl_typesupport_fastrtps_c.cpython-310-x86_64-linux-gnu.so
[3.038s] -- Up-to-date symlink: /home/g5/dd2419_ws/install/robp_boot_camp_interfaces/local/lib/python3.10/dist-packages/robp_boot_camp_interfaces/robp_boot_camp_interfaces_s__rosidl_typesupport_introspection_c.cpython-310-x86_64-linux-gnu.so
[3.038s] -- Up-to-date symlink: /home/g5/dd2419_ws/install/robp_boot_camp_interfaces/local/lib/python3.10/dist-packages/robp_boot_camp_interfaces/robp_boot_camp_interfaces_s__rosidl_typesupport_fastrtps_c.cpython-310-x86_64-linux-gnu.so
[3.038s] -- Up-to-date symlink: /home/g5/dd2419_ws/install/robp_boot_camp_interfaces/local/lib/python3.10/dist-packages/robp_boot_camp_interfaces/robp_boot_camp_interfaces_s__rosidl_typesupport_introspection_c.cpython-310-x86_64-linux-gnu.so
[3.038s] -- Up-to-date symlink: /home/g5/dd2419_ws/install/robp_boot_camp_interfaces/local/lib/python3.10/dist-packages/robp_boot_camp_interfaces/robp_boot_camp_interfaces_s__rosidl_typesupport_c.cpython-310-x86_64-linux-gnu.so
[3.038s] -- Up-to-date symlink: /home/g5/dd2419_ws/install/robp_boot_camp_interfaces/share/robp_boot_camp_interfaces/msg/ADConverter.idl
[3.038s] -- Up-to-date symlink: /home/g5/dd2419_ws/install/robp_boot_camp_interfaces/share/robp_boot_camp_interfaces/msg/ADConverter.msg
[3.039s] -- Up-to-date symlink: /home/g5/dd2419_ws/install/robp_boot_camp_interfaces/share/ament_index/resource_index/package_run_dependencies/robp_boot_camp_interfaces
[3.039s] -- Up-to-date symlink: /home/g5/dd2419_ws/install/robp_boot_camp_interfaces/share/ament_index/resource_index/parent_prefix_path/robp_boot_camp_interfaces
[3.039s] -- Up-to-date symlink: /home/g5/dd2419_ws/install/robp_boot_camp_interfaces/share/robp_boot_camp_interfaces/environment/ament_prefix_path.sh
[3.039s] -- Up-to-date symlink: /home/g5/dd2419_ws/install/robp_boot_camp_interfaces/share/robp_boot_camp_interfaces/environment/ament_prefix_path.dsv
[3.039s] -- Up-to-date symlink: /home/g5/dd2419_ws/install/robp_boot_camp_interfaces/share/robp_boot_camp_interfaces/environment/path.sh
[3.039s] -- Up-to-date symlink: /home/g5/dd2419_ws/install/robp_boot_camp_interfaces/share/robp_boot_camp_interfaces/environment/path.dsv
[3.039s] -- Up-to-date symlink: /home/g5/dd2419_ws/install/robp_boot_camp_interfaces/share/robp_boot_camp_interfaces/local_setup.bash
[3.039s] -- Up-to-date symlink: /home/g5/dd2419_ws/install/robp_boot_camp_interfaces/share/robp_boot_camp_interfaces/local_setup.sh
[3.039s] -- Up-to-date symlink: /home/g5/dd2419_ws/install/robp_boot_camp_interfaces/share/robp_boot_camp_interfaces/local_setup.zsh
[3.039s] -- Up-to-date symlink: /home/g5/dd2419_ws/install/robp_boot_camp_interfaces/share/robp_boot_camp_interfaces/local_setup.dsv
[3.040s] -- Symlinking: /home/g5/dd2419_ws/install/robp_boot_camp_interfaces/share/robp_boot_camp_interfaces/package.dsv
[3.040s] -- Up-to-date symlink: /home/g5/dd2419_ws/install/robp_boot_camp_interfaces/share/ament_index/resource_index/packages/robp_boot_camp_interfaces
[3.040s] -- Up-to-date symlink: /home/g5/dd2419_ws/install/robp_boot_camp_interfaces/share/robp_boot_camp_interfaces/cmake/rosidl_cmake-extras.cmake
[3.040s] -- Up-to-date symlink: /home/g5/dd2419_ws/install/robp_boot_camp_interfaces/share/robp_boot_camp_interfaces/cmake/ament_cmake_export_dependencies-extras.cmake
[3.040s] -- Up-to-date symlink: /home/g5/dd2419_ws/install/robp_boot_camp_interfaces/share/robp_boot_camp_interfaces/cmake/ament_cmake_export_include_directories-extras.cmake
[3.040s] -- Up-to-date symlink: /home/g5/dd2419_ws/install/robp_boot_camp_interfaces/share/robp_boot_camp_interfaces/cmake/ament_cmake_export_libraries-extras.cmake
[3.040s] -- Up-to-date symlink: /home/g5/dd2419_ws/install/robp_boot_camp_interfaces/share/robp_boot_camp_interfaces/cmake/ament_cmake_export_targets-extras.cmake
[3.040s] -- Up-to-date symlink: /home/g5/dd2419_ws/install/robp_boot_camp_interfaces/share/robp_boot_camp_interfaces/cmake/rosidl_cmake_export_typesupport_targets-extras.cmake
[3.041s] -- Up-to-date symlink: /home/g5/dd2419_ws/install/robp_boot_camp_interfaces/share/robp_boot_camp_interfaces/cmake/rosidl_cmake_export_typesupport_libraries-extras.cmake
[3.041s] -- Up-to-date symlink: /home/g5/dd2419_ws/install/robp_boot_camp_interfaces/share/robp_boot_camp_interfaces/cmake/robp_boot_camp_interfacesConfig.cmake
[3.041s] -- Up-to-date symlink: /home/g5/dd2419_ws/install/robp_boot_camp_interfaces/share/robp_boot_camp_interfaces/cmake/robp_boot_camp_interfacesConfig-version.cmake
[3.041s] -- Up-to-date symlink: /home/g5/dd2419_ws/install/robp_boot_camp_interfaces/share/robp_boot_camp_interfaces/package.xml
[3.041s] -- Up-to-date: /home/g5/dd2419_ws/install/robp_boot_camp_interfaces/lib/librobp_boot_camp_interfaces__rosidl_generator_c.so
[3.041s] -- Up-to-date: /home/g5/dd2419_ws/install/robp_boot_camp_interfaces/lib/librobp_boot_camp_interfaces__rosidl_typesupport_fastrtps_c.so
[3.041s] -- Up-to-date: /home/g5/dd2419_ws/install/robp_boot_camp_interfaces/lib/librobp_boot_camp_interfaces__rosidl_typesupport_introspection_c.so
[3.041s] -- Up-to-date: /home/g5/dd2419_ws/install/robp_boot_camp_interfaces/lib/librobp_boot_camp_interfaces__rosidl_typesupport_c.so
[3.041s] -- Up-to-date: /home/g5/dd2419_ws/install/robp_boot_camp_interfaces/lib/librobp_boot_camp_interfaces__rosidl_typesupport_fastrtps_cpp.so
[3.042s] -- Up-to-date: /home/g5/dd2419_ws/install/robp_boot_camp_interfaces/lib/librobp_boot_camp_interfaces__rosidl_typesupport_introspection_cpp.so
[3.042s] -- Up-to-date: /home/g5/dd2419_ws/install/robp_boot_camp_interfaces/lib/librobp_boot_camp_interfaces__rosidl_typesupport_cpp.so
[3.042s] Listing '/home/g5/dd2419_ws/install/robp_boot_camp_interfaces/local/lib/python3.10/dist-packages/robp_boot_camp_interfaces'...
[3.042s] Listing '/home/g5/dd2419_ws/install/robp_boot_camp_interfaces/local/lib/python3.10/dist-packages/robp_boot_camp_interfaces/msg'...
[3.042s] -- Up-to-date: /home/g5/dd2419_ws/install/robp_boot_camp_interfaces/lib/librobp_boot_camp_interfaces__rosidl_generator_py.so
[3.042s] -- Up-to-date: /home/g5/dd2419_ws/install/robp_boot_camp_interfaces/share/robp_boot_camp_interfaces/cmake/export_robp_boot_camp_interfaces__rosidl_generator_cExport.cmake
[3.042s] -- Up-to-date: /home/g5/dd2419_ws/install/robp_boot_camp_interfaces/share/robp_boot_camp_interfaces/cmake/export_robp_boot_camp_interfaces__rosidl_generator_cExport-noconfig.cmake
[3.042s] -- Up-to-date: /home/g5/dd2419_ws/install/robp_boot_camp_interfaces/share/robp_boot_camp_interfaces/cmake/export_robp_boot_camp_interfaces__rosidl_typesupport_fastrtps_cExport.cmake
[3.042s] -- Up-to-date: /home/g5/dd2419_ws/install/robp_boot_camp_interfaces/share/robp_boot_camp_interfaces/cmake/export_robp_boot_camp_interfaces__rosidl_typesupport_fastrtps_cExport-noconfig.cmake
[3.042s] -- Up-to-date: /home/g5/dd2419_ws/install/robp_boot_camp_interfaces/share/robp_boot_camp_interfaces/cmake/robp_boot_camp_interfaces__rosidl_typesupport_introspection_cExport.cmake
[3.043s] -- Up-to-date: /home/g5/dd2419_ws/install/robp_boot_camp_interfaces/share/robp_boot_camp_interfaces/cmake/robp_boot_camp_interfaces__rosidl_typesupport_introspection_cExport-noconfig.cmake
[3.043s] -- Up-to-date: /home/g5/dd2419_ws/install/robp_boot_camp_interfaces/share/robp_boot_camp_interfaces/cmake/robp_boot_camp_interfaces__rosidl_typesupport_cExport.cmake
[3.043s] -- Up-to-date: /home/g5/dd2419_ws/install/robp_boot_camp_interfaces/share/robp_boot_camp_interfaces/cmake/robp_boot_camp_interfaces__rosidl_typesupport_cExport-noconfig.cmake
[3.043s] -- Up-to-date: /home/g5/dd2419_ws/install/robp_boot_camp_interfaces/share/robp_boot_camp_interfaces/cmake/export_robp_boot_camp_interfaces__rosidl_generator_cppExport.cmake
[3.043s] -- Up-to-date: /home/g5/dd2419_ws/install/robp_boot_camp_interfaces/share/robp_boot_camp_interfaces/cmake/export_robp_boot_camp_interfaces__rosidl_typesupport_fastrtps_cppExport.cmake
[3.043s] -- Up-to-date: /home/g5/dd2419_ws/install/robp_boot_camp_interfaces/share/robp_boot_camp_interfaces/cmake/export_robp_boot_camp_interfaces__rosidl_typesupport_fastrtps_cppExport-noconfig.cmake
[3.043s] -- Up-to-date: /home/g5/dd2419_ws/install/robp_boot_camp_interfaces/share/robp_boot_camp_interfaces/cmake/robp_boot_camp_interfaces__rosidl_typesupport_introspection_cppExport.cmake
[3.043s] -- Up-to-date: /home/g5/dd2419_ws/install/robp_boot_camp_interfaces/share/robp_boot_camp_interfaces/cmake/robp_boot_camp_interfaces__rosidl_typesupport_introspection_cppExport-noconfig.cmake
[3.043s] -- Up-to-date: /home/g5/dd2419_ws/install/robp_boot_camp_interfaces/share/robp_boot_camp_interfaces/cmake/robp_boot_camp_interfaces__rosidl_typesupport_cppExport.cmake
[3.043s] -- Up-to-date: /home/g5/dd2419_ws/install/robp_boot_camp_interfaces/share/robp_boot_camp_interfaces/cmake/robp_boot_camp_interfaces__rosidl_typesupport_cppExport-noconfig.cmake
[3.044s] -- Up-to-date: /home/g5/dd2419_ws/install/robp_boot_camp_interfaces/share/robp_boot_camp_interfaces/cmake/export_robp_boot_camp_interfaces__rosidl_generator_pyExport.cmake
[3.044s] -- Up-to-date: /home/g5/dd2419_ws/install/robp_boot_camp_interfaces/share/robp_boot_camp_interfaces/cmake/export_robp_boot_camp_interfaces__rosidl_generator_pyExport-noconfig.cmake
[4.042s] Invoked command in '/home/g5/dd2419_ws/build/robp_boot_camp_interfaces' returned '0': CMAKE_PREFIX_PATH=${CMAKE_PREFIX_PATH}:/home/g5/dd2419_ws/install/robp_launch:/home/g5/dd2419_ws/install/robp_boot_camp_launch:/home/g5/dd2419_ws/install/odometry:/home/g5/dd2419_ws/install/controller:/home/g5/dd2419_ws/install/control:/home/g5/dd2419_ws/install/arm:/home/g5/dd2419_ws/install/planning:/home/g5/dd2419_ws/install/kobuki_description:/home/g5/dd2419_ws/install/display_markers:/home/g5/dd2419_ws/install/detection:/home/g5/dd2419_ws/install/arm_servos_pubs_subs:/opt/ros/humble /usr/bin/cmake --install /home/g5/dd2419_ws/build/robp_boot_camp_interfaces
