[35m[1mConsolidate compiler generated dependencies of target topic_tools_interfaces__rosidl_generator_c[0m
[  0%] Built target ament_cmake_python_symlink_topic_tools_interfaces
[  1%] Built target topic_tools_interfaces__cpp
[ 12%] Built target topic_tools_interfaces__rosidl_generator_c
[35m[1mConsolidate compiler generated dependencies of target topic_tools_interfaces__rosidl_typesupport_fastrtps_cpp[0m
[35m[1mConsolidate compiler generated dependencies of target topic_tools_interfaces__rosidl_typesupport_introspection_cpp[0m
[35m[1mConsolidate compiler generated dependencies of target topic_tools_interfaces__rosidl_typesupport_cpp[0m
[ 23%] Built target topic_tools_interfaces__rosidl_typesupport_fastrtps_cpp
[ 34%] Built target topic_tools_interfaces__rosidl_typesupport_introspection_cpp
[35m[1mConsolidate compiler generated dependencies of target topic_tools_interfaces__rosidl_typesupport_introspection_c[0m
[ 45%] Built target topic_tools_interfaces__rosidl_typesupport_cpp
[ 56%] Built target topic_tools_interfaces__rosidl_typesupport_introspection_c
[35m[1mConsolidate compiler generated dependencies of target topic_tools_interfaces__rosidl_typesupport_fastrtps_c[0m
[35m[1mConsolidate compiler generated dependencies of target topic_tools_interfaces__rosidl_typesupport_c[0m
[ 67%] Built target topic_tools_interfaces__rosidl_typesupport_fastrtps_c
[ 78%] Built target topic_tools_interfaces__rosidl_typesupport_c
[ 78%] Built target topic_tools_interfaces
[ 80%] Built target topic_tools_interfaces__py
[35m[1mConsolidate compiler generated dependencies of target topic_tools_interfaces__rosidl_generator_py[0m
[ 89%] Built target topic_tools_interfaces__rosidl_generator_py
[35m[1mConsolidate compiler generated dependencies of target topic_tools_interfaces__rosidl_typesupport_c__pyext[0m
[35m[1mConsolidate compiler generated dependencies of target topic_tools_interfaces__rosidl_typesupport_fastrtps_c__pyext[0m
[35m[1mConsolidate compiler generated dependencies of target topic_tools_interfaces__rosidl_typesupport_introspection_c__pyext[0m
[ 92%] Built target topic_tools_interfaces__rosidl_typesupport_c__pyext
[ 96%] Built target topic_tools_interfaces__rosidl_typesupport_introspection_c__pyext
[100%] Built target topic_tools_interfaces__rosidl_typesupport_fastrtps_c__pyext
running egg_info
writing topic_tools_interfaces.egg-info/PKG-INFO
writing dependency_links to topic_tools_interfaces.egg-info/dependency_links.txt
writing top-level names to topic_tools_interfaces.egg-info/top_level.txt
reading manifest file 'topic_tools_interfaces.egg-info/SOURCES.txt'
writing manifest file 'topic_tools_interfaces.egg-info/SOURCES.txt'
[100%] Built target ament_cmake_python_build_topic_tools_interfaces_egg
-- Install configuration: ""
-- Execute custom install script
-- Up-to-date symlink: /home/g5/dd2419_ws/install/topic_tools_interfaces/share/ament_index/resource_index/rosidl_interfaces/topic_tools_interfaces
-- Up-to-date symlink: /home/g5/dd2419_ws/install/topic_tools_interfaces/include/topic_tools_interfaces/topic_tools_interfaces/msg/rosidl_generator_c__visibility_control.h
-- Up-to-date symlink: /home/g5/dd2419_ws/install/topic_tools_interfaces/include/topic_tools_interfaces/topic_tools_interfaces/srv/detail/mux_add__functions.h
-- Up-to-date symlink: /home/g5/dd2419_ws/install/topic_tools_interfaces/include/topic_tools_interfaces/topic_tools_interfaces/srv/detail/mux_add__struct.h
-- Up-to-date symlink: /home/g5/dd2419_ws/install/topic_tools_interfaces/include/topic_tools_interfaces/topic_tools_interfaces/srv/detail/mux_add__type_support.h
-- Up-to-date symlink: /home/g5/dd2419_ws/install/topic_tools_interfaces/include/topic_tools_interfaces/topic_tools_interfaces/srv/detail/mux_delete__functions.h
-- Up-to-date symlink: /home/g5/dd2419_ws/install/topic_tools_interfaces/include/topic_tools_interfaces/topic_tools_interfaces/srv/detail/mux_delete__struct.h
-- Up-to-date symlink: /home/g5/dd2419_ws/install/topic_tools_interfaces/include/topic_tools_interfaces/topic_tools_interfaces/srv/detail/mux_delete__type_support.h
-- Up-to-date symlink: /home/g5/dd2419_ws/install/topic_tools_interfaces/include/topic_tools_interfaces/topic_tools_interfaces/srv/detail/mux_list__functions.h
-- Up-to-date symlink: /home/g5/dd2419_ws/install/topic_tools_interfaces/include/topic_tools_interfaces/topic_tools_interfaces/srv/detail/mux_list__struct.h
-- Up-to-date symlink: /home/g5/dd2419_ws/install/topic_tools_interfaces/include/topic_tools_interfaces/topic_tools_interfaces/srv/detail/mux_list__type_support.h
-- Up-to-date symlink: /home/g5/dd2419_ws/install/topic_tools_interfaces/include/topic_tools_interfaces/topic_tools_interfaces/srv/detail/mux_select__functions.h
-- Up-to-date symlink: /home/g5/dd2419_ws/install/topic_tools_interfaces/include/topic_tools_interfaces/topic_tools_interfaces/srv/detail/mux_select__struct.h
-- Up-to-date symlink: /home/g5/dd2419_ws/install/topic_tools_interfaces/include/topic_tools_interfaces/topic_tools_interfaces/srv/detail/mux_select__type_support.h
-- Up-to-date symlink: /home/g5/dd2419_ws/install/topic_tools_interfaces/include/topic_tools_interfaces/topic_tools_interfaces/srv/mux_add.h
-- Up-to-date symlink: /home/g5/dd2419_ws/install/topic_tools_interfaces/include/topic_tools_interfaces/topic_tools_interfaces/srv/mux_delete.h
-- Up-to-date symlink: /home/g5/dd2419_ws/install/topic_tools_interfaces/include/topic_tools_interfaces/topic_tools_interfaces/srv/mux_list.h
-- Up-to-date symlink: /home/g5/dd2419_ws/install/topic_tools_interfaces/include/topic_tools_interfaces/topic_tools_interfaces/srv/mux_select.h
-- Up-to-date symlink: /home/g5/dd2419_ws/install/topic_tools_interfaces/share/topic_tools_interfaces/environment/library_path.sh
-- Up-to-date symlink: /home/g5/dd2419_ws/install/topic_tools_interfaces/share/topic_tools_interfaces/environment/library_path.dsv
-- Up-to-date symlink: /home/g5/dd2419_ws/install/topic_tools_interfaces/include/topic_tools_interfaces/topic_tools_interfaces/msg/rosidl_typesupport_fastrtps_c__visibility_control.h
-- Up-to-date symlink: /home/g5/dd2419_ws/install/topic_tools_interfaces/include/topic_tools_interfaces/topic_tools_interfaces/srv/detail/mux_add__rosidl_typesupport_fastrtps_c.h
-- Up-to-date symlink: /home/g5/dd2419_ws/install/topic_tools_interfaces/include/topic_tools_interfaces/topic_tools_interfaces/srv/detail/mux_delete__rosidl_typesupport_fastrtps_c.h
-- Up-to-date symlink: /home/g5/dd2419_ws/install/topic_tools_interfaces/include/topic_tools_interfaces/topic_tools_interfaces/srv/detail/mux_list__rosidl_typesupport_fastrtps_c.h
-- Up-to-date symlink: /home/g5/dd2419_ws/install/topic_tools_interfaces/include/topic_tools_interfaces/topic_tools_interfaces/srv/detail/mux_select__rosidl_typesupport_fastrtps_c.h
-- Up-to-date symlink: /home/g5/dd2419_ws/install/topic_tools_interfaces/include/topic_tools_interfaces/topic_tools_interfaces/msg/rosidl_typesupport_introspection_c__visibility_control.h
-- Up-to-date symlink: /home/g5/dd2419_ws/install/topic_tools_interfaces/include/topic_tools_interfaces/topic_tools_interfaces/srv/detail/mux_add__rosidl_typesupport_introspection_c.h
-- Up-to-date symlink: /home/g5/dd2419_ws/install/topic_tools_interfaces/include/topic_tools_interfaces/topic_tools_interfaces/srv/detail/mux_delete__rosidl_typesupport_introspection_c.h
-- Up-to-date symlink: /home/g5/dd2419_ws/install/topic_tools_interfaces/include/topic_tools_interfaces/topic_tools_interfaces/srv/detail/mux_list__rosidl_typesupport_introspection_c.h
-- Up-to-date symlink: /home/g5/dd2419_ws/install/topic_tools_interfaces/include/topic_tools_interfaces/topic_tools_interfaces/srv/detail/mux_select__rosidl_typesupport_introspection_c.h
-- Up-to-date symlink: /home/g5/dd2419_ws/install/topic_tools_interfaces/include/topic_tools_interfaces/topic_tools_interfaces/srv/detail/mux_add__builder.hpp
-- Up-to-date symlink: /home/g5/dd2419_ws/install/topic_tools_interfaces/include/topic_tools_interfaces/topic_tools_interfaces/srv/detail/mux_add__struct.hpp
-- Up-to-date symlink: /home/g5/dd2419_ws/install/topic_tools_interfaces/include/topic_tools_interfaces/topic_tools_interfaces/srv/detail/mux_add__traits.hpp
-- Up-to-date symlink: /home/g5/dd2419_ws/install/topic_tools_interfaces/include/topic_tools_interfaces/topic_tools_interfaces/srv/detail/mux_delete__builder.hpp
-- Up-to-date symlink: /home/g5/dd2419_ws/install/topic_tools_interfaces/include/topic_tools_interfaces/topic_tools_interfaces/srv/detail/mux_delete__struct.hpp
-- Up-to-date symlink: /home/g5/dd2419_ws/install/topic_tools_interfaces/include/topic_tools_interfaces/topic_tools_interfaces/srv/detail/mux_delete__traits.hpp
-- Up-to-date symlink: /home/g5/dd2419_ws/install/topic_tools_interfaces/include/topic_tools_interfaces/topic_tools_interfaces/srv/detail/mux_list__builder.hpp
-- Up-to-date symlink: /home/g5/dd2419_ws/install/topic_tools_interfaces/include/topic_tools_interfaces/topic_tools_interfaces/srv/detail/mux_list__struct.hpp
-- Up-to-date symlink: /home/g5/dd2419_ws/install/topic_tools_interfaces/include/topic_tools_interfaces/topic_tools_interfaces/srv/detail/mux_list__traits.hpp
-- Up-to-date symlink: /home/g5/dd2419_ws/install/topic_tools_interfaces/include/topic_tools_interfaces/topic_tools_interfaces/srv/detail/mux_select__builder.hpp
-- Up-to-date symlink: /home/g5/dd2419_ws/install/topic_tools_interfaces/include/topic_tools_interfaces/topic_tools_interfaces/srv/detail/mux_select__struct.hpp
-- Up-to-date symlink: /home/g5/dd2419_ws/install/topic_tools_interfaces/include/topic_tools_interfaces/topic_tools_interfaces/srv/detail/mux_select__traits.hpp
-- Up-to-date symlink: /home/g5/dd2419_ws/install/topic_tools_interfaces/include/topic_tools_interfaces/topic_tools_interfaces/srv/mux_add.hpp
-- Up-to-date symlink: /home/g5/dd2419_ws/install/topic_tools_interfaces/include/topic_tools_interfaces/topic_tools_interfaces/srv/mux_delete.hpp
-- Up-to-date symlink: /home/g5/dd2419_ws/install/topic_tools_interfaces/include/topic_tools_interfaces/topic_tools_interfaces/srv/mux_list.hpp
-- Up-to-date symlink: /home/g5/dd2419_ws/install/topic_tools_interfaces/include/topic_tools_interfaces/topic_tools_interfaces/srv/mux_select.hpp
-- Up-to-date symlink: /home/g5/dd2419_ws/install/topic_tools_interfaces/include/topic_tools_interfaces/topic_tools_interfaces/msg/rosidl_typesupport_fastrtps_cpp__visibility_control.h
-- Up-to-date symlink: /home/g5/dd2419_ws/install/topic_tools_interfaces/include/topic_tools_interfaces/topic_tools_interfaces/srv/detail/mux_add__rosidl_typesupport_fastrtps_cpp.hpp
-- Up-to-date symlink: /home/g5/dd2419_ws/install/topic_tools_interfaces/include/topic_tools_interfaces/topic_tools_interfaces/srv/detail/mux_delete__rosidl_typesupport_fastrtps_cpp.hpp
-- Up-to-date symlink: /home/g5/dd2419_ws/install/topic_tools_interfaces/include/topic_tools_interfaces/topic_tools_interfaces/srv/detail/mux_list__rosidl_typesupport_fastrtps_cpp.hpp
-- Up-to-date symlink: /home/g5/dd2419_ws/install/topic_tools_interfaces/include/topic_tools_interfaces/topic_tools_interfaces/srv/detail/mux_select__rosidl_typesupport_fastrtps_cpp.hpp
-- Up-to-date symlink: /home/g5/dd2419_ws/install/topic_tools_interfaces/include/topic_tools_interfaces/topic_tools_interfaces/srv/detail/mux_add__rosidl_typesupport_introspection_cpp.hpp
-- Up-to-date symlink: /home/g5/dd2419_ws/install/topic_tools_interfaces/include/topic_tools_interfaces/topic_tools_interfaces/srv/detail/mux_delete__rosidl_typesupport_introspection_cpp.hpp
-- Up-to-date symlink: /home/g5/dd2419_ws/install/topic_tools_interfaces/include/topic_tools_interfaces/topic_tools_interfaces/srv/detail/mux_list__rosidl_typesupport_introspection_cpp.hpp
-- Up-to-date symlink: /home/g5/dd2419_ws/install/topic_tools_interfaces/include/topic_tools_interfaces/topic_tools_interfaces/srv/detail/mux_select__rosidl_typesupport_introspection_cpp.hpp
-- Up-to-date symlink: /home/g5/dd2419_ws/install/topic_tools_interfaces/share/topic_tools_interfaces/environment/pythonpath.sh
-- Up-to-date symlink: /home/g5/dd2419_ws/install/topic_tools_interfaces/share/topic_tools_interfaces/environment/pythonpath.dsv
-- Up-to-date symlink: /home/g5/dd2419_ws/install/topic_tools_interfaces/local/lib/python3.10/dist-packages/topic_tools_interfaces-1.3.0-py3.10.egg-info/PKG-INFO
-- Up-to-date symlink: /home/g5/dd2419_ws/install/topic_tools_interfaces/local/lib/python3.10/dist-packages/topic_tools_interfaces-1.3.0-py3.10.egg-info/SOURCES.txt
-- Up-to-date symlink: /home/g5/dd2419_ws/install/topic_tools_interfaces/local/lib/python3.10/dist-packages/topic_tools_interfaces-1.3.0-py3.10.egg-info/dependency_links.txt
-- Up-to-date symlink: /home/g5/dd2419_ws/install/topic_tools_interfaces/local/lib/python3.10/dist-packages/topic_tools_interfaces-1.3.0-py3.10.egg-info/top_level.txt
-- Up-to-date symlink: /home/g5/dd2419_ws/install/topic_tools_interfaces/local/lib/python3.10/dist-packages/topic_tools_interfaces/__init__.py
-- Up-to-date symlink: /home/g5/dd2419_ws/install/topic_tools_interfaces/local/lib/python3.10/dist-packages/topic_tools_interfaces/_topic_tools_interfaces_s.ep.rosidl_typesupport_c.c
-- Up-to-date symlink: /home/g5/dd2419_ws/install/topic_tools_interfaces/local/lib/python3.10/dist-packages/topic_tools_interfaces/_topic_tools_interfaces_s.ep.rosidl_typesupport_fastrtps_c.c
-- Up-to-date symlink: /home/g5/dd2419_ws/install/topic_tools_interfaces/local/lib/python3.10/dist-packages/topic_tools_interfaces/_topic_tools_interfaces_s.ep.rosidl_typesupport_introspection_c.c
-- Up-to-date symlink: /home/g5/dd2419_ws/install/topic_tools_interfaces/local/lib/python3.10/dist-packages/topic_tools_interfaces/libtopic_tools_interfaces__rosidl_generator_py.so
-- Up-to-date symlink: /home/g5/dd2419_ws/install/topic_tools_interfaces/local/lib/python3.10/dist-packages/topic_tools_interfaces/srv/__init__.py
-- Up-to-date symlink: /home/g5/dd2419_ws/install/topic_tools_interfaces/local/lib/python3.10/dist-packages/topic_tools_interfaces/srv/_mux_add.py
-- Up-to-date symlink: /home/g5/dd2419_ws/install/topic_tools_interfaces/local/lib/python3.10/dist-packages/topic_tools_interfaces/srv/_mux_add_s.c
-- Up-to-date symlink: /home/g5/dd2419_ws/install/topic_tools_interfaces/local/lib/python3.10/dist-packages/topic_tools_interfaces/srv/_mux_delete.py
-- Up-to-date symlink: /home/g5/dd2419_ws/install/topic_tools_interfaces/local/lib/python3.10/dist-packages/topic_tools_interfaces/srv/_mux_delete_s.c
-- Up-to-date symlink: /home/g5/dd2419_ws/install/topic_tools_interfaces/local/lib/python3.10/dist-packages/topic_tools_interfaces/srv/_mux_list.py
-- Up-to-date symlink: /home/g5/dd2419_ws/install/topic_tools_interfaces/local/lib/python3.10/dist-packages/topic_tools_interfaces/srv/_mux_list_s.c
-- Up-to-date symlink: /home/g5/dd2419_ws/install/topic_tools_interfaces/local/lib/python3.10/dist-packages/topic_tools_interfaces/srv/_mux_select.py
-- Up-to-date symlink: /home/g5/dd2419_ws/install/topic_tools_interfaces/local/lib/python3.10/dist-packages/topic_tools_interfaces/srv/_mux_select_s.c
-- Up-to-date symlink: /home/g5/dd2419_ws/install/topic_tools_interfaces/local/lib/python3.10/dist-packages/topic_tools_interfaces/topic_tools_interfaces_s__rosidl_typesupport_c.cpython-310-x86_64-linux-gnu.so
-- Up-to-date symlink: /home/g5/dd2419_ws/install/topic_tools_interfaces/local/lib/python3.10/dist-packages/topic_tools_interfaces/topic_tools_interfaces_s__rosidl_typesupport_fastrtps_c.cpython-310-x86_64-linux-gnu.so
-- Up-to-date symlink: /home/g5/dd2419_ws/install/topic_tools_interfaces/local/lib/python3.10/dist-packages/topic_tools_interfaces/topic_tools_interfaces_s__rosidl_typesupport_introspection_c.cpython-310-x86_64-linux-gnu.so
-- Up-to-date symlink: /home/g5/dd2419_ws/install/topic_tools_interfaces/local/lib/python3.10/dist-packages/topic_tools_interfaces/topic_tools_interfaces_s__rosidl_typesupport_fastrtps_c.cpython-310-x86_64-linux-gnu.so
-- Up-to-date symlink: /home/g5/dd2419_ws/install/topic_tools_interfaces/local/lib/python3.10/dist-packages/topic_tools_interfaces/topic_tools_interfaces_s__rosidl_typesupport_introspection_c.cpython-310-x86_64-linux-gnu.so
-- Up-to-date symlink: /home/g5/dd2419_ws/install/topic_tools_interfaces/local/lib/python3.10/dist-packages/topic_tools_interfaces/topic_tools_interfaces_s__rosidl_typesupport_c.cpython-310-x86_64-linux-gnu.so
-- Up-to-date symlink: /home/g5/dd2419_ws/install/topic_tools_interfaces/share/topic_tools_interfaces/srv/MuxAdd.idl
-- Up-to-date symlink: /home/g5/dd2419_ws/install/topic_tools_interfaces/share/topic_tools_interfaces/srv/MuxDelete.idl
-- Up-to-date symlink: /home/g5/dd2419_ws/install/topic_tools_interfaces/share/topic_tools_interfaces/srv/MuxList.idl
-- Up-to-date symlink: /home/g5/dd2419_ws/install/topic_tools_interfaces/share/topic_tools_interfaces/srv/MuxSelect.idl
-- Up-to-date symlink: /home/g5/dd2419_ws/install/topic_tools_interfaces/share/topic_tools_interfaces/srv/MuxAdd.srv
-- Up-to-date symlink: /home/g5/dd2419_ws/install/topic_tools_interfaces/share/topic_tools_interfaces/srv/MuxAdd_Request.msg
-- Up-to-date symlink: /home/g5/dd2419_ws/install/topic_tools_interfaces/share/topic_tools_interfaces/srv/MuxAdd_Response.msg
-- Up-to-date symlink: /home/g5/dd2419_ws/install/topic_tools_interfaces/share/topic_tools_interfaces/srv/MuxDelete.srv
-- Up-to-date symlink: /home/g5/dd2419_ws/install/topic_tools_interfaces/share/topic_tools_interfaces/srv/MuxDelete_Request.msg
-- Up-to-date symlink: /home/g5/dd2419_ws/install/topic_tools_interfaces/share/topic_tools_interfaces/srv/MuxDelete_Response.msg
-- Up-to-date symlink: /home/g5/dd2419_ws/install/topic_tools_interfaces/share/topic_tools_interfaces/srv/MuxList.srv
-- Up-to-date symlink: /home/g5/dd2419_ws/install/topic_tools_interfaces/share/topic_tools_interfaces/srv/MuxList_Request.msg
-- Up-to-date symlink: /home/g5/dd2419_ws/install/topic_tools_interfaces/share/topic_tools_interfaces/srv/MuxList_Response.msg
-- Up-to-date symlink: /home/g5/dd2419_ws/install/topic_tools_interfaces/share/topic_tools_interfaces/srv/MuxSelect.srv
-- Up-to-date symlink: /home/g5/dd2419_ws/install/topic_tools_interfaces/share/topic_tools_interfaces/srv/MuxSelect_Request.msg
-- Up-to-date symlink: /home/g5/dd2419_ws/install/topic_tools_interfaces/share/topic_tools_interfaces/srv/MuxSelect_Response.msg
-- Up-to-date symlink: /home/g5/dd2419_ws/install/topic_tools_interfaces/share/ament_index/resource_index/package_run_dependencies/topic_tools_interfaces
-- Up-to-date symlink: /home/g5/dd2419_ws/install/topic_tools_interfaces/share/ament_index/resource_index/parent_prefix_path/topic_tools_interfaces
-- Up-to-date symlink: /home/g5/dd2419_ws/install/topic_tools_interfaces/share/topic_tools_interfaces/environment/ament_prefix_path.sh
-- Up-to-date symlink: /home/g5/dd2419_ws/install/topic_tools_interfaces/share/topic_tools_interfaces/environment/ament_prefix_path.dsv
-- Up-to-date symlink: /home/g5/dd2419_ws/install/topic_tools_interfaces/share/topic_tools_interfaces/environment/path.sh
-- Up-to-date symlink: /home/g5/dd2419_ws/install/topic_tools_interfaces/share/topic_tools_interfaces/environment/path.dsv
-- Up-to-date symlink: /home/g5/dd2419_ws/install/topic_tools_interfaces/share/topic_tools_interfaces/local_setup.bash
-- Up-to-date symlink: /home/g5/dd2419_ws/install/topic_tools_interfaces/share/topic_tools_interfaces/local_setup.sh
-- Up-to-date symlink: /home/g5/dd2419_ws/install/topic_tools_interfaces/share/topic_tools_interfaces/local_setup.zsh
-- Up-to-date symlink: /home/g5/dd2419_ws/install/topic_tools_interfaces/share/topic_tools_interfaces/local_setup.dsv
-- Symlinking: /home/g5/dd2419_ws/install/topic_tools_interfaces/share/topic_tools_interfaces/package.dsv
-- Up-to-date symlink: /home/g5/dd2419_ws/install/topic_tools_interfaces/share/ament_index/resource_index/packages/topic_tools_interfaces
-- Up-to-date symlink: /home/g5/dd2419_ws/install/topic_tools_interfaces/share/topic_tools_interfaces/cmake/rosidl_cmake-extras.cmake
-- Up-to-date symlink: /home/g5/dd2419_ws/install/topic_tools_interfaces/share/topic_tools_interfaces/cmake/ament_cmake_export_dependencies-extras.cmake
-- Up-to-date symlink: /home/g5/dd2419_ws/install/topic_tools_interfaces/share/topic_tools_interfaces/cmake/ament_cmake_export_include_directories-extras.cmake
-- Up-to-date symlink: /home/g5/dd2419_ws/install/topic_tools_interfaces/share/topic_tools_interfaces/cmake/ament_cmake_export_libraries-extras.cmake
-- Up-to-date symlink: /home/g5/dd2419_ws/install/topic_tools_interfaces/share/topic_tools_interfaces/cmake/ament_cmake_export_targets-extras.cmake
-- Up-to-date symlink: /home/g5/dd2419_ws/install/topic_tools_interfaces/share/topic_tools_interfaces/cmake/rosidl_cmake_export_typesupport_targets-extras.cmake
-- Up-to-date symlink: /home/g5/dd2419_ws/install/topic_tools_interfaces/share/topic_tools_interfaces/cmake/rosidl_cmake_export_typesupport_libraries-extras.cmake
-- Up-to-date symlink: /home/g5/dd2419_ws/install/topic_tools_interfaces/share/topic_tools_interfaces/cmake/topic_tools_interfacesConfig.cmake
-- Up-to-date symlink: /home/g5/dd2419_ws/install/topic_tools_interfaces/share/topic_tools_interfaces/cmake/topic_tools_interfacesConfig-version.cmake
-- Up-to-date symlink: /home/g5/dd2419_ws/install/topic_tools_interfaces/share/topic_tools_interfaces/package.xml
-- Up-to-date: /home/g5/dd2419_ws/install/topic_tools_interfaces/lib/libtopic_tools_interfaces__rosidl_generator_c.so
-- Up-to-date: /home/g5/dd2419_ws/install/topic_tools_interfaces/lib/libtopic_tools_interfaces__rosidl_typesupport_fastrtps_c.so
-- Up-to-date: /home/g5/dd2419_ws/install/topic_tools_interfaces/lib/libtopic_tools_interfaces__rosidl_typesupport_introspection_c.so
-- Up-to-date: /home/g5/dd2419_ws/install/topic_tools_interfaces/lib/libtopic_tools_interfaces__rosidl_typesupport_c.so
-- Up-to-date: /home/g5/dd2419_ws/install/topic_tools_interfaces/lib/libtopic_tools_interfaces__rosidl_typesupport_fastrtps_cpp.so
-- Up-to-date: /home/g5/dd2419_ws/install/topic_tools_interfaces/lib/libtopic_tools_interfaces__rosidl_typesupport_introspection_cpp.so
-- Up-to-date: /home/g5/dd2419_ws/install/topic_tools_interfaces/lib/libtopic_tools_interfaces__rosidl_typesupport_cpp.so
Listing '/home/g5/dd2419_ws/install/topic_tools_interfaces/local/lib/python3.10/dist-packages/topic_tools_interfaces'...
Listing '/home/g5/dd2419_ws/install/topic_tools_interfaces/local/lib/python3.10/dist-packages/topic_tools_interfaces/srv'...
-- Up-to-date: /home/g5/dd2419_ws/install/topic_tools_interfaces/lib/libtopic_tools_interfaces__rosidl_generator_py.so
-- Up-to-date: /home/g5/dd2419_ws/install/topic_tools_interfaces/share/topic_tools_interfaces/cmake/export_topic_tools_interfaces__rosidl_generator_cExport.cmake
-- Up-to-date: /home/g5/dd2419_ws/install/topic_tools_interfaces/share/topic_tools_interfaces/cmake/export_topic_tools_interfaces__rosidl_generator_cExport-noconfig.cmake
-- Up-to-date: /home/g5/dd2419_ws/install/topic_tools_interfaces/share/topic_tools_interfaces/cmake/export_topic_tools_interfaces__rosidl_typesupport_fastrtps_cExport.cmake
-- Up-to-date: /home/g5/dd2419_ws/install/topic_tools_interfaces/share/topic_tools_interfaces/cmake/export_topic_tools_interfaces__rosidl_typesupport_fastrtps_cExport-noconfig.cmake
-- Up-to-date: /home/g5/dd2419_ws/install/topic_tools_interfaces/share/topic_tools_interfaces/cmake/topic_tools_interfaces__rosidl_typesupport_introspection_cExport.cmake
-- Up-to-date: /home/g5/dd2419_ws/install/topic_tools_interfaces/share/topic_tools_interfaces/cmake/topic_tools_interfaces__rosidl_typesupport_introspection_cExport-noconfig.cmake
-- Up-to-date: /home/g5/dd2419_ws/install/topic_tools_interfaces/share/topic_tools_interfaces/cmake/topic_tools_interfaces__rosidl_typesupport_cExport.cmake
-- Up-to-date: /home/g5/dd2419_ws/install/topic_tools_interfaces/share/topic_tools_interfaces/cmake/topic_tools_interfaces__rosidl_typesupport_cExport-noconfig.cmake
-- Up-to-date: /home/g5/dd2419_ws/install/topic_tools_interfaces/share/topic_tools_interfaces/cmake/export_topic_tools_interfaces__rosidl_generator_cppExport.cmake
-- Up-to-date: /home/g5/dd2419_ws/install/topic_tools_interfaces/share/topic_tools_interfaces/cmake/export_topic_tools_interfaces__rosidl_typesupport_fastrtps_cppExport.cmake
-- Up-to-date: /home/g5/dd2419_ws/install/topic_tools_interfaces/share/topic_tools_interfaces/cmake/export_topic_tools_interfaces__rosidl_typesupport_fastrtps_cppExport-noconfig.cmake
-- Up-to-date: /home/g5/dd2419_ws/install/topic_tools_interfaces/share/topic_tools_interfaces/cmake/topic_tools_interfaces__rosidl_typesupport_introspection_cppExport.cmake
-- Up-to-date: /home/g5/dd2419_ws/install/topic_tools_interfaces/share/topic_tools_interfaces/cmake/topic_tools_interfaces__rosidl_typesupport_introspection_cppExport-noconfig.cmake
-- Up-to-date: /home/g5/dd2419_ws/install/topic_tools_interfaces/share/topic_tools_interfaces/cmake/topic_tools_interfaces__rosidl_typesupport_cppExport.cmake
-- Up-to-date: /home/g5/dd2419_ws/install/topic_tools_interfaces/share/topic_tools_interfaces/cmake/topic_tools_interfaces__rosidl_typesupport_cppExport-noconfig.cmake
-- Up-to-date: /home/g5/dd2419_ws/install/topic_tools_interfaces/share/topic_tools_interfaces/cmake/export_topic_tools_interfaces__rosidl_generator_pyExport.cmake
-- Up-to-date: /home/g5/dd2419_ws/install/topic_tools_interfaces/share/topic_tools_interfaces/cmake/export_topic_tools_interfaces__rosidl_generator_pyExport-noconfig.cmake
