-- The C compiler identification is GNU 11.4.0
-- The CXX compiler identification is GNU 11.4.0
-- Detecting C compiler ABI info
-- Detecting C compiler ABI info - done
-- Check for working C compiler: /usr/bin/cc - skipped
-- Detecting C compile features
-- Detecting C compile features - done
-- Detecting CXX compiler ABI info
-- Detecting CXX compiler ABI info - done
-- Check for working CXX compiler: /usr/bin/c++ - skipped
-- Detecting CXX compile features
-- Detecting CXX compile features - done
-- Found ament_cmake_ros: 0.10.0 (/opt/ros/humble/share/ament_cmake_ros/cmake)
-- Found Python3: /usr/bin/python3.10 (found version "3.10.12") found components: Interpreter 
-- Override CMake install command with custom implementation using symlinks instead of copying resources
-- Found libphidget22: 2.3.2 (/opt/ros/humble/share/libphidget22/cmake)
-- Found phidgets_api: 2.3.2 (/opt/ros/humble/share/phidgets_api/cmake)
-- Found rclcpp: 16.0.8 (/opt/ros/humble/share/rclcpp/cmake)
-- Found rosidl_generator_c: 3.1.5 (/opt/ros/humble/share/rosidl_generator_c/cmake)
-- Found rosidl_adapter: 3.1.5 (/opt/ros/humble/share/rosidl_adapter/cmake)
-- Found rosidl_generator_cpp: 3.1.5 (/opt/ros/humble/share/rosidl_generator_cpp/cmake)
-- Using all available rosidl_typesupport_c: rosidl_typesupport_fastrtps_c;rosidl_typesupport_introspection_c
-- Using all available rosidl_typesupport_cpp: rosidl_typesupport_fastrtps_cpp;rosidl_typesupport_introspection_cpp
-- Found rmw_implementation_cmake: 6.1.1 (/opt/ros/humble/share/rmw_implementation_cmake/cmake)
-- Found rmw_fastrtps_cpp: 6.2.6 (/opt/ros/humble/share/rmw_fastrtps_cpp/cmake)
-- Found OpenSSL: /usr/lib/x86_64-linux-gnu/libcrypto.so (found version "3.0.2")  
-- Found FastRTPS: /opt/ros/humble/include  
-- Using RMW implementation 'rmw_fastrtps_cpp' as default
-- Looking for pthread.h
-- Looking for pthread.h - found
-- Performing Test CMAKE_HAVE_LIBC_PTHREAD
-- Performing Test CMAKE_HAVE_LIBC_PTHREAD - Success
-- Found Threads: TRUE  
-- Found rclcpp_components: 16.0.8 (/opt/ros/humble/share/rclcpp_components/cmake)
-- Found robp_interfaces: 1.0.0 (/home/g5/dd2419_ws/install/robp_interfaces/share/robp_interfaces/cmake)
-- Configuring done
-- Generating done
-- Build files have been written to: /home/g5/dd2419_ws/build/robp_phidgets_encoders
[ 33%] [32mBuilding CXX object CMakeFiles/robp_phidgets_encoders.dir/src/encoder.cpp.o[0m
[ 66%] [32mBuilding CXX object CMakeFiles/robp_phidgets_encoders.dir/src/encoders.cpp.o[0m
[100%] [32m[1mLinking CXX shared library librobp_phidgets_encoders.so[0m
[100%] Built target robp_phidgets_encoders
-- Install configuration: "Release"
-- Execute custom install script
-- Symlinking: /home/g5/dd2419_ws/install/robp_phidgets_encoders/lib/librobp_phidgets_encoders.so
-- Symlinking: /home/g5/dd2419_ws/install/robp_phidgets_encoders/include/robp_phidgets_encoders/encoder.hpp
-- Symlinking: /home/g5/dd2419_ws/install/robp_phidgets_encoders/include/robp_phidgets_encoders/encoders.hpp
-- Symlinking: /home/g5/dd2419_ws/install/robp_phidgets_encoders/share/robp_phidgets_encoders/launch/encoders_launch.py
-- Symlinking: /home/g5/dd2419_ws/install/robp_phidgets_encoders/share/ament_index/resource_index/package_run_dependencies/robp_phidgets_encoders
-- Symlinking: /home/g5/dd2419_ws/install/robp_phidgets_encoders/share/ament_index/resource_index/parent_prefix_path/robp_phidgets_encoders
-- Symlinking: /home/g5/dd2419_ws/install/robp_phidgets_encoders/share/robp_phidgets_encoders/environment/ament_prefix_path.sh
-- Symlinking: /home/g5/dd2419_ws/install/robp_phidgets_encoders/share/robp_phidgets_encoders/environment/ament_prefix_path.dsv
-- Symlinking: /home/g5/dd2419_ws/install/robp_phidgets_encoders/share/robp_phidgets_encoders/environment/path.sh
-- Symlinking: /home/g5/dd2419_ws/install/robp_phidgets_encoders/share/robp_phidgets_encoders/environment/path.dsv
-- Symlinking: /home/g5/dd2419_ws/install/robp_phidgets_encoders/share/robp_phidgets_encoders/local_setup.bash
-- Symlinking: /home/g5/dd2419_ws/install/robp_phidgets_encoders/share/robp_phidgets_encoders/local_setup.sh
-- Symlinking: /home/g5/dd2419_ws/install/robp_phidgets_encoders/share/robp_phidgets_encoders/local_setup.zsh
-- Symlinking: /home/g5/dd2419_ws/install/robp_phidgets_encoders/share/robp_phidgets_encoders/local_setup.dsv
-- Symlinking: /home/g5/dd2419_ws/install/robp_phidgets_encoders/share/robp_phidgets_encoders/package.dsv
-- Symlinking: /home/g5/dd2419_ws/install/robp_phidgets_encoders/share/ament_index/resource_index/packages/robp_phidgets_encoders
-- Symlinking: /home/g5/dd2419_ws/install/robp_phidgets_encoders/share/ament_index/resource_index/rclcpp_components/robp_phidgets_encoders
-- Symlinking: /home/g5/dd2419_ws/install/robp_phidgets_encoders/share/robp_phidgets_encoders/cmake/robp_phidgets_encodersConfig.cmake
-- Symlinking: /home/g5/dd2419_ws/install/robp_phidgets_encoders/share/robp_phidgets_encoders/cmake/robp_phidgets_encodersConfig-version.cmake
-- Symlinking: /home/g5/dd2419_ws/install/robp_phidgets_encoders/share/robp_phidgets_encoders/package.xml
