[1.308s] Invoking command in '/home/g5/dd2419_ws/build/micro_ros_setup': CMAKE_PREFIX_PATH=${CMAKE_PREFIX_PATH}:/home/g5/dd2419_ws/install/robp_launch:/home/g5/dd2419_ws/install/robp_boot_camp_launch:/home/g5/dd2419_ws/install/odometry:/home/g5/dd2419_ws/install/controller:/home/g5/dd2419_ws/install/control:/home/g5/dd2419_ws/install/arm:/home/g5/dd2419_ws/install/planning:/home/g5/dd2419_ws/install/kobuki_description:/home/g5/dd2419_ws/install/display_markers:/home/g5/dd2419_ws/install/detection:/home/g5/dd2419_ws/install/arm_servos_pubs_subs:/opt/ros/humble /usr/bin/cmake --build /home/g5/dd2419_ws/build/micro_ros_setup -- -j8 -l8
[3.033s] Invoked command in '/home/g5/dd2419_ws/build/micro_ros_setup' returned '0': CMAKE_PREFIX_PATH=${CMAKE_PREFIX_PATH}:/home/g5/dd2419_ws/install/robp_launch:/home/g5/dd2419_ws/install/robp_boot_camp_launch:/home/g5/dd2419_ws/install/odometry:/home/g5/dd2419_ws/install/controller:/home/g5/dd2419_ws/install/control:/home/g5/dd2419_ws/install/arm:/home/g5/dd2419_ws/install/planning:/home/g5/dd2419_ws/install/kobuki_description:/home/g5/dd2419_ws/install/display_markers:/home/g5/dd2419_ws/install/detection:/home/g5/dd2419_ws/install/arm_servos_pubs_subs:/opt/ros/humble /usr/bin/cmake --build /home/g5/dd2419_ws/build/micro_ros_setup -- -j8 -l8
[3.068s] Invoking command in '/home/g5/dd2419_ws/build/micro_ros_setup': CMAKE_PREFIX_PATH=${CMAKE_PREFIX_PATH}:/home/g5/dd2419_ws/install/robp_launch:/home/g5/dd2419_ws/install/robp_boot_camp_launch:/home/g5/dd2419_ws/install/odometry:/home/g5/dd2419_ws/install/controller:/home/g5/dd2419_ws/install/control:/home/g5/dd2419_ws/install/arm:/home/g5/dd2419_ws/install/planning:/home/g5/dd2419_ws/install/kobuki_description:/home/g5/dd2419_ws/install/display_markers:/home/g5/dd2419_ws/install/detection:/home/g5/dd2419_ws/install/arm_servos_pubs_subs:/opt/ros/humble /usr/bin/cmake --install /home/g5/dd2419_ws/build/micro_ros_setup
[3.081s] -- Install configuration: ""
[3.082s] -- Execute custom install script
[3.082s] -- Up-to-date symlink: /home/g5/dd2419_ws/install/micro_ros_setup/share/ament_index/resource_index/package_run_dependencies/micro_ros_setup
[3.083s] -- Up-to-date symlink: /home/g5/dd2419_ws/install/micro_ros_setup/share/ament_index/resource_index/parent_prefix_path/micro_ros_setup
[3.083s] -- Up-to-date symlink: /home/g5/dd2419_ws/install/micro_ros_setup/share/micro_ros_setup/environment/ament_prefix_path.sh
[3.083s] -- Up-to-date symlink: /home/g5/dd2419_ws/install/micro_ros_setup/share/micro_ros_setup/environment/ament_prefix_path.dsv
[3.085s] -- Up-to-date symlink: /home/g5/dd2419_ws/install/micro_ros_setup/share/micro_ros_setup/environment/path.sh
[3.085s] -- Up-to-date symlink: /home/g5/dd2419_ws/install/micro_ros_setup/share/micro_ros_setup/environment/path.dsv
[3.086s] -- Up-to-date symlink: /home/g5/dd2419_ws/install/micro_ros_setup/share/micro_ros_setup/local_setup.bash
[3.087s] -- Up-to-date symlink: /home/g5/dd2419_ws/install/micro_ros_setup/share/micro_ros_setup/local_setup.sh
[3.087s] -- Up-to-date symlink: /home/g5/dd2419_ws/install/micro_ros_setup/share/micro_ros_setup/local_setup.zsh
[3.087s] -- Up-to-date symlink: /home/g5/dd2419_ws/install/micro_ros_setup/share/micro_ros_setup/local_setup.dsv
[3.087s] -- Symlinking: /home/g5/dd2419_ws/install/micro_ros_setup/share/micro_ros_setup/package.dsv
[3.103s] -- Up-to-date symlink: /home/g5/dd2419_ws/install/micro_ros_setup/share/ament_index/resource_index/packages/micro_ros_setup
[3.114s] -- Up-to-date symlink: /home/g5/dd2419_ws/install/micro_ros_setup/share/micro_ros_setup/cmake/micro_ros_setupConfig.cmake
[3.115s] -- Up-to-date symlink: /home/g5/dd2419_ws/install/micro_ros_setup/share/micro_ros_setup/cmake/micro_ros_setupConfig-version.cmake
[3.115s] -- Up-to-date symlink: /home/g5/dd2419_ws/install/micro_ros_setup/share/micro_ros_setup/package.xml
[3.115s] -- Up-to-date symlink: /home/g5/dd2419_ws/install/micro_ros_setup/lib/micro_ros_setup/create_ws.sh
[3.115s] -- Up-to-date symlink: /home/g5/dd2419_ws/install/micro_ros_setup/lib/micro_ros_setup/create_agent_ws.sh
[3.115s] -- Up-to-date symlink: /home/g5/dd2419_ws/install/micro_ros_setup/lib/micro_ros_setup/create_firmware_ws.sh
[3.115s] -- Up-to-date symlink: /home/g5/dd2419_ws/install/micro_ros_setup/lib/micro_ros_setup/configure_firmware.sh
[3.115s] -- Up-to-date symlink: /home/g5/dd2419_ws/install/micro_ros_setup/lib/micro_ros_setup/flash_firmware.sh
[3.115s] -- Up-to-date symlink: /home/g5/dd2419_ws/install/micro_ros_setup/lib/micro_ros_setup/build_firmware.sh
[3.116s] -- Up-to-date symlink: /home/g5/dd2419_ws/install/micro_ros_setup/lib/micro_ros_setup/build_agent.sh
[3.116s] -- Up-to-date symlink: /home/g5/dd2419_ws/install/micro_ros_setup/lib/micro_ros_setup/yaml_filter.py
[3.116s] -- Up-to-date symlink: /home/g5/dd2419_ws/install/micro_ros_setup/lib/micro_ros_setup/clean_env.sh
[3.116s] -- Up-to-date symlink: /home/g5/dd2419_ws/install/micro_ros_setup/lib/micro_ros_setup/component
[3.116s] -- Up-to-date: /home/g5/dd2419_ws/install/micro_ros_setup/./config
[3.116s] -- Up-to-date: /home/g5/dd2419_ws/install/micro_ros_setup/./config/freertos
[3.116s] -- Up-to-date: /home/g5/dd2419_ws/install/micro_ros_setup/./config/freertos/crazyflie21
[3.116s] -- Up-to-date: /home/g5/dd2419_ws/install/micro_ros_setup/./config/freertos/crazyflie21/package.xml
[3.116s] -- Up-to-date: /home/g5/dd2419_ws/install/micro_ros_setup/./config/freertos/crazyflie21/flash.sh
[3.117s] -- Up-to-date: /home/g5/dd2419_ws/install/micro_ros_setup/./config/freertos/crazyflie21/board.repos
[3.117s] -- Up-to-date: /home/g5/dd2419_ws/install/micro_ros_setup/./config/freertos/crazyflie21/configure.sh
[3.117s] -- Up-to-date: /home/g5/dd2419_ws/install/micro_ros_setup/./config/freertos/crazyflie21/create.sh
[3.117s] -- Up-to-date: /home/g5/dd2419_ws/install/micro_ros_setup/./config/freertos/crazyflie21/client-colcon.meta
[3.117s] -- Up-to-date: /home/g5/dd2419_ws/install/micro_ros_setup/./config/freertos/crazyflie21/client_uros_packages.repos
[3.117s] -- Up-to-date: /home/g5/dd2419_ws/install/micro_ros_setup/./config/freertos/crazyflie21/build.sh
[3.117s] -- Up-to-date: /home/g5/dd2419_ws/install/micro_ros_setup/./config/freertos/dev_uros_packages.repos
[3.117s] -- Up-to-date: /home/g5/dd2419_ws/install/micro_ros_setup/./config/freertos/olimex-stm32-e407
[3.117s] -- Up-to-date: /home/g5/dd2419_ws/install/micro_ros_setup/./config/freertos/olimex-stm32-e407/package.xml
[3.118s] -- Up-to-date: /home/g5/dd2419_ws/install/micro_ros_setup/./config/freertos/olimex-stm32-e407/flash.sh
[3.118s] -- Up-to-date: /home/g5/dd2419_ws/install/micro_ros_setup/./config/freertos/olimex-stm32-e407/board.repos
[3.118s] -- Up-to-date: /home/g5/dd2419_ws/install/micro_ros_setup/./config/freertos/olimex-stm32-e407/configure.sh
[3.118s] -- Up-to-date: /home/g5/dd2419_ws/install/micro_ros_setup/./config/freertos/olimex-stm32-e407/create.sh
[3.118s] -- Up-to-date: /home/g5/dd2419_ws/install/micro_ros_setup/./config/freertos/olimex-stm32-e407/client-colcon.meta
[3.118s] -- Up-to-date: /home/g5/dd2419_ws/install/micro_ros_setup/./config/freertos/olimex-stm32-e407/client_uros_packages.repos
[3.118s] -- Up-to-date: /home/g5/dd2419_ws/install/micro_ros_setup/./config/freertos/olimex-stm32-e407/build.sh
[3.118s] -- Up-to-date: /home/g5/dd2419_ws/install/micro_ros_setup/./config/freertos/nucleo_f767zi
[3.118s] -- Up-to-date: /home/g5/dd2419_ws/install/micro_ros_setup/./config/freertos/nucleo_f767zi/package.xml
[3.119s] -- Up-to-date: /home/g5/dd2419_ws/install/micro_ros_setup/./config/freertos/nucleo_f767zi/flash.sh
[3.119s] -- Up-to-date: /home/g5/dd2419_ws/install/micro_ros_setup/./config/freertos/nucleo_f767zi/board.repos
[3.119s] -- Up-to-date: /home/g5/dd2419_ws/install/micro_ros_setup/./config/freertos/nucleo_f767zi/configure.sh
[3.120s] -- Up-to-date: /home/g5/dd2419_ws/install/micro_ros_setup/./config/freertos/nucleo_f767zi/create.sh
[3.129s] -- Up-to-date: /home/g5/dd2419_ws/install/micro_ros_setup/./config/freertos/nucleo_f767zi/client-colcon.meta
[3.129s] -- Up-to-date: /home/g5/dd2419_ws/install/micro_ros_setup/./config/freertos/nucleo_f767zi/client_uros_packages.repos
[3.129s] -- Up-to-date: /home/g5/dd2419_ws/install/micro_ros_setup/./config/freertos/nucleo_f767zi/build.sh
[3.129s] -- Up-to-date: /home/g5/dd2419_ws/install/micro_ros_setup/./config/freertos/list_apps.sh
[3.129s] -- Up-to-date: /home/g5/dd2419_ws/install/micro_ros_setup/./config/freertos/nucleo_f746zg
[3.130s] -- Up-to-date: /home/g5/dd2419_ws/install/micro_ros_setup/./config/freertos/nucleo_f746zg/package.xml
[3.130s] -- Up-to-date: /home/g5/dd2419_ws/install/micro_ros_setup/./config/freertos/nucleo_f746zg/flash.sh
[3.130s] -- Up-to-date: /home/g5/dd2419_ws/install/micro_ros_setup/./config/freertos/nucleo_f746zg/board.repos
[3.130s] -- Up-to-date: /home/g5/dd2419_ws/install/micro_ros_setup/./config/freertos/nucleo_f746zg/configure.sh
[3.130s] -- Up-to-date: /home/g5/dd2419_ws/install/micro_ros_setup/./config/freertos/nucleo_f746zg/create.sh
[3.130s] -- Up-to-date: /home/g5/dd2419_ws/install/micro_ros_setup/./config/freertos/nucleo_f746zg/client-colcon.meta
[3.130s] -- Up-to-date: /home/g5/dd2419_ws/install/micro_ros_setup/./config/freertos/nucleo_f746zg/client_uros_packages.repos
[3.130s] -- Up-to-date: /home/g5/dd2419_ws/install/micro_ros_setup/./config/freertos/nucleo_f746zg/build.sh
[3.130s] -- Up-to-date: /home/g5/dd2419_ws/install/micro_ros_setup/./config/freertos/esp32
[3.131s] -- Up-to-date: /home/g5/dd2419_ws/install/micro_ros_setup/./config/freertos/esp32/README.md
[3.131s] -- Up-to-date: /home/g5/dd2419_ws/install/micro_ros_setup/./config/freertos/esp32/package.xml
[3.152s] -- Up-to-date: /home/g5/dd2419_ws/install/micro_ros_setup/./config/freertos/esp32/flash.sh
[3.153s] -- Up-to-date: /home/g5/dd2419_ws/install/micro_ros_setup/./config/freertos/esp32/board.repos
[3.153s] -- Up-to-date: /home/g5/dd2419_ws/install/micro_ros_setup/./config/freertos/esp32/configure.sh
[3.153s] -- Up-to-date: /home/g5/dd2419_ws/install/micro_ros_setup/./config/freertos/esp32/create.sh
[3.153s] -- Up-to-date: /home/g5/dd2419_ws/install/micro_ros_setup/./config/freertos/esp32/client-colcon.meta
[3.153s] -- Up-to-date: /home/g5/dd2419_ws/install/micro_ros_setup/./config/freertos/esp32/client_uros_packages.repos
[3.153s] -- Up-to-date: /home/g5/dd2419_ws/install/micro_ros_setup/./config/freertos/esp32/build.sh
[3.153s] -- Up-to-date: /home/g5/dd2419_ws/install/micro_ros_setup/./config/freertos/nucleo_f446ze
[3.153s] -- Up-to-date: /home/g5/dd2419_ws/install/micro_ros_setup/./config/freertos/nucleo_f446ze/package.xml
[3.154s] -- Up-to-date: /home/g5/dd2419_ws/install/micro_ros_setup/./config/freertos/nucleo_f446ze/flash.sh
[3.154s] -- Up-to-date: /home/g5/dd2419_ws/install/micro_ros_setup/./config/freertos/nucleo_f446ze/board.repos
[3.154s] -- Up-to-date: /home/g5/dd2419_ws/install/micro_ros_setup/./config/freertos/nucleo_f446ze/configure.sh
[3.154s] -- Up-to-date: /home/g5/dd2419_ws/install/micro_ros_setup/./config/freertos/nucleo_f446ze/create.sh
[3.154s] -- Up-to-date: /home/g5/dd2419_ws/install/micro_ros_setup/./config/freertos/nucleo_f446ze/client-colcon.meta
[3.154s] -- Up-to-date: /home/g5/dd2419_ws/install/micro_ros_setup/./config/freertos/nucleo_f446ze/client_uros_packages.repos
[3.154s] -- Up-to-date: /home/g5/dd2419_ws/install/micro_ros_setup/./config/freertos/nucleo_f446ze/build.sh
[3.154s] -- Up-to-date: /home/g5/dd2419_ws/install/micro_ros_setup/./config/freertos/dev_ros2_packages.txt
[3.154s] -- Up-to-date: /home/g5/dd2419_ws/install/micro_ros_setup/./config/freertos/nucleo_f446re
[3.155s] -- Up-to-date: /home/g5/dd2419_ws/install/micro_ros_setup/./config/freertos/nucleo_f446re/package.xml
[3.155s] -- Up-to-date: /home/g5/dd2419_ws/install/micro_ros_setup/./config/freertos/nucleo_f446re/flash.sh
[3.155s] -- Up-to-date: /home/g5/dd2419_ws/install/micro_ros_setup/./config/freertos/nucleo_f446re/board.repos
[3.155s] -- Up-to-date: /home/g5/dd2419_ws/install/micro_ros_setup/./config/freertos/nucleo_f446re/configure.sh
[3.155s] -- Up-to-date: /home/g5/dd2419_ws/install/micro_ros_setup/./config/freertos/nucleo_f446re/create.sh
[3.155s] -- Up-to-date: /home/g5/dd2419_ws/install/micro_ros_setup/./config/freertos/nucleo_f446re/client-colcon.meta
[3.155s] -- Up-to-date: /home/g5/dd2419_ws/install/micro_ros_setup/./config/freertos/nucleo_f446re/client_uros_packages.repos
[3.157s] -- Up-to-date: /home/g5/dd2419_ws/install/micro_ros_setup/./config/freertos/nucleo_f446re/build.sh
[3.157s] -- Up-to-date: /home/g5/dd2419_ws/install/micro_ros_setup/./config/zephyr
[3.157s] -- Up-to-date: /home/g5/dd2419_ws/install/micro_ros_setup/./config/zephyr/generic
[3.157s] -- Up-to-date: /home/g5/dd2419_ws/install/micro_ros_setup/./config/zephyr/generic/package.xml
[3.157s] -- Up-to-date: /home/g5/dd2419_ws/install/micro_ros_setup/./config/zephyr/generic/flash.sh
[3.157s] -- Up-to-date: /home/g5/dd2419_ws/install/micro_ros_setup/./config/zephyr/generic/supported_platforms
[3.158s] -- Up-to-date: /home/g5/dd2419_ws/install/micro_ros_setup/./config/zephyr/generic/board.repos
[3.158s] -- Up-to-date: /home/g5/dd2419_ws/install/micro_ros_setup/./config/zephyr/generic/configure.sh
[3.158s] -- Up-to-date: /home/g5/dd2419_ws/install/micro_ros_setup/./config/zephyr/generic/create.sh
[3.158s] -- Up-to-date: /home/g5/dd2419_ws/install/micro_ros_setup/./config/zephyr/generic/client-colcon.meta
[3.158s] -- Up-to-date: /home/g5/dd2419_ws/install/micro_ros_setup/./config/zephyr/generic/client_uros_packages.repos
[3.158s] -- Up-to-date: /home/g5/dd2419_ws/install/micro_ros_setup/./config/zephyr/generic/build.sh
[3.158s] -- Up-to-date: /home/g5/dd2419_ws/install/micro_ros_setup/./config/zephyr/dev_uros_packages.repos
[3.158s] -- Up-to-date: /home/g5/dd2419_ws/install/micro_ros_setup/./config/zephyr/list_apps.sh
[3.158s] -- Up-to-date: /home/g5/dd2419_ws/install/micro_ros_setup/./config/zephyr/dev_ros2_packages.txt
[3.158s] -- Up-to-date: /home/g5/dd2419_ws/install/micro_ros_setup/./config/utils.sh
[3.159s] -- Up-to-date: /home/g5/dd2419_ws/install/micro_ros_setup/./config/agent_ros2_packages.txt
[3.159s] -- Up-to-date: /home/g5/dd2419_ws/install/micro_ros_setup/./config/android
[3.159s] -- Up-to-date: /home/g5/dd2419_ws/install/micro_ros_setup/./config/android/generic
[3.159s] -- Up-to-date: /home/g5/dd2419_ws/install/micro_ros_setup/./config/android/generic/package.xml
[3.159s] -- Up-to-date: /home/g5/dd2419_ws/install/micro_ros_setup/./config/android/generic/flash.sh
[3.159s] -- Up-to-date: /home/g5/dd2419_ws/install/micro_ros_setup/./config/android/generic/create.sh
[3.159s] -- Up-to-date: /home/g5/dd2419_ws/install/micro_ros_setup/./config/android/generic/client-colcon.meta
[3.159s] -- Up-to-date: /home/g5/dd2419_ws/install/micro_ros_setup/./config/android/generic/client_uros_packages.repos
[3.159s] -- Up-to-date: /home/g5/dd2419_ws/install/micro_ros_setup/./config/android/generic/build.sh
[3.160s] -- Up-to-date: /home/g5/dd2419_ws/install/micro_ros_setup/./config/android/dev_uros_packages.repos
[3.160s] -- Up-to-date: /home/g5/dd2419_ws/install/micro_ros_setup/./config/android/dev_ros2_packages.txt
[3.160s] -- Up-to-date: /home/g5/dd2419_ws/install/micro_ros_setup/./config/renesas_ra
[3.160s] -- Up-to-date: /home/g5/dd2419_ws/install/micro_ros_setup/./config/renesas_ra/ra6m5
[3.160s] -- Up-to-date: /home/g5/dd2419_ws/install/micro_ros_setup/./config/renesas_ra/ra6m5/flash.sh
[3.160s] -- Up-to-date: /home/g5/dd2419_ws/install/micro_ros_setup/./config/renesas_ra/ra6m5/board.repos
[3.160s] -- Up-to-date: /home/g5/dd2419_ws/install/micro_ros_setup/./config/renesas_ra/ra6m5/configure.sh
[3.160s] -- Up-to-date: /home/g5/dd2419_ws/install/micro_ros_setup/./config/renesas_ra/ra6m5/create.sh
[3.160s] -- Up-to-date: /home/g5/dd2419_ws/install/micro_ros_setup/./config/renesas_ra/ra6m5/client-colcon.meta
[3.161s] -- Up-to-date: /home/g5/dd2419_ws/install/micro_ros_setup/./config/renesas_ra/ra6m5/client_uros_packages.repos
[3.161s] -- Up-to-date: /home/g5/dd2419_ws/install/micro_ros_setup/./config/renesas_ra/ra6m5/build.sh
[3.161s] -- Up-to-date: /home/g5/dd2419_ws/install/micro_ros_setup/./config/renesas_ra/dev_uros_packages.repos
[3.161s] -- Up-to-date: /home/g5/dd2419_ws/install/micro_ros_setup/./config/renesas_ra/list_apps.sh
[3.161s] -- Up-to-date: /home/g5/dd2419_ws/install/micro_ros_setup/./config/renesas_ra/dev_ros2_packages.txt
[3.161s] -- Up-to-date: /home/g5/dd2419_ws/install/micro_ros_setup/./config/host
[3.162s] -- Up-to-date: /home/g5/dd2419_ws/install/micro_ros_setup/./config/host/generic
[3.162s] -- Up-to-date: /home/g5/dd2419_ws/install/micro_ros_setup/./config/host/generic/package.xml
[3.162s] -- Up-to-date: /home/g5/dd2419_ws/install/micro_ros_setup/./config/host/generic/flash.sh
[3.162s] -- Up-to-date: /home/g5/dd2419_ws/install/micro_ros_setup/./config/host/generic/client_host_packages.repos
[3.162s] -- Up-to-date: /home/g5/dd2419_ws/install/micro_ros_setup/./config/host/generic/create.sh
[3.162s] -- Up-to-date: /home/g5/dd2419_ws/install/micro_ros_setup/./config/host/generic/client-host-colcon.meta
[3.162s] -- Up-to-date: /home/g5/dd2419_ws/install/micro_ros_setup/./config/host/generic/build.sh
[3.162s] -- Up-to-date: /home/g5/dd2419_ws/install/micro_ros_setup/./config/host/dev_uros_packages.repos
[3.162s] -- Up-to-date: /home/g5/dd2419_ws/install/micro_ros_setup/./config/host/client_ros2_packages.txt
[3.162s] -- Up-to-date: /home/g5/dd2419_ws/install/micro_ros_setup/./config/host/dev_ros2_packages.txt
[3.163s] -- Up-to-date: /home/g5/dd2419_ws/install/micro_ros_setup/./config/agent_uros_packages.repos
[3.163s] -- Up-to-date: /home/g5/dd2419_ws/install/micro_ros_setup/./config/client_ros2_packages.txt
[3.163s] -- Up-to-date: /home/g5/dd2419_ws/install/micro_ros_setup/./config/mbed
[3.163s] -- Up-to-date: /home/g5/dd2419_ws/install/micro_ros_setup/./config/mbed/generic
[3.163s] -- Up-to-date: /home/g5/dd2419_ws/install/micro_ros_setup/./config/mbed/generic/package.xml
[3.163s] -- Up-to-date: /home/g5/dd2419_ws/install/micro_ros_setup/./config/mbed/generic/flash.sh
[3.163s] -- Up-to-date: /home/g5/dd2419_ws/install/micro_ros_setup/./config/mbed/generic/supported_platforms
[3.163s] -- Up-to-date: /home/g5/dd2419_ws/install/micro_ros_setup/./config/mbed/generic/board.repos
[3.163s] -- Up-to-date: /home/g5/dd2419_ws/install/micro_ros_setup/./config/mbed/generic/create.sh
[3.164s] -- Up-to-date: /home/g5/dd2419_ws/install/micro_ros_setup/./config/mbed/generic/client_uros_packages.repos
[3.164s] -- Up-to-date: /home/g5/dd2419_ws/install/micro_ros_setup/./config/mbed/generic/build.sh
[3.164s] -- Up-to-date: /home/g5/dd2419_ws/install/micro_ros_setup/./config/mbed/dev_uros_packages.repos
[3.164s] -- Up-to-date: /home/g5/dd2419_ws/install/micro_ros_setup/./config/mbed/list_apps.sh
[3.164s] -- Up-to-date: /home/g5/dd2419_ws/install/micro_ros_setup/./config/mbed/dev_ros2_packages.txt
[3.164s] -- Up-to-date: /home/g5/dd2419_ws/install/micro_ros_setup/./config/client_uros_packages.repos
[3.164s] -- Up-to-date: /home/g5/dd2419_ws/install/micro_ros_setup/./config/raspbian
[3.164s] -- Up-to-date: /home/g5/dd2419_ws/install/micro_ros_setup/./config/raspbian/generic
[3.164s] -- Up-to-date: /home/g5/dd2419_ws/install/micro_ros_setup/./config/raspbian/generic/flash.sh
[3.164s] -- Up-to-date: /home/g5/dd2419_ws/install/micro_ros_setup/./config/raspbian/generic/supported_platforms
[3.165s] -- Up-to-date: /home/g5/dd2419_ws/install/micro_ros_setup/./config/raspbian/generic/configure.sh
[3.165s] -- Up-to-date: /home/g5/dd2419_ws/install/micro_ros_setup/./config/raspbian/generic/create.sh
[3.165s] -- Up-to-date: /home/g5/dd2419_ws/install/micro_ros_setup/./config/raspbian/generic/client-colcon.meta
[3.165s] -- Up-to-date: /home/g5/dd2419_ws/install/micro_ros_setup/./config/raspbian/generic/client_uros_packages.repos
[3.165s] -- Up-to-date: /home/g5/dd2419_ws/install/micro_ros_setup/./config/raspbian/generic/build.sh
[3.165s] -- Up-to-date: /home/g5/dd2419_ws/install/micro_ros_setup/./config/raspbian/dev_uros_packages.repos
[3.165s] -- Up-to-date: /home/g5/dd2419_ws/install/micro_ros_setup/./config/raspbian/dev_ros2_packages.txt
[3.165s] -- Up-to-date: /home/g5/dd2419_ws/install/micro_ros_setup/./config/generate_lib
[3.166s] -- Up-to-date: /home/g5/dd2419_ws/install/micro_ros_setup/./config/generate_lib/generic
[3.166s] -- Up-to-date: /home/g5/dd2419_ws/install/micro_ros_setup/./config/generate_lib/generic/demo_toolchain.cmake
[3.166s] -- Up-to-date: /home/g5/dd2419_ws/install/micro_ros_setup/./config/generate_lib/generic/package.xml
[3.166s] -- Up-to-date: /home/g5/dd2419_ws/install/micro_ros_setup/./config/generate_lib/generic/flash.sh
[3.166s] -- Up-to-date: /home/g5/dd2419_ws/install/micro_ros_setup/./config/generate_lib/generic/create.sh
[3.166s] -- Up-to-date: /home/g5/dd2419_ws/install/micro_ros_setup/./config/generate_lib/generic/client-colcon.meta
[3.166s] -- Up-to-date: /home/g5/dd2419_ws/install/micro_ros_setup/./config/generate_lib/generic/client_uros_packages.repos
[3.166s] -- Up-to-date: /home/g5/dd2419_ws/install/micro_ros_setup/./config/generate_lib/generic/build.sh
[3.166s] -- Up-to-date: /home/g5/dd2419_ws/install/micro_ros_setup/./config/generate_lib/dev_uros_packages.repos
[3.166s] -- Up-to-date: /home/g5/dd2419_ws/install/micro_ros_setup/./config/generate_lib/dev_ros2_packages.txt
[3.167s] Invoked command in '/home/g5/dd2419_ws/build/micro_ros_setup' returned '0': CMAKE_PREFIX_PATH=${CMAKE_PREFIX_PATH}:/home/g5/dd2419_ws/install/robp_launch:/home/g5/dd2419_ws/install/robp_boot_camp_launch:/home/g5/dd2419_ws/install/odometry:/home/g5/dd2419_ws/install/controller:/home/g5/dd2419_ws/install/control:/home/g5/dd2419_ws/install/arm:/home/g5/dd2419_ws/install/planning:/home/g5/dd2419_ws/install/kobuki_description:/home/g5/dd2419_ws/install/display_markers:/home/g5/dd2419_ws/install/detection:/home/g5/dd2419_ws/install/arm_servos_pubs_subs:/opt/ros/humble /usr/bin/cmake --install /home/g5/dd2419_ws/build/micro_ros_setup
