[35m[1mConsolidate compiler generated dependencies of target world[0m
[100%] Built target world
-- Install configuration: ""
-- Execute custom install script
-- Up-to-date symlink: /home/g5/dd2419_ws/install/robp_boot_camp_world/lib/robp_boot_camp_world/world
-- Up-to-date symlink: /home/g5/dd2419_ws/install/robp_boot_camp_world/share/ament_index/resource_index/package_run_dependencies/robp_boot_camp_world
-- Up-to-date symlink: /home/g5/dd2419_ws/install/robp_boot_camp_world/share/ament_index/resource_index/parent_prefix_path/robp_boot_camp_world
-- Up-to-date symlink: /home/g5/dd2419_ws/install/robp_boot_camp_world/share/robp_boot_camp_world/environment/ament_prefix_path.sh
-- Up-to-date symlink: /home/g5/dd2419_ws/install/robp_boot_camp_world/share/robp_boot_camp_world/environment/ament_prefix_path.dsv
-- Up-to-date symlink: /home/g5/dd2419_ws/install/robp_boot_camp_world/share/robp_boot_camp_world/environment/path.sh
-- Up-to-date symlink: /home/g5/dd2419_ws/install/robp_boot_camp_world/share/robp_boot_camp_world/environment/path.dsv
-- Up-to-date symlink: /home/g5/dd2419_ws/install/robp_boot_camp_world/share/robp_boot_camp_world/local_setup.bash
-- Up-to-date symlink: /home/g5/dd2419_ws/install/robp_boot_camp_world/share/robp_boot_camp_world/local_setup.sh
-- Up-to-date symlink: /home/g5/dd2419_ws/install/robp_boot_camp_world/share/robp_boot_camp_world/local_setup.zsh
-- Up-to-date symlink: /home/g5/dd2419_ws/install/robp_boot_camp_world/share/robp_boot_camp_world/local_setup.dsv
-- Symlinking: /home/g5/dd2419_ws/install/robp_boot_camp_world/share/robp_boot_camp_world/package.dsv
-- Up-to-date symlink: /home/g5/dd2419_ws/install/robp_boot_camp_world/share/ament_index/resource_index/packages/robp_boot_camp_world
-- Up-to-date symlink: /home/g5/dd2419_ws/install/robp_boot_camp_world/share/robp_boot_camp_world/cmake/robp_boot_camp_worldConfig.cmake
-- Up-to-date symlink: /home/g5/dd2419_ws/install/robp_boot_camp_world/share/robp_boot_camp_world/cmake/robp_boot_camp_worldConfig-version.cmake
-- Up-to-date symlink: /home/g5/dd2419_ws/install/robp_boot_camp_world/share/robp_boot_camp_world/package.xml
