[0.361s] Invoking command in '/home/g5/dd2419_ws/build/robp_boot_camp_world': CMAKE_PREFIX_PATH=${CMAKE_PREFIX_PATH}:/home/g5/dd2419_ws/install/robp_launch:/home/g5/dd2419_ws/install/robp_boot_camp_launch:/home/g5/dd2419_ws/install/odometry:/home/g5/dd2419_ws/install/controller:/home/g5/dd2419_ws/install/control:/home/g5/dd2419_ws/install/arm:/home/g5/dd2419_ws/install/planning:/home/g5/dd2419_ws/install/kobuki_description:/home/g5/dd2419_ws/install/display_markers:/home/g5/dd2419_ws/install/detection:/home/g5/dd2419_ws/install/arm_servos_pubs_subs:/opt/ros/humble /usr/bin/cmake --build /home/g5/dd2419_ws/build/robp_boot_camp_world -- -j8 -l8
[0.471s] [35m[1mConsolidate compiler generated dependencies of target world[0m
[0.531s] [100%] Built target world
[0.606s] Invoked command in '/home/g5/dd2419_ws/build/robp_boot_camp_world' returned '0': CMAKE_PREFIX_PATH=${CMAKE_PREFIX_PATH}:/home/g5/dd2419_ws/install/robp_launch:/home/g5/dd2419_ws/install/robp_boot_camp_launch:/home/g5/dd2419_ws/install/odometry:/home/g5/dd2419_ws/install/controller:/home/g5/dd2419_ws/install/control:/home/g5/dd2419_ws/install/arm:/home/g5/dd2419_ws/install/planning:/home/g5/dd2419_ws/install/kobuki_description:/home/g5/dd2419_ws/install/display_markers:/home/g5/dd2419_ws/install/detection:/home/g5/dd2419_ws/install/arm_servos_pubs_subs:/opt/ros/humble /usr/bin/cmake --build /home/g5/dd2419_ws/build/robp_boot_camp_world -- -j8 -l8
[0.798s] Invoking command in '/home/g5/dd2419_ws/build/robp_boot_camp_world': CMAKE_PREFIX_PATH=${CMAKE_PREFIX_PATH}:/home/g5/dd2419_ws/install/robp_launch:/home/g5/dd2419_ws/install/robp_boot_camp_launch:/home/g5/dd2419_ws/install/odometry:/home/g5/dd2419_ws/install/controller:/home/g5/dd2419_ws/install/control:/home/g5/dd2419_ws/install/arm:/home/g5/dd2419_ws/install/planning:/home/g5/dd2419_ws/install/kobuki_description:/home/g5/dd2419_ws/install/display_markers:/home/g5/dd2419_ws/install/detection:/home/g5/dd2419_ws/install/arm_servos_pubs_subs:/opt/ros/humble /usr/bin/cmake --install /home/g5/dd2419_ws/build/robp_boot_camp_world
[0.820s] -- Install configuration: ""
[0.821s] -- Execute custom install script
[0.821s] -- Up-to-date symlink: /home/g5/dd2419_ws/install/robp_boot_camp_world/lib/robp_boot_camp_world/world
[0.821s] -- Up-to-date symlink: /home/g5/dd2419_ws/install/robp_boot_camp_world/share/ament_index/resource_index/package_run_dependencies/robp_boot_camp_world
[0.821s] -- Up-to-date symlink: /home/g5/dd2419_ws/install/robp_boot_camp_world/share/ament_index/resource_index/parent_prefix_path/robp_boot_camp_world
[0.821s] -- Up-to-date symlink: /home/g5/dd2419_ws/install/robp_boot_camp_world/share/robp_boot_camp_world/environment/ament_prefix_path.sh
[0.822s] -- Up-to-date symlink: /home/g5/dd2419_ws/install/robp_boot_camp_world/share/robp_boot_camp_world/environment/ament_prefix_path.dsv
[0.823s] -- Up-to-date symlink: /home/g5/dd2419_ws/install/robp_boot_camp_world/share/robp_boot_camp_world/environment/path.sh
[0.823s] -- Up-to-date symlink: /home/g5/dd2419_ws/install/robp_boot_camp_world/share/robp_boot_camp_world/environment/path.dsv
[0.823s] -- Up-to-date symlink: /home/g5/dd2419_ws/install/robp_boot_camp_world/share/robp_boot_camp_world/local_setup.bash
[0.823s] -- Up-to-date symlink: /home/g5/dd2419_ws/install/robp_boot_camp_world/share/robp_boot_camp_world/local_setup.sh
[0.824s] -- Up-to-date symlink: /home/g5/dd2419_ws/install/robp_boot_camp_world/share/robp_boot_camp_world/local_setup.zsh
[0.824s] -- Up-to-date symlink: /home/g5/dd2419_ws/install/robp_boot_camp_world/share/robp_boot_camp_world/local_setup.dsv
[0.824s] -- Symlinking: /home/g5/dd2419_ws/install/robp_boot_camp_world/share/robp_boot_camp_world/package.dsv
[0.852s] -- Up-to-date symlink: /home/g5/dd2419_ws/install/robp_boot_camp_world/share/ament_index/resource_index/packages/robp_boot_camp_world
[0.852s] -- Up-to-date symlink: /home/g5/dd2419_ws/install/robp_boot_camp_world/share/robp_boot_camp_world/cmake/robp_boot_camp_worldConfig.cmake
[0.852s] -- Up-to-date symlink: /home/g5/dd2419_ws/install/robp_boot_camp_world/share/robp_boot_camp_world/cmake/robp_boot_camp_worldConfig-version.cmake
[0.853s] -- Up-to-date symlink: /home/g5/dd2419_ws/install/robp_boot_camp_world/share/robp_boot_camp_world/package.xml
[0.861s] Invoked command in '/home/g5/dd2419_ws/build/robp_boot_camp_world' returned '0': CMAKE_PREFIX_PATH=${CMAKE_PREFIX_PATH}:/home/g5/dd2419_ws/install/robp_launch:/home/g5/dd2419_ws/install/robp_boot_camp_launch:/home/g5/dd2419_ws/install/odometry:/home/g5/dd2419_ws/install/controller:/home/g5/dd2419_ws/install/control:/home/g5/dd2419_ws/install/arm:/home/g5/dd2419_ws/install/planning:/home/g5/dd2419_ws/install/kobuki_description:/home/g5/dd2419_ws/install/display_markers:/home/g5/dd2419_ws/install/detection:/home/g5/dd2419_ws/install/arm_servos_pubs_subs:/opt/ros/humble /usr/bin/cmake --install /home/g5/dd2419_ws/build/robp_boot_camp_world
