running develop
running egg_info
creating planning.egg-info
writing planning.egg-info/PKG-INFO
writing dependency_links to planning.egg-info/dependency_links.txt
writing entry points to planning.egg-info/entry_points.txt
writing requirements to planning.egg-info/requires.txt
writing top-level names to planning.egg-info/top_level.txt
writing manifest file 'planning.egg-info/SOURCES.txt'
reading manifest file 'planning.egg-info/SOURCES.txt'
writing manifest file 'planning.egg-info/SOURCES.txt'
running build_ext
Creating /home/g5/dd2419_ws/install/planning/lib/python3.10/site-packages/planning.egg-link (link to .)
Installing planning script to /home/g5/dd2419_ws/install/planning/lib/planning

Installed /home/g5/dd2419_ws/build/planning
running install_data
creating /home/g5/dd2419_ws/install/planning/share/ament_index
creating /home/g5/dd2419_ws/install/planning/share/ament_index/resource_index
creating /home/g5/dd2419_ws/install/planning/share/ament_index/resource_index/packages
copying resource/planning -> /home/g5/dd2419_ws/install/planning/share/ament_index/resource_index/packages
copying package.xml -> /home/g5/dd2419_ws/install/planning/share/planning
