[3.285s] Invoking command in '/home/g5/dd2419_ws/build/planning': PYTHONPATH=/home/g5/dd2419_ws/build/planning/prefix_override:/home/g5/dd2419_ws/install/planning/lib/python3.10/site-packages:${PYTHONPATH} /usr/bin/python3 setup.py develop --editable --build-directory /home/g5/dd2419_ws/build/planning/build --no-deps install_data
[3.936s] running develop
[3.936s] /usr/lib/python3/dist-packages/setuptools/command/easy_install.py:158: EasyInstallDeprecationWarning: easy_install command is deprecated. Use build and pip and other standards-based tools.
[3.936s]   warnings.warn(
[3.941s] /usr/lib/python3/dist-packages/setuptools/command/install.py:34: SetuptoolsDeprecationWarning: setup.py install is deprecated. Use build and pip and other standards-based tools.
[3.941s]   warnings.warn(
[4.415s] running egg_info
[4.415s] creating planning.egg-info
[4.416s] writing planning.egg-info/PKG-INFO
[4.417s] writing dependency_links to planning.egg-info/dependency_links.txt
[4.432s] writing entry points to planning.egg-info/entry_points.txt
[4.432s] writing requirements to planning.egg-info/requires.txt
[4.433s] writing top-level names to planning.egg-info/top_level.txt
[4.433s] writing manifest file 'planning.egg-info/SOURCES.txt'
[4.437s] reading manifest file 'planning.egg-info/SOURCES.txt'
[4.439s] writing manifest file 'planning.egg-info/SOURCES.txt'
[4.442s] running build_ext
[4.443s] Creating /home/g5/dd2419_ws/install/planning/lib/python3.10/site-packages/planning.egg-link (link to .)
[4.444s] Installing planning script to /home/g5/dd2419_ws/install/planning/lib/planning
[4.445s] 
[4.445s] Installed /home/g5/dd2419_ws/build/planning
[4.446s] running install_data
[4.446s] creating /home/g5/dd2419_ws/install/planning/share/ament_index
[4.446s] creating /home/g5/dd2419_ws/install/planning/share/ament_index/resource_index
[4.446s] creating /home/g5/dd2419_ws/install/planning/share/ament_index/resource_index/packages
[4.447s] copying resource/planning -> /home/g5/dd2419_ws/install/planning/share/ament_index/resource_index/packages
[4.447s] copying package.xml -> /home/g5/dd2419_ws/install/planning/share/planning
[4.688s] Invoked command in '/home/g5/dd2419_ws/build/planning' returned '0': PYTHONPATH=/home/g5/dd2419_ws/build/planning/prefix_override:/home/g5/dd2419_ws/install/planning/lib/python3.10/site-packages:${PYTHONPATH} /usr/bin/python3 setup.py develop --editable --build-directory /home/g5/dd2419_ws/build/planning/build --no-deps install_data
