-- The C compiler identification is GNU 11.4.0
-- The CXX compiler identification is GNU 11.4.0
-- Detecting C compiler ABI info
-- Detecting C compiler ABI info - done
-- Check for working C compiler: /usr/bin/cc - skipped
-- Detecting C compile features
-- Detecting C compile features - done
-- Detecting CXX compiler ABI info
-- Detecting CXX compiler ABI info - done
-- Check for working CXX compiler: /usr/bin/c++ - skipped
-- Detecting CXX compile features
-- Detecting CXX compile features - done
-- Found ament_cmake: 1.3.7 (/opt/ros/humble/share/ament_cmake/cmake)
-- Found Python3: /usr/bin/python3.10 (found version "3.10.12") found components: Interpreter 
-- Override CMake install command with custom implementation using symlinks instead of copying resources
-- Found rosidl_default_generators: 1.2.0 (/opt/ros/humble/share/rosidl_default_generators/cmake)
-- Using all available rosidl_typesupport_c: rosidl_typesupport_fastrtps_c;rosidl_typesupport_introspection_c
-- Found rosidl_adapter: 3.1.5 (/opt/ros/humble/share/rosidl_adapter/cmake)
-- Using all available rosidl_typesupport_cpp: rosidl_typesupport_fastrtps_cpp;rosidl_typesupport_introspection_cpp
-- Found std_msgs: 4.2.3 (/opt/ros/humble/share/std_msgs/cmake)
-- Found ament_cmake_ros: 0.10.0 (/opt/ros/humble/share/ament_cmake_ros/cmake)
-- Using all available rosidl_typesupport_c: rosidl_typesupport_fastrtps_c;rosidl_typesupport_introspection_c
-- Using all available rosidl_typesupport_cpp: rosidl_typesupport_fastrtps_cpp;rosidl_typesupport_introspection_cpp
-- Found PythonInterp: /usr/bin/python3 (found suitable version "3.10.12", minimum required is "3.6") 
-- Found python_cmake_module: 0.10.0 (/opt/ros/humble/share/python_cmake_module/cmake)
-- Found PythonLibs: /usr/lib/x86_64-linux-gnu/libpython3.10.so (found suitable version "3.10.12", minimum required is "3.5") 
-- Using PYTHON_EXECUTABLE: /usr/bin/python3
-- Using PYTHON_INCLUDE_DIRS: /usr/include/python3.10
-- Using PYTHON_LIBRARIES: /usr/lib/x86_64-linux-gnu/libpython3.10.so
-- Found PythonExtra: .so  
-- Found ament_lint_auto: 0.12.10 (/opt/ros/humble/share/ament_lint_auto/cmake)
-- Added test 'lint_cmake' to check CMake code style
-- Added test 'xmllint' to check XML markup files
-- Configuring done
-- Generating done
-- Build files have been written to: /home/g5/dd2419_ws/build/robp_interfaces
[  2%] [34m[1mGenerating C code for ROS interfaces[0m
[  4%] [34m[1mGenerating C++ code for ROS interfaces[0m
[  4%] Built target ament_cmake_python_symlink_robp_interfaces
running egg_info
creating robp_interfaces.egg-info
writing robp_interfaces.egg-info/PKG-INFO
writing dependency_links to robp_interfaces.egg-info/dependency_links.txt
writing top-level names to robp_interfaces.egg-info/top_level.txt
writing manifest file 'robp_interfaces.egg-info/SOURCES.txt'
reading manifest file 'robp_interfaces.egg-info/SOURCES.txt'
writing manifest file 'robp_interfaces.egg-info/SOURCES.txt'
[  4%] Built target ament_cmake_python_build_robp_interfaces_egg
[  4%] Built target robp_interfaces__cpp
[  6%] [34m[1mGenerating C++ type support dispatch for ROS interfaces[0m
[  8%] [34m[1mGenerating C++ introspection for ROS interfaces[0m
[ 10%] [34m[1mGenerating C++ type support for eProsima Fast-RTPS[0m
[ 12%] [32mBuilding C object CMakeFiles/robp_interfaces__rosidl_generator_c.dir/rosidl_generator_c/robp_interfaces/msg/detail/duty_cycles__functions.c.o[0m
[ 14%] [32mBuilding C object CMakeFiles/robp_interfaces__rosidl_generator_c.dir/rosidl_generator_c/robp_interfaces/msg/detail/encoders__functions.c.o[0m
[ 17%] [32mBuilding C object CMakeFiles/robp_interfaces__rosidl_generator_c.dir/rosidl_generator_c/robp_interfaces/msg/detail/obj_pos__functions.c.o[0m
[ 19%] [32m[1mLinking C shared library librobp_interfaces__rosidl_generator_c.so[0m
[ 19%] Built target robp_interfaces__rosidl_generator_c
[ 21%] [34m[1mGenerating C type support dispatch for ROS interfaces[0m
[ 23%] [34m[1mGenerating C type support for eProsima Fast-RTPS[0m
[ 25%] [34m[1mGenerating C introspection for ROS interfaces[0m
[ 27%] [32mBuilding CXX object CMakeFiles/robp_interfaces__rosidl_typesupport_cpp.dir/rosidl_typesupport_cpp/robp_interfaces/msg/obj_pos__type_support.cpp.o[0m
[ 29%] [32mBuilding CXX object CMakeFiles/robp_interfaces__rosidl_typesupport_cpp.dir/rosidl_typesupport_cpp/robp_interfaces/msg/encoders__type_support.cpp.o[0m
[ 31%] [32mBuilding CXX object CMakeFiles/robp_interfaces__rosidl_typesupport_cpp.dir/rosidl_typesupport_cpp/robp_interfaces/msg/duty_cycles__type_support.cpp.o[0m
[ 34%] [32mBuilding CXX object CMakeFiles/robp_interfaces__rosidl_typesupport_introspection_cpp.dir/rosidl_typesupport_introspection_cpp/robp_interfaces/msg/detail/duty_cycles__type_support.cpp.o[0m
[ 36%] [32mBuilding CXX object CMakeFiles/robp_interfaces__rosidl_typesupport_fastrtps_cpp.dir/rosidl_typesupport_fastrtps_cpp/robp_interfaces/msg/detail/dds_fastrtps/duty_cycles__type_support.cpp.o[0m
[ 38%] [32mBuilding CXX object CMakeFiles/robp_interfaces__rosidl_typesupport_c.dir/rosidl_typesupport_c/robp_interfaces/msg/duty_cycles__type_support.cpp.o[0m
[ 40%] [32mBuilding CXX object CMakeFiles/robp_interfaces__rosidl_typesupport_introspection_cpp.dir/rosidl_typesupport_introspection_cpp/robp_interfaces/msg/detail/encoders__type_support.cpp.o[0m
[ 42%] [32mBuilding CXX object CMakeFiles/robp_interfaces__rosidl_typesupport_c.dir/rosidl_typesupport_c/robp_interfaces/msg/encoders__type_support.cpp.o[0m
[ 46%] [32mBuilding CXX object CMakeFiles/robp_interfaces__rosidl_typesupport_c.dir/rosidl_typesupport_c/robp_interfaces/msg/obj_pos__type_support.cpp.o[0m
[ 48%] [32mBuilding CXX object CMakeFiles/robp_interfaces__rosidl_typesupport_introspection_cpp.dir/rosidl_typesupport_introspection_cpp/robp_interfaces/msg/detail/obj_pos__type_support.cpp.o[0m
[ 48%] [32m[1mLinking CXX shared library librobp_interfaces__rosidl_typesupport_cpp.so[0m
[ 51%] [32m[1mLinking CXX shared library librobp_interfaces__rosidl_typesupport_c.so[0m
[ 53%] [32mBuilding CXX object CMakeFiles/robp_interfaces__rosidl_typesupport_fastrtps_c.dir/rosidl_typesupport_fastrtps_c/robp_interfaces/msg/detail/duty_cycles__type_support_c.cpp.o[0m
[ 55%] [32mBuilding C object CMakeFiles/robp_interfaces__rosidl_typesupport_introspection_c.dir/rosidl_typesupport_introspection_c/robp_interfaces/msg/detail/duty_cycles__type_support.c.o[0m
[ 55%] Built target robp_interfaces__rosidl_typesupport_cpp
[ 57%] [32mBuilding CXX object CMakeFiles/robp_interfaces__rosidl_typesupport_fastrtps_c.dir/rosidl_typesupport_fastrtps_c/robp_interfaces/msg/detail/encoders__type_support_c.cpp.o[0m
[ 57%] Built target robp_interfaces__rosidl_typesupport_c
[ 59%] [32mBuilding C object CMakeFiles/robp_interfaces__rosidl_typesupport_introspection_c.dir/rosidl_typesupport_introspection_c/robp_interfaces/msg/detail/encoders__type_support.c.o[0m
[ 61%] [32mBuilding C object CMakeFiles/robp_interfaces__rosidl_typesupport_introspection_c.dir/rosidl_typesupport_introspection_c/robp_interfaces/msg/detail/obj_pos__type_support.c.o[0m
[ 63%] [32mBuilding CXX object CMakeFiles/robp_interfaces__rosidl_typesupport_fastrtps_c.dir/rosidl_typesupport_fastrtps_c/robp_interfaces/msg/detail/obj_pos__type_support_c.cpp.o[0m
[ 65%] [32m[1mLinking C shared library librobp_interfaces__rosidl_typesupport_introspection_c.so[0m
[ 65%] Built target robp_interfaces__rosidl_typesupport_introspection_c
[ 68%] [32mBuilding CXX object CMakeFiles/robp_interfaces__rosidl_typesupport_fastrtps_cpp.dir/rosidl_typesupport_fastrtps_cpp/robp_interfaces/msg/detail/dds_fastrtps/encoders__type_support.cpp.o[0m
[ 70%] [32mBuilding CXX object CMakeFiles/robp_interfaces__rosidl_typesupport_fastrtps_cpp.dir/rosidl_typesupport_fastrtps_cpp/robp_interfaces/msg/detail/dds_fastrtps/obj_pos__type_support.cpp.o[0m
[ 72%] [32m[1mLinking CXX shared library librobp_interfaces__rosidl_typesupport_introspection_cpp.so[0m
[ 72%] Built target robp_interfaces__rosidl_typesupport_introspection_cpp
[ 74%] [32m[1mLinking CXX shared library librobp_interfaces__rosidl_typesupport_fastrtps_c.so[0m
[ 74%] Built target robp_interfaces__rosidl_typesupport_fastrtps_c
[ 76%] [32m[1mLinking CXX shared library librobp_interfaces__rosidl_typesupport_fastrtps_cpp.so[0m
[ 76%] Built target robp_interfaces__rosidl_typesupport_fastrtps_cpp
[ 76%] Built target robp_interfaces
[ 78%] [34m[1mGenerating Python code for ROS interfaces[0m
[ 78%] Built target robp_interfaces__py
[ 80%] [32mBuilding C object CMakeFiles/robp_interfaces__rosidl_generator_py.dir/rosidl_generator_py/robp_interfaces/msg/_duty_cycles_s.c.o[0m
[ 82%] [32mBuilding C object CMakeFiles/robp_interfaces__rosidl_generator_py.dir/rosidl_generator_py/robp_interfaces/msg/_encoders_s.c.o[0m
[ 85%] [32mBuilding C object CMakeFiles/robp_interfaces__rosidl_generator_py.dir/rosidl_generator_py/robp_interfaces/msg/_obj_pos_s.c.o[0m
[ 87%] [32m[1mLinking C shared library rosidl_generator_py/robp_interfaces/librobp_interfaces__rosidl_generator_py.so[0m
[ 87%] Built target robp_interfaces__rosidl_generator_py
[ 89%] [32mBuilding C object CMakeFiles/robp_interfaces__rosidl_typesupport_introspection_c__pyext.dir/rosidl_generator_py/robp_interfaces/_robp_interfaces_s.ep.rosidl_typesupport_introspection_c.c.o[0m
[ 91%] [32mBuilding C object CMakeFiles/robp_interfaces__rosidl_typesupport_c__pyext.dir/rosidl_generator_py/robp_interfaces/_robp_interfaces_s.ep.rosidl_typesupport_c.c.o[0m
[ 93%] [32mBuilding C object CMakeFiles/robp_interfaces__rosidl_typesupport_fastrtps_c__pyext.dir/rosidl_generator_py/robp_interfaces/_robp_interfaces_s.ep.rosidl_typesupport_fastrtps_c.c.o[0m
[ 95%] [32m[1mLinking C shared library rosidl_generator_py/robp_interfaces/robp_interfaces_s__rosidl_typesupport_introspection_c.cpython-310-x86_64-linux-gnu.so[0m
[ 97%] [32m[1mLinking C shared library rosidl_generator_py/robp_interfaces/robp_interfaces_s__rosidl_typesupport_c.cpython-310-x86_64-linux-gnu.so[0m
[ 97%] Built target robp_interfaces__rosidl_typesupport_introspection_c__pyext
[100%] [32m[1mLinking C shared library rosidl_generator_py/robp_interfaces/robp_interfaces_s__rosidl_typesupport_fastrtps_c.cpython-310-x86_64-linux-gnu.so[0m
[100%] Built target robp_interfaces__rosidl_typesupport_c__pyext
[100%] Built target robp_interfaces__rosidl_typesupport_fastrtps_c__pyext
-- Install configuration: ""
-- Execute custom install script
-- Symlinking: /home/g5/dd2419_ws/install/robp_interfaces/share/ament_index/resource_index/rosidl_interfaces/robp_interfaces
-- Symlinking: /home/g5/dd2419_ws/install/robp_interfaces/include/robp_interfaces/robp_interfaces/msg/detail/duty_cycles__functions.h
-- Symlinking: /home/g5/dd2419_ws/install/robp_interfaces/include/robp_interfaces/robp_interfaces/msg/detail/duty_cycles__struct.h
-- Symlinking: /home/g5/dd2419_ws/install/robp_interfaces/include/robp_interfaces/robp_interfaces/msg/detail/duty_cycles__type_support.h
-- Symlinking: /home/g5/dd2419_ws/install/robp_interfaces/include/robp_interfaces/robp_interfaces/msg/detail/encoders__functions.h
-- Symlinking: /home/g5/dd2419_ws/install/robp_interfaces/include/robp_interfaces/robp_interfaces/msg/detail/encoders__struct.h
-- Symlinking: /home/g5/dd2419_ws/install/robp_interfaces/include/robp_interfaces/robp_interfaces/msg/detail/encoders__type_support.h
-- Symlinking: /home/g5/dd2419_ws/install/robp_interfaces/include/robp_interfaces/robp_interfaces/msg/detail/obj_pos__functions.h
-- Symlinking: /home/g5/dd2419_ws/install/robp_interfaces/include/robp_interfaces/robp_interfaces/msg/detail/obj_pos__struct.h
-- Symlinking: /home/g5/dd2419_ws/install/robp_interfaces/include/robp_interfaces/robp_interfaces/msg/detail/obj_pos__type_support.h
-- Symlinking: /home/g5/dd2419_ws/install/robp_interfaces/include/robp_interfaces/robp_interfaces/msg/duty_cycles.h
-- Symlinking: /home/g5/dd2419_ws/install/robp_interfaces/include/robp_interfaces/robp_interfaces/msg/encoders.h
-- Symlinking: /home/g5/dd2419_ws/install/robp_interfaces/include/robp_interfaces/robp_interfaces/msg/obj_pos.h
-- Symlinking: /home/g5/dd2419_ws/install/robp_interfaces/include/robp_interfaces/robp_interfaces/msg/rosidl_generator_c__visibility_control.h
-- Symlinking: /home/g5/dd2419_ws/install/robp_interfaces/share/robp_interfaces/environment/library_path.sh
-- Symlinking: /home/g5/dd2419_ws/install/robp_interfaces/share/robp_interfaces/environment/library_path.dsv
-- Symlinking: /home/g5/dd2419_ws/install/robp_interfaces/include/robp_interfaces/robp_interfaces/msg/detail/duty_cycles__rosidl_typesupport_fastrtps_c.h
-- Symlinking: /home/g5/dd2419_ws/install/robp_interfaces/include/robp_interfaces/robp_interfaces/msg/detail/encoders__rosidl_typesupport_fastrtps_c.h
-- Symlinking: /home/g5/dd2419_ws/install/robp_interfaces/include/robp_interfaces/robp_interfaces/msg/detail/obj_pos__rosidl_typesupport_fastrtps_c.h
-- Symlinking: /home/g5/dd2419_ws/install/robp_interfaces/include/robp_interfaces/robp_interfaces/msg/rosidl_typesupport_fastrtps_c__visibility_control.h
-- Symlinking: /home/g5/dd2419_ws/install/robp_interfaces/include/robp_interfaces/robp_interfaces/msg/detail/duty_cycles__rosidl_typesupport_introspection_c.h
-- Symlinking: /home/g5/dd2419_ws/install/robp_interfaces/include/robp_interfaces/robp_interfaces/msg/detail/encoders__rosidl_typesupport_introspection_c.h
-- Symlinking: /home/g5/dd2419_ws/install/robp_interfaces/include/robp_interfaces/robp_interfaces/msg/detail/obj_pos__rosidl_typesupport_introspection_c.h
-- Symlinking: /home/g5/dd2419_ws/install/robp_interfaces/include/robp_interfaces/robp_interfaces/msg/rosidl_typesupport_introspection_c__visibility_control.h
-- Symlinking: /home/g5/dd2419_ws/install/robp_interfaces/include/robp_interfaces/robp_interfaces/msg/detail/duty_cycles__builder.hpp
-- Symlinking: /home/g5/dd2419_ws/install/robp_interfaces/include/robp_interfaces/robp_interfaces/msg/detail/duty_cycles__struct.hpp
-- Symlinking: /home/g5/dd2419_ws/install/robp_interfaces/include/robp_interfaces/robp_interfaces/msg/detail/duty_cycles__traits.hpp
-- Symlinking: /home/g5/dd2419_ws/install/robp_interfaces/include/robp_interfaces/robp_interfaces/msg/detail/encoders__builder.hpp
-- Symlinking: /home/g5/dd2419_ws/install/robp_interfaces/include/robp_interfaces/robp_interfaces/msg/detail/encoders__struct.hpp
-- Symlinking: /home/g5/dd2419_ws/install/robp_interfaces/include/robp_interfaces/robp_interfaces/msg/detail/encoders__traits.hpp
-- Symlinking: /home/g5/dd2419_ws/install/robp_interfaces/include/robp_interfaces/robp_interfaces/msg/detail/obj_pos__builder.hpp
-- Symlinking: /home/g5/dd2419_ws/install/robp_interfaces/include/robp_interfaces/robp_interfaces/msg/detail/obj_pos__struct.hpp
-- Symlinking: /home/g5/dd2419_ws/install/robp_interfaces/include/robp_interfaces/robp_interfaces/msg/detail/obj_pos__traits.hpp
-- Symlinking: /home/g5/dd2419_ws/install/robp_interfaces/include/robp_interfaces/robp_interfaces/msg/duty_cycles.hpp
-- Symlinking: /home/g5/dd2419_ws/install/robp_interfaces/include/robp_interfaces/robp_interfaces/msg/encoders.hpp
-- Symlinking: /home/g5/dd2419_ws/install/robp_interfaces/include/robp_interfaces/robp_interfaces/msg/obj_pos.hpp
-- Symlinking: /home/g5/dd2419_ws/install/robp_interfaces/include/robp_interfaces/robp_interfaces/msg/detail/duty_cycles__rosidl_typesupport_fastrtps_cpp.hpp
-- Symlinking: /home/g5/dd2419_ws/install/robp_interfaces/include/robp_interfaces/robp_interfaces/msg/detail/encoders__rosidl_typesupport_fastrtps_cpp.hpp
-- Symlinking: /home/g5/dd2419_ws/install/robp_interfaces/include/robp_interfaces/robp_interfaces/msg/detail/obj_pos__rosidl_typesupport_fastrtps_cpp.hpp
-- Symlinking: /home/g5/dd2419_ws/install/robp_interfaces/include/robp_interfaces/robp_interfaces/msg/rosidl_typesupport_fastrtps_cpp__visibility_control.h
-- Symlinking: /home/g5/dd2419_ws/install/robp_interfaces/include/robp_interfaces/robp_interfaces/msg/detail/duty_cycles__rosidl_typesupport_introspection_cpp.hpp
-- Symlinking: /home/g5/dd2419_ws/install/robp_interfaces/include/robp_interfaces/robp_interfaces/msg/detail/encoders__rosidl_typesupport_introspection_cpp.hpp
-- Symlinking: /home/g5/dd2419_ws/install/robp_interfaces/include/robp_interfaces/robp_interfaces/msg/detail/obj_pos__rosidl_typesupport_introspection_cpp.hpp
-- Symlinking: /home/g5/dd2419_ws/install/robp_interfaces/share/robp_interfaces/environment/pythonpath.sh
-- Symlinking: /home/g5/dd2419_ws/install/robp_interfaces/share/robp_interfaces/environment/pythonpath.dsv
-- Symlinking: /home/g5/dd2419_ws/install/robp_interfaces/local/lib/python3.10/dist-packages/robp_interfaces-1.0.0-py3.10.egg-info/PKG-INFO
-- Symlinking: /home/g5/dd2419_ws/install/robp_interfaces/local/lib/python3.10/dist-packages/robp_interfaces-1.0.0-py3.10.egg-info/SOURCES.txt
-- Symlinking: /home/g5/dd2419_ws/install/robp_interfaces/local/lib/python3.10/dist-packages/robp_interfaces-1.0.0-py3.10.egg-info/dependency_links.txt
-- Symlinking: /home/g5/dd2419_ws/install/robp_interfaces/local/lib/python3.10/dist-packages/robp_interfaces-1.0.0-py3.10.egg-info/top_level.txt
-- Symlinking: /home/g5/dd2419_ws/install/robp_interfaces/local/lib/python3.10/dist-packages/robp_interfaces/__init__.py
-- Symlinking: /home/g5/dd2419_ws/install/robp_interfaces/local/lib/python3.10/dist-packages/robp_interfaces/_robp_interfaces_s.ep.rosidl_typesupport_c.c
-- Symlinking: /home/g5/dd2419_ws/install/robp_interfaces/local/lib/python3.10/dist-packages/robp_interfaces/_robp_interfaces_s.ep.rosidl_typesupport_fastrtps_c.c
-- Symlinking: /home/g5/dd2419_ws/install/robp_interfaces/local/lib/python3.10/dist-packages/robp_interfaces/_robp_interfaces_s.ep.rosidl_typesupport_introspection_c.c
-- Symlinking: /home/g5/dd2419_ws/install/robp_interfaces/local/lib/python3.10/dist-packages/robp_interfaces/librobp_interfaces__rosidl_generator_py.so
-- Symlinking: /home/g5/dd2419_ws/install/robp_interfaces/local/lib/python3.10/dist-packages/robp_interfaces/msg/__init__.py
-- Symlinking: /home/g5/dd2419_ws/install/robp_interfaces/local/lib/python3.10/dist-packages/robp_interfaces/msg/_duty_cycles.py
-- Symlinking: /home/g5/dd2419_ws/install/robp_interfaces/local/lib/python3.10/dist-packages/robp_interfaces/msg/_duty_cycles_s.c
-- Symlinking: /home/g5/dd2419_ws/install/robp_interfaces/local/lib/python3.10/dist-packages/robp_interfaces/msg/_encoders.py
-- Symlinking: /home/g5/dd2419_ws/install/robp_interfaces/local/lib/python3.10/dist-packages/robp_interfaces/msg/_encoders_s.c
-- Symlinking: /home/g5/dd2419_ws/install/robp_interfaces/local/lib/python3.10/dist-packages/robp_interfaces/msg/_obj_pos.py
-- Symlinking: /home/g5/dd2419_ws/install/robp_interfaces/local/lib/python3.10/dist-packages/robp_interfaces/msg/_obj_pos_s.c
-- Symlinking: /home/g5/dd2419_ws/install/robp_interfaces/local/lib/python3.10/dist-packages/robp_interfaces/robp_interfaces_s__rosidl_typesupport_c.cpython-310-x86_64-linux-gnu.so
-- Symlinking: /home/g5/dd2419_ws/install/robp_interfaces/local/lib/python3.10/dist-packages/robp_interfaces/robp_interfaces_s__rosidl_typesupport_fastrtps_c.cpython-310-x86_64-linux-gnu.so
-- Symlinking: /home/g5/dd2419_ws/install/robp_interfaces/local/lib/python3.10/dist-packages/robp_interfaces/robp_interfaces_s__rosidl_typesupport_introspection_c.cpython-310-x86_64-linux-gnu.so
-- Up-to-date symlink: /home/g5/dd2419_ws/install/robp_interfaces/local/lib/python3.10/dist-packages/robp_interfaces/robp_interfaces_s__rosidl_typesupport_fastrtps_c.cpython-310-x86_64-linux-gnu.so
-- Up-to-date symlink: /home/g5/dd2419_ws/install/robp_interfaces/local/lib/python3.10/dist-packages/robp_interfaces/robp_interfaces_s__rosidl_typesupport_introspection_c.cpython-310-x86_64-linux-gnu.so
-- Up-to-date symlink: /home/g5/dd2419_ws/install/robp_interfaces/local/lib/python3.10/dist-packages/robp_interfaces/robp_interfaces_s__rosidl_typesupport_c.cpython-310-x86_64-linux-gnu.so
-- Symlinking: /home/g5/dd2419_ws/install/robp_interfaces/share/robp_interfaces/msg/DutyCycles.idl
-- Symlinking: /home/g5/dd2419_ws/install/robp_interfaces/share/robp_interfaces/msg/Encoders.idl
-- Symlinking: /home/g5/dd2419_ws/install/robp_interfaces/share/robp_interfaces/msg/ObjPos.idl
-- Symlinking: /home/g5/dd2419_ws/install/robp_interfaces/share/robp_interfaces/msg/DutyCycles.msg
-- Symlinking: /home/g5/dd2419_ws/install/robp_interfaces/share/robp_interfaces/msg/Encoders.msg
-- Symlinking: /home/g5/dd2419_ws/install/robp_interfaces/share/robp_interfaces/msg/ObjPos.msg
-- Symlinking: /home/g5/dd2419_ws/install/robp_interfaces/share/ament_index/resource_index/package_run_dependencies/robp_interfaces
-- Symlinking: /home/g5/dd2419_ws/install/robp_interfaces/share/ament_index/resource_index/parent_prefix_path/robp_interfaces
-- Symlinking: /home/g5/dd2419_ws/install/robp_interfaces/share/robp_interfaces/environment/ament_prefix_path.sh
-- Symlinking: /home/g5/dd2419_ws/install/robp_interfaces/share/robp_interfaces/environment/ament_prefix_path.dsv
-- Symlinking: /home/g5/dd2419_ws/install/robp_interfaces/share/robp_interfaces/environment/path.sh
-- Symlinking: /home/g5/dd2419_ws/install/robp_interfaces/share/robp_interfaces/environment/path.dsv
-- Symlinking: /home/g5/dd2419_ws/install/robp_interfaces/share/robp_interfaces/local_setup.bash
-- Symlinking: /home/g5/dd2419_ws/install/robp_interfaces/share/robp_interfaces/local_setup.sh
-- Symlinking: /home/g5/dd2419_ws/install/robp_interfaces/share/robp_interfaces/local_setup.zsh
-- Symlinking: /home/g5/dd2419_ws/install/robp_interfaces/share/robp_interfaces/local_setup.dsv
-- Symlinking: /home/g5/dd2419_ws/install/robp_interfaces/share/robp_interfaces/package.dsv
-- Symlinking: /home/g5/dd2419_ws/install/robp_interfaces/share/ament_index/resource_index/packages/robp_interfaces
-- Symlinking: /home/g5/dd2419_ws/install/robp_interfaces/share/robp_interfaces/cmake/rosidl_cmake-extras.cmake
-- Symlinking: /home/g5/dd2419_ws/install/robp_interfaces/share/robp_interfaces/cmake/ament_cmake_export_dependencies-extras.cmake
-- Symlinking: /home/g5/dd2419_ws/install/robp_interfaces/share/robp_interfaces/cmake/ament_cmake_export_include_directories-extras.cmake
-- Symlinking: /home/g5/dd2419_ws/install/robp_interfaces/share/robp_interfaces/cmake/ament_cmake_export_libraries-extras.cmake
-- Symlinking: /home/g5/dd2419_ws/install/robp_interfaces/share/robp_interfaces/cmake/ament_cmake_export_targets-extras.cmake
-- Symlinking: /home/g5/dd2419_ws/install/robp_interfaces/share/robp_interfaces/cmake/rosidl_cmake_export_typesupport_targets-extras.cmake
-- Symlinking: /home/g5/dd2419_ws/install/robp_interfaces/share/robp_interfaces/cmake/rosidl_cmake_export_typesupport_libraries-extras.cmake
-- Symlinking: /home/g5/dd2419_ws/install/robp_interfaces/share/robp_interfaces/cmake/robp_interfacesConfig.cmake
-- Symlinking: /home/g5/dd2419_ws/install/robp_interfaces/share/robp_interfaces/cmake/robp_interfacesConfig-version.cmake
-- Symlinking: /home/g5/dd2419_ws/install/robp_interfaces/share/robp_interfaces/package.xml
-- Installing: /home/g5/dd2419_ws/install/robp_interfaces/lib/librobp_interfaces__rosidl_generator_c.so
-- Set runtime path of "/home/g5/dd2419_ws/install/robp_interfaces/lib/librobp_interfaces__rosidl_generator_c.so" to ""
-- Installing: /home/g5/dd2419_ws/install/robp_interfaces/lib/librobp_interfaces__rosidl_typesupport_fastrtps_c.so
-- Set runtime path of "/home/g5/dd2419_ws/install/robp_interfaces/lib/librobp_interfaces__rosidl_typesupport_fastrtps_c.so" to ""
-- Installing: /home/g5/dd2419_ws/install/robp_interfaces/lib/librobp_interfaces__rosidl_typesupport_introspection_c.so
-- Set runtime path of "/home/g5/dd2419_ws/install/robp_interfaces/lib/librobp_interfaces__rosidl_typesupport_introspection_c.so" to ""
-- Installing: /home/g5/dd2419_ws/install/robp_interfaces/lib/librobp_interfaces__rosidl_typesupport_c.so
-- Set runtime path of "/home/g5/dd2419_ws/install/robp_interfaces/lib/librobp_interfaces__rosidl_typesupport_c.so" to ""
-- Installing: /home/g5/dd2419_ws/install/robp_interfaces/lib/librobp_interfaces__rosidl_typesupport_fastrtps_cpp.so
-- Set runtime path of "/home/g5/dd2419_ws/install/robp_interfaces/lib/librobp_interfaces__rosidl_typesupport_fastrtps_cpp.so" to ""
-- Installing: /home/g5/dd2419_ws/install/robp_interfaces/lib/librobp_interfaces__rosidl_typesupport_introspection_cpp.so
-- Set runtime path of "/home/g5/dd2419_ws/install/robp_interfaces/lib/librobp_interfaces__rosidl_typesupport_introspection_cpp.so" to ""
-- Installing: /home/g5/dd2419_ws/install/robp_interfaces/lib/librobp_interfaces__rosidl_typesupport_cpp.so
-- Set runtime path of "/home/g5/dd2419_ws/install/robp_interfaces/lib/librobp_interfaces__rosidl_typesupport_cpp.so" to ""
Listing '/home/g5/dd2419_ws/install/robp_interfaces/local/lib/python3.10/dist-packages/robp_interfaces'...
Compiling '/home/g5/dd2419_ws/install/robp_interfaces/local/lib/python3.10/dist-packages/robp_interfaces/__init__.py'...
Listing '/home/g5/dd2419_ws/install/robp_interfaces/local/lib/python3.10/dist-packages/robp_interfaces/msg'...
Compiling '/home/g5/dd2419_ws/install/robp_interfaces/local/lib/python3.10/dist-packages/robp_interfaces/msg/__init__.py'...
Compiling '/home/g5/dd2419_ws/install/robp_interfaces/local/lib/python3.10/dist-packages/robp_interfaces/msg/_duty_cycles.py'...
Compiling '/home/g5/dd2419_ws/install/robp_interfaces/local/lib/python3.10/dist-packages/robp_interfaces/msg/_encoders.py'...
Compiling '/home/g5/dd2419_ws/install/robp_interfaces/local/lib/python3.10/dist-packages/robp_interfaces/msg/_obj_pos.py'...
-- Installing: /home/g5/dd2419_ws/install/robp_interfaces/lib/librobp_interfaces__rosidl_generator_py.so
-- Set runtime path of "/home/g5/dd2419_ws/install/robp_interfaces/lib/librobp_interfaces__rosidl_generator_py.so" to ""
-- Installing: /home/g5/dd2419_ws/install/robp_interfaces/share/robp_interfaces/cmake/export_robp_interfaces__rosidl_generator_cExport.cmake
-- Installing: /home/g5/dd2419_ws/install/robp_interfaces/share/robp_interfaces/cmake/export_robp_interfaces__rosidl_generator_cExport-noconfig.cmake
-- Installing: /home/g5/dd2419_ws/install/robp_interfaces/share/robp_interfaces/cmake/export_robp_interfaces__rosidl_typesupport_fastrtps_cExport.cmake
-- Installing: /home/g5/dd2419_ws/install/robp_interfaces/share/robp_interfaces/cmake/export_robp_interfaces__rosidl_typesupport_fastrtps_cExport-noconfig.cmake
-- Installing: /home/g5/dd2419_ws/install/robp_interfaces/share/robp_interfaces/cmake/robp_interfaces__rosidl_typesupport_introspection_cExport.cmake
-- Installing: /home/g5/dd2419_ws/install/robp_interfaces/share/robp_interfaces/cmake/robp_interfaces__rosidl_typesupport_introspection_cExport-noconfig.cmake
-- Installing: /home/g5/dd2419_ws/install/robp_interfaces/share/robp_interfaces/cmake/robp_interfaces__rosidl_typesupport_cExport.cmake
-- Installing: /home/g5/dd2419_ws/install/robp_interfaces/share/robp_interfaces/cmake/robp_interfaces__rosidl_typesupport_cExport-noconfig.cmake
-- Installing: /home/g5/dd2419_ws/install/robp_interfaces/share/robp_interfaces/cmake/export_robp_interfaces__rosidl_generator_cppExport.cmake
-- Installing: /home/g5/dd2419_ws/install/robp_interfaces/share/robp_interfaces/cmake/export_robp_interfaces__rosidl_typesupport_fastrtps_cppExport.cmake
-- Installing: /home/g5/dd2419_ws/install/robp_interfaces/share/robp_interfaces/cmake/export_robp_interfaces__rosidl_typesupport_fastrtps_cppExport-noconfig.cmake
-- Installing: /home/g5/dd2419_ws/install/robp_interfaces/share/robp_interfaces/cmake/robp_interfaces__rosidl_typesupport_introspection_cppExport.cmake
-- Installing: /home/g5/dd2419_ws/install/robp_interfaces/share/robp_interfaces/cmake/robp_interfaces__rosidl_typesupport_introspection_cppExport-noconfig.cmake
-- Installing: /home/g5/dd2419_ws/install/robp_interfaces/share/robp_interfaces/cmake/robp_interfaces__rosidl_typesupport_cppExport.cmake
-- Installing: /home/g5/dd2419_ws/install/robp_interfaces/share/robp_interfaces/cmake/robp_interfaces__rosidl_typesupport_cppExport-noconfig.cmake
-- Installing: /home/g5/dd2419_ws/install/robp_interfaces/share/robp_interfaces/cmake/export_robp_interfaces__rosidl_generator_pyExport.cmake
-- Installing: /home/g5/dd2419_ws/install/robp_interfaces/share/robp_interfaces/cmake/export_robp_interfaces__rosidl_generator_pyExport-noconfig.cmake
