[0.706s] Invoking command in '/home/g5/dd2419_ws/build/robp_interfaces': CMAKE_PREFIX_PATH=${CMAKE_PREFIX_PATH}:/home/g5/dd2419_ws/install/robp_launch:/home/g5/dd2419_ws/install/robp_boot_camp_launch:/home/g5/dd2419_ws/install/odometry:/home/g5/dd2419_ws/install/controller:/home/g5/dd2419_ws/install/control:/home/g5/dd2419_ws/install/arm:/home/g5/dd2419_ws/install/planning:/home/g5/dd2419_ws/install/kobuki_description:/home/g5/dd2419_ws/install/display_markers:/home/g5/dd2419_ws/install/detection:/home/g5/dd2419_ws/install/arm_servos_pubs_subs:/opt/ros/humble /usr/bin/cmake --build /home/g5/dd2419_ws/build/robp_interfaces -- -j8 -l8
[0.829s] [35m[1mConsolidate compiler generated dependencies of target robp_interfaces__rosidl_generator_c[0m
[0.869s] [  2%] Built target robp_interfaces__cpp
[0.872s] [ 12%] Built target robp_interfaces__rosidl_generator_c
[0.881s] [ 12%] Built target ament_cmake_python_symlink_robp_interfaces
[0.914s] [35m[1mConsolidate compiler generated dependencies of target robp_interfaces__rosidl_typesupport_cpp[0m
[0.936s] [35m[1mConsolidate compiler generated dependencies of target robp_interfaces__rosidl_typesupport_fastrtps_c[0m
[0.970s] [35m[1mConsolidate compiler generated dependencies of target robp_interfaces__rosidl_typesupport_fastrtps_cpp[0m
[0.970s] [35m[1mConsolidate compiler generated dependencies of target robp_interfaces__rosidl_typesupport_introspection_cpp[0m
[0.970s] [35m[1mConsolidate compiler generated dependencies of target robp_interfaces__rosidl_typesupport_introspection_c[0m
[0.990s] [35m[1mConsolidate compiler generated dependencies of target robp_interfaces__rosidl_typesupport_c[0m
[1.005s] [ 23%] Built target robp_interfaces__rosidl_typesupport_cpp
[1.032s] [ 34%] Built target robp_interfaces__rosidl_typesupport_fastrtps_c
[1.056s] [ 51%] Built target robp_interfaces__rosidl_typesupport_fastrtps_cpp
[1.057s] [ 55%] Built target robp_interfaces__rosidl_typesupport_c
[1.068s] [ 65%] Built target robp_interfaces__rosidl_typesupport_introspection_cpp
[1.080s] [ 76%] Built target robp_interfaces__rosidl_typesupport_introspection_c
[1.197s] [ 76%] Built target robp_interfaces
[1.275s] [ 78%] Built target robp_interfaces__py
[1.316s] [35m[1mConsolidate compiler generated dependencies of target robp_interfaces__rosidl_generator_py[0m
[1.366s] [ 87%] Built target robp_interfaces__rosidl_generator_py
[1.409s] [35m[1mConsolidate compiler generated dependencies of target robp_interfaces__rosidl_typesupport_fastrtps_c__pyext[0m
[1.425s] [35m[1mConsolidate compiler generated dependencies of target robp_interfaces__rosidl_typesupport_introspection_c__pyext[0m
[1.450s] [35m[1mConsolidate compiler generated dependencies of target robp_interfaces__rosidl_typesupport_c__pyext[0m
[1.472s] [ 91%] Built target robp_interfaces__rosidl_typesupport_fastrtps_c__pyext
[1.491s] [ 95%] Built target robp_interfaces__rosidl_typesupport_introspection_c__pyext
[1.506s] [100%] Built target robp_interfaces__rosidl_typesupport_c__pyext
[1.664s] running egg_info
[1.665s] writing robp_interfaces.egg-info/PKG-INFO
[1.666s] writing dependency_links to robp_interfaces.egg-info/dependency_links.txt
[1.666s] writing top-level names to robp_interfaces.egg-info/top_level.txt
[1.669s] reading manifest file 'robp_interfaces.egg-info/SOURCES.txt'
[1.670s] writing manifest file 'robp_interfaces.egg-info/SOURCES.txt'
[1.702s] [100%] Built target ament_cmake_python_build_robp_interfaces_egg
[1.851s] Invoked command in '/home/g5/dd2419_ws/build/robp_interfaces' returned '0': CMAKE_PREFIX_PATH=${CMAKE_PREFIX_PATH}:/home/g5/dd2419_ws/install/robp_launch:/home/g5/dd2419_ws/install/robp_boot_camp_launch:/home/g5/dd2419_ws/install/odometry:/home/g5/dd2419_ws/install/controller:/home/g5/dd2419_ws/install/control:/home/g5/dd2419_ws/install/arm:/home/g5/dd2419_ws/install/planning:/home/g5/dd2419_ws/install/kobuki_description:/home/g5/dd2419_ws/install/display_markers:/home/g5/dd2419_ws/install/detection:/home/g5/dd2419_ws/install/arm_servos_pubs_subs:/opt/ros/humble /usr/bin/cmake --build /home/g5/dd2419_ws/build/robp_interfaces -- -j8 -l8
[2.468s] Invoking command in '/home/g5/dd2419_ws/build/robp_interfaces': CMAKE_PREFIX_PATH=${CMAKE_PREFIX_PATH}:/home/g5/dd2419_ws/install/robp_launch:/home/g5/dd2419_ws/install/robp_boot_camp_launch:/home/g5/dd2419_ws/install/odometry:/home/g5/dd2419_ws/install/controller:/home/g5/dd2419_ws/install/control:/home/g5/dd2419_ws/install/arm:/home/g5/dd2419_ws/install/planning:/home/g5/dd2419_ws/install/kobuki_description:/home/g5/dd2419_ws/install/display_markers:/home/g5/dd2419_ws/install/detection:/home/g5/dd2419_ws/install/arm_servos_pubs_subs:/opt/ros/humble /usr/bin/cmake --install /home/g5/dd2419_ws/build/robp_interfaces
[2.701s] -- Install configuration: ""
[2.701s] -- Execute custom install script
[2.702s] -- Up-to-date symlink: /home/g5/dd2419_ws/install/robp_interfaces/share/ament_index/resource_index/rosidl_interfaces/robp_interfaces
[2.702s] -- Up-to-date symlink: /home/g5/dd2419_ws/install/robp_interfaces/include/robp_interfaces/robp_interfaces/msg/detail/duty_cycles__functions.h
[2.702s] -- Up-to-date symlink: /home/g5/dd2419_ws/install/robp_interfaces/include/robp_interfaces/robp_interfaces/msg/detail/duty_cycles__struct.h
[2.702s] -- Up-to-date symlink: /home/g5/dd2419_ws/install/robp_interfaces/include/robp_interfaces/robp_interfaces/msg/detail/duty_cycles__type_support.h
[2.703s] -- Up-to-date symlink: /home/g5/dd2419_ws/install/robp_interfaces/include/robp_interfaces/robp_interfaces/msg/detail/encoders__functions.h
[2.703s] -- Up-to-date symlink: /home/g5/dd2419_ws/install/robp_interfaces/include/robp_interfaces/robp_interfaces/msg/detail/encoders__struct.h
[2.703s] -- Up-to-date symlink: /home/g5/dd2419_ws/install/robp_interfaces/include/robp_interfaces/robp_interfaces/msg/detail/encoders__type_support.h
[2.703s] -- Up-to-date symlink: /home/g5/dd2419_ws/install/robp_interfaces/include/robp_interfaces/robp_interfaces/msg/detail/obj_pos__functions.h
[2.703s] -- Up-to-date symlink: /home/g5/dd2419_ws/install/robp_interfaces/include/robp_interfaces/robp_interfaces/msg/detail/obj_pos__struct.h
[2.703s] -- Up-to-date symlink: /home/g5/dd2419_ws/install/robp_interfaces/include/robp_interfaces/robp_interfaces/msg/detail/obj_pos__type_support.h
[2.703s] -- Up-to-date symlink: /home/g5/dd2419_ws/install/robp_interfaces/include/robp_interfaces/robp_interfaces/msg/duty_cycles.h
[2.703s] -- Up-to-date symlink: /home/g5/dd2419_ws/install/robp_interfaces/include/robp_interfaces/robp_interfaces/msg/encoders.h
[2.703s] -- Up-to-date symlink: /home/g5/dd2419_ws/install/robp_interfaces/include/robp_interfaces/robp_interfaces/msg/obj_pos.h
[2.703s] -- Up-to-date symlink: /home/g5/dd2419_ws/install/robp_interfaces/include/robp_interfaces/robp_interfaces/msg/rosidl_generator_c__visibility_control.h
[2.704s] -- Up-to-date symlink: /home/g5/dd2419_ws/install/robp_interfaces/share/robp_interfaces/environment/library_path.sh
[2.704s] -- Up-to-date symlink: /home/g5/dd2419_ws/install/robp_interfaces/share/robp_interfaces/environment/library_path.dsv
[2.704s] -- Up-to-date symlink: /home/g5/dd2419_ws/install/robp_interfaces/include/robp_interfaces/robp_interfaces/msg/detail/duty_cycles__rosidl_typesupport_fastrtps_c.h
[2.704s] -- Up-to-date symlink: /home/g5/dd2419_ws/install/robp_interfaces/include/robp_interfaces/robp_interfaces/msg/detail/encoders__rosidl_typesupport_fastrtps_c.h
[2.704s] -- Up-to-date symlink: /home/g5/dd2419_ws/install/robp_interfaces/include/robp_interfaces/robp_interfaces/msg/detail/obj_pos__rosidl_typesupport_fastrtps_c.h
[2.704s] -- Up-to-date symlink: /home/g5/dd2419_ws/install/robp_interfaces/include/robp_interfaces/robp_interfaces/msg/rosidl_typesupport_fastrtps_c__visibility_control.h
[2.704s] -- Up-to-date symlink: /home/g5/dd2419_ws/install/robp_interfaces/include/robp_interfaces/robp_interfaces/msg/detail/duty_cycles__rosidl_typesupport_introspection_c.h
[2.704s] -- Up-to-date symlink: /home/g5/dd2419_ws/install/robp_interfaces/include/robp_interfaces/robp_interfaces/msg/detail/encoders__rosidl_typesupport_introspection_c.h
[2.704s] -- Up-to-date symlink: /home/g5/dd2419_ws/install/robp_interfaces/include/robp_interfaces/robp_interfaces/msg/detail/obj_pos__rosidl_typesupport_introspection_c.h
[2.704s] -- Up-to-date symlink: /home/g5/dd2419_ws/install/robp_interfaces/include/robp_interfaces/robp_interfaces/msg/rosidl_typesupport_introspection_c__visibility_control.h
[2.705s] -- Up-to-date symlink: /home/g5/dd2419_ws/install/robp_interfaces/include/robp_interfaces/robp_interfaces/msg/detail/duty_cycles__builder.hpp
[2.705s] -- Up-to-date symlink: /home/g5/dd2419_ws/install/robp_interfaces/include/robp_interfaces/robp_interfaces/msg/detail/duty_cycles__struct.hpp
[2.705s] -- Up-to-date symlink: /home/g5/dd2419_ws/install/robp_interfaces/include/robp_interfaces/robp_interfaces/msg/detail/duty_cycles__traits.hpp
[2.705s] -- Up-to-date symlink: /home/g5/dd2419_ws/install/robp_interfaces/include/robp_interfaces/robp_interfaces/msg/detail/encoders__builder.hpp
[2.705s] -- Up-to-date symlink: /home/g5/dd2419_ws/install/robp_interfaces/include/robp_interfaces/robp_interfaces/msg/detail/encoders__struct.hpp
[2.705s] -- Up-to-date symlink: /home/g5/dd2419_ws/install/robp_interfaces/include/robp_interfaces/robp_interfaces/msg/detail/encoders__traits.hpp
[2.705s] -- Up-to-date symlink: /home/g5/dd2419_ws/install/robp_interfaces/include/robp_interfaces/robp_interfaces/msg/detail/obj_pos__builder.hpp
[2.705s] -- Up-to-date symlink: /home/g5/dd2419_ws/install/robp_interfaces/include/robp_interfaces/robp_interfaces/msg/detail/obj_pos__struct.hpp
[2.705s] -- Up-to-date symlink: /home/g5/dd2419_ws/install/robp_interfaces/include/robp_interfaces/robp_interfaces/msg/detail/obj_pos__traits.hpp
[2.706s] -- Up-to-date symlink: /home/g5/dd2419_ws/install/robp_interfaces/include/robp_interfaces/robp_interfaces/msg/duty_cycles.hpp
[2.706s] -- Up-to-date symlink: /home/g5/dd2419_ws/install/robp_interfaces/include/robp_interfaces/robp_interfaces/msg/encoders.hpp
[2.706s] -- Up-to-date symlink: /home/g5/dd2419_ws/install/robp_interfaces/include/robp_interfaces/robp_interfaces/msg/obj_pos.hpp
[2.706s] -- Up-to-date symlink: /home/g5/dd2419_ws/install/robp_interfaces/include/robp_interfaces/robp_interfaces/msg/detail/duty_cycles__rosidl_typesupport_fastrtps_cpp.hpp
[2.706s] -- Up-to-date symlink: /home/g5/dd2419_ws/install/robp_interfaces/include/robp_interfaces/robp_interfaces/msg/detail/encoders__rosidl_typesupport_fastrtps_cpp.hpp
[2.706s] -- Up-to-date symlink: /home/g5/dd2419_ws/install/robp_interfaces/include/robp_interfaces/robp_interfaces/msg/detail/obj_pos__rosidl_typesupport_fastrtps_cpp.hpp
[2.706s] -- Up-to-date symlink: /home/g5/dd2419_ws/install/robp_interfaces/include/robp_interfaces/robp_interfaces/msg/rosidl_typesupport_fastrtps_cpp__visibility_control.h
[2.706s] -- Up-to-date symlink: /home/g5/dd2419_ws/install/robp_interfaces/include/robp_interfaces/robp_interfaces/msg/detail/duty_cycles__rosidl_typesupport_introspection_cpp.hpp
[2.706s] -- Up-to-date symlink: /home/g5/dd2419_ws/install/robp_interfaces/include/robp_interfaces/robp_interfaces/msg/detail/encoders__rosidl_typesupport_introspection_cpp.hpp
[2.706s] -- Up-to-date symlink: /home/g5/dd2419_ws/install/robp_interfaces/include/robp_interfaces/robp_interfaces/msg/detail/obj_pos__rosidl_typesupport_introspection_cpp.hpp
[2.707s] -- Up-to-date symlink: /home/g5/dd2419_ws/install/robp_interfaces/share/robp_interfaces/environment/pythonpath.sh
[2.707s] -- Up-to-date symlink: /home/g5/dd2419_ws/install/robp_interfaces/share/robp_interfaces/environment/pythonpath.dsv
[2.707s] -- Up-to-date symlink: /home/g5/dd2419_ws/install/robp_interfaces/local/lib/python3.10/dist-packages/robp_interfaces-1.0.0-py3.10.egg-info/PKG-INFO
[2.707s] -- Up-to-date symlink: /home/g5/dd2419_ws/install/robp_interfaces/local/lib/python3.10/dist-packages/robp_interfaces-1.0.0-py3.10.egg-info/SOURCES.txt
[2.707s] -- Up-to-date symlink: /home/g5/dd2419_ws/install/robp_interfaces/local/lib/python3.10/dist-packages/robp_interfaces-1.0.0-py3.10.egg-info/dependency_links.txt
[2.707s] -- Up-to-date symlink: /home/g5/dd2419_ws/install/robp_interfaces/local/lib/python3.10/dist-packages/robp_interfaces-1.0.0-py3.10.egg-info/top_level.txt
[2.707s] -- Up-to-date symlink: /home/g5/dd2419_ws/install/robp_interfaces/local/lib/python3.10/dist-packages/robp_interfaces/__init__.py
[2.707s] -- Up-to-date symlink: /home/g5/dd2419_ws/install/robp_interfaces/local/lib/python3.10/dist-packages/robp_interfaces/_robp_interfaces_s.ep.rosidl_typesupport_c.c
[2.707s] -- Up-to-date symlink: /home/g5/dd2419_ws/install/robp_interfaces/local/lib/python3.10/dist-packages/robp_interfaces/_robp_interfaces_s.ep.rosidl_typesupport_fastrtps_c.c
[2.707s] -- Up-to-date symlink: /home/g5/dd2419_ws/install/robp_interfaces/local/lib/python3.10/dist-packages/robp_interfaces/_robp_interfaces_s.ep.rosidl_typesupport_introspection_c.c
[2.708s] -- Up-to-date symlink: /home/g5/dd2419_ws/install/robp_interfaces/local/lib/python3.10/dist-packages/robp_interfaces/librobp_interfaces__rosidl_generator_py.so
[2.708s] -- Up-to-date symlink: /home/g5/dd2419_ws/install/robp_interfaces/local/lib/python3.10/dist-packages/robp_interfaces/msg/__init__.py
[2.708s] -- Up-to-date symlink: /home/g5/dd2419_ws/install/robp_interfaces/local/lib/python3.10/dist-packages/robp_interfaces/msg/_duty_cycles.py
[2.708s] -- Up-to-date symlink: /home/g5/dd2419_ws/install/robp_interfaces/local/lib/python3.10/dist-packages/robp_interfaces/msg/_duty_cycles_s.c
[2.708s] -- Up-to-date symlink: /home/g5/dd2419_ws/install/robp_interfaces/local/lib/python3.10/dist-packages/robp_interfaces/msg/_encoders.py
[2.708s] -- Up-to-date symlink: /home/g5/dd2419_ws/install/robp_interfaces/local/lib/python3.10/dist-packages/robp_interfaces/msg/_encoders_s.c
[2.708s] -- Up-to-date symlink: /home/g5/dd2419_ws/install/robp_interfaces/local/lib/python3.10/dist-packages/robp_interfaces/msg/_obj_pos.py
[2.709s] -- Up-to-date symlink: /home/g5/dd2419_ws/install/robp_interfaces/local/lib/python3.10/dist-packages/robp_interfaces/msg/_obj_pos_s.c
[2.709s] -- Up-to-date symlink: /home/g5/dd2419_ws/install/robp_interfaces/local/lib/python3.10/dist-packages/robp_interfaces/robp_interfaces_s__rosidl_typesupport_c.cpython-310-x86_64-linux-gnu.so
[2.709s] -- Up-to-date symlink: /home/g5/dd2419_ws/install/robp_interfaces/local/lib/python3.10/dist-packages/robp_interfaces/robp_interfaces_s__rosidl_typesupport_fastrtps_c.cpython-310-x86_64-linux-gnu.so
[2.709s] -- Up-to-date symlink: /home/g5/dd2419_ws/install/robp_interfaces/local/lib/python3.10/dist-packages/robp_interfaces/robp_interfaces_s__rosidl_typesupport_introspection_c.cpython-310-x86_64-linux-gnu.so
[2.709s] -- Up-to-date symlink: /home/g5/dd2419_ws/install/robp_interfaces/local/lib/python3.10/dist-packages/robp_interfaces/robp_interfaces_s__rosidl_typesupport_fastrtps_c.cpython-310-x86_64-linux-gnu.so
[2.709s] -- Up-to-date symlink: /home/g5/dd2419_ws/install/robp_interfaces/local/lib/python3.10/dist-packages/robp_interfaces/robp_interfaces_s__rosidl_typesupport_introspection_c.cpython-310-x86_64-linux-gnu.so
[2.709s] -- Up-to-date symlink: /home/g5/dd2419_ws/install/robp_interfaces/local/lib/python3.10/dist-packages/robp_interfaces/robp_interfaces_s__rosidl_typesupport_c.cpython-310-x86_64-linux-gnu.so
[2.709s] -- Up-to-date symlink: /home/g5/dd2419_ws/install/robp_interfaces/share/robp_interfaces/msg/DutyCycles.idl
[2.709s] -- Up-to-date symlink: /home/g5/dd2419_ws/install/robp_interfaces/share/robp_interfaces/msg/Encoders.idl
[2.709s] -- Up-to-date symlink: /home/g5/dd2419_ws/install/robp_interfaces/share/robp_interfaces/msg/ObjPos.idl
[2.710s] -- Up-to-date symlink: /home/g5/dd2419_ws/install/robp_interfaces/share/robp_interfaces/msg/DutyCycles.msg
[2.710s] -- Up-to-date symlink: /home/g5/dd2419_ws/install/robp_interfaces/share/robp_interfaces/msg/Encoders.msg
[2.710s] -- Up-to-date symlink: /home/g5/dd2419_ws/install/robp_interfaces/share/robp_interfaces/msg/ObjPos.msg
[2.710s] -- Up-to-date symlink: /home/g5/dd2419_ws/install/robp_interfaces/share/ament_index/resource_index/package_run_dependencies/robp_interfaces
[2.710s] -- Up-to-date symlink: /home/g5/dd2419_ws/install/robp_interfaces/share/ament_index/resource_index/parent_prefix_path/robp_interfaces
[2.710s] -- Up-to-date symlink: /home/g5/dd2419_ws/install/robp_interfaces/share/robp_interfaces/environment/ament_prefix_path.sh
[2.710s] -- Up-to-date symlink: /home/g5/dd2419_ws/install/robp_interfaces/share/robp_interfaces/environment/ament_prefix_path.dsv
[2.710s] -- Up-to-date symlink: /home/g5/dd2419_ws/install/robp_interfaces/share/robp_interfaces/environment/path.sh
[2.710s] -- Up-to-date symlink: /home/g5/dd2419_ws/install/robp_interfaces/share/robp_interfaces/environment/path.dsv
[2.710s] -- Up-to-date symlink: /home/g5/dd2419_ws/install/robp_interfaces/share/robp_interfaces/local_setup.bash
[2.711s] -- Up-to-date symlink: /home/g5/dd2419_ws/install/robp_interfaces/share/robp_interfaces/local_setup.sh
[2.711s] -- Up-to-date symlink: /home/g5/dd2419_ws/install/robp_interfaces/share/robp_interfaces/local_setup.zsh
[2.711s] -- Up-to-date symlink: /home/g5/dd2419_ws/install/robp_interfaces/share/robp_interfaces/local_setup.dsv
[2.711s] -- Symlinking: /home/g5/dd2419_ws/install/robp_interfaces/share/robp_interfaces/package.dsv
[2.711s] -- Up-to-date symlink: /home/g5/dd2419_ws/install/robp_interfaces/share/ament_index/resource_index/packages/robp_interfaces
[2.711s] -- Up-to-date symlink: /home/g5/dd2419_ws/install/robp_interfaces/share/robp_interfaces/cmake/rosidl_cmake-extras.cmake
[2.711s] -- Up-to-date symlink: /home/g5/dd2419_ws/install/robp_interfaces/share/robp_interfaces/cmake/ament_cmake_export_dependencies-extras.cmake
[2.711s] -- Up-to-date symlink: /home/g5/dd2419_ws/install/robp_interfaces/share/robp_interfaces/cmake/ament_cmake_export_include_directories-extras.cmake
[2.711s] -- Up-to-date symlink: /home/g5/dd2419_ws/install/robp_interfaces/share/robp_interfaces/cmake/ament_cmake_export_libraries-extras.cmake
[2.711s] -- Up-to-date symlink: /home/g5/dd2419_ws/install/robp_interfaces/share/robp_interfaces/cmake/ament_cmake_export_targets-extras.cmake
[2.712s] -- Up-to-date symlink: /home/g5/dd2419_ws/install/robp_interfaces/share/robp_interfaces/cmake/rosidl_cmake_export_typesupport_targets-extras.cmake
[2.712s] -- Up-to-date symlink: /home/g5/dd2419_ws/install/robp_interfaces/share/robp_interfaces/cmake/rosidl_cmake_export_typesupport_libraries-extras.cmake
[2.712s] -- Up-to-date symlink: /home/g5/dd2419_ws/install/robp_interfaces/share/robp_interfaces/cmake/robp_interfacesConfig.cmake
[2.712s] -- Up-to-date symlink: /home/g5/dd2419_ws/install/robp_interfaces/share/robp_interfaces/cmake/robp_interfacesConfig-version.cmake
[2.712s] -- Up-to-date symlink: /home/g5/dd2419_ws/install/robp_interfaces/share/robp_interfaces/package.xml
[2.712s] -- Up-to-date: /home/g5/dd2419_ws/install/robp_interfaces/lib/librobp_interfaces__rosidl_generator_c.so
[2.712s] -- Up-to-date: /home/g5/dd2419_ws/install/robp_interfaces/lib/librobp_interfaces__rosidl_typesupport_fastrtps_c.so
[2.712s] -- Up-to-date: /home/g5/dd2419_ws/install/robp_interfaces/lib/librobp_interfaces__rosidl_typesupport_introspection_c.so
[2.712s] -- Up-to-date: /home/g5/dd2419_ws/install/robp_interfaces/lib/librobp_interfaces__rosidl_typesupport_c.so
[2.713s] -- Up-to-date: /home/g5/dd2419_ws/install/robp_interfaces/lib/librobp_interfaces__rosidl_typesupport_fastrtps_cpp.so
[2.713s] -- Up-to-date: /home/g5/dd2419_ws/install/robp_interfaces/lib/librobp_interfaces__rosidl_typesupport_introspection_cpp.so
[2.713s] -- Up-to-date: /home/g5/dd2419_ws/install/robp_interfaces/lib/librobp_interfaces__rosidl_typesupport_cpp.so
[2.713s] Listing '/home/g5/dd2419_ws/install/robp_interfaces/local/lib/python3.10/dist-packages/robp_interfaces'...
[2.713s] Listing '/home/g5/dd2419_ws/install/robp_interfaces/local/lib/python3.10/dist-packages/robp_interfaces/msg'...
[2.713s] -- Up-to-date: /home/g5/dd2419_ws/install/robp_interfaces/lib/librobp_interfaces__rosidl_generator_py.so
[2.713s] -- Up-to-date: /home/g5/dd2419_ws/install/robp_interfaces/share/robp_interfaces/cmake/export_robp_interfaces__rosidl_generator_cExport.cmake
[2.713s] -- Up-to-date: /home/g5/dd2419_ws/install/robp_interfaces/share/robp_interfaces/cmake/export_robp_interfaces__rosidl_generator_cExport-noconfig.cmake
[2.713s] -- Up-to-date: /home/g5/dd2419_ws/install/robp_interfaces/share/robp_interfaces/cmake/export_robp_interfaces__rosidl_typesupport_fastrtps_cExport.cmake
[2.713s] -- Up-to-date: /home/g5/dd2419_ws/install/robp_interfaces/share/robp_interfaces/cmake/export_robp_interfaces__rosidl_typesupport_fastrtps_cExport-noconfig.cmake
[2.714s] -- Up-to-date: /home/g5/dd2419_ws/install/robp_interfaces/share/robp_interfaces/cmake/robp_interfaces__rosidl_typesupport_introspection_cExport.cmake
[2.714s] -- Up-to-date: /home/g5/dd2419_ws/install/robp_interfaces/share/robp_interfaces/cmake/robp_interfaces__rosidl_typesupport_introspection_cExport-noconfig.cmake
[2.714s] -- Up-to-date: /home/g5/dd2419_ws/install/robp_interfaces/share/robp_interfaces/cmake/robp_interfaces__rosidl_typesupport_cExport.cmake
[2.714s] -- Up-to-date: /home/g5/dd2419_ws/install/robp_interfaces/share/robp_interfaces/cmake/robp_interfaces__rosidl_typesupport_cExport-noconfig.cmake
[2.714s] -- Up-to-date: /home/g5/dd2419_ws/install/robp_interfaces/share/robp_interfaces/cmake/export_robp_interfaces__rosidl_generator_cppExport.cmake
[2.714s] -- Up-to-date: /home/g5/dd2419_ws/install/robp_interfaces/share/robp_interfaces/cmake/export_robp_interfaces__rosidl_typesupport_fastrtps_cppExport.cmake
[2.714s] -- Up-to-date: /home/g5/dd2419_ws/install/robp_interfaces/share/robp_interfaces/cmake/export_robp_interfaces__rosidl_typesupport_fastrtps_cppExport-noconfig.cmake
[2.714s] -- Up-to-date: /home/g5/dd2419_ws/install/robp_interfaces/share/robp_interfaces/cmake/robp_interfaces__rosidl_typesupport_introspection_cppExport.cmake
[2.714s] -- Up-to-date: /home/g5/dd2419_ws/install/robp_interfaces/share/robp_interfaces/cmake/robp_interfaces__rosidl_typesupport_introspection_cppExport-noconfig.cmake
[2.715s] -- Up-to-date: /home/g5/dd2419_ws/install/robp_interfaces/share/robp_interfaces/cmake/robp_interfaces__rosidl_typesupport_cppExport.cmake
[2.715s] -- Up-to-date: /home/g5/dd2419_ws/install/robp_interfaces/share/robp_interfaces/cmake/robp_interfaces__rosidl_typesupport_cppExport-noconfig.cmake
[2.715s] -- Up-to-date: /home/g5/dd2419_ws/install/robp_interfaces/share/robp_interfaces/cmake/export_robp_interfaces__rosidl_generator_pyExport.cmake
[2.715s] -- Up-to-date: /home/g5/dd2419_ws/install/robp_interfaces/share/robp_interfaces/cmake/export_robp_interfaces__rosidl_generator_pyExport-noconfig.cmake
[3.566s] Invoked command in '/home/g5/dd2419_ws/build/robp_interfaces' returned '0': CMAKE_PREFIX_PATH=${CMAKE_PREFIX_PATH}:/home/g5/dd2419_ws/install/robp_launch:/home/g5/dd2419_ws/install/robp_boot_camp_launch:/home/g5/dd2419_ws/install/odometry:/home/g5/dd2419_ws/install/controller:/home/g5/dd2419_ws/install/control:/home/g5/dd2419_ws/install/arm:/home/g5/dd2419_ws/install/planning:/home/g5/dd2419_ws/install/kobuki_description:/home/g5/dd2419_ws/install/display_markers:/home/g5/dd2419_ws/install/detection:/home/g5/dd2419_ws/install/arm_servos_pubs_subs:/opt/ros/humble /usr/bin/cmake --install /home/g5/dd2419_ws/build/robp_interfaces
