running develop
/usr/lib/python3/dist-packages/setuptools/command/easy_install.py:158: EasyInstallDeprecationWarning: easy_install command is deprecated. Use build and pip and other standards-based tools.
  warnings.warn(
/usr/lib/python3/dist-packages/setuptools/command/install.py:34: SetuptoolsDeprecationWarning: setup.py install is deprecated. Use build and pip and other standards-based tools.
  warnings.warn(
running egg_info
creating display_markers.egg-info
writing display_markers.egg-info/PKG-INFO
writing dependency_links to display_markers.egg-info/dependency_links.txt
writing entry points to display_markers.egg-info/entry_points.txt
writing requirements to display_markers.egg-info/requires.txt
writing top-level names to display_markers.egg-info/top_level.txt
writing manifest file 'display_markers.egg-info/SOURCES.txt'
reading manifest file 'display_markers.egg-info/SOURCES.txt'
writing manifest file 'display_markers.egg-info/SOURCES.txt'
running build_ext
Creating /home/g5/dd2419_ws/install/display_markers/lib/python3.10/site-packages/display-markers.egg-link (link to .)
Installing display_markers script to /home/g5/dd2419_ws/install/display_markers/lib/display_markers

Installed /home/g5/dd2419_ws/build/display_markers
running install_data
creating /home/g5/dd2419_ws/install/display_markers/share/ament_index
creating /home/g5/dd2419_ws/install/display_markers/share/ament_index/resource_index
creating /home/g5/dd2419_ws/install/display_markers/share/ament_index/resource_index/packages
copying resource/display_markers -> /home/g5/dd2419_ws/install/display_markers/share/ament_index/resource_index/packages
copying package.xml -> /home/g5/dd2419_ws/install/display_markers/share/display_markers
