running develop
running egg_info
creating kobuki_description.egg-info
writing kobuki_description.egg-info/PKG-INFO
writing dependency_links to kobuki_description.egg-info/dependency_links.txt
writing entry points to kobuki_description.egg-info/entry_points.txt
writing requirements to kobuki_description.egg-info/requires.txt
writing top-level names to kobuki_description.egg-info/top_level.txt
writing manifest file 'kobuki_description.egg-info/SOURCES.txt'
reading manifest file 'kobuki_description.egg-info/SOURCES.txt'
writing manifest file 'kobuki_description.egg-info/SOURCES.txt'
running build_ext
Creating /home/g5/dd2419_ws/install/kobuki_description/lib/python3.10/site-packages/kobuki-description.egg-link (link to .)

Installed /home/g5/dd2419_ws/build/kobuki_description
running install_data
creating /home/g5/dd2419_ws/install/kobuki_description/share/ament_index
creating /home/g5/dd2419_ws/install/kobuki_description/share/ament_index/resource_index
creating /home/g5/dd2419_ws/install/kobuki_description/share/ament_index/resource_index/packages
copying resource/kobuki_description -> /home/g5/dd2419_ws/install/kobuki_description/share/ament_index/resource_index/packages
creating /home/g5/dd2419_ws/install/kobuki_description/share/kobuki_description/rviz
copying rviz/model.rviz -> /home/g5/dd2419_ws/install/kobuki_description/share/kobuki_description/rviz
creating /home/g5/dd2419_ws/install/kobuki_description/share/kobuki_description/meshes
creating /home/g5/dd2419_ws/install/kobuki_description/share/kobuki_description/meshes/images
copying meshes/images/main_body.jpg -> /home/g5/dd2419_ws/install/kobuki_description/share/kobuki_description/meshes/images
copying meshes/images/wheel.jpg -> /home/g5/dd2419_ws/install/kobuki_description/share/kobuki_description/meshes/images
copying meshes/main_body.dae -> /home/g5/dd2419_ws/install/kobuki_description/share/kobuki_description/meshes
copying meshes/wheel.dae -> /home/g5/dd2419_ws/install/kobuki_description/share/kobuki_description/meshes
creating /home/g5/dd2419_ws/install/kobuki_description/share/kobuki_description/urdf
copying urdf/common_properties.urdf.xacro -> /home/g5/dd2419_ws/install/kobuki_description/share/kobuki_description/urdf
copying urdf/kobuki_gazebo.urdf.xacro -> /home/g5/dd2419_ws/install/kobuki_description/share/kobuki_description/urdf
copying urdf/kobuki_standalone.urdf.xacro -> /home/g5/dd2419_ws/install/kobuki_description/share/kobuki_description/urdf
copying urdf/kobuki.urdf.xacro -> /home/g5/dd2419_ws/install/kobuki_description/share/kobuki_description/urdf
copying package.xml -> /home/g5/dd2419_ws/install/kobuki_description/share/kobuki_description
/usr/lib/python3/dist-packages/setuptools/command/easy_install.py:158: EasyInstallDeprecationWarning: easy_install command is deprecated. Use build and pip and other standards-based tools.
  warnings.warn(
/usr/lib/python3/dist-packages/setuptools/command/install.py:34: SetuptoolsDeprecationWarning: setup.py install is deprecated. Use build and pip and other standards-based tools.
  warnings.warn(
