[2.426s] Invoking command in '/home/g5/dd2419_ws/build/kobuki_description': PYTHONPATH=/home/g5/dd2419_ws/build/kobuki_description/prefix_override:/home/g5/dd2419_ws/install/kobuki_description/lib/python3.10/site-packages:${PYTHONPATH} /usr/bin/python3 setup.py develop --editable --build-directory /home/g5/dd2419_ws/build/kobuki_description/build --no-deps install_data
[3.819s] running develop
[3.819s] running egg_info
[3.819s] creating kobuki_description.egg-info
[3.819s] writing kobuki_description.egg-info/PKG-INFO
[3.819s] writing dependency_links to kobuki_description.egg-info/dependency_links.txt
[3.821s] writing entry points to kobuki_description.egg-info/entry_points.txt
[3.822s] writing requirements to kobuki_description.egg-info/requires.txt
[3.822s] writing top-level names to kobuki_description.egg-info/top_level.txt
[3.823s] writing manifest file 'kobuki_description.egg-info/SOURCES.txt'
[3.823s] reading manifest file 'kobuki_description.egg-info/SOURCES.txt'
[3.823s] writing manifest file 'kobuki_description.egg-info/SOURCES.txt'
[3.824s] running build_ext
[3.824s] Creating /home/g5/dd2419_ws/install/kobuki_description/lib/python3.10/site-packages/kobuki-description.egg-link (link to .)
[3.824s] 
[3.824s] Installed /home/g5/dd2419_ws/build/kobuki_description
[3.824s] running install_data
[3.824s] creating /home/g5/dd2419_ws/install/kobuki_description/share/ament_index
[3.825s] creating /home/g5/dd2419_ws/install/kobuki_description/share/ament_index/resource_index
[3.825s] creating /home/g5/dd2419_ws/install/kobuki_description/share/ament_index/resource_index/packages
[3.825s] copying resource/kobuki_description -> /home/g5/dd2419_ws/install/kobuki_description/share/ament_index/resource_index/packages
[3.825s] creating /home/g5/dd2419_ws/install/kobuki_description/share/kobuki_description/rviz
[3.826s] copying rviz/model.rviz -> /home/g5/dd2419_ws/install/kobuki_description/share/kobuki_description/rviz
[3.826s] creating /home/g5/dd2419_ws/install/kobuki_description/share/kobuki_description/meshes
[3.826s] creating /home/g5/dd2419_ws/install/kobuki_description/share/kobuki_description/meshes/images
[3.826s] copying meshes/images/main_body.jpg -> /home/g5/dd2419_ws/install/kobuki_description/share/kobuki_description/meshes/images
[3.826s] copying meshes/images/wheel.jpg -> /home/g5/dd2419_ws/install/kobuki_description/share/kobuki_description/meshes/images
[3.826s] copying meshes/main_body.dae -> /home/g5/dd2419_ws/install/kobuki_description/share/kobuki_description/meshes
[3.826s] copying meshes/wheel.dae -> /home/g5/dd2419_ws/install/kobuki_description/share/kobuki_description/meshes
[3.827s] creating /home/g5/dd2419_ws/install/kobuki_description/share/kobuki_description/urdf
[3.827s] copying urdf/common_properties.urdf.xacro -> /home/g5/dd2419_ws/install/kobuki_description/share/kobuki_description/urdf
[3.827s] copying urdf/kobuki_gazebo.urdf.xacro -> /home/g5/dd2419_ws/install/kobuki_description/share/kobuki_description/urdf
[3.827s] copying urdf/kobuki_standalone.urdf.xacro -> /home/g5/dd2419_ws/install/kobuki_description/share/kobuki_description/urdf
[3.827s] copying urdf/kobuki.urdf.xacro -> /home/g5/dd2419_ws/install/kobuki_description/share/kobuki_description/urdf
[3.828s] copying package.xml -> /home/g5/dd2419_ws/install/kobuki_description/share/kobuki_description
[3.828s] /usr/lib/python3/dist-packages/setuptools/command/easy_install.py:158: EasyInstallDeprecationWarning: easy_install command is deprecated. Use build and pip and other standards-based tools.
[3.828s]   warnings.warn(
[3.828s] /usr/lib/python3/dist-packages/setuptools/command/install.py:34: SetuptoolsDeprecationWarning: setup.py install is deprecated. Use build and pip and other standards-based tools.
[3.829s]   warnings.warn(
[4.252s] Invoked command in '/home/g5/dd2419_ws/build/kobuki_description' returned '0': PYTHONPATH=/home/g5/dd2419_ws/build/kobuki_description/prefix_override:/home/g5/dd2419_ws/install/kobuki_description/lib/python3.10/site-packages:${PYTHONPATH} /usr/bin/python3 setup.py develop --editable --build-directory /home/g5/dd2419_ws/build/kobuki_description/build --no-deps install_data
