running develop
running egg_info
creating robp_boot_camp_launch.egg-info
writing robp_boot_camp_launch.egg-info/PKG-INFO
writing dependency_links to robp_boot_camp_launch.egg-info/dependency_links.txt
writing entry points to robp_boot_camp_launch.egg-info/entry_points.txt
writing requirements to robp_boot_camp_launch.egg-info/requires.txt
writing top-level names to robp_boot_camp_launch.egg-info/top_level.txt
writing manifest file 'robp_boot_camp_launch.egg-info/SOURCES.txt'
reading manifest file 'robp_boot_camp_launch.egg-info/SOURCES.txt'
writing manifest file 'robp_boot_camp_launch.egg-info/SOURCES.txt'
running build_ext
Creating /home/g5/dd2419_ws/install/robp_boot_camp_launch/lib/python3.10/site-packages/robp-boot-camp-launch.egg-link (link to .)

Installed /home/g5/dd2419_ws/build/robp_boot_camp_launch
running install_data
creating /home/g5/dd2419_ws/install/robp_boot_camp_launch/share/ament_index
creating /home/g5/dd2419_ws/install/robp_boot_camp_launch/share/ament_index/resource_index
creating /home/g5/dd2419_ws/install/robp_boot_camp_launch/share/ament_index/resource_index/packages
copying resource/robp_boot_camp_launch -> /home/g5/dd2419_ws/install/robp_boot_camp_launch/share/ament_index/resource_index/packages
creating /home/g5/dd2419_ws/install/robp_boot_camp_launch/share/robp_boot_camp_launch/launch
copying launch/boot_camp_part1_launch.xml -> /home/g5/dd2419_ws/install/robp_boot_camp_launch/share/robp_boot_camp_launch/launch
copying launch/boot_camp_part2_launch.xml -> /home/g5/dd2419_ws/install/robp_boot_camp_launch/share/robp_boot_camp_launch/launch
copying launch/boot_camp_part3_launch.xml -> /home/g5/dd2419_ws/install/robp_boot_camp_launch/share/robp_boot_camp_launch/launch
creating /home/g5/dd2419_ws/install/robp_boot_camp_launch/share/robp_boot_camp_launch/rviz
copying rviz/boot_camp_part1.rviz -> /home/g5/dd2419_ws/install/robp_boot_camp_launch/share/robp_boot_camp_launch/rviz
copying rviz/boot_camp_part3.rviz -> /home/g5/dd2419_ws/install/robp_boot_camp_launch/share/robp_boot_camp_launch/rviz
copying rviz/boot_camp_part2.rviz -> /home/g5/dd2419_ws/install/robp_boot_camp_launch/share/robp_boot_camp_launch/rviz
copying package.xml -> /home/g5/dd2419_ws/install/robp_boot_camp_launch/share/robp_boot_camp_launch
