[0.113s] Invoking command in '/home/g5/dd2419_ws/build/topic_tools_interfaces': CMAKE_PREFIX_PATH=${CMAKE_PREFIX_PATH}:/home/g5/dd2419_ws/install/robp_launch:/home/g5/dd2419_ws/install/robp_boot_camp_launch:/home/g5/dd2419_ws/install/odometry:/home/g5/dd2419_ws/install/controller:/home/g5/dd2419_ws/install/control:/home/g5/dd2419_ws/install/arm:/home/g5/dd2419_ws/install/planning:/home/g5/dd2419_ws/install/kobuki_description:/home/g5/dd2419_ws/install/display_markers:/home/g5/dd2419_ws/install/detection:/home/g5/dd2419_ws/install/arm_servos_pubs_subs:/opt/ros/humble /usr/bin/cmake /home/g5/dd2419_ws/src/topic_tools/topic_tools_interfaces -DAMENT_CMAKE_SYMLINK_INSTALL=1 -DCMAKE_INSTALL_PREFIX=/home/g5/dd2419_ws/install/topic_tools_interfaces
[3.284s] -- The C compiler identification is GNU 11.4.0
[3.284s] -- The CXX compiler identification is GNU 11.4.0
[3.284s] -- Detecting C compiler ABI info
[3.284s] -- Detecting C compiler ABI info - done
[3.284s] -- Check for working C compiler: /usr/bin/cc - skipped
[3.284s] -- Detecting C compile features
[3.284s] -- Detecting C compile features - done
[3.285s] -- Detecting CXX compiler ABI info
[3.285s] -- Detecting CXX compiler ABI info - done
[3.285s] -- Check for working CXX compiler: /usr/bin/c++ - skipped
[3.285s] -- Detecting CXX compile features
[3.285s] -- Detecting CXX compile features - done
[3.285s] -- Found ament_cmake_auto: 1.3.7 (/opt/ros/humble/share/ament_cmake_auto/cmake)
[3.285s] -- Found Python3: /usr/bin/python3.10 (found version "3.10.12") found components: Interpreter 
[3.285s] -- Override CMake install command with custom implementation using symlinks instead of copying resources
[3.285s] -- Using all available rosidl_typesupport_c: rosidl_typesupport_fastrtps_c;rosidl_typesupport_introspection_c
[3.286s] -- Found rosidl_adapter: 3.1.5 (/opt/ros/humble/share/rosidl_adapter/cmake)
[3.286s] -- Using all available rosidl_typesupport_cpp: rosidl_typesupport_fastrtps_cpp;rosidl_typesupport_introspection_cpp
[3.286s] -- Found ament_cmake_ros: 0.10.0 (/opt/ros/humble/share/ament_cmake_ros/cmake)
[3.286s] -- Using all available rosidl_typesupport_c: rosidl_typesupport_fastrtps_c;rosidl_typesupport_introspection_c
[3.286s] -- Using all available rosidl_typesupport_cpp: rosidl_typesupport_fastrtps_cpp;rosidl_typesupport_introspection_cpp
[3.286s] -- Found PythonInterp: /usr/bin/python3 (found suitable version "3.10.12", minimum required is "3.6") 
[3.286s] -- Found python_cmake_module: 0.10.0 (/opt/ros/humble/share/python_cmake_module/cmake)
[3.286s] -- Found PythonLibs: /usr/lib/x86_64-linux-gnu/libpython3.10.so (found suitable version "3.10.12", minimum required is "3.5") 
[3.286s] -- Using PYTHON_EXECUTABLE: /usr/bin/python3
[3.287s] -- Using PYTHON_INCLUDE_DIRS: /usr/include/python3.10
[3.287s] -- Using PYTHON_LIBRARIES: /usr/lib/x86_64-linux-gnu/libpython3.10.so
[3.287s] -- Found PythonExtra: .so  
[3.287s] -- Found ament_lint_auto: 0.12.10 (/opt/ros/humble/share/ament_lint_auto/cmake)
[3.287s] -- Added test 'copyright' to check source files copyright and LICENSE
[3.287s] -- Added test 'lint_cmake' to check CMake code style
[3.287s] -- Added test 'xmllint' to check XML markup files
[3.287s] -- Configuring done
[3.287s] -- Generating done
[3.288s] -- Build files have been written to: /home/g5/dd2419_ws/build/topic_tools_interfaces
[3.306s] Invoked command in '/home/g5/dd2419_ws/build/topic_tools_interfaces' returned '0': CMAKE_PREFIX_PATH=${CMAKE_PREFIX_PATH}:/home/g5/dd2419_ws/install/robp_launch:/home/g5/dd2419_ws/install/robp_boot_camp_launch:/home/g5/dd2419_ws/install/odometry:/home/g5/dd2419_ws/install/controller:/home/g5/dd2419_ws/install/control:/home/g5/dd2419_ws/install/arm:/home/g5/dd2419_ws/install/planning:/home/g5/dd2419_ws/install/kobuki_description:/home/g5/dd2419_ws/install/display_markers:/home/g5/dd2419_ws/install/detection:/home/g5/dd2419_ws/install/arm_servos_pubs_subs:/opt/ros/humble /usr/bin/cmake /home/g5/dd2419_ws/src/topic_tools/topic_tools_interfaces -DAMENT_CMAKE_SYMLINK_INSTALL=1 -DCMAKE_INSTALL_PREFIX=/home/g5/dd2419_ws/install/topic_tools_interfaces
[3.320s] Invoking command in '/home/g5/dd2419_ws/build/topic_tools_interfaces': CMAKE_PREFIX_PATH=${CMAKE_PREFIX_PATH}:/home/g5/dd2419_ws/install/robp_launch:/home/g5/dd2419_ws/install/robp_boot_camp_launch:/home/g5/dd2419_ws/install/odometry:/home/g5/dd2419_ws/install/controller:/home/g5/dd2419_ws/install/control:/home/g5/dd2419_ws/install/arm:/home/g5/dd2419_ws/install/planning:/home/g5/dd2419_ws/install/kobuki_description:/home/g5/dd2419_ws/install/display_markers:/home/g5/dd2419_ws/install/detection:/home/g5/dd2419_ws/install/arm_servos_pubs_subs:/opt/ros/humble /usr/bin/cmake --build /home/g5/dd2419_ws/build/topic_tools_interfaces -- -j8 -l8
[3.835s] [  1%] [34m[1mGenerating C code for ROS interfaces[0m
[3.835s] [  3%] [34m[1mGenerating C++ code for ROS interfaces[0m
[3.835s] [  3%] Built target ament_cmake_python_symlink_topic_tools_interfaces
[5.060s] running egg_info
[5.062s] creating topic_tools_interfaces.egg-info
[5.086s] writing topic_tools_interfaces.egg-info/PKG-INFO
[5.086s] writing dependency_links to topic_tools_interfaces.egg-info/dependency_links.txt
[5.087s] writing top-level names to topic_tools_interfaces.egg-info/top_level.txt
[5.087s] writing manifest file 'topic_tools_interfaces.egg-info/SOURCES.txt'
[5.102s] reading manifest file 'topic_tools_interfaces.egg-info/SOURCES.txt'
[5.103s] writing manifest file 'topic_tools_interfaces.egg-info/SOURCES.txt'
[5.245s] [  3%] Built target ament_cmake_python_build_topic_tools_interfaces_egg
[6.263s] [  3%] Built target topic_tools_interfaces__cpp
[6.386s] [  5%] [34m[1mGenerating C++ introspection for ROS interfaces[0m
[6.389s] [  7%] [34m[1mGenerating C++ type support for eProsima Fast-RTPS[0m
[6.389s] [  9%] [34m[1mGenerating C++ type support dispatch for ROS interfaces[0m
[7.079s] [ 10%] [32mBuilding C object CMakeFiles/topic_tools_interfaces__rosidl_generator_c.dir/rosidl_generator_c/topic_tools_interfaces/srv/detail/mux_add__functions.c.o[0m
[7.117s] [ 12%] [32mBuilding C object CMakeFiles/topic_tools_interfaces__rosidl_generator_c.dir/rosidl_generator_c/topic_tools_interfaces/srv/detail/mux_delete__functions.c.o[0m
[7.141s] [ 14%] [32mBuilding C object CMakeFiles/topic_tools_interfaces__rosidl_generator_c.dir/rosidl_generator_c/topic_tools_interfaces/srv/detail/mux_list__functions.c.o[0m
[7.150s] [ 16%] [32mBuilding C object CMakeFiles/topic_tools_interfaces__rosidl_generator_c.dir/rosidl_generator_c/topic_tools_interfaces/srv/detail/mux_select__functions.c.o[0m
[7.654s] [ 18%] [32m[1mLinking C shared library libtopic_tools_interfaces__rosidl_generator_c.so[0m
[7.996s] [ 18%] Built target topic_tools_interfaces__rosidl_generator_c
[8.098s] [ 20%] [34m[1mGenerating C type support for eProsima Fast-RTPS[0m
[8.133s] [ 21%] [34m[1mGenerating C introspection for ROS interfaces[0m
[8.186s] [ 23%] [34m[1mGenerating C type support dispatch for ROS interfaces[0m
[9.481s] [ 25%] [32mBuilding CXX object CMakeFiles/topic_tools_interfaces__rosidl_typesupport_introspection_cpp.dir/rosidl_typesupport_introspection_cpp/topic_tools_interfaces/srv/detail/mux_delete__type_support.cpp.o[0m
[9.503s] [ 27%] [32mBuilding CXX object CMakeFiles/topic_tools_interfaces__rosidl_typesupport_introspection_cpp.dir/rosidl_typesupport_introspection_cpp/topic_tools_interfaces/srv/detail/mux_add__type_support.cpp.o[0m
[9.542s] [ 29%] [32mBuilding CXX object CMakeFiles/topic_tools_interfaces__rosidl_typesupport_introspection_cpp.dir/rosidl_typesupport_introspection_cpp/topic_tools_interfaces/srv/detail/mux_list__type_support.cpp.o[0m
[9.555s] [ 30%] [32mBuilding CXX object CMakeFiles/topic_tools_interfaces__rosidl_typesupport_cpp.dir/rosidl_typesupport_cpp/topic_tools_interfaces/srv/mux_add__type_support.cpp.o[0m
[10.226s] [ 32%] [32mBuilding CXX object CMakeFiles/topic_tools_interfaces__rosidl_typesupport_fastrtps_cpp.dir/rosidl_typesupport_fastrtps_cpp/topic_tools_interfaces/srv/detail/dds_fastrtps/mux_add__type_support.cpp.o[0m
[11.422s] [ 34%] [32mBuilding CXX object CMakeFiles/topic_tools_interfaces__rosidl_typesupport_c.dir/rosidl_typesupport_c/topic_tools_interfaces/srv/mux_add__type_support.cpp.o[0m
[11.662s] [ 36%] [32mBuilding CXX object CMakeFiles/topic_tools_interfaces__rosidl_typesupport_cpp.dir/rosidl_typesupport_cpp/topic_tools_interfaces/srv/mux_delete__type_support.cpp.o[0m
[11.697s] [ 38%] [32mBuilding CXX object CMakeFiles/topic_tools_interfaces__rosidl_typesupport_c.dir/rosidl_typesupport_c/topic_tools_interfaces/srv/mux_delete__type_support.cpp.o[0m
[11.931s] [ 40%] [32mBuilding CXX object CMakeFiles/topic_tools_interfaces__rosidl_typesupport_introspection_cpp.dir/rosidl_typesupport_introspection_cpp/topic_tools_interfaces/srv/detail/mux_select__type_support.cpp.o[0m
[11.961s] [ 41%] [32mBuilding CXX object CMakeFiles/topic_tools_interfaces__rosidl_typesupport_c.dir/rosidl_typesupport_c/topic_tools_interfaces/srv/mux_list__type_support.cpp.o[0m
[12.026s] [ 43%] [32mBuilding CXX object CMakeFiles/topic_tools_interfaces__rosidl_typesupport_fastrtps_c.dir/rosidl_typesupport_fastrtps_c/topic_tools_interfaces/srv/detail/mux_add__type_support_c.cpp.o[0m
[12.180s] [ 45%] [32mBuilding CXX object CMakeFiles/topic_tools_interfaces__rosidl_typesupport_fastrtps_c.dir/rosidl_typesupport_fastrtps_c/topic_tools_interfaces/srv/detail/mux_delete__type_support_c.cpp.o[0m
[12.199s] [ 47%] [32mBuilding CXX object CMakeFiles/topic_tools_interfaces__rosidl_typesupport_c.dir/rosidl_typesupport_c/topic_tools_interfaces/srv/mux_select__type_support.cpp.o[0m
[12.299s] [ 49%] [32mBuilding CXX object CMakeFiles/topic_tools_interfaces__rosidl_typesupport_fastrtps_cpp.dir/rosidl_typesupport_fastrtps_cpp/topic_tools_interfaces/srv/detail/dds_fastrtps/mux_delete__type_support.cpp.o[0m
[12.380s] [ 50%] [32m[1mLinking CXX shared library libtopic_tools_interfaces__rosidl_typesupport_c.so[0m
[12.684s] [ 50%] Built target topic_tools_interfaces__rosidl_typesupport_c
[12.762s] [ 52%] [32mBuilding CXX object CMakeFiles/topic_tools_interfaces__rosidl_typesupport_fastrtps_c.dir/rosidl_typesupport_fastrtps_c/topic_tools_interfaces/srv/detail/mux_list__type_support_c.cpp.o[0m
[12.946s] [ 54%] [32mBuilding C object CMakeFiles/topic_tools_interfaces__rosidl_typesupport_introspection_c.dir/rosidl_typesupport_introspection_c/topic_tools_interfaces/srv/detail/mux_add__type_support.c.o[0m
[13.061s] [ 56%] [32mBuilding CXX object CMakeFiles/topic_tools_interfaces__rosidl_typesupport_fastrtps_cpp.dir/rosidl_typesupport_fastrtps_cpp/topic_tools_interfaces/srv/detail/dds_fastrtps/mux_list__type_support.cpp.o[0m
[13.242s] [ 58%] [32mBuilding C object CMakeFiles/topic_tools_interfaces__rosidl_typesupport_introspection_c.dir/rosidl_typesupport_introspection_c/topic_tools_interfaces/srv/detail/mux_delete__type_support.c.o[0m
[13.470s] [ 60%] [32mBuilding C object CMakeFiles/topic_tools_interfaces__rosidl_typesupport_introspection_c.dir/rosidl_typesupport_introspection_c/topic_tools_interfaces/srv/detail/mux_list__type_support.c.o[0m
[13.510s] [ 61%] [32mBuilding CXX object CMakeFiles/topic_tools_interfaces__rosidl_typesupport_cpp.dir/rosidl_typesupport_cpp/topic_tools_interfaces/srv/mux_list__type_support.cpp.o[0m
[13.693s] [ 63%] [32mBuilding C object CMakeFiles/topic_tools_interfaces__rosidl_typesupport_introspection_c.dir/rosidl_typesupport_introspection_c/topic_tools_interfaces/srv/detail/mux_select__type_support.c.o[0m
[13.810s] [ 65%] [32mBuilding CXX object CMakeFiles/topic_tools_interfaces__rosidl_typesupport_fastrtps_c.dir/rosidl_typesupport_fastrtps_c/topic_tools_interfaces/srv/detail/mux_select__type_support_c.cpp.o[0m
[13.913s] [ 67%] [32m[1mLinking C shared library libtopic_tools_interfaces__rosidl_typesupport_introspection_c.so[0m
[13.939s] [ 69%] [32m[1mLinking CXX shared library libtopic_tools_interfaces__rosidl_typesupport_introspection_cpp.so[0m
[13.989s] [ 70%] [32mBuilding CXX object CMakeFiles/topic_tools_interfaces__rosidl_typesupport_cpp.dir/rosidl_typesupport_cpp/topic_tools_interfaces/srv/mux_select__type_support.cpp.o[0m
[14.124s] [ 70%] Built target topic_tools_interfaces__rosidl_typesupport_introspection_c
[14.182s] [ 72%] [32mBuilding CXX object CMakeFiles/topic_tools_interfaces__rosidl_typesupport_fastrtps_cpp.dir/rosidl_typesupport_fastrtps_cpp/topic_tools_interfaces/srv/detail/dds_fastrtps/mux_select__type_support.cpp.o[0m
[14.347s] [ 72%] Built target topic_tools_interfaces__rosidl_typesupport_introspection_cpp
[15.036s] [ 74%] [32m[1mLinking CXX shared library libtopic_tools_interfaces__rosidl_typesupport_cpp.so[0m
[15.044s] [ 76%] [32m[1mLinking CXX shared library libtopic_tools_interfaces__rosidl_typesupport_fastrtps_c.so[0m
[15.270s] [ 76%] Built target topic_tools_interfaces__rosidl_typesupport_cpp
[15.312s] [ 76%] Built target topic_tools_interfaces__rosidl_typesupport_fastrtps_c
[15.335s] [ 78%] [32m[1mLinking CXX shared library libtopic_tools_interfaces__rosidl_typesupport_fastrtps_cpp.so[0m
[15.709s] [ 78%] Built target topic_tools_interfaces__rosidl_typesupport_fastrtps_cpp
[15.822s] [ 78%] Built target topic_tools_interfaces
[15.941s] [ 80%] [34m[1mGenerating Python code for ROS interfaces[0m
[18.046s] [ 80%] Built target topic_tools_interfaces__py
[18.090s] [ 81%] [32mBuilding C object CMakeFiles/topic_tools_interfaces__rosidl_generator_py.dir/rosidl_generator_py/topic_tools_interfaces/srv/_mux_delete_s.c.o[0m
[18.095s] [ 83%] [32mBuilding C object CMakeFiles/topic_tools_interfaces__rosidl_generator_py.dir/rosidl_generator_py/topic_tools_interfaces/srv/_mux_add_s.c.o[0m
[18.113s] [ 85%] [32mBuilding C object CMakeFiles/topic_tools_interfaces__rosidl_generator_py.dir/rosidl_generator_py/topic_tools_interfaces/srv/_mux_select_s.c.o[0m
[18.115s] [ 87%] [32mBuilding C object CMakeFiles/topic_tools_interfaces__rosidl_generator_py.dir/rosidl_generator_py/topic_tools_interfaces/srv/_mux_list_s.c.o[0m
[18.444s] [ 89%] [32m[1mLinking C shared library rosidl_generator_py/topic_tools_interfaces/libtopic_tools_interfaces__rosidl_generator_py.so[0m
[18.541s] [ 89%] Built target topic_tools_interfaces__rosidl_generator_py
[18.627s] [ 90%] [32mBuilding C object CMakeFiles/topic_tools_interfaces__rosidl_typesupport_fastrtps_c__pyext.dir/rosidl_generator_py/topic_tools_interfaces/_topic_tools_interfaces_s.ep.rosidl_typesupport_fastrtps_c.c.o[0m
[18.634s] [ 92%] [32mBuilding C object CMakeFiles/topic_tools_interfaces__rosidl_typesupport_c__pyext.dir/rosidl_generator_py/topic_tools_interfaces/_topic_tools_interfaces_s.ep.rosidl_typesupport_c.c.o[0m
[18.653s] [ 94%] [32mBuilding C object CMakeFiles/topic_tools_interfaces__rosidl_typesupport_introspection_c__pyext.dir/rosidl_generator_py/topic_tools_interfaces/_topic_tools_interfaces_s.ep.rosidl_typesupport_introspection_c.c.o[0m
[18.893s] [ 96%] [32m[1mLinking C shared library rosidl_generator_py/topic_tools_interfaces/topic_tools_interfaces_s__rosidl_typesupport_c.cpython-310-x86_64-linux-gnu.so[0m
[18.921s] [ 98%] [32m[1mLinking C shared library rosidl_generator_py/topic_tools_interfaces/topic_tools_interfaces_s__rosidl_typesupport_fastrtps_c.cpython-310-x86_64-linux-gnu.so[0m
[19.011s] [ 98%] Built target topic_tools_interfaces__rosidl_typesupport_c__pyext
[19.017s] [ 98%] Built target topic_tools_interfaces__rosidl_typesupport_fastrtps_c__pyext
[19.039s] [100%] [32m[1mLinking C shared library rosidl_generator_py/topic_tools_interfaces/topic_tools_interfaces_s__rosidl_typesupport_introspection_c.cpython-310-x86_64-linux-gnu.so[0m
[19.133s] [100%] Built target topic_tools_interfaces__rosidl_typesupport_introspection_c__pyext
[19.164s] Invoked command in '/home/g5/dd2419_ws/build/topic_tools_interfaces' returned '0': CMAKE_PREFIX_PATH=${CMAKE_PREFIX_PATH}:/home/g5/dd2419_ws/install/robp_launch:/home/g5/dd2419_ws/install/robp_boot_camp_launch:/home/g5/dd2419_ws/install/odometry:/home/g5/dd2419_ws/install/controller:/home/g5/dd2419_ws/install/control:/home/g5/dd2419_ws/install/arm:/home/g5/dd2419_ws/install/planning:/home/g5/dd2419_ws/install/kobuki_description:/home/g5/dd2419_ws/install/display_markers:/home/g5/dd2419_ws/install/detection:/home/g5/dd2419_ws/install/arm_servos_pubs_subs:/opt/ros/humble /usr/bin/cmake --build /home/g5/dd2419_ws/build/topic_tools_interfaces -- -j8 -l8
[19.928s] Invoking command in '/home/g5/dd2419_ws/build/topic_tools_interfaces': CMAKE_PREFIX_PATH=${CMAKE_PREFIX_PATH}:/home/g5/dd2419_ws/install/robp_launch:/home/g5/dd2419_ws/install/robp_boot_camp_launch:/home/g5/dd2419_ws/install/odometry:/home/g5/dd2419_ws/install/controller:/home/g5/dd2419_ws/install/control:/home/g5/dd2419_ws/install/arm:/home/g5/dd2419_ws/install/planning:/home/g5/dd2419_ws/install/kobuki_description:/home/g5/dd2419_ws/install/display_markers:/home/g5/dd2419_ws/install/detection:/home/g5/dd2419_ws/install/arm_servos_pubs_subs:/opt/ros/humble /usr/bin/cmake --install /home/g5/dd2419_ws/build/topic_tools_interfaces
[21.053s] -- Install configuration: ""
[21.053s] -- Execute custom install script
[21.054s] -- Symlinking: /home/g5/dd2419_ws/install/topic_tools_interfaces/share/ament_index/resource_index/rosidl_interfaces/topic_tools_interfaces
[21.054s] -- Symlinking: /home/g5/dd2419_ws/install/topic_tools_interfaces/include/topic_tools_interfaces/topic_tools_interfaces/msg/rosidl_generator_c__visibility_control.h
[21.055s] -- Symlinking: /home/g5/dd2419_ws/install/topic_tools_interfaces/include/topic_tools_interfaces/topic_tools_interfaces/srv/detail/mux_add__functions.h
[21.055s] -- Symlinking: /home/g5/dd2419_ws/install/topic_tools_interfaces/include/topic_tools_interfaces/topic_tools_interfaces/srv/detail/mux_add__struct.h
[21.056s] -- Symlinking: /home/g5/dd2419_ws/install/topic_tools_interfaces/include/topic_tools_interfaces/topic_tools_interfaces/srv/detail/mux_add__type_support.h
[21.056s] -- Symlinking: /home/g5/dd2419_ws/install/topic_tools_interfaces/include/topic_tools_interfaces/topic_tools_interfaces/srv/detail/mux_delete__functions.h
[21.056s] -- Symlinking: /home/g5/dd2419_ws/install/topic_tools_interfaces/include/topic_tools_interfaces/topic_tools_interfaces/srv/detail/mux_delete__struct.h
[21.056s] -- Symlinking: /home/g5/dd2419_ws/install/topic_tools_interfaces/include/topic_tools_interfaces/topic_tools_interfaces/srv/detail/mux_delete__type_support.h
[21.056s] -- Symlinking: /home/g5/dd2419_ws/install/topic_tools_interfaces/include/topic_tools_interfaces/topic_tools_interfaces/srv/detail/mux_list__functions.h
[21.056s] -- Symlinking: /home/g5/dd2419_ws/install/topic_tools_interfaces/include/topic_tools_interfaces/topic_tools_interfaces/srv/detail/mux_list__struct.h
[21.057s] -- Symlinking: /home/g5/dd2419_ws/install/topic_tools_interfaces/include/topic_tools_interfaces/topic_tools_interfaces/srv/detail/mux_list__type_support.h
[21.057s] -- Symlinking: /home/g5/dd2419_ws/install/topic_tools_interfaces/include/topic_tools_interfaces/topic_tools_interfaces/srv/detail/mux_select__functions.h
[21.057s] -- Symlinking: /home/g5/dd2419_ws/install/topic_tools_interfaces/include/topic_tools_interfaces/topic_tools_interfaces/srv/detail/mux_select__struct.h
[21.057s] -- Symlinking: /home/g5/dd2419_ws/install/topic_tools_interfaces/include/topic_tools_interfaces/topic_tools_interfaces/srv/detail/mux_select__type_support.h
[21.057s] -- Symlinking: /home/g5/dd2419_ws/install/topic_tools_interfaces/include/topic_tools_interfaces/topic_tools_interfaces/srv/mux_add.h
[21.057s] -- Symlinking: /home/g5/dd2419_ws/install/topic_tools_interfaces/include/topic_tools_interfaces/topic_tools_interfaces/srv/mux_delete.h
[21.057s] -- Symlinking: /home/g5/dd2419_ws/install/topic_tools_interfaces/include/topic_tools_interfaces/topic_tools_interfaces/srv/mux_list.h
[21.057s] -- Symlinking: /home/g5/dd2419_ws/install/topic_tools_interfaces/include/topic_tools_interfaces/topic_tools_interfaces/srv/mux_select.h
[21.058s] -- Symlinking: /home/g5/dd2419_ws/install/topic_tools_interfaces/share/topic_tools_interfaces/environment/library_path.sh
[21.058s] -- Symlinking: /home/g5/dd2419_ws/install/topic_tools_interfaces/share/topic_tools_interfaces/environment/library_path.dsv
[21.058s] -- Symlinking: /home/g5/dd2419_ws/install/topic_tools_interfaces/include/topic_tools_interfaces/topic_tools_interfaces/msg/rosidl_typesupport_fastrtps_c__visibility_control.h
[21.059s] -- Symlinking: /home/g5/dd2419_ws/install/topic_tools_interfaces/include/topic_tools_interfaces/topic_tools_interfaces/srv/detail/mux_add__rosidl_typesupport_fastrtps_c.h
[21.059s] -- Symlinking: /home/g5/dd2419_ws/install/topic_tools_interfaces/include/topic_tools_interfaces/topic_tools_interfaces/srv/detail/mux_delete__rosidl_typesupport_fastrtps_c.h
[21.059s] -- Symlinking: /home/g5/dd2419_ws/install/topic_tools_interfaces/include/topic_tools_interfaces/topic_tools_interfaces/srv/detail/mux_list__rosidl_typesupport_fastrtps_c.h
[21.059s] -- Symlinking: /home/g5/dd2419_ws/install/topic_tools_interfaces/include/topic_tools_interfaces/topic_tools_interfaces/srv/detail/mux_select__rosidl_typesupport_fastrtps_c.h
[21.059s] -- Symlinking: /home/g5/dd2419_ws/install/topic_tools_interfaces/include/topic_tools_interfaces/topic_tools_interfaces/msg/rosidl_typesupport_introspection_c__visibility_control.h
[21.059s] -- Symlinking: /home/g5/dd2419_ws/install/topic_tools_interfaces/include/topic_tools_interfaces/topic_tools_interfaces/srv/detail/mux_add__rosidl_typesupport_introspection_c.h
[21.060s] -- Symlinking: /home/g5/dd2419_ws/install/topic_tools_interfaces/include/topic_tools_interfaces/topic_tools_interfaces/srv/detail/mux_delete__rosidl_typesupport_introspection_c.h
[21.060s] -- Symlinking: /home/g5/dd2419_ws/install/topic_tools_interfaces/include/topic_tools_interfaces/topic_tools_interfaces/srv/detail/mux_list__rosidl_typesupport_introspection_c.h
[21.060s] -- Symlinking: /home/g5/dd2419_ws/install/topic_tools_interfaces/include/topic_tools_interfaces/topic_tools_interfaces/srv/detail/mux_select__rosidl_typesupport_introspection_c.h
[21.060s] -- Symlinking: /home/g5/dd2419_ws/install/topic_tools_interfaces/include/topic_tools_interfaces/topic_tools_interfaces/srv/detail/mux_add__builder.hpp
[21.061s] -- Symlinking: /home/g5/dd2419_ws/install/topic_tools_interfaces/include/topic_tools_interfaces/topic_tools_interfaces/srv/detail/mux_add__struct.hpp
[21.061s] -- Symlinking: /home/g5/dd2419_ws/install/topic_tools_interfaces/include/topic_tools_interfaces/topic_tools_interfaces/srv/detail/mux_add__traits.hpp
[21.061s] -- Symlinking: /home/g5/dd2419_ws/install/topic_tools_interfaces/include/topic_tools_interfaces/topic_tools_interfaces/srv/detail/mux_delete__builder.hpp
[21.061s] -- Symlinking: /home/g5/dd2419_ws/install/topic_tools_interfaces/include/topic_tools_interfaces/topic_tools_interfaces/srv/detail/mux_delete__struct.hpp
[21.061s] -- Symlinking: /home/g5/dd2419_ws/install/topic_tools_interfaces/include/topic_tools_interfaces/topic_tools_interfaces/srv/detail/mux_delete__traits.hpp
[21.061s] -- Symlinking: /home/g5/dd2419_ws/install/topic_tools_interfaces/include/topic_tools_interfaces/topic_tools_interfaces/srv/detail/mux_list__builder.hpp
[21.061s] -- Symlinking: /home/g5/dd2419_ws/install/topic_tools_interfaces/include/topic_tools_interfaces/topic_tools_interfaces/srv/detail/mux_list__struct.hpp
[21.061s] -- Symlinking: /home/g5/dd2419_ws/install/topic_tools_interfaces/include/topic_tools_interfaces/topic_tools_interfaces/srv/detail/mux_list__traits.hpp
[21.061s] -- Symlinking: /home/g5/dd2419_ws/install/topic_tools_interfaces/include/topic_tools_interfaces/topic_tools_interfaces/srv/detail/mux_select__builder.hpp
[21.062s] -- Symlinking: /home/g5/dd2419_ws/install/topic_tools_interfaces/include/topic_tools_interfaces/topic_tools_interfaces/srv/detail/mux_select__struct.hpp
[21.062s] -- Symlinking: /home/g5/dd2419_ws/install/topic_tools_interfaces/include/topic_tools_interfaces/topic_tools_interfaces/srv/detail/mux_select__traits.hpp
[21.062s] -- Symlinking: /home/g5/dd2419_ws/install/topic_tools_interfaces/include/topic_tools_interfaces/topic_tools_interfaces/srv/mux_add.hpp
[21.062s] -- Symlinking: /home/g5/dd2419_ws/install/topic_tools_interfaces/include/topic_tools_interfaces/topic_tools_interfaces/srv/mux_delete.hpp
[21.062s] -- Symlinking: /home/g5/dd2419_ws/install/topic_tools_interfaces/include/topic_tools_interfaces/topic_tools_interfaces/srv/mux_list.hpp
[21.063s] -- Symlinking: /home/g5/dd2419_ws/install/topic_tools_interfaces/include/topic_tools_interfaces/topic_tools_interfaces/srv/mux_select.hpp
[21.063s] -- Symlinking: /home/g5/dd2419_ws/install/topic_tools_interfaces/include/topic_tools_interfaces/topic_tools_interfaces/msg/rosidl_typesupport_fastrtps_cpp__visibility_control.h
[21.063s] -- Symlinking: /home/g5/dd2419_ws/install/topic_tools_interfaces/include/topic_tools_interfaces/topic_tools_interfaces/srv/detail/mux_add__rosidl_typesupport_fastrtps_cpp.hpp
[21.063s] -- Symlinking: /home/g5/dd2419_ws/install/topic_tools_interfaces/include/topic_tools_interfaces/topic_tools_interfaces/srv/detail/mux_delete__rosidl_typesupport_fastrtps_cpp.hpp
[21.063s] -- Symlinking: /home/g5/dd2419_ws/install/topic_tools_interfaces/include/topic_tools_interfaces/topic_tools_interfaces/srv/detail/mux_list__rosidl_typesupport_fastrtps_cpp.hpp
[21.064s] -- Symlinking: /home/g5/dd2419_ws/install/topic_tools_interfaces/include/topic_tools_interfaces/topic_tools_interfaces/srv/detail/mux_select__rosidl_typesupport_fastrtps_cpp.hpp
[21.064s] -- Symlinking: /home/g5/dd2419_ws/install/topic_tools_interfaces/include/topic_tools_interfaces/topic_tools_interfaces/srv/detail/mux_add__rosidl_typesupport_introspection_cpp.hpp
[21.064s] -- Symlinking: /home/g5/dd2419_ws/install/topic_tools_interfaces/include/topic_tools_interfaces/topic_tools_interfaces/srv/detail/mux_delete__rosidl_typesupport_introspection_cpp.hpp
[21.064s] -- Symlinking: /home/g5/dd2419_ws/install/topic_tools_interfaces/include/topic_tools_interfaces/topic_tools_interfaces/srv/detail/mux_list__rosidl_typesupport_introspection_cpp.hpp
[21.065s] -- Symlinking: /home/g5/dd2419_ws/install/topic_tools_interfaces/include/topic_tools_interfaces/topic_tools_interfaces/srv/detail/mux_select__rosidl_typesupport_introspection_cpp.hpp
[21.078s] -- Symlinking: /home/g5/dd2419_ws/install/topic_tools_interfaces/share/topic_tools_interfaces/environment/pythonpath.sh
[21.097s] -- Symlinking: /home/g5/dd2419_ws/install/topic_tools_interfaces/share/topic_tools_interfaces/environment/pythonpath.dsv
[21.118s] -- Symlinking: /home/g5/dd2419_ws/install/topic_tools_interfaces/local/lib/python3.10/dist-packages/topic_tools_interfaces-1.3.0-py3.10.egg-info/PKG-INFO
[21.136s] -- Symlinking: /home/g5/dd2419_ws/install/topic_tools_interfaces/local/lib/python3.10/dist-packages/topic_tools_interfaces-1.3.0-py3.10.egg-info/SOURCES.txt
[21.154s] -- Symlinking: /home/g5/dd2419_ws/install/topic_tools_interfaces/local/lib/python3.10/dist-packages/topic_tools_interfaces-1.3.0-py3.10.egg-info/dependency_links.txt
[21.170s] -- Symlinking: /home/g5/dd2419_ws/install/topic_tools_interfaces/local/lib/python3.10/dist-packages/topic_tools_interfaces-1.3.0-py3.10.egg-info/top_level.txt
[21.188s] -- Symlinking: /home/g5/dd2419_ws/install/topic_tools_interfaces/local/lib/python3.10/dist-packages/topic_tools_interfaces/__init__.py
[21.206s] -- Symlinking: /home/g5/dd2419_ws/install/topic_tools_interfaces/local/lib/python3.10/dist-packages/topic_tools_interfaces/_topic_tools_interfaces_s.ep.rosidl_typesupport_c.c
[21.223s] -- Symlinking: /home/g5/dd2419_ws/install/topic_tools_interfaces/local/lib/python3.10/dist-packages/topic_tools_interfaces/_topic_tools_interfaces_s.ep.rosidl_typesupport_fastrtps_c.c
[21.239s] -- Symlinking: /home/g5/dd2419_ws/install/topic_tools_interfaces/local/lib/python3.10/dist-packages/topic_tools_interfaces/_topic_tools_interfaces_s.ep.rosidl_typesupport_introspection_c.c
[21.266s] -- Symlinking: /home/g5/dd2419_ws/install/topic_tools_interfaces/local/lib/python3.10/dist-packages/topic_tools_interfaces/libtopic_tools_interfaces__rosidl_generator_py.so
[21.285s] -- Symlinking: /home/g5/dd2419_ws/install/topic_tools_interfaces/local/lib/python3.10/dist-packages/topic_tools_interfaces/srv/__init__.py
[21.304s] -- Symlinking: /home/g5/dd2419_ws/install/topic_tools_interfaces/local/lib/python3.10/dist-packages/topic_tools_interfaces/srv/_mux_add.py
[21.324s] -- Symlinking: /home/g5/dd2419_ws/install/topic_tools_interfaces/local/lib/python3.10/dist-packages/topic_tools_interfaces/srv/_mux_add_s.c
[21.344s] -- Symlinking: /home/g5/dd2419_ws/install/topic_tools_interfaces/local/lib/python3.10/dist-packages/topic_tools_interfaces/srv/_mux_delete.py
[21.364s] -- Symlinking: /home/g5/dd2419_ws/install/topic_tools_interfaces/local/lib/python3.10/dist-packages/topic_tools_interfaces/srv/_mux_delete_s.c
[21.382s] -- Symlinking: /home/g5/dd2419_ws/install/topic_tools_interfaces/local/lib/python3.10/dist-packages/topic_tools_interfaces/srv/_mux_list.py
[21.402s] -- Symlinking: /home/g5/dd2419_ws/install/topic_tools_interfaces/local/lib/python3.10/dist-packages/topic_tools_interfaces/srv/_mux_list_s.c
[21.421s] -- Symlinking: /home/g5/dd2419_ws/install/topic_tools_interfaces/local/lib/python3.10/dist-packages/topic_tools_interfaces/srv/_mux_select.py
[21.441s] -- Symlinking: /home/g5/dd2419_ws/install/topic_tools_interfaces/local/lib/python3.10/dist-packages/topic_tools_interfaces/srv/_mux_select_s.c
[21.458s] -- Symlinking: /home/g5/dd2419_ws/install/topic_tools_interfaces/local/lib/python3.10/dist-packages/topic_tools_interfaces/topic_tools_interfaces_s__rosidl_typesupport_c.cpython-310-x86_64-linux-gnu.so
[21.480s] -- Symlinking: /home/g5/dd2419_ws/install/topic_tools_interfaces/local/lib/python3.10/dist-packages/topic_tools_interfaces/topic_tools_interfaces_s__rosidl_typesupport_fastrtps_c.cpython-310-x86_64-linux-gnu.so
[21.494s] -- Symlinking: /home/g5/dd2419_ws/install/topic_tools_interfaces/local/lib/python3.10/dist-packages/topic_tools_interfaces/topic_tools_interfaces_s__rosidl_typesupport_introspection_c.cpython-310-x86_64-linux-gnu.so
[21.511s] -- Up-to-date symlink: /home/g5/dd2419_ws/install/topic_tools_interfaces/local/lib/python3.10/dist-packages/topic_tools_interfaces/topic_tools_interfaces_s__rosidl_typesupport_fastrtps_c.cpython-310-x86_64-linux-gnu.so
[21.511s] -- Up-to-date symlink: /home/g5/dd2419_ws/install/topic_tools_interfaces/local/lib/python3.10/dist-packages/topic_tools_interfaces/topic_tools_interfaces_s__rosidl_typesupport_introspection_c.cpython-310-x86_64-linux-gnu.so
[21.512s] -- Up-to-date symlink: /home/g5/dd2419_ws/install/topic_tools_interfaces/local/lib/python3.10/dist-packages/topic_tools_interfaces/topic_tools_interfaces_s__rosidl_typesupport_c.cpython-310-x86_64-linux-gnu.so
[21.512s] -- Symlinking: /home/g5/dd2419_ws/install/topic_tools_interfaces/share/topic_tools_interfaces/srv/MuxAdd.idl
[21.528s] -- Symlinking: /home/g5/dd2419_ws/install/topic_tools_interfaces/share/topic_tools_interfaces/srv/MuxDelete.idl
[21.547s] -- Symlinking: /home/g5/dd2419_ws/install/topic_tools_interfaces/share/topic_tools_interfaces/srv/MuxList.idl
[21.562s] -- Symlinking: /home/g5/dd2419_ws/install/topic_tools_interfaces/share/topic_tools_interfaces/srv/MuxSelect.idl
[21.580s] -- Symlinking: /home/g5/dd2419_ws/install/topic_tools_interfaces/share/topic_tools_interfaces/srv/MuxAdd.srv
[21.598s] -- Symlinking: /home/g5/dd2419_ws/install/topic_tools_interfaces/share/topic_tools_interfaces/srv/MuxAdd_Request.msg
[21.616s] -- Symlinking: /home/g5/dd2419_ws/install/topic_tools_interfaces/share/topic_tools_interfaces/srv/MuxAdd_Response.msg
[21.634s] -- Symlinking: /home/g5/dd2419_ws/install/topic_tools_interfaces/share/topic_tools_interfaces/srv/MuxDelete.srv
[21.653s] -- Symlinking: /home/g5/dd2419_ws/install/topic_tools_interfaces/share/topic_tools_interfaces/srv/MuxDelete_Request.msg
[21.672s] -- Symlinking: /home/g5/dd2419_ws/install/topic_tools_interfaces/share/topic_tools_interfaces/srv/MuxDelete_Response.msg
[21.700s] -- Symlinking: /home/g5/dd2419_ws/install/topic_tools_interfaces/share/topic_tools_interfaces/srv/MuxList.srv
[21.720s] -- Symlinking: /home/g5/dd2419_ws/install/topic_tools_interfaces/share/topic_tools_interfaces/srv/MuxList_Request.msg
[21.737s] -- Symlinking: /home/g5/dd2419_ws/install/topic_tools_interfaces/share/topic_tools_interfaces/srv/MuxList_Response.msg
[21.754s] -- Symlinking: /home/g5/dd2419_ws/install/topic_tools_interfaces/share/topic_tools_interfaces/srv/MuxSelect.srv
[21.770s] -- Symlinking: /home/g5/dd2419_ws/install/topic_tools_interfaces/share/topic_tools_interfaces/srv/MuxSelect_Request.msg
[21.789s] -- Symlinking: /home/g5/dd2419_ws/install/topic_tools_interfaces/share/topic_tools_interfaces/srv/MuxSelect_Response.msg
[21.806s] -- Symlinking: /home/g5/dd2419_ws/install/topic_tools_interfaces/share/ament_index/resource_index/package_run_dependencies/topic_tools_interfaces
[21.821s] -- Symlinking: /home/g5/dd2419_ws/install/topic_tools_interfaces/share/ament_index/resource_index/parent_prefix_path/topic_tools_interfaces
[21.837s] -- Symlinking: /home/g5/dd2419_ws/install/topic_tools_interfaces/share/topic_tools_interfaces/environment/ament_prefix_path.sh
[21.853s] -- Symlinking: /home/g5/dd2419_ws/install/topic_tools_interfaces/share/topic_tools_interfaces/environment/ament_prefix_path.dsv
[21.871s] -- Symlinking: /home/g5/dd2419_ws/install/topic_tools_interfaces/share/topic_tools_interfaces/environment/path.sh
[21.890s] -- Symlinking: /home/g5/dd2419_ws/install/topic_tools_interfaces/share/topic_tools_interfaces/environment/path.dsv
[21.908s] -- Symlinking: /home/g5/dd2419_ws/install/topic_tools_interfaces/share/topic_tools_interfaces/local_setup.bash
[21.923s] -- Symlinking: /home/g5/dd2419_ws/install/topic_tools_interfaces/share/topic_tools_interfaces/local_setup.sh
[21.940s] -- Symlinking: /home/g5/dd2419_ws/install/topic_tools_interfaces/share/topic_tools_interfaces/local_setup.zsh
[21.958s] -- Symlinking: /home/g5/dd2419_ws/install/topic_tools_interfaces/share/topic_tools_interfaces/local_setup.dsv
[21.976s] -- Symlinking: /home/g5/dd2419_ws/install/topic_tools_interfaces/share/topic_tools_interfaces/package.dsv
[21.991s] -- Symlinking: /home/g5/dd2419_ws/install/topic_tools_interfaces/share/ament_index/resource_index/packages/topic_tools_interfaces
[22.007s] -- Symlinking: /home/g5/dd2419_ws/install/topic_tools_interfaces/share/topic_tools_interfaces/cmake/rosidl_cmake-extras.cmake
[22.022s] -- Symlinking: /home/g5/dd2419_ws/install/topic_tools_interfaces/share/topic_tools_interfaces/cmake/ament_cmake_export_dependencies-extras.cmake
[22.039s] -- Symlinking: /home/g5/dd2419_ws/install/topic_tools_interfaces/share/topic_tools_interfaces/cmake/ament_cmake_export_include_directories-extras.cmake
[22.054s] -- Symlinking: /home/g5/dd2419_ws/install/topic_tools_interfaces/share/topic_tools_interfaces/cmake/ament_cmake_export_libraries-extras.cmake
[22.072s] -- Symlinking: /home/g5/dd2419_ws/install/topic_tools_interfaces/share/topic_tools_interfaces/cmake/ament_cmake_export_targets-extras.cmake
[22.087s] -- Symlinking: /home/g5/dd2419_ws/install/topic_tools_interfaces/share/topic_tools_interfaces/cmake/rosidl_cmake_export_typesupport_targets-extras.cmake
[22.104s] -- Symlinking: /home/g5/dd2419_ws/install/topic_tools_interfaces/share/topic_tools_interfaces/cmake/rosidl_cmake_export_typesupport_libraries-extras.cmake
[22.119s] -- Symlinking: /home/g5/dd2419_ws/install/topic_tools_interfaces/share/topic_tools_interfaces/cmake/topic_tools_interfacesConfig.cmake
[22.134s] -- Symlinking: /home/g5/dd2419_ws/install/topic_tools_interfaces/share/topic_tools_interfaces/cmake/topic_tools_interfacesConfig-version.cmake
[22.150s] -- Symlinking: /home/g5/dd2419_ws/install/topic_tools_interfaces/share/topic_tools_interfaces/package.xml
[22.167s] -- Installing: /home/g5/dd2419_ws/install/topic_tools_interfaces/lib/libtopic_tools_interfaces__rosidl_generator_c.so
[22.168s] -- Set runtime path of "/home/g5/dd2419_ws/install/topic_tools_interfaces/lib/libtopic_tools_interfaces__rosidl_generator_c.so" to ""
[22.168s] -- Installing: /home/g5/dd2419_ws/install/topic_tools_interfaces/lib/libtopic_tools_interfaces__rosidl_typesupport_fastrtps_c.so
[22.168s] -- Set runtime path of "/home/g5/dd2419_ws/install/topic_tools_interfaces/lib/libtopic_tools_interfaces__rosidl_typesupport_fastrtps_c.so" to ""
[22.168s] -- Installing: /home/g5/dd2419_ws/install/topic_tools_interfaces/lib/libtopic_tools_interfaces__rosidl_typesupport_introspection_c.so
[22.169s] -- Set runtime path of "/home/g5/dd2419_ws/install/topic_tools_interfaces/lib/libtopic_tools_interfaces__rosidl_typesupport_introspection_c.so" to ""
[22.169s] -- Installing: /home/g5/dd2419_ws/install/topic_tools_interfaces/lib/libtopic_tools_interfaces__rosidl_typesupport_c.so
[22.169s] -- Set runtime path of "/home/g5/dd2419_ws/install/topic_tools_interfaces/lib/libtopic_tools_interfaces__rosidl_typesupport_c.so" to ""
[22.170s] -- Installing: /home/g5/dd2419_ws/install/topic_tools_interfaces/lib/libtopic_tools_interfaces__rosidl_typesupport_fastrtps_cpp.so
[22.170s] -- Set runtime path of "/home/g5/dd2419_ws/install/topic_tools_interfaces/lib/libtopic_tools_interfaces__rosidl_typesupport_fastrtps_cpp.so" to ""
[22.170s] -- Installing: /home/g5/dd2419_ws/install/topic_tools_interfaces/lib/libtopic_tools_interfaces__rosidl_typesupport_introspection_cpp.so
[22.171s] -- Set runtime path of "/home/g5/dd2419_ws/install/topic_tools_interfaces/lib/libtopic_tools_interfaces__rosidl_typesupport_introspection_cpp.so" to ""
[22.171s] -- Installing: /home/g5/dd2419_ws/install/topic_tools_interfaces/lib/libtopic_tools_interfaces__rosidl_typesupport_cpp.so
[22.172s] -- Set runtime path of "/home/g5/dd2419_ws/install/topic_tools_interfaces/lib/libtopic_tools_interfaces__rosidl_typesupport_cpp.so" to ""
[22.272s] Listing '/home/g5/dd2419_ws/install/topic_tools_interfaces/local/lib/python3.10/dist-packages/topic_tools_interfaces'...
[22.272s] Compiling '/home/g5/dd2419_ws/install/topic_tools_interfaces/local/lib/python3.10/dist-packages/topic_tools_interfaces/__init__.py'...
[22.272s] Listing '/home/g5/dd2419_ws/install/topic_tools_interfaces/local/lib/python3.10/dist-packages/topic_tools_interfaces/srv'...
[22.272s] Compiling '/home/g5/dd2419_ws/install/topic_tools_interfaces/local/lib/python3.10/dist-packages/topic_tools_interfaces/srv/__init__.py'...
[22.273s] Compiling '/home/g5/dd2419_ws/install/topic_tools_interfaces/local/lib/python3.10/dist-packages/topic_tools_interfaces/srv/_mux_add.py'...
[22.273s] Compiling '/home/g5/dd2419_ws/install/topic_tools_interfaces/local/lib/python3.10/dist-packages/topic_tools_interfaces/srv/_mux_delete.py'...
[22.273s] Compiling '/home/g5/dd2419_ws/install/topic_tools_interfaces/local/lib/python3.10/dist-packages/topic_tools_interfaces/srv/_mux_list.py'...
[22.273s] Compiling '/home/g5/dd2419_ws/install/topic_tools_interfaces/local/lib/python3.10/dist-packages/topic_tools_interfaces/srv/_mux_select.py'...
[22.283s] -- Installing: /home/g5/dd2419_ws/install/topic_tools_interfaces/lib/libtopic_tools_interfaces__rosidl_generator_py.so
[22.283s] -- Set runtime path of "/home/g5/dd2419_ws/install/topic_tools_interfaces/lib/libtopic_tools_interfaces__rosidl_generator_py.so" to ""
[22.283s] -- Installing: /home/g5/dd2419_ws/install/topic_tools_interfaces/share/topic_tools_interfaces/cmake/export_topic_tools_interfaces__rosidl_generator_cExport.cmake
[22.283s] -- Installing: /home/g5/dd2419_ws/install/topic_tools_interfaces/share/topic_tools_interfaces/cmake/export_topic_tools_interfaces__rosidl_generator_cExport-noconfig.cmake
[22.284s] -- Installing: /home/g5/dd2419_ws/install/topic_tools_interfaces/share/topic_tools_interfaces/cmake/export_topic_tools_interfaces__rosidl_typesupport_fastrtps_cExport.cmake
[22.284s] -- Installing: /home/g5/dd2419_ws/install/topic_tools_interfaces/share/topic_tools_interfaces/cmake/export_topic_tools_interfaces__rosidl_typesupport_fastrtps_cExport-noconfig.cmake
[22.285s] -- Installing: /home/g5/dd2419_ws/install/topic_tools_interfaces/share/topic_tools_interfaces/cmake/topic_tools_interfaces__rosidl_typesupport_introspection_cExport.cmake
[22.285s] -- Installing: /home/g5/dd2419_ws/install/topic_tools_interfaces/share/topic_tools_interfaces/cmake/topic_tools_interfaces__rosidl_typesupport_introspection_cExport-noconfig.cmake
[22.286s] -- Installing: /home/g5/dd2419_ws/install/topic_tools_interfaces/share/topic_tools_interfaces/cmake/topic_tools_interfaces__rosidl_typesupport_cExport.cmake
[22.286s] -- Installing: /home/g5/dd2419_ws/install/topic_tools_interfaces/share/topic_tools_interfaces/cmake/topic_tools_interfaces__rosidl_typesupport_cExport-noconfig.cmake
[22.287s] -- Installing: /home/g5/dd2419_ws/install/topic_tools_interfaces/share/topic_tools_interfaces/cmake/export_topic_tools_interfaces__rosidl_generator_cppExport.cmake
[22.287s] -- Installing: /home/g5/dd2419_ws/install/topic_tools_interfaces/share/topic_tools_interfaces/cmake/export_topic_tools_interfaces__rosidl_typesupport_fastrtps_cppExport.cmake
[22.287s] -- Installing: /home/g5/dd2419_ws/install/topic_tools_interfaces/share/topic_tools_interfaces/cmake/export_topic_tools_interfaces__rosidl_typesupport_fastrtps_cppExport-noconfig.cmake
[22.288s] -- Installing: /home/g5/dd2419_ws/install/topic_tools_interfaces/share/topic_tools_interfaces/cmake/topic_tools_interfaces__rosidl_typesupport_introspection_cppExport.cmake
[22.288s] -- Installing: /home/g5/dd2419_ws/install/topic_tools_interfaces/share/topic_tools_interfaces/cmake/topic_tools_interfaces__rosidl_typesupport_introspection_cppExport-noconfig.cmake
[22.289s] -- Installing: /home/g5/dd2419_ws/install/topic_tools_interfaces/share/topic_tools_interfaces/cmake/topic_tools_interfaces__rosidl_typesupport_cppExport.cmake
[22.289s] -- Installing: /home/g5/dd2419_ws/install/topic_tools_interfaces/share/topic_tools_interfaces/cmake/topic_tools_interfaces__rosidl_typesupport_cppExport-noconfig.cmake
[22.290s] -- Installing: /home/g5/dd2419_ws/install/topic_tools_interfaces/share/topic_tools_interfaces/cmake/export_topic_tools_interfaces__rosidl_generator_pyExport.cmake
[22.290s] -- Installing: /home/g5/dd2419_ws/install/topic_tools_interfaces/share/topic_tools_interfaces/cmake/export_topic_tools_interfaces__rosidl_generator_pyExport-noconfig.cmake
[22.304s] Invoked command in '/home/g5/dd2419_ws/build/topic_tools_interfaces' returned '0': CMAKE_PREFIX_PATH=${CMAKE_PREFIX_PATH}:/home/g5/dd2419_ws/install/robp_launch:/home/g5/dd2419_ws/install/robp_boot_camp_launch:/home/g5/dd2419_ws/install/odometry:/home/g5/dd2419_ws/install/controller:/home/g5/dd2419_ws/install/control:/home/g5/dd2419_ws/install/arm:/home/g5/dd2419_ws/install/planning:/home/g5/dd2419_ws/install/kobuki_description:/home/g5/dd2419_ws/install/display_markers:/home/g5/dd2419_ws/install/detection:/home/g5/dd2419_ws/install/arm_servos_pubs_subs:/opt/ros/humble /usr/bin/cmake --install /home/g5/dd2419_ws/build/topic_tools_interfaces
