running develop
running egg_info
creating controller.egg-info
writing controller.egg-info/PKG-INFO
writing dependency_links to controller.egg-info/dependency_links.txt
writing entry points to controller.egg-info/entry_points.txt
writing requirements to controller.egg-info/requires.txt
writing top-level names to controller.egg-info/top_level.txt
writing manifest file 'controller.egg-info/SOURCES.txt'
reading manifest file 'controller.egg-info/SOURCES.txt'
writing manifest file 'controller.egg-info/SOURCES.txt'
running build_ext
Creating /home/g5/dd2419_ws/install/controller/lib/python3.10/site-packages/controller.egg-link (link to .)
Installing cartesian_axel script to /home/g5/dd2419_ws/install/controller/lib/controller
Installing cartesian_carl script to /home/g5/dd2419_ws/install/controller/lib/controller
Installing cartesian_controller script to /home/g5/dd2419_ws/install/controller/lib/controller
Installing milestone1_goal script to /home/g5/dd2419_ws/install/controller/lib/controller
Installing open_loop_controller script to /home/g5/dd2419_ws/install/controller/lib/controller
Installing wall_following_controller script to /home/g5/dd2419_ws/install/controller/lib/controller

Installed /home/g5/dd2419_ws/build/controller
running install_data
creating /home/g5/dd2419_ws/install/controller/share/ament_index
creating /home/g5/dd2419_ws/install/controller/share/ament_index/resource_index
creating /home/g5/dd2419_ws/install/controller/share/ament_index/resource_index/packages
copying resource/controller -> /home/g5/dd2419_ws/install/controller/share/ament_index/resource_index/packages
copying package.xml -> /home/g5/dd2419_ws/install/controller/share/controller
