[2.368s] Invoking command in '/home/g5/dd2419_ws/build/controller': CMAKE_PREFIX_PATH=/home/g5/dd2419_ws/install/robp_interfaces:/home/g5/dd2419_ws/install/robp_boot_camp_interfaces:/home/g5/dd2419_ws/install/topic_tools:/home/g5/dd2419_ws/install/topic_tools_interfaces:/home/g5/dd2419_ws/install/rplidar_ros:/home/g5/dd2419_ws/install/robp_phidgets_temperature:/home/g5/dd2419_ws/install/robp_phidgets_spatial:/home/g5/dd2419_ws/install/robp_phidgets_motors:/home/g5/dd2419_ws/install/robp_phidgets_encoders:/home/g5/dd2419_ws/install/robp_boot_camp_motors:/home/g5/dd2419_ws/install/robp_boot_camp_world:/home/g5/dd2419_ws/install/robp_boot_camp_distance_sensor:/home/g5/dd2419_ws/install/micro_ros_setup:/home/g5/dd2419_ws/install/micro_ros_agent:/home/g5/dd2419_ws/install/micro_ros_msgs:/home/g5/dd2419_ws/install/kobuki_softnode LD_LIBRARY_PATH=/home/g5/dd2419_ws/install/robp_interfaces/lib:/home/g5/dd2419_ws/install/robp_boot_camp_interfaces/lib:/home/g5/dd2419_ws/install/topic_tools/lib:/home/g5/dd2419_ws/install/topic_tools_interfaces/lib:/home/g5/dd2419_ws/install/rplidar_ros/lib:/home/g5/dd2419_ws/install/robp_phidgets_temperature/lib:/home/g5/dd2419_ws/install/robp_phidgets_spatial/lib:/home/g5/dd2419_ws/install/robp_phidgets_motors/lib:/home/g5/dd2419_ws/install/robp_phidgets_encoders/lib:/home/g5/dd2419_ws/install/micro_ros_agent/lib:/home/g5/dd2419_ws/install/micro_ros_msgs/lib:/opt/ros/humble/opt/rviz_ogre_vendor/lib:/opt/ros/humble/lib/x86_64-linux-gnu:/opt/ros/humble/opt/libphidget22/lib:/opt/ros/humble/lib PYTHONPATH=/home/g5/dd2419_ws/build/controller/prefix_override:/home/g5/dd2419_ws/install/controller/lib/python3.10/site-packages:${PYTHONPATH} /usr/bin/python3 setup.py develop --editable --build-directory /home/g5/dd2419_ws/build/controller/build --no-deps install_data
[2.920s] running develop
[2.920s] /usr/lib/python3/dist-packages/setuptools/command/easy_install.py:158: EasyInstallDeprecationWarning: easy_install command is deprecated. Use build and pip and other standards-based tools.
[2.920s]   warnings.warn(
[2.924s] /usr/lib/python3/dist-packages/setuptools/command/install.py:34: SetuptoolsDeprecationWarning: setup.py install is deprecated. Use build and pip and other standards-based tools.
[2.924s]   warnings.warn(
[3.308s] running egg_info
[3.309s] creating controller.egg-info
[3.309s] writing controller.egg-info/PKG-INFO
[3.311s] writing dependency_links to controller.egg-info/dependency_links.txt
[3.312s] writing entry points to controller.egg-info/entry_points.txt
[3.312s] writing requirements to controller.egg-info/requires.txt
[3.313s] writing top-level names to controller.egg-info/top_level.txt
[3.314s] writing manifest file 'controller.egg-info/SOURCES.txt'
[3.318s] reading manifest file 'controller.egg-info/SOURCES.txt'
[3.320s] writing manifest file 'controller.egg-info/SOURCES.txt'
[3.324s] running build_ext
[3.324s] Creating /home/g5/dd2419_ws/install/controller/lib/python3.10/site-packages/controller.egg-link (link to .)
[3.327s] Installing cartesian_axel script to /home/g5/dd2419_ws/install/controller/lib/controller
[3.328s] Installing cartesian_carl script to /home/g5/dd2419_ws/install/controller/lib/controller
[3.329s] Installing cartesian_controller script to /home/g5/dd2419_ws/install/controller/lib/controller
[3.330s] Installing milestone1_goal script to /home/g5/dd2419_ws/install/controller/lib/controller
[3.331s] Installing open_loop_controller script to /home/g5/dd2419_ws/install/controller/lib/controller
[3.332s] Installing wall_following_controller script to /home/g5/dd2419_ws/install/controller/lib/controller
[3.333s] 
[3.333s] Installed /home/g5/dd2419_ws/build/controller
[3.334s] running install_data
[3.334s] creating /home/g5/dd2419_ws/install/controller/share/ament_index
[3.335s] creating /home/g5/dd2419_ws/install/controller/share/ament_index/resource_index
[3.335s] creating /home/g5/dd2419_ws/install/controller/share/ament_index/resource_index/packages
[3.336s] copying resource/controller -> /home/g5/dd2419_ws/install/controller/share/ament_index/resource_index/packages
[3.337s] copying package.xml -> /home/g5/dd2419_ws/install/controller/share/controller
[3.397s] Invoked command in '/home/g5/dd2419_ws/build/controller' returned '0': CMAKE_PREFIX_PATH=/home/g5/dd2419_ws/install/robp_interfaces:/home/g5/dd2419_ws/install/robp_boot_camp_interfaces:/home/g5/dd2419_ws/install/topic_tools:/home/g5/dd2419_ws/install/topic_tools_interfaces:/home/g5/dd2419_ws/install/rplidar_ros:/home/g5/dd2419_ws/install/robp_phidgets_temperature:/home/g5/dd2419_ws/install/robp_phidgets_spatial:/home/g5/dd2419_ws/install/robp_phidgets_motors:/home/g5/dd2419_ws/install/robp_phidgets_encoders:/home/g5/dd2419_ws/install/robp_boot_camp_motors:/home/g5/dd2419_ws/install/robp_boot_camp_world:/home/g5/dd2419_ws/install/robp_boot_camp_distance_sensor:/home/g5/dd2419_ws/install/micro_ros_setup:/home/g5/dd2419_ws/install/micro_ros_agent:/home/g5/dd2419_ws/install/micro_ros_msgs:/home/g5/dd2419_ws/install/kobuki_softnode LD_LIBRARY_PATH=/home/g5/dd2419_ws/install/robp_interfaces/lib:/home/g5/dd2419_ws/install/robp_boot_camp_interfaces/lib:/home/g5/dd2419_ws/install/topic_tools/lib:/home/g5/dd2419_ws/install/topic_tools_interfaces/lib:/home/g5/dd2419_ws/install/rplidar_ros/lib:/home/g5/dd2419_ws/install/robp_phidgets_temperature/lib:/home/g5/dd2419_ws/install/robp_phidgets_spatial/lib:/home/g5/dd2419_ws/install/robp_phidgets_motors/lib:/home/g5/dd2419_ws/install/robp_phidgets_encoders/lib:/home/g5/dd2419_ws/install/micro_ros_agent/lib:/home/g5/dd2419_ws/install/micro_ros_msgs/lib:/opt/ros/humble/opt/rviz_ogre_vendor/lib:/opt/ros/humble/lib/x86_64-linux-gnu:/opt/ros/humble/opt/libphidget22/lib:/opt/ros/humble/lib PYTHONPATH=/home/g5/dd2419_ws/build/controller/prefix_override:/home/g5/dd2419_ws/install/controller/lib/python3.10/site-packages:${PYTHONPATH} /usr/bin/python3 setup.py develop --editable --build-directory /home/g5/dd2419_ws/build/controller/build --no-deps install_data
