running develop
running egg_info
creating localization.egg-info
writing localization.egg-info/PKG-INFO
writing dependency_links to localization.egg-info/dependency_links.txt
writing entry points to localization.egg-info/entry_points.txt
writing requirements to localization.egg-info/requires.txt
writing top-level names to localization.egg-info/top_level.txt
writing manifest file 'localization.egg-info/SOURCES.txt'
reading manifest file 'localization.egg-info/SOURCES.txt'
writing manifest file 'localization.egg-info/SOURCES.txt'
running build_ext
Creating /home/g5/dd2419_ws/install/localization/lib/python3.10/site-packages/localization.egg-link (link to .)
Installing update script to /home/g5/dd2419_ws/install/localization/lib/localization

Installed /home/g5/dd2419_ws/build/localization
running install_data
creating /home/g5/dd2419_ws/install/localization/share/ament_index
creating /home/g5/dd2419_ws/install/localization/share/ament_index/resource_index
creating /home/g5/dd2419_ws/install/localization/share/ament_index/resource_index/packages
copying resource/localization -> /home/g5/dd2419_ws/install/localization/share/ament_index/resource_index/packages
copying package.xml -> /home/g5/dd2419_ws/install/localization/share/localization
