[4.272s] Invoking command in '/home/g5/dd2419_ws/build/localization': PYTHONPATH=/home/g5/dd2419_ws/build/localization/prefix_override:/home/g5/dd2419_ws/install/localization/lib/python3.10/site-packages:${PYTHONPATH} /usr/bin/python3 setup.py develop --editable --build-directory /home/g5/dd2419_ws/build/localization/build --no-deps install_data
[4.715s] running develop
[4.715s] /usr/lib/python3/dist-packages/setuptools/command/easy_install.py:158: EasyInstallDeprecationWarning: easy_install command is deprecated. Use build and pip and other standards-based tools.
[4.715s]   warnings.warn(
[4.719s] /usr/lib/python3/dist-packages/setuptools/command/install.py:34: SetuptoolsDeprecationWarning: setup.py install is deprecated. Use build and pip and other standards-based tools.
[4.719s]   warnings.warn(
[5.138s] running egg_info
[5.138s] creating localization.egg-info
[5.139s] writing localization.egg-info/PKG-INFO
[5.139s] writing dependency_links to localization.egg-info/dependency_links.txt
[5.141s] writing entry points to localization.egg-info/entry_points.txt
[5.141s] writing requirements to localization.egg-info/requires.txt
[5.141s] writing top-level names to localization.egg-info/top_level.txt
[5.141s] writing manifest file 'localization.egg-info/SOURCES.txt'
[5.144s] reading manifest file 'localization.egg-info/SOURCES.txt'
[5.145s] writing manifest file 'localization.egg-info/SOURCES.txt'
[5.150s] running build_ext
[5.151s] Creating /home/g5/dd2419_ws/install/localization/lib/python3.10/site-packages/localization.egg-link (link to .)
[5.152s] Installing update script to /home/g5/dd2419_ws/install/localization/lib/localization
[5.152s] 
[5.153s] Installed /home/g5/dd2419_ws/build/localization
[5.153s] running install_data
[5.153s] creating /home/g5/dd2419_ws/install/localization/share/ament_index
[5.153s] creating /home/g5/dd2419_ws/install/localization/share/ament_index/resource_index
[5.153s] creating /home/g5/dd2419_ws/install/localization/share/ament_index/resource_index/packages
[5.153s] copying resource/localization -> /home/g5/dd2419_ws/install/localization/share/ament_index/resource_index/packages
[5.153s] copying package.xml -> /home/g5/dd2419_ws/install/localization/share/localization
[5.854s] Invoked command in '/home/g5/dd2419_ws/build/localization' returned '0': PYTHONPATH=/home/g5/dd2419_ws/build/localization/prefix_override:/home/g5/dd2419_ws/install/localization/lib/python3.10/site-packages:${PYTHONPATH} /usr/bin/python3 setup.py develop --editable --build-directory /home/g5/dd2419_ws/build/localization/build --no-deps install_data
