[35m[1mConsolidate compiler generated dependencies of target robp_phidgets_temperature[0m
[100%] Built target robp_phidgets_temperature
-- Install configuration: "Release"
-- Execute custom install script
-- Up-to-date symlink: /home/g5/dd2419_ws/install/robp_phidgets_temperature/lib/librobp_phidgets_temperature.so
-- Up-to-date symlink: /home/g5/dd2419_ws/install/robp_phidgets_temperature/include/robp_phidgets_temperature/temperature.hpp
-- Up-to-date symlink: /home/g5/dd2419_ws/install/robp_phidgets_temperature/share/robp_phidgets_temperature/launch/temperature_launch.py
-- Up-to-date symlink: /home/g5/dd2419_ws/install/robp_phidgets_temperature/share/ament_index/resource_index/package_run_dependencies/robp_phidgets_temperature
-- Up-to-date symlink: /home/g5/dd2419_ws/install/robp_phidgets_temperature/share/ament_index/resource_index/parent_prefix_path/robp_phidgets_temperature
-- Up-to-date symlink: /home/g5/dd2419_ws/install/robp_phidgets_temperature/share/robp_phidgets_temperature/environment/ament_prefix_path.sh
-- Up-to-date symlink: /home/g5/dd2419_ws/install/robp_phidgets_temperature/share/robp_phidgets_temperature/environment/ament_prefix_path.dsv
-- Up-to-date symlink: /home/g5/dd2419_ws/install/robp_phidgets_temperature/share/robp_phidgets_temperature/environment/path.sh
-- Up-to-date symlink: /home/g5/dd2419_ws/install/robp_phidgets_temperature/share/robp_phidgets_temperature/environment/path.dsv
-- Up-to-date symlink: /home/g5/dd2419_ws/install/robp_phidgets_temperature/share/robp_phidgets_temperature/local_setup.bash
-- Up-to-date symlink: /home/g5/dd2419_ws/install/robp_phidgets_temperature/share/robp_phidgets_temperature/local_setup.sh
-- Up-to-date symlink: /home/g5/dd2419_ws/install/robp_phidgets_temperature/share/robp_phidgets_temperature/local_setup.zsh
-- Up-to-date symlink: /home/g5/dd2419_ws/install/robp_phidgets_temperature/share/robp_phidgets_temperature/local_setup.dsv
-- Symlinking: /home/g5/dd2419_ws/install/robp_phidgets_temperature/share/robp_phidgets_temperature/package.dsv
-- Up-to-date symlink: /home/g5/dd2419_ws/install/robp_phidgets_temperature/share/ament_index/resource_index/packages/robp_phidgets_temperature
-- Up-to-date symlink: /home/g5/dd2419_ws/install/robp_phidgets_temperature/share/ament_index/resource_index/rclcpp_components/robp_phidgets_temperature
-- Up-to-date symlink: /home/g5/dd2419_ws/install/robp_phidgets_temperature/share/robp_phidgets_temperature/cmake/robp_phidgets_temperatureConfig.cmake
-- Up-to-date symlink: /home/g5/dd2419_ws/install/robp_phidgets_temperature/share/robp_phidgets_temperature/cmake/robp_phidgets_temperatureConfig-version.cmake
-- Up-to-date symlink: /home/g5/dd2419_ws/install/robp_phidgets_temperature/share/robp_phidgets_temperature/package.xml
