running develop
/usr/lib/python3/dist-packages/setuptools/command/easy_install.py:158: EasyInstallDeprecationWarning: easy_install command is deprecated. Use build and pip and other standards-based tools.
  warnings.warn(
/usr/lib/python3/dist-packages/setuptools/command/install.py:34: SetuptoolsDeprecationWarning: setup.py install is deprecated. Use build and pip and other standards-based tools.
  warnings.warn(
running egg_info
creating robp_launch.egg-info
writing robp_launch.egg-info/PKG-INFO
writing dependency_links to robp_launch.egg-info/dependency_links.txt
writing requirements to robp_launch.egg-info/requires.txt
writing top-level names to robp_launch.egg-info/top_level.txt
writing manifest file 'robp_launch.egg-info/SOURCES.txt'
reading manifest file 'robp_launch.egg-info/SOURCES.txt'
writing manifest file 'robp_launch.egg-info/SOURCES.txt'
running build_ext
Creating /home/g5/dd2419_ws/install/robp_launch/lib/python3.10/site-packages/robp-launch.egg-link (link to .)

Installed /home/g5/dd2419_ws/build/robp_launch
running install_data
creating /home/g5/dd2419_ws/install/robp_launch/share/ament_index
creating /home/g5/dd2419_ws/install/robp_launch/share/ament_index/resource_index
creating /home/g5/dd2419_ws/install/robp_launch/share/ament_index/resource_index/packages
copying resource/robp_launch -> /home/g5/dd2419_ws/install/robp_launch/share/ament_index/resource_index/packages
creating /home/g5/dd2419_ws/install/robp_launch/share/robp_launch/launch
copying launch/front_camera_launch.py -> /home/g5/dd2419_ws/install/robp_launch/share/robp_launch/launch
copying launch/final_launch.py -> /home/g5/dd2419_ws/install/robp_launch/share/robp_launch/launch
copying launch/frames_launch.xml -> /home/g5/dd2419_ws/install/robp_launch/share/robp_launch/launch
copying launch/phidgets_launch.py -> /home/g5/dd2419_ws/install/robp_launch/share/robp_launch/launch
copying launch/aruco_launch.py -> /home/g5/dd2419_ws/install/robp_launch/share/robp_launch/launch
creating /home/g5/dd2419_ws/install/robp_launch/share/robp_launch/rviz
copying package.xml -> /home/g5/dd2419_ws/install/robp_launch/share/robp_launch
