running develop
running egg_info
creating arm.egg-info
writing arm.egg-info/PKG-INFO
writing dependency_links to arm.egg-info/dependency_links.txt
writing entry points to arm.egg-info/entry_points.txt
writing requirements to arm.egg-info/requires.txt
writing top-level names to arm.egg-info/top_level.txt
writing manifest file 'arm.egg-info/SOURCES.txt'
reading manifest file 'arm.egg-info/SOURCES.txt'
writing manifest file 'arm.egg-info/SOURCES.txt'
running build_ext
Creating /home/g5/dd2419_ws/install/arm/lib/python3.10/site-packages/arm.egg-link (link to .)
Installing arm_control script to /home/g5/dd2419_ws/install/arm/lib/arm
Installing arm_ik script to /home/g5/dd2419_ws/install/arm/lib/arm

Installed /home/g5/dd2419_ws/build/arm
running install_data
creating /home/g5/dd2419_ws/install/arm/share/ament_index
creating /home/g5/dd2419_ws/install/arm/share/ament_index/resource_index
creating /home/g5/dd2419_ws/install/arm/share/ament_index/resource_index/packages
copying resource/arm -> /home/g5/dd2419_ws/install/arm/share/ament_index/resource_index/packages
copying package.xml -> /home/g5/dd2419_ws/install/arm/share/arm
