[2.911s] Invoking command in '/home/g5/dd2419_ws/build/arm': CMAKE_PREFIX_PATH=/home/g5/dd2419_ws/install/robp_interfaces:/home/g5/dd2419_ws/install/topic_tools:/home/g5/dd2419_ws/install/topic_tools_interfaces:/home/g5/dd2419_ws/install/rplidar_ros:/home/g5/dd2419_ws/install/robp_phidgets_temperature:/home/g5/dd2419_ws/install/robp_phidgets_spatial:/home/g5/dd2419_ws/install/robp_phidgets_motors:/home/g5/dd2419_ws/install/robp_phidgets_encoders:/home/g5/dd2419_ws/install/robp_boot_camp_motors:/home/g5/dd2419_ws/install/robp_boot_camp_world:/home/g5/dd2419_ws/install/robp_boot_camp_distance_sensor:/home/g5/dd2419_ws/install/robp_boot_camp_interfaces:/home/g5/dd2419_ws/install/micro_ros_setup:/home/g5/dd2419_ws/install/micro_ros_agent:/home/g5/dd2419_ws/install/micro_ros_msgs:/home/g5/dd2419_ws/install/kobuki_softnode LD_LIBRARY_PATH=/home/g5/dd2419_ws/install/robp_interfaces/lib:/home/g5/dd2419_ws/install/topic_tools/lib:/home/g5/dd2419_ws/install/topic_tools_interfaces/lib:/home/g5/dd2419_ws/install/rplidar_ros/lib:/home/g5/dd2419_ws/install/robp_phidgets_temperature/lib:/home/g5/dd2419_ws/install/robp_phidgets_spatial/lib:/home/g5/dd2419_ws/install/robp_phidgets_motors/lib:/home/g5/dd2419_ws/install/robp_phidgets_encoders/lib:/home/g5/dd2419_ws/install/robp_boot_camp_interfaces/lib:/home/g5/dd2419_ws/install/micro_ros_agent/lib:/home/g5/dd2419_ws/install/micro_ros_msgs/lib:/opt/ros/humble/opt/rviz_ogre_vendor/lib:/opt/ros/humble/lib/x86_64-linux-gnu:/opt/ros/humble/opt/libphidget22/lib:/opt/ros/humble/lib PYTHONPATH=/home/g5/dd2419_ws/build/arm/prefix_override:/home/g5/dd2419_ws/install/arm/lib/python3.10/site-packages:${PYTHONPATH} /usr/bin/python3 setup.py develop --editable --build-directory /home/g5/dd2419_ws/build/arm/build --no-deps install_data
[3.524s] running develop
[3.526s] /usr/lib/python3/dist-packages/setuptools/command/easy_install.py:158: EasyInstallDeprecationWarning: easy_install command is deprecated. Use build and pip and other standards-based tools.
[3.526s]   warnings.warn(
[3.527s] /usr/lib/python3/dist-packages/setuptools/command/install.py:34: SetuptoolsDeprecationWarning: setup.py install is deprecated. Use build and pip and other standards-based tools.
[3.528s]   warnings.warn(
[3.979s] running egg_info
[3.979s] creating arm.egg-info
[3.980s] writing arm.egg-info/PKG-INFO
[3.981s] writing dependency_links to arm.egg-info/dependency_links.txt
[3.981s] writing entry points to arm.egg-info/entry_points.txt
[3.982s] writing requirements to arm.egg-info/requires.txt
[3.982s] writing top-level names to arm.egg-info/top_level.txt
[3.983s] writing manifest file 'arm.egg-info/SOURCES.txt'
[3.986s] reading manifest file 'arm.egg-info/SOURCES.txt'
[3.987s] writing manifest file 'arm.egg-info/SOURCES.txt'
[3.991s] running build_ext
[3.991s] Creating /home/g5/dd2419_ws/install/arm/lib/python3.10/site-packages/arm.egg-link (link to .)
[3.993s] Installing arm_control script to /home/g5/dd2419_ws/install/arm/lib/arm
[3.994s] Installing arm_ik script to /home/g5/dd2419_ws/install/arm/lib/arm
[3.994s] 
[3.994s] Installed /home/g5/dd2419_ws/build/arm
[3.995s] running install_data
[3.995s] creating /home/g5/dd2419_ws/install/arm/share/ament_index
[3.995s] creating /home/g5/dd2419_ws/install/arm/share/ament_index/resource_index
[3.995s] creating /home/g5/dd2419_ws/install/arm/share/ament_index/resource_index/packages
[3.996s] copying resource/arm -> /home/g5/dd2419_ws/install/arm/share/ament_index/resource_index/packages
[3.996s] copying package.xml -> /home/g5/dd2419_ws/install/arm/share/arm
[4.807s] Invoked command in '/home/g5/dd2419_ws/build/arm' returned '0': CMAKE_PREFIX_PATH=/home/g5/dd2419_ws/install/robp_interfaces:/home/g5/dd2419_ws/install/topic_tools:/home/g5/dd2419_ws/install/topic_tools_interfaces:/home/g5/dd2419_ws/install/rplidar_ros:/home/g5/dd2419_ws/install/robp_phidgets_temperature:/home/g5/dd2419_ws/install/robp_phidgets_spatial:/home/g5/dd2419_ws/install/robp_phidgets_motors:/home/g5/dd2419_ws/install/robp_phidgets_encoders:/home/g5/dd2419_ws/install/robp_boot_camp_motors:/home/g5/dd2419_ws/install/robp_boot_camp_world:/home/g5/dd2419_ws/install/robp_boot_camp_distance_sensor:/home/g5/dd2419_ws/install/robp_boot_camp_interfaces:/home/g5/dd2419_ws/install/micro_ros_setup:/home/g5/dd2419_ws/install/micro_ros_agent:/home/g5/dd2419_ws/install/micro_ros_msgs:/home/g5/dd2419_ws/install/kobuki_softnode LD_LIBRARY_PATH=/home/g5/dd2419_ws/install/robp_interfaces/lib:/home/g5/dd2419_ws/install/topic_tools/lib:/home/g5/dd2419_ws/install/topic_tools_interfaces/lib:/home/g5/dd2419_ws/install/rplidar_ros/lib:/home/g5/dd2419_ws/install/robp_phidgets_temperature/lib:/home/g5/dd2419_ws/install/robp_phidgets_spatial/lib:/home/g5/dd2419_ws/install/robp_phidgets_motors/lib:/home/g5/dd2419_ws/install/robp_phidgets_encoders/lib:/home/g5/dd2419_ws/install/robp_boot_camp_interfaces/lib:/home/g5/dd2419_ws/install/micro_ros_agent/lib:/home/g5/dd2419_ws/install/micro_ros_msgs/lib:/opt/ros/humble/opt/rviz_ogre_vendor/lib:/opt/ros/humble/lib/x86_64-linux-gnu:/opt/ros/humble/opt/libphidget22/lib:/opt/ros/humble/lib PYTHONPATH=/home/g5/dd2419_ws/build/arm/prefix_override:/home/g5/dd2419_ws/install/arm/lib/python3.10/site-packages:${PYTHONPATH} /usr/bin/python3 setup.py develop --editable --build-directory /home/g5/dd2419_ws/build/arm/build --no-deps install_data
